[2.985s] DEBUG:colcon:Command line arguments: ['/usr/bin/colcon', 'build', '--packages-select', 'aruco_srvcli']
[2.985s] DEBUG:colcon:Parsed command line arguments: Namespace(log_base=None, log_level=None, verb_name='build', build_base='build', install_base='install', merge_install=False, symlink_install=False, test_result_base=None, continue_on_error=False, executor='parallel', parallel_workers=4, event_handlers=None, ignore_user_meta=False, metas=['./colcon.meta'], base_paths=['.'], packages_ignore=None, packages_ignore_regex=None, paths=None, packages_up_to=None, packages_up_to_regex=None, packages_above=None, packages_above_and_dependencies=None, packages_above_depth=None, packages_select_by_dep=None, packages_skip_by_dep=None, packages_skip_up_to=None, packages_select_build_failed=False, packages_skip_build_finished=False, packages_select_test_failures=False, packages_skip_test_passed=False, packages_select=['aruco_srvcli'], packages_skip=None, packages_select_regex=None, packages_skip_regex=None, packages_start=None, packages_end=None, allow_overriding=[], cmake_args=None, cmake_target=None, cmake_target_skip_unavailable=False, cmake_clean_cache=False, cmake_clean_first=False, cmake_force_configure=False, ament_cmake_args=None, catkin_cmake_args=None, catkin_skip_building_tests=False, verb_parser=<colcon_defaults.argument_parser.defaults.DefaultArgumentsDecorator object at 0x7f5f1abd72e0>, verb_extension=<colcon_core.verb.build.BuildVerb object at 0x7f5f1abd7730>, main=<bound method BuildVerb.main of <colcon_core.verb.build.BuildVerb object at 0x7f5f1abd7730>>)
[3.105s] Level 1:colcon.colcon_core.package_discovery:discover_packages(colcon_meta) check parameters
[3.105s] Level 1:colcon.colcon_core.package_discovery:discover_packages(recursive) check parameters
[3.105s] Level 1:colcon.colcon_core.package_discovery:discover_packages(ignore) check parameters
[3.106s] Level 1:colcon.colcon_core.package_discovery:discover_packages(path) check parameters
[3.106s] Level 1:colcon.colcon_core.package_discovery:discover_packages(colcon_meta) discover
[3.106s] Level 1:colcon.colcon_core.package_discovery:discover_packages(recursive) discover
[3.106s] INFO:colcon.colcon_core.package_discovery:Crawling recursively for packages in '/home/advay/mrt'
[3.106s] Level 1:colcon.colcon_core.package_identification:_identify(.) by extensions ['ignore', 'ignore_ament_install']
[3.107s] Level 1:colcon.colcon_core.package_identification:_identify(.) by extension 'ignore'
[3.107s] Level 1:colcon.colcon_core.package_identification:_identify(.) by extension 'ignore_ament_install'
[3.107s] Level 1:colcon.colcon_core.package_identification:_identify(.) by extensions ['colcon_pkg']
[3.107s] Level 1:colcon.colcon_core.package_identification:_identify(.) by extension 'colcon_pkg'
[3.107s] Level 1:colcon.colcon_core.package_identification:_identify(.) by extensions ['colcon_meta']
[3.107s] Level 1:colcon.colcon_core.package_identification:_identify(.) by extension 'colcon_meta'
[3.107s] Level 1:colcon.colcon_core.package_identification:_identify(.) by extensions ['ros']
[3.108s] Level 1:colcon.colcon_core.package_identification:_identify(.) by extension 'ros'
[3.132s] Level 1:colcon.colcon_core.package_identification:_identify(.) by extensions ['cmake', 'python']
[3.132s] Level 1:colcon.colcon_core.package_identification:_identify(.) by extension 'cmake'
[3.132s] Level 1:colcon.colcon_core.package_identification:_identify(.) by extension 'python'
[3.132s] Level 1:colcon.colcon_core.package_identification:_identify(.) by extensions ['python_setup_py']
[3.132s] Level 1:colcon.colcon_core.package_identification:_identify(.) by extension 'python_setup_py'
[3.133s] Level 1:colcon.colcon_core.package_identification:_identify(build) by extensions ['ignore', 'ignore_ament_install']
[3.133s] Level 1:colcon.colcon_core.package_identification:_identify(build) by extension 'ignore'
[3.133s] Level 1:colcon.colcon_core.package_identification:_identify(build) ignored
[3.134s] Level 1:colcon.colcon_core.package_identification:_identify(install) by extensions ['ignore', 'ignore_ament_install']
[3.134s] Level 1:colcon.colcon_core.package_identification:_identify(install) by extension 'ignore'
[3.134s] Level 1:colcon.colcon_core.package_identification:_identify(install) ignored
[3.135s] Level 1:colcon.colcon_core.package_identification:_identify(log) by extensions ['ignore', 'ignore_ament_install']
[3.135s] Level 1:colcon.colcon_core.package_identification:_identify(log) by extension 'ignore'
[3.135s] Level 1:colcon.colcon_core.package_identification:_identify(log) ignored
[3.135s] Level 1:colcon.colcon_core.package_identification:_identify(src) by extensions ['ignore', 'ignore_ament_install']
[3.136s] Level 1:colcon.colcon_core.package_identification:_identify(src) by extension 'ignore'
[3.136s] Level 1:colcon.colcon_core.package_identification:_identify(src) by extension 'ignore_ament_install'
[3.136s] Level 1:colcon.colcon_core.package_identification:_identify(src) by extensions ['colcon_pkg']
[3.136s] Level 1:colcon.colcon_core.package_identification:_identify(src) by extension 'colcon_pkg'
[3.136s] Level 1:colcon.colcon_core.package_identification:_identify(src) by extensions ['colcon_meta']
[3.136s] Level 1:colcon.colcon_core.package_identification:_identify(src) by extension 'colcon_meta'
[3.137s] Level 1:colcon.colcon_core.package_identification:_identify(src) by extensions ['ros']
[3.137s] Level 1:colcon.colcon_core.package_identification:_identify(src) by extension 'ros'
[3.137s] Level 1:colcon.colcon_core.package_identification:_identify(src) by extensions ['cmake', 'python']
[3.137s] Level 1:colcon.colcon_core.package_identification:_identify(src) by extension 'cmake'
[3.137s] Level 1:colcon.colcon_core.package_identification:_identify(src) by extension 'python'
[3.137s] Level 1:colcon.colcon_core.package_identification:_identify(src) by extensions ['python_setup_py']
[3.137s] Level 1:colcon.colcon_core.package_identification:_identify(src) by extension 'python_setup_py'
[3.138s] Level 1:colcon.colcon_core.package_identification:_identify(src/aruco_srvcli) by extensions ['ignore', 'ignore_ament_install']
[3.138s] Level 1:colcon.colcon_core.package_identification:_identify(src/aruco_srvcli) by extension 'ignore'
[3.138s] Level 1:colcon.colcon_core.package_identification:_identify(src/aruco_srvcli) by extension 'ignore_ament_install'
[3.138s] Level 1:colcon.colcon_core.package_identification:_identify(src/aruco_srvcli) by extensions ['colcon_pkg']
[3.139s] Level 1:colcon.colcon_core.package_identification:_identify(src/aruco_srvcli) by extension 'colcon_pkg'
[3.139s] Level 1:colcon.colcon_core.package_identification:_identify(src/aruco_srvcli) by extensions ['colcon_meta']
[3.139s] Level 1:colcon.colcon_core.package_identification:_identify(src/aruco_srvcli) by extension 'colcon_meta'
[3.139s] Level 1:colcon.colcon_core.package_identification:_identify(src/aruco_srvcli) by extensions ['ros']
[3.139s] Level 1:colcon.colcon_core.package_identification:_identify(src/aruco_srvcli) by extension 'ros'
[3.148s] DEBUG:colcon.colcon_core.package_identification:Package 'src/aruco_srvcli' with type 'ros.ament_python' and name 'aruco_srvcli'
[3.148s] Level 1:colcon.colcon_core.package_identification:_identify(src/tutorial_interfaces) by extensions ['ignore', 'ignore_ament_install']
[3.148s] Level 1:colcon.colcon_core.package_identification:_identify(src/tutorial_interfaces) by extension 'ignore'
[3.149s] Level 1:colcon.colcon_core.package_identification:_identify(src/tutorial_interfaces) by extension 'ignore_ament_install'
[3.149s] Level 1:colcon.colcon_core.package_identification:_identify(src/tutorial_interfaces) by extensions ['colcon_pkg']
[3.149s] Level 1:colcon.colcon_core.package_identification:_identify(src/tutorial_interfaces) by extension 'colcon_pkg'
[3.149s] Level 1:colcon.colcon_core.package_identification:_identify(src/tutorial_interfaces) by extensions ['colcon_meta']
[3.149s] Level 1:colcon.colcon_core.package_identification:_identify(src/tutorial_interfaces) by extension 'colcon_meta'
[3.149s] Level 1:colcon.colcon_core.package_identification:_identify(src/tutorial_interfaces) by extensions ['ros']
[3.150s] Level 1:colcon.colcon_core.package_identification:_identify(src/tutorial_interfaces) by extension 'ros'
[3.151s] DEBUG:colcon.colcon_core.package_identification:Package 'src/tutorial_interfaces' with type 'ros.ament_cmake' and name 'tutorial_interfaces'
[3.151s] Level 1:colcon.colcon_core.package_discovery:discover_packages(recursive) using defaults
[3.151s] Level 1:colcon.colcon_core.package_discovery:discover_packages(ignore) discover
[3.151s] Level 1:colcon.colcon_core.package_discovery:discover_packages(ignore) using defaults
[3.152s] Level 1:colcon.colcon_core.package_discovery:discover_packages(path) discover
[3.152s] Level 1:colcon.colcon_core.package_discovery:discover_packages(path) using defaults
[3.308s] INFO:colcon.colcon_core.package_selection:Skipping not selected package 'tutorial_interfaces' in 'src/tutorial_interfaces'
[3.384s] Level 1:colcon.colcon_core.package_discovery:discover_packages(prefix_path) check parameters
[3.385s] Level 1:colcon.colcon_core.package_discovery:discover_packages(prefix_path) discover
[3.525s] DEBUG:colcon.colcon_installed_package_information.package_discovery:Found 2 installed packages in /home/advay/mrt/install
[3.630s] DEBUG:colcon.colcon_installed_package_information.package_discovery:Found 6 installed packages in /home/advay/erc_ws/install
[3.772s] DEBUG:colcon.colcon_installed_package_information.package_discovery:Found 4 installed packages in /home/advay/erc_ws/src/install
[3.863s] DEBUG:colcon.colcon_installed_package_information.package_discovery:Found 309 installed packages in /opt/ros/humble
[3.868s] Level 1:colcon.colcon_core.package_discovery:discover_packages(prefix_path) using defaults
[4.248s] Level 5:colcon.colcon_core.verb:set package 'aruco_srvcli' build argument 'cmake_args' from command line to 'None'
[4.249s] Level 5:colcon.colcon_core.verb:set package 'aruco_srvcli' build argument 'cmake_target' from command line to 'None'
[4.249s] Level 5:colcon.colcon_core.verb:set package 'aruco_srvcli' build argument 'cmake_target_skip_unavailable' from command line to 'False'
[4.249s] Level 5:colcon.colcon_core.verb:set package 'aruco_srvcli' build argument 'cmake_clean_cache' from command line to 'False'
[4.250s] Level 5:colcon.colcon_core.verb:set package 'aruco_srvcli' build argument 'cmake_clean_first' from command line to 'False'
[4.250s] Level 5:colcon.colcon_core.verb:set package 'aruco_srvcli' build argument 'cmake_force_configure' from command line to 'False'
[4.250s] Level 5:colcon.colcon_core.verb:set package 'aruco_srvcli' build argument 'ament_cmake_args' from command line to 'None'
[4.250s] Level 5:colcon.colcon_core.verb:set package 'aruco_srvcli' build argument 'catkin_cmake_args' from command line to 'None'
[4.250s] Level 5:colcon.colcon_core.verb:set package 'aruco_srvcli' build argument 'catkin_skip_building_tests' from command line to 'False'
[4.251s] DEBUG:colcon.colcon_core.verb:Building package 'aruco_srvcli' with the following arguments: {'ament_cmake_args': None, 'build_base': '/home/advay/mrt/build/aruco_srvcli', 'catkin_cmake_args': None, 'catkin_skip_building_tests': False, 'cmake_args': None, 'cmake_clean_cache': False, 'cmake_clean_first': False, 'cmake_force_configure': False, 'cmake_target': None, 'cmake_target_skip_unavailable': False, 'install_base': '/home/advay/mrt/install/aruco_srvcli', 'merge_install': False, 'path': '/home/advay/mrt/src/aruco_srvcli', 'symlink_install': False, 'test_result_base': None}
[4.362s] INFO:colcon.colcon_core.executor:Executing jobs using 'parallel' executor
[4.419s] DEBUG:colcon.colcon_parallel_executor.executor.parallel:run_until_complete
[4.420s] INFO:colcon.colcon_ros.task.ament_python.build:Building ROS package in '/home/advay/mrt/src/aruco_srvcli' with build type 'ament_python'
[4.420s] Level 1:colcon.colcon_core.shell:create_environment_hook('aruco_srvcli', 'ament_prefix_path')
[4.474s] INFO:colcon.colcon_core.plugin_system:Skipping extension 'colcon_core.shell.bat': Not used on non-Windows systems
[4.474s] INFO:colcon.colcon_core.shell:Creating environment hook '/home/advay/mrt/install/aruco_srvcli/share/aruco_srvcli/hook/ament_prefix_path.ps1'
[4.475s] INFO:colcon.colcon_core.shell:Creating environment descriptor '/home/advay/mrt/install/aruco_srvcli/share/aruco_srvcli/hook/ament_prefix_path.dsv'
[4.477s] INFO:colcon.colcon_core.shell:Creating environment hook '/home/advay/mrt/install/aruco_srvcli/share/aruco_srvcli/hook/ament_prefix_path.sh'
[4.542s] INFO:colcon.colcon_core.shell:Skip shell extension 'powershell' for command environment: Not usable outside of PowerShell
[4.543s] DEBUG:colcon.colcon_core.shell:Skip shell extension 'dsv' for command environment
[5.948s] INFO:colcon.colcon_core.task.python.build:Building Python package in '/home/advay/mrt/src/aruco_srvcli'
[6.012s] INFO:colcon.colcon_core.shell:Skip shell extension 'powershell' for command environment: Not usable outside of PowerShell
[6.012s] DEBUG:colcon.colcon_core.shell:Skip shell extension 'dsv' for command environment
[7.286s] DEBUG:colcon.colcon_core.event_handler.log_command:Invoking command in '/home/advay/mrt/src/aruco_srvcli': PYTHONPATH=/home/advay/mrt/build/aruco_srvcli/prefix_override:/home/advay/mrt/install/aruco_srvcli/lib/python3.10/site-packages:${PYTHONPATH} /usr/bin/python3 setup.py egg_info --egg-base ../../build/aruco_srvcli build --build-base /home/advay/mrt/build/aruco_srvcli/build install --record /home/advay/mrt/build/aruco_srvcli/install.log --single-version-externally-managed
[8.283s] DEBUG:colcon.colcon_core.event_handler.log_command:Invoked command in '/home/advay/mrt/src/aruco_srvcli' returned '0': PYTHONPATH=/home/advay/mrt/build/aruco_srvcli/prefix_override:/home/advay/mrt/install/aruco_srvcli/lib/python3.10/site-packages:${PYTHONPATH} /usr/bin/python3 setup.py egg_info --egg-base ../../build/aruco_srvcli build --build-base /home/advay/mrt/build/aruco_srvcli/build install --record /home/advay/mrt/build/aruco_srvcli/install.log --single-version-externally-managed
[8.399s] Level 1:colcon.colcon_core.environment:checking '/home/advay/mrt/install/aruco_srvcli' for CMake module files
[8.402s] Level 1:colcon.colcon_core.environment:checking '/home/advay/mrt/install/aruco_srvcli' for CMake config files
[8.405s] Level 1:colcon.colcon_core.environment:checking '/home/advay/mrt/install/aruco_srvcli/lib'
[8.406s] Level 1:colcon.colcon_core.environment:checking '/home/advay/mrt/install/aruco_srvcli/bin'
[8.406s] Level 1:colcon.colcon_core.environment:checking '/home/advay/mrt/install/aruco_srvcli/lib/pkgconfig/aruco_srvcli.pc'
[8.407s] Level 1:colcon.colcon_core.environment:checking '/home/advay/mrt/install/aruco_srvcli/lib/python3.10/site-packages'
[8.408s] Level 1:colcon.colcon_core.shell:create_environment_hook('aruco_srvcli', 'pythonpath')
[8.515s] INFO:colcon.colcon_core.shell:Creating environment hook '/home/advay/mrt/install/aruco_srvcli/share/aruco_srvcli/hook/pythonpath.ps1'
[8.517s] INFO:colcon.colcon_core.shell:Creating environment descriptor '/home/advay/mrt/install/aruco_srvcli/share/aruco_srvcli/hook/pythonpath.dsv'
[8.518s] INFO:colcon.colcon_core.shell:Creating environment hook '/home/advay/mrt/install/aruco_srvcli/share/aruco_srvcli/hook/pythonpath.sh'
[8.519s] Level 1:colcon.colcon_core.environment:checking '/home/advay/mrt/install/aruco_srvcli/bin'
[8.519s] Level 1:colcon.colcon_core.environment:create_environment_scripts_only(aruco_srvcli)
[8.577s] INFO:colcon.colcon_core.shell:Creating package script '/home/advay/mrt/install/aruco_srvcli/share/aruco_srvcli/package.ps1'
[8.579s] INFO:colcon.colcon_core.shell:Creating package descriptor '/home/advay/mrt/install/aruco_srvcli/share/aruco_srvcli/package.dsv'
[8.581s] INFO:colcon.colcon_core.shell:Creating package script '/home/advay/mrt/install/aruco_srvcli/share/aruco_srvcli/package.sh'
[8.583s] INFO:colcon.colcon_core.shell:Creating package script '/home/advay/mrt/install/aruco_srvcli/share/aruco_srvcli/package.bash'
[8.586s] INFO:colcon.colcon_core.shell:Creating package script '/home/advay/mrt/install/aruco_srvcli/share/aruco_srvcli/package.zsh'
[8.588s] Level 1:colcon.colcon_core.environment:create_file_with_runtime_dependencies(/home/advay/mrt/install/aruco_srvcli/share/colcon-core/packages/aruco_srvcli)
[8.589s] DEBUG:colcon.colcon_parallel_executor.executor.parallel:closing loop
[8.590s] DEBUG:colcon.colcon_parallel_executor.executor.parallel:loop closed
[8.590s] DEBUG:colcon.colcon_parallel_executor.executor.parallel:run_until_complete finished with '0'
[8.590s] DEBUG:colcon.colcon_core.event_reactor:joining thread
[8.671s] INFO:colcon.colcon_core.plugin_system:Skipping extension 'colcon_notification.desktop_notification.terminal_notifier': Not used on non-Darwin systems
[8.671s] INFO:colcon.colcon_core.plugin_system:Skipping extension 'colcon_notification.desktop_notification.win32': Not used on non-Windows systems
[8.671s] INFO:colcon.colcon_notification.desktop_notification:Sending desktop notification using 'notify2'
[8.701s] DEBUG:colcon.colcon_core.event_reactor:joined thread
[8.792s] INFO:colcon.colcon_core.shell:Creating prefix script '/home/advay/mrt/install/local_setup.ps1'
[8.795s] INFO:colcon.colcon_core.shell:Creating prefix util module '/home/advay/mrt/install/_local_setup_util_ps1.py'
[8.803s] INFO:colcon.colcon_core.shell:Creating prefix chain script '/home/advay/mrt/install/setup.ps1'
[8.880s] INFO:colcon.colcon_core.shell:Creating prefix script '/home/advay/mrt/install/local_setup.sh'
[8.882s] INFO:colcon.colcon_core.shell:Creating prefix util module '/home/advay/mrt/install/_local_setup_util_sh.py'
[8.884s] INFO:colcon.colcon_core.shell:Creating prefix chain script '/home/advay/mrt/install/setup.sh'
[8.954s] INFO:colcon.colcon_core.shell:Creating prefix script '/home/advay/mrt/install/local_setup.bash'
[8.956s] INFO:colcon.colcon_core.shell:Creating prefix chain script '/home/advay/mrt/install/setup.bash'
[9.020s] INFO:colcon.colcon_core.shell:Creating prefix script '/home/advay/mrt/install/local_setup.zsh'
[9.022s] INFO:colcon.colcon_core.shell:Creating prefix chain script '/home/advay/mrt/install/setup.zsh'
