[0.272s] Invoking command in '/home/advay/mrt/build/tutorial_interfaces': CMAKE_PREFIX_PATH=${CMAKE_PREFIX_PATH}:/home/advay/mrt/install/aruco_srvcli:/home/advay/erc_ws/install/week1_tutorials:/home/advay/erc_ws/install/week0_tutorials:/home/advay/erc_ws/install/task_1:/home/advay/erc_ws/install/sherlock:/home/advay/erc_ws/install/mrs_hudson:/home/advay/erc_ws/install/ep3:/home/advay/erc_ws/src/install/week1_tutorials:/home/advay/erc_ws/src/install/week0_tutorials:/home/advay/erc_ws/src/install/task_1:/home/advay/erc_ws/src/install/sherlock:/opt/ros/humble /usr/bin/cmake --build /home/advay/mrt/build/tutorial_interfaces -- -j4 -l4
[0.326s] -- Found ament_cmake: 1.3.6 (/opt/ros/humble/share/ament_cmake/cmake)
[0.715s] -- Found geometry_msgs: 4.2.3 (/opt/ros/humble/share/geometry_msgs/cmake)
[0.785s] -- Found rosidl_generator_c: 3.1.5 (/opt/ros/humble/share/rosidl_generator_c/cmake)
[0.791s] -- Found rosidl_adapter: 3.1.5 (/opt/ros/humble/share/rosidl_adapter/cmake)
[0.806s] -- Found rosidl_generator_cpp: 3.1.5 (/opt/ros/humble/share/rosidl_generator_cpp/cmake)
[0.835s] -- Using all available rosidl_typesupport_c: rosidl_typesupport_fastrtps_c;rosidl_typesupport_introspection_c
[0.876s] -- Using all available rosidl_typesupport_cpp: rosidl_typesupport_fastrtps_cpp;rosidl_typesupport_introspection_cpp
[1.187s] -- Found rosidl_default_generators: 1.2.0 (/opt/ros/humble/share/rosidl_default_generators/cmake)
[1.207s] [31mCMake Error at /opt/ros/humble/share/rosidl_cmake/cmake/rosidl_generate_interfaces.cmake:93 (message):
[1.207s]   rosidl_generate_interfaces() the passed file 'msg/thereed_array.msg'
[1.207s]   doesn't exist relative to the CMAKE_CURRENT_SOURCE_DIR
[1.208s]   '/home/advay/mrt/src/tutorial_interfaces'
[1.208s] Call Stack (most recent call first):
[1.208s]   CMakeLists.txt:16 (rosidl_generate_interfaces)
[1.208s] 
[1.209s] [0m
[1.209s] -- Configuring incomplete, errors occurred!
[1.209s] See also "/home/advay/mrt/build/tutorial_interfaces/CMakeFiles/CMakeOutput.log".
[1.217s] gmake: *** [Makefile:226: cmake_check_build_system] Error 1
[1.222s] Invoked command in '/home/advay/mrt/build/tutorial_interfaces' returned '2': CMAKE_PREFIX_PATH=${CMAKE_PREFIX_PATH}:/home/advay/mrt/install/aruco_srvcli:/home/advay/erc_ws/install/week1_tutorials:/home/advay/erc_ws/install/week0_tutorials:/home/advay/erc_ws/install/task_1:/home/advay/erc_ws/install/sherlock:/home/advay/erc_ws/install/mrs_hudson:/home/advay/erc_ws/install/ep3:/home/advay/erc_ws/src/install/week1_tutorials:/home/advay/erc_ws/src/install/week0_tutorials:/home/advay/erc_ws/src/install/task_1:/home/advay/erc_ws/src/install/sherlock:/opt/ros/humble /usr/bin/cmake --build /home/advay/mrt/build/tutorial_interfaces -- -j4 -l4
