[1.926s] Invoking command in '/home/advay/mrt/build/tutorial_interfaces': CMAKE_PREFIX_PATH=${CMAKE_PREFIX_PATH}:/home/advay/mrt/install/aruco_srvcli:/home/advay/erc_ws/install/week1_tutorials:/home/advay/erc_ws/install/week0_tutorials:/home/advay/erc_ws/install/task_1:/home/advay/erc_ws/install/sherlock:/home/advay/erc_ws/install/mrs_hudson:/home/advay/erc_ws/install/ep3:/home/advay/erc_ws/src/install/week1_tutorials:/home/advay/erc_ws/src/install/week0_tutorials:/home/advay/erc_ws/src/install/task_1:/home/advay/erc_ws/src/install/sherlock:/opt/ros/humble /usr/bin/cmake --build /home/advay/mrt/build/tutorial_interfaces -- -j4 -l4
[2.113s] -- Found ament_cmake: 1.3.6 (/opt/ros/humble/share/ament_cmake/cmake)
[2.925s] -- Found geometry_msgs: 4.2.3 (/opt/ros/humble/share/geometry_msgs/cmake)
[3.105s] -- Found rosidl_generator_c: 3.1.5 (/opt/ros/humble/share/rosidl_generator_c/cmake)
[3.125s] -- Found rosidl_adapter: 3.1.5 (/opt/ros/humble/share/rosidl_adapter/cmake)
[3.175s] -- Found rosidl_generator_cpp: 3.1.5 (/opt/ros/humble/share/rosidl_generator_cpp/cmake)
[3.234s] -- Using all available rosidl_typesupport_c: rosidl_typesupport_fastrtps_c;rosidl_typesupport_introspection_c
[3.356s] -- Using all available rosidl_typesupport_cpp: rosidl_typesupport_fastrtps_cpp;rosidl_typesupport_introspection_cpp
[4.268s] -- Found rosidl_default_generators: 1.2.0 (/opt/ros/humble/share/rosidl_default_generators/cmake)
[4.307s] -- Found sensor_msgs: 4.2.3 (/opt/ros/humble/share/sensor_msgs/cmake)
[6.474s] -- Found ament_cmake_ros: 0.10.0 (/opt/ros/humble/share/ament_cmake_ros/cmake)
[8.926s] -- Using all available rosidl_typesupport_c: rosidl_typesupport_fastrtps_c;rosidl_typesupport_introspection_c
[9.839s] -- Using all available rosidl_typesupport_cpp: rosidl_typesupport_fastrtps_cpp;rosidl_typesupport_introspection_cpp
[9.973s] -- Found python_cmake_module: 0.10.0 (/opt/ros/humble/share/python_cmake_module/cmake)
[10.084s] -- Using PYTHON_EXECUTABLE: /usr/bin/python3
[10.085s] -- Using PYTHON_INCLUDE_DIRS: /usr/include/python3.10
[10.085s] -- Using PYTHON_LIBRARIES: /usr/lib/x86_64-linux-gnu/libpython3.10.so
[10.405s] -- Found ament_lint_auto: 0.12.9 (/opt/ros/humble/share/ament_lint_auto/cmake)
[10.463s] -- Added test 'lint_cmake' to check CMake code style
[10.469s] -- Added test 'xmllint' to check XML markup files
[10.481s] -- Configuring done
[10.731s] -- Generating done
[10.750s] -- Build files have been written to: /home/advay/mrt/build/tutorial_interfaces
[10.892s] [  1%] [34m[1mGenerating C code for ROS interfaces[0m
[10.990s] [  3%] [34m[1mGenerating C++ code for ROS interfaces[0m
[11.214s] [  3%] Built target ament_cmake_python_copy_tutorial_interfaces
[14.078s] running egg_info
[14.082s] writing tutorial_interfaces.egg-info/PKG-INFO
[14.090s] writing dependency_links to tutorial_interfaces.egg-info/dependency_links.txt
[14.090s] writing top-level names to tutorial_interfaces.egg-info/top_level.txt
[14.121s] reading manifest file 'tutorial_interfaces.egg-info/SOURCES.txt'
[14.130s] writing manifest file 'tutorial_interfaces.egg-info/SOURCES.txt'
[14.340s] [  3%] Built target ament_cmake_python_build_tutorial_interfaces_egg
[15.286s] [  3%] Built target tutorial_interfaces__cpp
[15.369s] [  5%] [34m[1mGenerating C++ type support for eProsima Fast-RTPS[0m
[15.393s] [  7%] [34m[1mGenerating C++ type support dispatch for ROS interfaces[0m
[15.399s] [  9%] [34m[1mGenerating C++ introspection for ROS interfaces[0m
[17.281s] [35m[1mConsolidate compiler generated dependencies of target tutorial_interfaces__rosidl_generator_c[0m
[17.470s] [ 10%] [32mBuilding C object CMakeFiles/tutorial_interfaces__rosidl_generator_c.dir/rosidl_generator_c/tutorial_interfaces/msg/detail/oned__functions.c.o[0m
[18.257s] [ 12%] [32mBuilding C object CMakeFiles/tutorial_interfaces__rosidl_generator_c.dir/rosidl_generator_c/tutorial_interfaces/msg/detail/threed__functions.c.o[0m
[18.395s] [35m[1mConsolidate compiler generated dependencies of target tutorial_interfaces__rosidl_typesupport_cpp[0m
[18.625s] [ 14%] [32mBuilding CXX object CMakeFiles/tutorial_interfaces__rosidl_typesupport_cpp.dir/rosidl_typesupport_cpp/tutorial_interfaces/msg/oned__type_support.cpp.o[0m
[18.787s] [ 16%] [32mBuilding C object CMakeFiles/tutorial_interfaces__rosidl_generator_c.dir/rosidl_generator_c/tutorial_interfaces/msg/detail/aruco__functions.c.o[0m
[19.444s] [ 18%] [32mBuilding C object CMakeFiles/tutorial_interfaces__rosidl_generator_c.dir/rosidl_generator_c/tutorial_interfaces/srv/detail/imagesrv__functions.c.o[0m
[19.861s] [35m[1mConsolidate compiler generated dependencies of target tutorial_interfaces__rosidl_typesupport_fastrtps_cpp[0m
[20.007s] [35m[1mConsolidate compiler generated dependencies of target tutorial_interfaces__rosidl_typesupport_introspection_cpp[0m
[20.062s] [ 20%] [32mBuilding CXX object CMakeFiles/tutorial_interfaces__rosidl_typesupport_fastrtps_cpp.dir/rosidl_typesupport_fastrtps_cpp/tutorial_interfaces/msg/detail/dds_fastrtps/oned__type_support.cpp.o[0m
[20.134s] [ 21%] [32m[1mLinking C shared library libtutorial_interfaces__rosidl_generator_c.so[0m
[20.217s] [ 23%] [32mBuilding CXX object CMakeFiles/tutorial_interfaces__rosidl_typesupport_introspection_cpp.dir/rosidl_typesupport_introspection_cpp/tutorial_interfaces/msg/detail/oned__type_support.cpp.o[0m
[20.588s] [ 23%] Built target tutorial_interfaces__rosidl_generator_c
[20.678s] [ 25%] [32mBuilding CXX object CMakeFiles/tutorial_interfaces__rosidl_typesupport_introspection_cpp.dir/rosidl_typesupport_introspection_cpp/tutorial_interfaces/msg/detail/threed__type_support.cpp.o[0m
[23.281s] [ 27%] [32mBuilding CXX object CMakeFiles/tutorial_interfaces__rosidl_typesupport_cpp.dir/rosidl_typesupport_cpp/tutorial_interfaces/msg/threed__type_support.cpp.o[0m
[25.548s] [ 29%] [32mBuilding CXX object CMakeFiles/tutorial_interfaces__rosidl_typesupport_introspection_cpp.dir/rosidl_typesupport_introspection_cpp/tutorial_interfaces/msg/detail/aruco__type_support.cpp.o[0m
[26.922s] [ 30%] [32mBuilding CXX object CMakeFiles/tutorial_interfaces__rosidl_typesupport_introspection_cpp.dir/rosidl_typesupport_introspection_cpp/tutorial_interfaces/srv/detail/imagesrv__type_support.cpp.o[0m
[28.434s] [ 32%] [32mBuilding CXX object CMakeFiles/tutorial_interfaces__rosidl_typesupport_fastrtps_cpp.dir/rosidl_typesupport_fastrtps_cpp/tutorial_interfaces/msg/detail/dds_fastrtps/threed__type_support.cpp.o[0m
[28.687s] [ 34%] [32mBuilding CXX object CMakeFiles/tutorial_interfaces__rosidl_typesupport_cpp.dir/rosidl_typesupport_cpp/tutorial_interfaces/msg/aruco__type_support.cpp.o[0m
[33.542s] [ 36%] [32mBuilding CXX object CMakeFiles/tutorial_interfaces__rosidl_typesupport_cpp.dir/rosidl_typesupport_cpp/tutorial_interfaces/srv/imagesrv__type_support.cpp.o[0m
[34.412s] [ 38%] [32m[1mLinking CXX shared library libtutorial_interfaces__rosidl_typesupport_introspection_cpp.so[0m
[35.495s] [ 38%] Built target tutorial_interfaces__rosidl_typesupport_introspection_cpp
[35.732s] [ 40%] [32mBuilding CXX object CMakeFiles/tutorial_interfaces__rosidl_typesupport_fastrtps_cpp.dir/rosidl_typesupport_fastrtps_cpp/tutorial_interfaces/srv/detail/dds_fastrtps/imagesrv__type_support.cpp.o[0m
[37.061s] [ 41%] [32m[1mLinking CXX shared library libtutorial_interfaces__rosidl_typesupport_cpp.so[0m
[37.344s] [ 41%] Built target tutorial_interfaces__rosidl_typesupport_cpp
[38.627s] [ 43%] [32mBuilding CXX object CMakeFiles/tutorial_interfaces__rosidl_typesupport_fastrtps_cpp.dir/rosidl_typesupport_fastrtps_cpp/tutorial_interfaces/msg/detail/dds_fastrtps/aruco__type_support.cpp.o[0m
[40.167s] [ 45%] [32m[1mLinking CXX shared library libtutorial_interfaces__rosidl_typesupport_fastrtps_cpp.so[0m
[40.496s] [ 45%] Built target tutorial_interfaces__rosidl_typesupport_fastrtps_cpp
[40.533s] [ 47%] [34m[1mGenerating C type support dispatch for ROS interfaces[0m
[41.704s] [35m[1mConsolidate compiler generated dependencies of target tutorial_interfaces__rosidl_typesupport_c[0m
[41.749s] [ 49%] [32mBuilding CXX object CMakeFiles/tutorial_interfaces__rosidl_typesupport_c.dir/rosidl_typesupport_c/tutorial_interfaces/msg/oned__type_support.cpp.o[0m
[41.897s] [ 50%] [32mBuilding CXX object CMakeFiles/tutorial_interfaces__rosidl_typesupport_c.dir/rosidl_typesupport_c/tutorial_interfaces/msg/threed__type_support.cpp.o[0m
[42.008s] [ 52%] [32mBuilding CXX object CMakeFiles/tutorial_interfaces__rosidl_typesupport_c.dir/rosidl_typesupport_c/tutorial_interfaces/msg/aruco__type_support.cpp.o[0m
[42.173s] [ 54%] [32mBuilding CXX object CMakeFiles/tutorial_interfaces__rosidl_typesupport_c.dir/rosidl_typesupport_c/tutorial_interfaces/srv/imagesrv__type_support.cpp.o[0m
[42.330s] [ 56%] [32m[1mLinking CXX shared library libtutorial_interfaces__rosidl_typesupport_c.so[0m
[42.509s] [ 56%] Built target tutorial_interfaces__rosidl_typesupport_c
[42.555s] [ 58%] [34m[1mGenerating C introspection for ROS interfaces[0m
[44.066s] [35m[1mConsolidate compiler generated dependencies of target tutorial_interfaces__rosidl_typesupport_introspection_c[0m
[44.116s] [ 60%] [32mBuilding C object CMakeFiles/tutorial_interfaces__rosidl_typesupport_introspection_c.dir/rosidl_typesupport_introspection_c/tutorial_interfaces/msg/detail/oned__type_support.c.o[0m
[44.287s] [ 61%] [32mBuilding C object CMakeFiles/tutorial_interfaces__rosidl_typesupport_introspection_c.dir/rosidl_typesupport_introspection_c/tutorial_interfaces/msg/detail/aruco__type_support.c.o[0m
[44.441s] [ 63%] [32mBuilding C object CMakeFiles/tutorial_interfaces__rosidl_typesupport_introspection_c.dir/rosidl_typesupport_introspection_c/tutorial_interfaces/srv/detail/imagesrv__type_support.c.o[0m
[44.614s] [ 65%] [32mBuilding C object CMakeFiles/tutorial_interfaces__rosidl_typesupport_introspection_c.dir/rosidl_typesupport_introspection_c/tutorial_interfaces/msg/detail/threed__type_support.c.o[0m
[44.749s] [ 67%] [32m[1mLinking C shared library libtutorial_interfaces__rosidl_typesupport_introspection_c.so[0m
[44.892s] [ 67%] Built target tutorial_interfaces__rosidl_typesupport_introspection_c
[44.930s] [ 69%] [34m[1mGenerating C type support for eProsima Fast-RTPS[0m
[46.753s] [35m[1mConsolidate compiler generated dependencies of target tutorial_interfaces__rosidl_typesupport_fastrtps_c[0m
[46.830s] [ 70%] [32mBuilding CXX object CMakeFiles/tutorial_interfaces__rosidl_typesupport_fastrtps_c.dir/rosidl_typesupport_fastrtps_c/tutorial_interfaces/msg/detail/oned__type_support_c.cpp.o[0m
[48.116s] [ 72%] [32mBuilding CXX object CMakeFiles/tutorial_interfaces__rosidl_typesupport_fastrtps_c.dir/rosidl_typesupport_fastrtps_c/tutorial_interfaces/srv/detail/imagesrv__type_support_c.cpp.o[0m
[49.463s] [ 74%] [32mBuilding CXX object CMakeFiles/tutorial_interfaces__rosidl_typesupport_fastrtps_c.dir/rosidl_typesupport_fastrtps_c/tutorial_interfaces/msg/detail/aruco__type_support_c.cpp.o[0m
[50.731s] [ 76%] [32mBuilding CXX object CMakeFiles/tutorial_interfaces__rosidl_typesupport_fastrtps_c.dir/rosidl_typesupport_fastrtps_c/tutorial_interfaces/msg/detail/threed__type_support_c.cpp.o[0m
[51.991s] [ 78%] [32m[1mLinking CXX shared library libtutorial_interfaces__rosidl_typesupport_fastrtps_c.so[0m
[52.324s] [ 78%] Built target tutorial_interfaces__rosidl_typesupport_fastrtps_c
[52.409s] [ 78%] Built target tutorial_interfaces
[52.490s] [ 80%] [34m[1mGenerating Python code for ROS interfaces[0m
[55.516s] [ 80%] Built target tutorial_interfaces__py
[55.569s] [35m[1mConsolidate compiler generated dependencies of target tutorial_interfaces__rosidl_generator_py[0m
[55.651s] [ 81%] [32mBuilding C object CMakeFiles/tutorial_interfaces__rosidl_generator_py.dir/rosidl_generator_py/tutorial_interfaces/msg/_oned_s.c.o[0m
[56.430s] [ 83%] [32mBuilding C object CMakeFiles/tutorial_interfaces__rosidl_generator_py.dir/rosidl_generator_py/tutorial_interfaces/srv/_imagesrv_s.c.o[0m
[57.144s] [ 85%] [32mBuilding C object CMakeFiles/tutorial_interfaces__rosidl_generator_py.dir/rosidl_generator_py/tutorial_interfaces/msg/_aruco_s.c.o[0m
[57.509s] [ 87%] [32mBuilding C object CMakeFiles/tutorial_interfaces__rosidl_generator_py.dir/rosidl_generator_py/tutorial_interfaces/msg/_threed_s.c.o[0m
[57.856s] [ 89%] [32m[1mLinking C shared library rosidl_generator_py/tutorial_interfaces/libtutorial_interfaces__rosidl_generator_py.so[0m
[57.988s] [ 89%] Built target tutorial_interfaces__rosidl_generator_py
[58.024s] [35m[1mConsolidate compiler generated dependencies of target tutorial_interfaces__rosidl_typesupport_fastrtps_c__pyext[0m
[58.067s] [ 90%] [32mBuilding C object CMakeFiles/tutorial_interfaces__rosidl_typesupport_fastrtps_c__pyext.dir/rosidl_generator_py/tutorial_interfaces/_tutorial_interfaces_s.ep.rosidl_typesupport_fastrtps_c.c.o[0m
[58.575s] [ 92%] [32m[1mLinking C shared library rosidl_generator_py/tutorial_interfaces/tutorial_interfaces_s__rosidl_typesupport_fastrtps_c.cpython-310-x86_64-linux-gnu.so[0m
[58.707s] [ 92%] Built target tutorial_interfaces__rosidl_typesupport_fastrtps_c__pyext
[58.745s] [35m[1mConsolidate compiler generated dependencies of target tutorial_interfaces__rosidl_typesupport_c__pyext[0m
[58.782s] [ 94%] [32mBuilding C object CMakeFiles/tutorial_interfaces__rosidl_typesupport_c__pyext.dir/rosidl_generator_py/tutorial_interfaces/_tutorial_interfaces_s.ep.rosidl_typesupport_c.c.o[0m
[59.109s] [ 96%] [32m[1mLinking C shared library rosidl_generator_py/tutorial_interfaces/tutorial_interfaces_s__rosidl_typesupport_c.cpython-310-x86_64-linux-gnu.so[0m
[59.247s] [ 96%] Built target tutorial_interfaces__rosidl_typesupport_c__pyext
[59.284s] [35m[1mConsolidate compiler generated dependencies of target tutorial_interfaces__rosidl_typesupport_introspection_c__pyext[0m
[59.321s] [ 98%] [32mBuilding C object CMakeFiles/tutorial_interfaces__rosidl_typesupport_introspection_c__pyext.dir/rosidl_generator_py/tutorial_interfaces/_tutorial_interfaces_s.ep.rosidl_typesupport_introspection_c.c.o[0m
[59.685s] [100%] [32m[1mLinking C shared library rosidl_generator_py/tutorial_interfaces/tutorial_interfaces_s__rosidl_typesupport_introspection_c.cpython-310-x86_64-linux-gnu.so[0m
[59.873s] [100%] Built target tutorial_interfaces__rosidl_typesupport_introspection_c__pyext
[59.925s] Invoked command in '/home/advay/mrt/build/tutorial_interfaces' returned '0': CMAKE_PREFIX_PATH=${CMAKE_PREFIX_PATH}:/home/advay/mrt/install/aruco_srvcli:/home/advay/erc_ws/install/week1_tutorials:/home/advay/erc_ws/install/week0_tutorials:/home/advay/erc_ws/install/task_1:/home/advay/erc_ws/install/sherlock:/home/advay/erc_ws/install/mrs_hudson:/home/advay/erc_ws/install/ep3:/home/advay/erc_ws/src/install/week1_tutorials:/home/advay/erc_ws/src/install/week0_tutorials:/home/advay/erc_ws/src/install/task_1:/home/advay/erc_ws/src/install/sherlock:/opt/ros/humble /usr/bin/cmake --build /home/advay/mrt/build/tutorial_interfaces -- -j4 -l4
[60.526s] Invoking command in '/home/advay/mrt/build/tutorial_interfaces': CMAKE_PREFIX_PATH=${CMAKE_PREFIX_PATH}:/home/advay/mrt/install/aruco_srvcli:/home/advay/erc_ws/install/week1_tutorials:/home/advay/erc_ws/install/week0_tutorials:/home/advay/erc_ws/install/task_1:/home/advay/erc_ws/install/sherlock:/home/advay/erc_ws/install/mrs_hudson:/home/advay/erc_ws/install/ep3:/home/advay/erc_ws/src/install/week1_tutorials:/home/advay/erc_ws/src/install/week0_tutorials:/home/advay/erc_ws/src/install/task_1:/home/advay/erc_ws/src/install/sherlock:/opt/ros/humble /usr/bin/cmake --install /home/advay/mrt/build/tutorial_interfaces
[60.569s] -- Install configuration: ""
[60.574s] -- Up-to-date: /home/advay/mrt/install/tutorial_interfaces/share/ament_index/resource_index/rosidl_interfaces/tutorial_interfaces
[60.578s] -- Up-to-date: /home/advay/mrt/install/tutorial_interfaces/include/tutorial_interfaces/tutorial_interfaces
[60.581s] -- Up-to-date: /home/advay/mrt/install/tutorial_interfaces/include/tutorial_interfaces/tutorial_interfaces/srv
[60.581s] -- Up-to-date: /home/advay/mrt/install/tutorial_interfaces/include/tutorial_interfaces/tutorial_interfaces/srv/detail
[60.582s] -- Up-to-date: /home/advay/mrt/install/tutorial_interfaces/include/tutorial_interfaces/tutorial_interfaces/srv/detail/image__struct.h
[60.582s] -- Installing: /home/advay/mrt/install/tutorial_interfaces/include/tutorial_interfaces/tutorial_interfaces/srv/detail/imagesrv__functions.h
[60.582s] -- Up-to-date: /home/advay/mrt/install/tutorial_interfaces/include/tutorial_interfaces/tutorial_interfaces/srv/detail/image__functions.c
[60.583s] -- Up-to-date: /home/advay/mrt/install/tutorial_interfaces/include/tutorial_interfaces/tutorial_interfaces/srv/detail/image__functions.h
[60.583s] -- Installing: /home/advay/mrt/install/tutorial_interfaces/include/tutorial_interfaces/tutorial_interfaces/srv/detail/imagesrv__functions.c
[60.583s] -- Installing: /home/advay/mrt/install/tutorial_interfaces/include/tutorial_interfaces/tutorial_interfaces/srv/detail/imagesrv__struct.h
[60.583s] -- Installing: /home/advay/mrt/install/tutorial_interfaces/include/tutorial_interfaces/tutorial_interfaces/srv/detail/imagesrv__type_support.h
[60.584s] -- Up-to-date: /home/advay/mrt/install/tutorial_interfaces/include/tutorial_interfaces/tutorial_interfaces/srv/detail/image__type_support.h
[60.584s] -- Up-to-date: /home/advay/mrt/install/tutorial_interfaces/include/tutorial_interfaces/tutorial_interfaces/srv/image.h
[60.590s] -- Installing: /home/advay/mrt/install/tutorial_interfaces/include/tutorial_interfaces/tutorial_interfaces/srv/imagesrv.h
[60.590s] -- Up-to-date: /home/advay/mrt/install/tutorial_interfaces/include/tutorial_interfaces/tutorial_interfaces/msg
[60.591s] -- Installing: /home/advay/mrt/install/tutorial_interfaces/include/tutorial_interfaces/tutorial_interfaces/msg/aruco.h
[60.591s] -- Up-to-date: /home/advay/mrt/install/tutorial_interfaces/include/tutorial_interfaces/tutorial_interfaces/msg/detail
[60.591s] -- Installing: /home/advay/mrt/install/tutorial_interfaces/include/tutorial_interfaces/tutorial_interfaces/msg/detail/aruco__type_support.h
[60.592s] -- Installing: /home/advay/mrt/install/tutorial_interfaces/include/tutorial_interfaces/tutorial_interfaces/msg/detail/threed__struct.h
[60.592s] -- Installing: /home/advay/mrt/install/tutorial_interfaces/include/tutorial_interfaces/tutorial_interfaces/msg/detail/oned__type_support.h
[60.592s] -- Installing: /home/advay/mrt/install/tutorial_interfaces/include/tutorial_interfaces/tutorial_interfaces/msg/detail/oned__functions.h
[60.592s] -- Installing: /home/advay/mrt/install/tutorial_interfaces/include/tutorial_interfaces/tutorial_interfaces/msg/detail/aruco__functions.h
[60.593s] -- Installing: /home/advay/mrt/install/tutorial_interfaces/include/tutorial_interfaces/tutorial_interfaces/msg/detail/oned__struct.h
[60.598s] -- Installing: /home/advay/mrt/install/tutorial_interfaces/include/tutorial_interfaces/tutorial_interfaces/msg/detail/threed__functions.c
[60.598s] -- Installing: /home/advay/mrt/install/tutorial_interfaces/include/tutorial_interfaces/tutorial_interfaces/msg/detail/aruco__functions.c
[60.599s] -- Installing: /home/advay/mrt/install/tutorial_interfaces/include/tutorial_interfaces/tutorial_interfaces/msg/detail/threed__type_support.h
[60.599s] -- Installing: /home/advay/mrt/install/tutorial_interfaces/include/tutorial_interfaces/tutorial_interfaces/msg/detail/threed__functions.h
[60.600s] -- Installing: /home/advay/mrt/install/tutorial_interfaces/include/tutorial_interfaces/tutorial_interfaces/msg/detail/aruco__struct.h
[60.605s] -- Installing: /home/advay/mrt/install/tutorial_interfaces/include/tutorial_interfaces/tutorial_interfaces/msg/detail/oned__functions.c
[60.609s] -- Installing: /home/advay/mrt/install/tutorial_interfaces/include/tutorial_interfaces/tutorial_interfaces/msg/oned.h
[60.610s] -- Up-to-date: /home/advay/mrt/install/tutorial_interfaces/include/tutorial_interfaces/tutorial_interfaces/msg/rosidl_generator_c__visibility_control.h
[60.610s] -- Installing: /home/advay/mrt/install/tutorial_interfaces/include/tutorial_interfaces/tutorial_interfaces/msg/threed.h
[60.610s] -- Up-to-date: /home/advay/mrt/install/tutorial_interfaces/share/tutorial_interfaces/environment/library_path.sh
[60.611s] -- Installing: /home/advay/mrt/install/tutorial_interfaces/share/tutorial_interfaces/environment/library_path.dsv
[60.611s] -- Installing: /home/advay/mrt/install/tutorial_interfaces/lib/libtutorial_interfaces__rosidl_generator_c.so
[60.611s] -- Set runtime path of "/home/advay/mrt/install/tutorial_interfaces/lib/libtutorial_interfaces__rosidl_generator_c.so" to ""
[60.611s] -- Up-to-date: /home/advay/mrt/install/tutorial_interfaces/include/tutorial_interfaces/tutorial_interfaces
[60.612s] -- Up-to-date: /home/advay/mrt/install/tutorial_interfaces/include/tutorial_interfaces/tutorial_interfaces/srv
[60.612s] -- Up-to-date: /home/advay/mrt/install/tutorial_interfaces/include/tutorial_interfaces/tutorial_interfaces/srv/detail
[60.612s] -- Up-to-date: /home/advay/mrt/install/tutorial_interfaces/include/tutorial_interfaces/tutorial_interfaces/srv/detail/image__rosidl_typesupport_fastrtps_c.h
[60.612s] -- Installing: /home/advay/mrt/install/tutorial_interfaces/include/tutorial_interfaces/tutorial_interfaces/srv/detail/imagesrv__rosidl_typesupport_fastrtps_c.h
[60.613s] -- Up-to-date: /home/advay/mrt/install/tutorial_interfaces/include/tutorial_interfaces/tutorial_interfaces/msg
[60.621s] -- Up-to-date: /home/advay/mrt/install/tutorial_interfaces/include/tutorial_interfaces/tutorial_interfaces/msg/rosidl_typesupport_fastrtps_c__visibility_control.h
[60.622s] -- Up-to-date: /home/advay/mrt/install/tutorial_interfaces/include/tutorial_interfaces/tutorial_interfaces/msg/detail
[60.623s] -- Installing: /home/advay/mrt/install/tutorial_interfaces/include/tutorial_interfaces/tutorial_interfaces/msg/detail/threed__rosidl_typesupport_fastrtps_c.h
[60.623s] -- Installing: /home/advay/mrt/install/tutorial_interfaces/include/tutorial_interfaces/tutorial_interfaces/msg/detail/oned__rosidl_typesupport_fastrtps_c.h
[60.624s] -- Installing: /home/advay/mrt/install/tutorial_interfaces/include/tutorial_interfaces/tutorial_interfaces/msg/detail/aruco__rosidl_typesupport_fastrtps_c.h
[60.624s] -- Installing: /home/advay/mrt/install/tutorial_interfaces/lib/libtutorial_interfaces__rosidl_typesupport_fastrtps_c.so
[60.625s] -- Set runtime path of "/home/advay/mrt/install/tutorial_interfaces/lib/libtutorial_interfaces__rosidl_typesupport_fastrtps_c.so" to ""
[60.632s] -- Up-to-date: /home/advay/mrt/install/tutorial_interfaces/include/tutorial_interfaces/tutorial_interfaces
[60.632s] -- Up-to-date: /home/advay/mrt/install/tutorial_interfaces/include/tutorial_interfaces/tutorial_interfaces/srv
[60.633s] -- Up-to-date: /home/advay/mrt/install/tutorial_interfaces/include/tutorial_interfaces/tutorial_interfaces/srv/image.hpp
[60.633s] -- Up-to-date: /home/advay/mrt/install/tutorial_interfaces/include/tutorial_interfaces/tutorial_interfaces/srv/detail
[60.634s] -- Installing: /home/advay/mrt/install/tutorial_interfaces/include/tutorial_interfaces/tutorial_interfaces/srv/detail/imagesrv__traits.hpp
[60.634s] -- Installing: /home/advay/mrt/install/tutorial_interfaces/include/tutorial_interfaces/tutorial_interfaces/srv/detail/imagesrv__struct.hpp
[60.634s] -- Up-to-date: /home/advay/mrt/install/tutorial_interfaces/include/tutorial_interfaces/tutorial_interfaces/srv/detail/image__traits.hpp
[60.635s] -- Up-to-date: /home/advay/mrt/install/tutorial_interfaces/include/tutorial_interfaces/tutorial_interfaces/srv/detail/image__builder.hpp
[60.635s] -- Installing: /home/advay/mrt/install/tutorial_interfaces/include/tutorial_interfaces/tutorial_interfaces/srv/detail/imagesrv__builder.hpp
[60.635s] -- Up-to-date: /home/advay/mrt/install/tutorial_interfaces/include/tutorial_interfaces/tutorial_interfaces/srv/detail/image__struct.hpp
[60.636s] -- Installing: /home/advay/mrt/install/tutorial_interfaces/include/tutorial_interfaces/tutorial_interfaces/srv/imagesrv.hpp
[60.636s] -- Up-to-date: /home/advay/mrt/install/tutorial_interfaces/include/tutorial_interfaces/tutorial_interfaces/msg
[60.637s] -- Up-to-date: /home/advay/mrt/install/tutorial_interfaces/include/tutorial_interfaces/tutorial_interfaces/msg/detail
[60.649s] -- Installing: /home/advay/mrt/install/tutorial_interfaces/include/tutorial_interfaces/tutorial_interfaces/msg/detail/threed__builder.hpp
[60.650s] -- Installing: /home/advay/mrt/install/tutorial_interfaces/include/tutorial_interfaces/tutorial_interfaces/msg/detail/aruco__builder.hpp
[60.650s] -- Installing: /home/advay/mrt/install/tutorial_interfaces/include/tutorial_interfaces/tutorial_interfaces/msg/detail/aruco__traits.hpp
[60.650s] -- Installing: /home/advay/mrt/install/tutorial_interfaces/include/tutorial_interfaces/tutorial_interfaces/msg/detail/oned__traits.hpp
[60.651s] -- Installing: /home/advay/mrt/install/tutorial_interfaces/include/tutorial_interfaces/tutorial_interfaces/msg/detail/threed__struct.hpp
[60.652s] -- Installing: /home/advay/mrt/install/tutorial_interfaces/include/tutorial_interfaces/tutorial_interfaces/msg/detail/aruco__struct.hpp
[60.652s] -- Installing: /home/advay/mrt/install/tutorial_interfaces/include/tutorial_interfaces/tutorial_interfaces/msg/detail/oned__builder.hpp
[60.653s] -- Installing: /home/advay/mrt/install/tutorial_interfaces/include/tutorial_interfaces/tutorial_interfaces/msg/detail/threed__traits.hpp
[60.653s] -- Installing: /home/advay/mrt/install/tutorial_interfaces/include/tutorial_interfaces/tutorial_interfaces/msg/detail/oned__struct.hpp
[60.653s] -- Installing: /home/advay/mrt/install/tutorial_interfaces/include/tutorial_interfaces/tutorial_interfaces/msg/aruco.hpp
[60.653s] -- Installing: /home/advay/mrt/install/tutorial_interfaces/include/tutorial_interfaces/tutorial_interfaces/msg/threed.hpp
[60.654s] -- Installing: /home/advay/mrt/install/tutorial_interfaces/include/tutorial_interfaces/tutorial_interfaces/msg/oned.hpp
[60.654s] -- Up-to-date: /home/advay/mrt/install/tutorial_interfaces/include/tutorial_interfaces/tutorial_interfaces
[60.654s] -- Up-to-date: /home/advay/mrt/install/tutorial_interfaces/include/tutorial_interfaces/tutorial_interfaces/srv
[60.655s] -- Up-to-date: /home/advay/mrt/install/tutorial_interfaces/include/tutorial_interfaces/tutorial_interfaces/srv/detail
[60.655s] -- Up-to-date: /home/advay/mrt/install/tutorial_interfaces/include/tutorial_interfaces/tutorial_interfaces/srv/detail/dds_fastrtps
[60.655s] -- Up-to-date: /home/advay/mrt/install/tutorial_interfaces/include/tutorial_interfaces/tutorial_interfaces/srv/detail/image__rosidl_typesupport_fastrtps_cpp.hpp
[60.655s] -- Installing: /home/advay/mrt/install/tutorial_interfaces/include/tutorial_interfaces/tutorial_interfaces/srv/detail/imagesrv__rosidl_typesupport_fastrtps_cpp.hpp
[60.656s] -- Up-to-date: /home/advay/mrt/install/tutorial_interfaces/include/tutorial_interfaces/tutorial_interfaces/msg
[60.656s] -- Up-to-date: /home/advay/mrt/install/tutorial_interfaces/include/tutorial_interfaces/tutorial_interfaces/msg/rosidl_typesupport_fastrtps_cpp__visibility_control.h
[60.656s] -- Up-to-date: /home/advay/mrt/install/tutorial_interfaces/include/tutorial_interfaces/tutorial_interfaces/msg/detail
[60.656s] -- Installing: /home/advay/mrt/install/tutorial_interfaces/include/tutorial_interfaces/tutorial_interfaces/msg/detail/aruco__rosidl_typesupport_fastrtps_cpp.hpp
[60.657s] -- Installing: /home/advay/mrt/install/tutorial_interfaces/include/tutorial_interfaces/tutorial_interfaces/msg/detail/oned__rosidl_typesupport_fastrtps_cpp.hpp
[60.657s] -- Up-to-date: /home/advay/mrt/install/tutorial_interfaces/include/tutorial_interfaces/tutorial_interfaces/msg/detail/dds_fastrtps
[60.666s] -- Installing: /home/advay/mrt/install/tutorial_interfaces/include/tutorial_interfaces/tutorial_interfaces/msg/detail/threed__rosidl_typesupport_fastrtps_cpp.hpp
[60.670s] -- Installing: /home/advay/mrt/install/tutorial_interfaces/lib/libtutorial_interfaces__rosidl_typesupport_fastrtps_cpp.so
[60.670s] -- Set runtime path of "/home/advay/mrt/install/tutorial_interfaces/lib/libtutorial_interfaces__rosidl_typesupport_fastrtps_cpp.so" to ""
[60.670s] -- Up-to-date: /home/advay/mrt/install/tutorial_interfaces/include/tutorial_interfaces/tutorial_interfaces
[60.671s] -- Up-to-date: /home/advay/mrt/install/tutorial_interfaces/include/tutorial_interfaces/tutorial_interfaces/srv
[60.671s] -- Up-to-date: /home/advay/mrt/install/tutorial_interfaces/include/tutorial_interfaces/tutorial_interfaces/srv/detail
[60.671s] -- Up-to-date: /home/advay/mrt/install/tutorial_interfaces/include/tutorial_interfaces/tutorial_interfaces/srv/detail/image__type_support.c
[60.672s] -- Up-to-date: /home/advay/mrt/install/tutorial_interfaces/include/tutorial_interfaces/tutorial_interfaces/srv/detail/image__rosidl_typesupport_introspection_c.h
[60.672s] -- Installing: /home/advay/mrt/install/tutorial_interfaces/include/tutorial_interfaces/tutorial_interfaces/srv/detail/imagesrv__rosidl_typesupport_introspection_c.h
[60.672s] -- Installing: /home/advay/mrt/install/tutorial_interfaces/include/tutorial_interfaces/tutorial_interfaces/srv/detail/imagesrv__type_support.c
[60.673s] -- Up-to-date: /home/advay/mrt/install/tutorial_interfaces/include/tutorial_interfaces/tutorial_interfaces/msg
[60.673s] -- Up-to-date: /home/advay/mrt/install/tutorial_interfaces/include/tutorial_interfaces/tutorial_interfaces/msg/detail
[60.678s] -- Installing: /home/advay/mrt/install/tutorial_interfaces/include/tutorial_interfaces/tutorial_interfaces/msg/detail/threed__rosidl_typesupport_introspection_c.h
[60.678s] -- Installing: /home/advay/mrt/install/tutorial_interfaces/include/tutorial_interfaces/tutorial_interfaces/msg/detail/aruco__type_support.c
[60.679s] -- Installing: /home/advay/mrt/install/tutorial_interfaces/include/tutorial_interfaces/tutorial_interfaces/msg/detail/oned__rosidl_typesupport_introspection_c.h
[60.679s] -- Installing: /home/advay/mrt/install/tutorial_interfaces/include/tutorial_interfaces/tutorial_interfaces/msg/detail/oned__type_support.c
[60.681s] -- Installing: /home/advay/mrt/install/tutorial_interfaces/include/tutorial_interfaces/tutorial_interfaces/msg/detail/aruco__rosidl_typesupport_introspection_c.h
[60.681s] -- Installing: /home/advay/mrt/install/tutorial_interfaces/include/tutorial_interfaces/tutorial_interfaces/msg/detail/threed__type_support.c
[60.682s] -- Up-to-date: /home/advay/mrt/install/tutorial_interfaces/include/tutorial_interfaces/tutorial_interfaces/msg/rosidl_typesupport_introspection_c__visibility_control.h
[60.689s] -- Installing: /home/advay/mrt/install/tutorial_interfaces/lib/libtutorial_interfaces__rosidl_typesupport_introspection_c.so
[60.690s] -- Set runtime path of "/home/advay/mrt/install/tutorial_interfaces/lib/libtutorial_interfaces__rosidl_typesupport_introspection_c.so" to ""
[60.691s] -- Installing: /home/advay/mrt/install/tutorial_interfaces/lib/libtutorial_interfaces__rosidl_typesupport_c.so
[60.693s] -- Set runtime path of "/home/advay/mrt/install/tutorial_interfaces/lib/libtutorial_interfaces__rosidl_typesupport_c.so" to ""
[60.694s] -- Up-to-date: /home/advay/mrt/install/tutorial_interfaces/include/tutorial_interfaces/tutorial_interfaces
[60.695s] -- Up-to-date: /home/advay/mrt/install/tutorial_interfaces/include/tutorial_interfaces/tutorial_interfaces/srv
[60.703s] -- Up-to-date: /home/advay/mrt/install/tutorial_interfaces/include/tutorial_interfaces/tutorial_interfaces/srv/detail
[60.704s] -- Up-to-date: /home/advay/mrt/install/tutorial_interfaces/include/tutorial_interfaces/tutorial_interfaces/srv/detail/image__type_support.cpp
[60.708s] -- Up-to-date: /home/advay/mrt/install/tutorial_interfaces/include/tutorial_interfaces/tutorial_interfaces/srv/detail/image__rosidl_typesupport_introspection_cpp.hpp
[60.710s] -- Installing: /home/advay/mrt/install/tutorial_interfaces/include/tutorial_interfaces/tutorial_interfaces/srv/detail/imagesrv__rosidl_typesupport_introspection_cpp.hpp
[60.710s] -- Installing: /home/advay/mrt/install/tutorial_interfaces/include/tutorial_interfaces/tutorial_interfaces/srv/detail/imagesrv__type_support.cpp
[60.711s] -- Up-to-date: /home/advay/mrt/install/tutorial_interfaces/include/tutorial_interfaces/tutorial_interfaces/msg
[60.711s] -- Up-to-date: /home/advay/mrt/install/tutorial_interfaces/include/tutorial_interfaces/tutorial_interfaces/msg/detail
[60.712s] -- Installing: /home/advay/mrt/install/tutorial_interfaces/include/tutorial_interfaces/tutorial_interfaces/msg/detail/oned__type_support.cpp
[60.712s] -- Installing: /home/advay/mrt/install/tutorial_interfaces/include/tutorial_interfaces/tutorial_interfaces/msg/detail/threed__type_support.cpp
[60.713s] -- Installing: /home/advay/mrt/install/tutorial_interfaces/include/tutorial_interfaces/tutorial_interfaces/msg/detail/oned__rosidl_typesupport_introspection_cpp.hpp
[60.717s] -- Installing: /home/advay/mrt/install/tutorial_interfaces/include/tutorial_interfaces/tutorial_interfaces/msg/detail/threed__rosidl_typesupport_introspection_cpp.hpp
[60.717s] -- Installing: /home/advay/mrt/install/tutorial_interfaces/include/tutorial_interfaces/tutorial_interfaces/msg/detail/aruco__type_support.cpp
[60.718s] -- Installing: /home/advay/mrt/install/tutorial_interfaces/include/tutorial_interfaces/tutorial_interfaces/msg/detail/aruco__rosidl_typesupport_introspection_cpp.hpp
[60.718s] -- Installing: /home/advay/mrt/install/tutorial_interfaces/lib/libtutorial_interfaces__rosidl_typesupport_introspection_cpp.so
[60.718s] -- Set runtime path of "/home/advay/mrt/install/tutorial_interfaces/lib/libtutorial_interfaces__rosidl_typesupport_introspection_cpp.so" to ""
[60.718s] -- Installing: /home/advay/mrt/install/tutorial_interfaces/lib/libtutorial_interfaces__rosidl_typesupport_cpp.so
[60.719s] -- Set runtime path of "/home/advay/mrt/install/tutorial_interfaces/lib/libtutorial_interfaces__rosidl_typesupport_cpp.so" to ""
[60.719s] -- Up-to-date: /home/advay/mrt/install/tutorial_interfaces/share/tutorial_interfaces/environment/pythonpath.sh
[60.719s] -- Installing: /home/advay/mrt/install/tutorial_interfaces/share/tutorial_interfaces/environment/pythonpath.dsv
[60.720s] -- Up-to-date: /home/advay/mrt/install/tutorial_interfaces/local/lib/python3.10/dist-packages/tutorial_interfaces-0.0.0-py3.10.egg-info
[60.720s] -- Installing: /home/advay/mrt/install/tutorial_interfaces/local/lib/python3.10/dist-packages/tutorial_interfaces-0.0.0-py3.10.egg-info/PKG-INFO
[60.720s] -- Installing: /home/advay/mrt/install/tutorial_interfaces/local/lib/python3.10/dist-packages/tutorial_interfaces-0.0.0-py3.10.egg-info/top_level.txt
[60.720s] -- Installing: /home/advay/mrt/install/tutorial_interfaces/local/lib/python3.10/dist-packages/tutorial_interfaces-0.0.0-py3.10.egg-info/dependency_links.txt
[60.721s] -- Installing: /home/advay/mrt/install/tutorial_interfaces/local/lib/python3.10/dist-packages/tutorial_interfaces-0.0.0-py3.10.egg-info/SOURCES.txt
[60.721s] -- Up-to-date: /home/advay/mrt/install/tutorial_interfaces/local/lib/python3.10/dist-packages/tutorial_interfaces
[60.727s] -- Installing: /home/advay/mrt/install/tutorial_interfaces/local/lib/python3.10/dist-packages/tutorial_interfaces/_tutorial_interfaces_s.ep.rosidl_typesupport_introspection_c.c
[60.727s] -- Installing: /home/advay/mrt/install/tutorial_interfaces/local/lib/python3.10/dist-packages/tutorial_interfaces/tutorial_interfaces_s__rosidl_typesupport_fastrtps_c.cpython-310-x86_64-linux-gnu.so
[60.728s] -- Up-to-date: /home/advay/mrt/install/tutorial_interfaces/local/lib/python3.10/dist-packages/tutorial_interfaces/srv
[60.728s] -- Up-to-date: /home/advay/mrt/install/tutorial_interfaces/local/lib/python3.10/dist-packages/tutorial_interfaces/srv/_image.py
[60.728s] -- Up-to-date: /home/advay/mrt/install/tutorial_interfaces/local/lib/python3.10/dist-packages/tutorial_interfaces/srv/_image_s.c
[60.729s] -- Installing: /home/advay/mrt/install/tutorial_interfaces/local/lib/python3.10/dist-packages/tutorial_interfaces/srv/__init__.py
[60.729s] -- Installing: /home/advay/mrt/install/tutorial_interfaces/local/lib/python3.10/dist-packages/tutorial_interfaces/srv/_imagesrv_s.c
[60.737s] -- Installing: /home/advay/mrt/install/tutorial_interfaces/local/lib/python3.10/dist-packages/tutorial_interfaces/srv/_imagesrv.py
[60.738s] -- Installing: /home/advay/mrt/install/tutorial_interfaces/local/lib/python3.10/dist-packages/tutorial_interfaces/tutorial_interfaces_s__rosidl_typesupport_introspection_c.cpython-310-x86_64-linux-gnu.so
[60.739s] -- Installing: /home/advay/mrt/install/tutorial_interfaces/local/lib/python3.10/dist-packages/tutorial_interfaces/__init__.py
[60.739s] -- Installing: /home/advay/mrt/install/tutorial_interfaces/local/lib/python3.10/dist-packages/tutorial_interfaces/_tutorial_interfaces_s.ep.rosidl_typesupport_fastrtps_c.c
[60.739s] -- Installing: /home/advay/mrt/install/tutorial_interfaces/local/lib/python3.10/dist-packages/tutorial_interfaces/tutorial_interfaces_s__rosidl_typesupport_c.cpython-310-x86_64-linux-gnu.so
[60.740s] -- Installing: /home/advay/mrt/install/tutorial_interfaces/local/lib/python3.10/dist-packages/tutorial_interfaces/_tutorial_interfaces_s.ep.rosidl_typesupport_c.c
[60.740s] -- Installing: /home/advay/mrt/install/tutorial_interfaces/local/lib/python3.10/dist-packages/tutorial_interfaces/libtutorial_interfaces__rosidl_generator_py.so
[60.740s] -- Up-to-date: /home/advay/mrt/install/tutorial_interfaces/local/lib/python3.10/dist-packages/tutorial_interfaces/msg
[60.740s] -- Installing: /home/advay/mrt/install/tutorial_interfaces/local/lib/python3.10/dist-packages/tutorial_interfaces/msg/_threed.py
[60.741s] -- Installing: /home/advay/mrt/install/tutorial_interfaces/local/lib/python3.10/dist-packages/tutorial_interfaces/msg/_aruco_s.c
[60.741s] -- Installing: /home/advay/mrt/install/tutorial_interfaces/local/lib/python3.10/dist-packages/tutorial_interfaces/msg/_threed_s.c
[60.741s] -- Installing: /home/advay/mrt/install/tutorial_interfaces/local/lib/python3.10/dist-packages/tutorial_interfaces/msg/__init__.py
[60.742s] -- Installing: /home/advay/mrt/install/tutorial_interfaces/local/lib/python3.10/dist-packages/tutorial_interfaces/msg/_oned_s.c
[60.742s] -- Installing: /home/advay/mrt/install/tutorial_interfaces/local/lib/python3.10/dist-packages/tutorial_interfaces/msg/_oned.py
[60.742s] -- Installing: /home/advay/mrt/install/tutorial_interfaces/local/lib/python3.10/dist-packages/tutorial_interfaces/msg/_aruco.py
[60.948s] Listing '/home/advay/mrt/install/tutorial_interfaces/local/lib/python3.10/dist-packages/tutorial_interfaces'...
[60.948s] Compiling '/home/advay/mrt/install/tutorial_interfaces/local/lib/python3.10/dist-packages/tutorial_interfaces/__init__.py'...
[60.948s] Listing '/home/advay/mrt/install/tutorial_interfaces/local/lib/python3.10/dist-packages/tutorial_interfaces/msg'...
[60.949s] Compiling '/home/advay/mrt/install/tutorial_interfaces/local/lib/python3.10/dist-packages/tutorial_interfaces/msg/__init__.py'...
[60.949s] Compiling '/home/advay/mrt/install/tutorial_interfaces/local/lib/python3.10/dist-packages/tutorial_interfaces/msg/_aruco.py'...
[60.949s] Compiling '/home/advay/mrt/install/tutorial_interfaces/local/lib/python3.10/dist-packages/tutorial_interfaces/msg/_oned.py'...
[60.950s] Compiling '/home/advay/mrt/install/tutorial_interfaces/local/lib/python3.10/dist-packages/tutorial_interfaces/msg/_threed.py'...
[60.950s] Listing '/home/advay/mrt/install/tutorial_interfaces/local/lib/python3.10/dist-packages/tutorial_interfaces/srv'...
[60.951s] Compiling '/home/advay/mrt/install/tutorial_interfaces/local/lib/python3.10/dist-packages/tutorial_interfaces/srv/__init__.py'...
[60.951s] Compiling '/home/advay/mrt/install/tutorial_interfaces/local/lib/python3.10/dist-packages/tutorial_interfaces/srv/_imagesrv.py'...
[60.970s] -- Installing: /home/advay/mrt/install/tutorial_interfaces/local/lib/python3.10/dist-packages/tutorial_interfaces/tutorial_interfaces_s__rosidl_typesupport_fastrtps_c.cpython-310-x86_64-linux-gnu.so
[60.972s] -- Set runtime path of "/home/advay/mrt/install/tutorial_interfaces/local/lib/python3.10/dist-packages/tutorial_interfaces/tutorial_interfaces_s__rosidl_typesupport_fastrtps_c.cpython-310-x86_64-linux-gnu.so" to ""
[60.973s] -- Installing: /home/advay/mrt/install/tutorial_interfaces/local/lib/python3.10/dist-packages/tutorial_interfaces/tutorial_interfaces_s__rosidl_typesupport_introspection_c.cpython-310-x86_64-linux-gnu.so
[60.974s] -- Set runtime path of "/home/advay/mrt/install/tutorial_interfaces/local/lib/python3.10/dist-packages/tutorial_interfaces/tutorial_interfaces_s__rosidl_typesupport_introspection_c.cpython-310-x86_64-linux-gnu.so" to ""
[60.975s] -- Installing: /home/advay/mrt/install/tutorial_interfaces/local/lib/python3.10/dist-packages/tutorial_interfaces/tutorial_interfaces_s__rosidl_typesupport_c.cpython-310-x86_64-linux-gnu.so
[60.977s] -- Set runtime path of "/home/advay/mrt/install/tutorial_interfaces/local/lib/python3.10/dist-packages/tutorial_interfaces/tutorial_interfaces_s__rosidl_typesupport_c.cpython-310-x86_64-linux-gnu.so" to ""
[60.978s] -- Installing: /home/advay/mrt/install/tutorial_interfaces/lib/libtutorial_interfaces__rosidl_generator_py.so
[60.980s] -- Set runtime path of "/home/advay/mrt/install/tutorial_interfaces/lib/libtutorial_interfaces__rosidl_generator_py.so" to ""
[60.980s] -- Installing: /home/advay/mrt/install/tutorial_interfaces/share/tutorial_interfaces/msg/Oned.idl
[60.982s] -- Installing: /home/advay/mrt/install/tutorial_interfaces/share/tutorial_interfaces/msg/Threed.idl
[60.983s] -- Up-to-date: /home/advay/mrt/install/tutorial_interfaces/share/tutorial_interfaces/msg/Aruco.idl
[60.983s] -- Installing: /home/advay/mrt/install/tutorial_interfaces/share/tutorial_interfaces/srv/Imagesrv.idl
[60.984s] -- Installing: /home/advay/mrt/install/tutorial_interfaces/share/tutorial_interfaces/msg/Oned.msg
[60.984s] -- Installing: /home/advay/mrt/install/tutorial_interfaces/share/tutorial_interfaces/msg/Threed.msg
[60.985s] -- Up-to-date: /home/advay/mrt/install/tutorial_interfaces/share/tutorial_interfaces/msg/Aruco.msg
[60.986s] -- Installing: /home/advay/mrt/install/tutorial_interfaces/share/tutorial_interfaces/srv/Imagesrv.srv
[60.986s] -- Up-to-date: /home/advay/mrt/install/tutorial_interfaces/share/tutorial_interfaces/srv/Imagesrv_Request.msg
[60.987s] -- Installing: /home/advay/mrt/install/tutorial_interfaces/share/tutorial_interfaces/srv/Imagesrv_Response.msg
[60.988s] -- Up-to-date: /home/advay/mrt/install/tutorial_interfaces/share/ament_index/resource_index/package_run_dependencies/tutorial_interfaces
[60.988s] -- Up-to-date: /home/advay/mrt/install/tutorial_interfaces/share/ament_index/resource_index/parent_prefix_path/tutorial_interfaces
[60.989s] -- Up-to-date: /home/advay/mrt/install/tutorial_interfaces/share/tutorial_interfaces/environment/ament_prefix_path.sh
[60.989s] -- Installing: /home/advay/mrt/install/tutorial_interfaces/share/tutorial_interfaces/environment/ament_prefix_path.dsv
[60.993s] -- Up-to-date: /home/advay/mrt/install/tutorial_interfaces/share/tutorial_interfaces/environment/path.sh
[60.994s] -- Installing: /home/advay/mrt/install/tutorial_interfaces/share/tutorial_interfaces/environment/path.dsv
[60.994s] -- Up-to-date: /home/advay/mrt/install/tutorial_interfaces/share/tutorial_interfaces/local_setup.bash
[60.994s] -- Up-to-date: /home/advay/mrt/install/tutorial_interfaces/share/tutorial_interfaces/local_setup.sh
[60.995s] -- Up-to-date: /home/advay/mrt/install/tutorial_interfaces/share/tutorial_interfaces/local_setup.zsh
[60.995s] -- Installing: /home/advay/mrt/install/tutorial_interfaces/share/tutorial_interfaces/local_setup.dsv
[60.995s] -- Installing: /home/advay/mrt/install/tutorial_interfaces/share/tutorial_interfaces/package.dsv
[60.995s] -- Up-to-date: /home/advay/mrt/install/tutorial_interfaces/share/ament_index/resource_index/packages/tutorial_interfaces
[61.001s] -- Up-to-date: /home/advay/mrt/install/tutorial_interfaces/share/tutorial_interfaces/cmake/export_tutorial_interfaces__rosidl_generator_cExport.cmake
[61.001s] -- Up-to-date: /home/advay/mrt/install/tutorial_interfaces/share/tutorial_interfaces/cmake/export_tutorial_interfaces__rosidl_generator_cExport-noconfig.cmake
[61.002s] -- Up-to-date: /home/advay/mrt/install/tutorial_interfaces/share/tutorial_interfaces/cmake/export_tutorial_interfaces__rosidl_typesupport_fastrtps_cExport.cmake
[61.003s] -- Up-to-date: /home/advay/mrt/install/tutorial_interfaces/share/tutorial_interfaces/cmake/export_tutorial_interfaces__rosidl_typesupport_fastrtps_cExport-noconfig.cmake
[61.003s] -- Up-to-date: /home/advay/mrt/install/tutorial_interfaces/share/tutorial_interfaces/cmake/export_tutorial_interfaces__rosidl_generator_cppExport.cmake
[61.004s] -- Up-to-date: /home/advay/mrt/install/tutorial_interfaces/share/tutorial_interfaces/cmake/export_tutorial_interfaces__rosidl_typesupport_fastrtps_cppExport.cmake
[61.004s] -- Up-to-date: /home/advay/mrt/install/tutorial_interfaces/share/tutorial_interfaces/cmake/export_tutorial_interfaces__rosidl_typesupport_fastrtps_cppExport-noconfig.cmake
[61.005s] -- Up-to-date: /home/advay/mrt/install/tutorial_interfaces/share/tutorial_interfaces/cmake/tutorial_interfaces__rosidl_typesupport_introspection_cExport.cmake
[61.005s] -- Up-to-date: /home/advay/mrt/install/tutorial_interfaces/share/tutorial_interfaces/cmake/tutorial_interfaces__rosidl_typesupport_introspection_cExport-noconfig.cmake
[61.006s] -- Up-to-date: /home/advay/mrt/install/tutorial_interfaces/share/tutorial_interfaces/cmake/tutorial_interfaces__rosidl_typesupport_cExport.cmake
[61.009s] -- Up-to-date: /home/advay/mrt/install/tutorial_interfaces/share/tutorial_interfaces/cmake/tutorial_interfaces__rosidl_typesupport_cExport-noconfig.cmake
[61.010s] -- Up-to-date: /home/advay/mrt/install/tutorial_interfaces/share/tutorial_interfaces/cmake/tutorial_interfaces__rosidl_typesupport_introspection_cppExport.cmake
[61.010s] -- Up-to-date: /home/advay/mrt/install/tutorial_interfaces/share/tutorial_interfaces/cmake/tutorial_interfaces__rosidl_typesupport_introspection_cppExport-noconfig.cmake
[61.011s] -- Up-to-date: /home/advay/mrt/install/tutorial_interfaces/share/tutorial_interfaces/cmake/tutorial_interfaces__rosidl_typesupport_cppExport.cmake
[61.012s] -- Up-to-date: /home/advay/mrt/install/tutorial_interfaces/share/tutorial_interfaces/cmake/tutorial_interfaces__rosidl_typesupport_cppExport-noconfig.cmake
[61.012s] -- Up-to-date: /home/advay/mrt/install/tutorial_interfaces/share/tutorial_interfaces/cmake/export_tutorial_interfaces__rosidl_generator_pyExport.cmake
[61.012s] -- Up-to-date: /home/advay/mrt/install/tutorial_interfaces/share/tutorial_interfaces/cmake/export_tutorial_interfaces__rosidl_generator_pyExport-noconfig.cmake
[61.013s] -- Up-to-date: /home/advay/mrt/install/tutorial_interfaces/share/tutorial_interfaces/cmake/rosidl_cmake-extras.cmake
[61.013s] -- Up-to-date: /home/advay/mrt/install/tutorial_interfaces/share/tutorial_interfaces/cmake/ament_cmake_export_dependencies-extras.cmake
[61.013s] -- Up-to-date: /home/advay/mrt/install/tutorial_interfaces/share/tutorial_interfaces/cmake/ament_cmake_export_include_directories-extras.cmake
[61.014s] -- Up-to-date: /home/advay/mrt/install/tutorial_interfaces/share/tutorial_interfaces/cmake/ament_cmake_export_libraries-extras.cmake
[61.014s] -- Up-to-date: /home/advay/mrt/install/tutorial_interfaces/share/tutorial_interfaces/cmake/ament_cmake_export_targets-extras.cmake
[61.014s] -- Up-to-date: /home/advay/mrt/install/tutorial_interfaces/share/tutorial_interfaces/cmake/rosidl_cmake_export_typesupport_targets-extras.cmake
[61.014s] -- Up-to-date: /home/advay/mrt/install/tutorial_interfaces/share/tutorial_interfaces/cmake/rosidl_cmake_export_typesupport_libraries-extras.cmake
[61.015s] -- Up-to-date: /home/advay/mrt/install/tutorial_interfaces/share/tutorial_interfaces/cmake/tutorial_interfacesConfig.cmake
[61.015s] -- Up-to-date: /home/advay/mrt/install/tutorial_interfaces/share/tutorial_interfaces/cmake/tutorial_interfacesConfig-version.cmake
[61.015s] -- Up-to-date: /home/advay/mrt/install/tutorial_interfaces/share/tutorial_interfaces/package.xml
[61.023s] Invoked command in '/home/advay/mrt/build/tutorial_interfaces' returned '0': CMAKE_PREFIX_PATH=${CMAKE_PREFIX_PATH}:/home/advay/mrt/install/aruco_srvcli:/home/advay/erc_ws/install/week1_tutorials:/home/advay/erc_ws/install/week0_tutorials:/home/advay/erc_ws/install/task_1:/home/advay/erc_ws/install/sherlock:/home/advay/erc_ws/install/mrs_hudson:/home/advay/erc_ws/install/ep3:/home/advay/erc_ws/src/install/week1_tutorials:/home/advay/erc_ws/src/install/week0_tutorials:/home/advay/erc_ws/src/install/task_1:/home/advay/erc_ws/src/install/sherlock:/opt/ros/humble /usr/bin/cmake --install /home/advay/mrt/build/tutorial_interfaces
