[2.925s] Invoking command in '/home/advay/mrt/src/aruco_srvcli': PYTHONPATH=/home/advay/mrt/build/aruco_srvcli/prefix_override:/home/advay/mrt/install/aruco_srvcli/lib/python3.10/site-packages:${PYTHONPATH} /usr/bin/python3 setup.py egg_info --egg-base ../../build/aruco_srvcli build --build-base /home/advay/mrt/build/aruco_srvcli/build install --record /home/advay/mrt/build/aruco_srvcli/install.log --single-version-externally-managed
[3.940s] running egg_info
[3.943s] writing ../../build/aruco_srvcli/aruco_srvcli.egg-info/PKG-INFO
[3.943s] writing dependency_links to ../../build/aruco_srvcli/aruco_srvcli.egg-info/dependency_links.txt
[3.944s] writing entry points to ../../build/aruco_srvcli/aruco_srvcli.egg-info/entry_points.txt
[3.945s] writing requirements to ../../build/aruco_srvcli/aruco_srvcli.egg-info/requires.txt
[3.945s] writing top-level names to ../../build/aruco_srvcli/aruco_srvcli.egg-info/top_level.txt
[3.953s] reading manifest file '../../build/aruco_srvcli/aruco_srvcli.egg-info/SOURCES.txt'
[3.957s] writing manifest file '../../build/aruco_srvcli/aruco_srvcli.egg-info/SOURCES.txt'
[3.958s] running build
[3.958s] running build_py
[3.958s] copying aruco_srvcli/aruco_server.py -> /home/advay/mrt/build/aruco_srvcli/build/lib/aruco_srvcli
[3.959s] running install
[3.961s] running install_lib
[3.965s] copying /home/advay/mrt/build/aruco_srvcli/build/lib/aruco_srvcli/aruco_server.py -> /home/advay/mrt/install/aruco_srvcli/lib/python3.10/site-packages/aruco_srvcli
[3.968s] byte-compiling /home/advay/mrt/install/aruco_srvcli/lib/python3.10/site-packages/aruco_srvcli/aruco_server.py to aruco_server.cpython-310.pyc
[3.970s] running install_data
[3.972s] running install_egg_info
[3.979s] removing '/home/advay/mrt/install/aruco_srvcli/lib/python3.10/site-packages/aruco_srvcli-0.0.0-py3.10.egg-info' (and everything under it)
[3.980s] Copying ../../build/aruco_srvcli/aruco_srvcli.egg-info to /home/advay/mrt/install/aruco_srvcli/lib/python3.10/site-packages/aruco_srvcli-0.0.0-py3.10.egg-info
[3.984s] running install_scripts
[4.058s] Installing client script to /home/advay/mrt/install/aruco_srvcli/lib/aruco_srvcli
[4.058s] Installing service script to /home/advay/mrt/install/aruco_srvcli/lib/aruco_srvcli
[4.059s] writing list of installed files to '/home/advay/mrt/build/aruco_srvcli/install.log'
[4.153s] Invoked command in '/home/advay/mrt/src/aruco_srvcli' returned '0': PYTHONPATH=/home/advay/mrt/build/aruco_srvcli/prefix_override:/home/advay/mrt/install/aruco_srvcli/lib/python3.10/site-packages:${PYTHONPATH} /usr/bin/python3 setup.py egg_info --egg-base ../../build/aruco_srvcli build --build-base /home/advay/mrt/build/aruco_srvcli/build install --record /home/advay/mrt/build/aruco_srvcli/install.log --single-version-externally-managed
