[4.207s] DEBUG:colcon:Command line arguments: ['/usr/bin/colcon', 'build', '--packages-select', 'aruco_srvcli']
[4.207s] DEBUG:colcon:Parsed command line arguments: Namespace(log_base=None, log_level=None, verb_name='build', build_base='build', install_base='install', merge_install=False, symlink_install=False, test_result_base=None, continue_on_error=False, executor='parallel', parallel_workers=4, event_handlers=None, ignore_user_meta=False, metas=['./colcon.meta'], base_paths=['.'], packages_ignore=None, packages_ignore_regex=None, paths=None, packages_up_to=None, packages_up_to_regex=None, packages_above=None, packages_above_and_dependencies=None, packages_above_depth=None, packages_select_by_dep=None, packages_skip_by_dep=None, packages_skip_up_to=None, packages_select_build_failed=False, packages_skip_build_finished=False, packages_select_test_failures=False, packages_skip_test_passed=False, packages_select=['aruco_srvcli'], packages_skip=None, packages_select_regex=None, packages_skip_regex=None, packages_start=None, packages_end=None, allow_overriding=[], cmake_args=None, cmake_target=None, cmake_target_skip_unavailable=False, cmake_clean_cache=False, cmake_clean_first=False, cmake_force_configure=False, ament_cmake_args=None, catkin_cmake_args=None, catkin_skip_building_tests=False, verb_parser=<colcon_defaults.argument_parser.defaults.DefaultArgumentsDecorator object at 0x7faa847e7370>, verb_extension=<colcon_core.verb.build.BuildVerb object at 0x7faa847e77f0>, main=<bound method BuildVerb.main of <colcon_core.verb.build.BuildVerb object at 0x7faa847e77f0>>)
[4.359s] Level 1:colcon.colcon_core.package_discovery:discover_packages(colcon_meta) check parameters
[4.360s] Level 1:colcon.colcon_core.package_discovery:discover_packages(recursive) check parameters
[4.360s] Level 1:colcon.colcon_core.package_discovery:discover_packages(ignore) check parameters
[4.360s] Level 1:colcon.colcon_core.package_discovery:discover_packages(path) check parameters
[4.360s] Level 1:colcon.colcon_core.package_discovery:discover_packages(colcon_meta) discover
[4.360s] Level 1:colcon.colcon_core.package_discovery:discover_packages(recursive) discover
[4.360s] INFO:colcon.colcon_core.package_discovery:Crawling recursively for packages in '/home/advay/mrt'
[4.361s] Level 1:colcon.colcon_core.package_identification:_identify(.) by extensions ['ignore', 'ignore_ament_install']
[4.361s] Level 1:colcon.colcon_core.package_identification:_identify(.) by extension 'ignore'
[4.361s] Level 1:colcon.colcon_core.package_identification:_identify(.) by extension 'ignore_ament_install'
[4.362s] Level 1:colcon.colcon_core.package_identification:_identify(.) by extensions ['colcon_pkg']
[4.362s] Level 1:colcon.colcon_core.package_identification:_identify(.) by extension 'colcon_pkg'
[4.362s] Level 1:colcon.colcon_core.package_identification:_identify(.) by extensions ['colcon_meta']
[4.362s] Level 1:colcon.colcon_core.package_identification:_identify(.) by extension 'colcon_meta'
[4.362s] Level 1:colcon.colcon_core.package_identification:_identify(.) by extensions ['ros']
[4.362s] Level 1:colcon.colcon_core.package_identification:_identify(.) by extension 'ros'
[4.393s] Level 1:colcon.colcon_core.package_identification:_identify(.) by extensions ['cmake', 'python']
[4.393s] Level 1:colcon.colcon_core.package_identification:_identify(.) by extension 'cmake'
[4.393s] Level 1:colcon.colcon_core.package_identification:_identify(.) by extension 'python'
[4.394s] Level 1:colcon.colcon_core.package_identification:_identify(.) by extensions ['python_setup_py']
[4.394s] Level 1:colcon.colcon_core.package_identification:_identify(.) by extension 'python_setup_py'
[4.394s] Level 1:colcon.colcon_core.package_identification:_identify(build) by extensions ['ignore', 'ignore_ament_install']
[4.395s] Level 1:colcon.colcon_core.package_identification:_identify(build) by extension 'ignore'
[4.395s] Level 1:colcon.colcon_core.package_identification:_identify(build) ignored
[4.395s] Level 1:colcon.colcon_core.package_identification:_identify(install) by extensions ['ignore', 'ignore_ament_install']
[4.396s] Level 1:colcon.colcon_core.package_identification:_identify(install) by extension 'ignore'
[4.396s] Level 1:colcon.colcon_core.package_identification:_identify(install) ignored
[4.397s] Level 1:colcon.colcon_core.package_identification:_identify(log) by extensions ['ignore', 'ignore_ament_install']
[4.397s] Level 1:colcon.colcon_core.package_identification:_identify(log) by extension 'ignore'
[4.397s] Level 1:colcon.colcon_core.package_identification:_identify(log) ignored
[4.397s] Level 1:colcon.colcon_core.package_identification:_identify(src) by extensions ['ignore', 'ignore_ament_install']
[4.398s] Level 1:colcon.colcon_core.package_identification:_identify(src) by extension 'ignore'
[4.398s] Level 1:colcon.colcon_core.package_identification:_identify(src) by extension 'ignore_ament_install'
[4.398s] Level 1:colcon.colcon_core.package_identification:_identify(src) by extensions ['colcon_pkg']
[4.398s] Level 1:colcon.colcon_core.package_identification:_identify(src) by extension 'colcon_pkg'
[4.399s] Level 1:colcon.colcon_core.package_identification:_identify(src) by extensions ['colcon_meta']
[4.399s] Level 1:colcon.colcon_core.package_identification:_identify(src) by extension 'colcon_meta'
[4.399s] Level 1:colcon.colcon_core.package_identification:_identify(src) by extensions ['ros']
[4.399s] Level 1:colcon.colcon_core.package_identification:_identify(src) by extension 'ros'
[4.399s] Level 1:colcon.colcon_core.package_identification:_identify(src) by extensions ['cmake', 'python']
[4.400s] Level 1:colcon.colcon_core.package_identification:_identify(src) by extension 'cmake'
[4.400s] Level 1:colcon.colcon_core.package_identification:_identify(src) by extension 'python'
[4.400s] Level 1:colcon.colcon_core.package_identification:_identify(src) by extensions ['python_setup_py']
[4.400s] Level 1:colcon.colcon_core.package_identification:_identify(src) by extension 'python_setup_py'
[4.400s] Level 1:colcon.colcon_core.package_identification:_identify(src/aruco_srvcli) by extensions ['ignore', 'ignore_ament_install']
[4.401s] Level 1:colcon.colcon_core.package_identification:_identify(src/aruco_srvcli) by extension 'ignore'
[4.401s] Level 1:colcon.colcon_core.package_identification:_identify(src/aruco_srvcli) by extension 'ignore_ament_install'
[4.401s] Level 1:colcon.colcon_core.package_identification:_identify(src/aruco_srvcli) by extensions ['colcon_pkg']
[4.401s] Level 1:colcon.colcon_core.package_identification:_identify(src/aruco_srvcli) by extension 'colcon_pkg'
[4.402s] Level 1:colcon.colcon_core.package_identification:_identify(src/aruco_srvcli) by extensions ['colcon_meta']
[4.402s] Level 1:colcon.colcon_core.package_identification:_identify(src/aruco_srvcli) by extension 'colcon_meta'
[4.402s] Level 1:colcon.colcon_core.package_identification:_identify(src/aruco_srvcli) by extensions ['ros']
[4.402s] Level 1:colcon.colcon_core.package_identification:_identify(src/aruco_srvcli) by extension 'ros'
[4.410s] DEBUG:colcon.colcon_core.package_identification:Package 'src/aruco_srvcli' with type 'ros.ament_python' and name 'aruco_srvcli'
[4.411s] Level 1:colcon.colcon_core.package_identification:_identify(src/tutorial_interfaces) by extensions ['ignore', 'ignore_ament_install']
[4.411s] Level 1:colcon.colcon_core.package_identification:_identify(src/tutorial_interfaces) by extension 'ignore'
[4.412s] Level 1:colcon.colcon_core.package_identification:_identify(src/tutorial_interfaces) by extension 'ignore_ament_install'
[4.412s] Level 1:colcon.colcon_core.package_identification:_identify(src/tutorial_interfaces) by extensions ['colcon_pkg']
[4.412s] Level 1:colcon.colcon_core.package_identification:_identify(src/tutorial_interfaces) by extension 'colcon_pkg'
[4.412s] Level 1:colcon.colcon_core.package_identification:_identify(src/tutorial_interfaces) by extensions ['colcon_meta']
[4.412s] Level 1:colcon.colcon_core.package_identification:_identify(src/tutorial_interfaces) by extension 'colcon_meta'
[4.412s] Level 1:colcon.colcon_core.package_identification:_identify(src/tutorial_interfaces) by extensions ['ros']
[4.413s] Level 1:colcon.colcon_core.package_identification:_identify(src/tutorial_interfaces) by extension 'ros'
[4.415s] DEBUG:colcon.colcon_core.package_identification:Package 'src/tutorial_interfaces' with type 'ros.ament_cmake' and name 'tutorial_interfaces'
[4.415s] Level 1:colcon.colcon_core.package_discovery:discover_packages(recursive) using defaults
[4.415s] Level 1:colcon.colcon_core.package_discovery:discover_packages(ignore) discover
[4.415s] Level 1:colcon.colcon_core.package_discovery:discover_packages(ignore) using defaults
[4.415s] Level 1:colcon.colcon_core.package_discovery:discover_packages(path) discover
[4.415s] Level 1:colcon.colcon_core.package_discovery:discover_packages(path) using defaults
[4.633s] INFO:colcon.colcon_core.package_selection:Skipping not selected package 'tutorial_interfaces' in 'src/tutorial_interfaces'
[4.740s] Level 1:colcon.colcon_core.package_discovery:discover_packages(prefix_path) check parameters
[4.741s] Level 1:colcon.colcon_core.package_discovery:discover_packages(prefix_path) discover
[4.913s] DEBUG:colcon.colcon_installed_package_information.package_discovery:Found 2 installed packages in /home/advay/mrt/install
[5.026s] DEBUG:colcon.colcon_installed_package_information.package_discovery:Found 6 installed packages in /home/advay/erc_ws/install
[5.085s] DEBUG:colcon.colcon_installed_package_information.package_discovery:Found 4 installed packages in /home/advay/erc_ws/src/install
[5.140s] DEBUG:colcon.colcon_installed_package_information.package_discovery:Found 309 installed packages in /opt/ros/humble
[5.144s] Level 1:colcon.colcon_core.package_discovery:discover_packages(prefix_path) using defaults
[5.449s] Level 5:colcon.colcon_core.verb:set package 'aruco_srvcli' build argument 'cmake_args' from command line to 'None'
[5.449s] Level 5:colcon.colcon_core.verb:set package 'aruco_srvcli' build argument 'cmake_target' from command line to 'None'
[5.449s] Level 5:colcon.colcon_core.verb:set package 'aruco_srvcli' build argument 'cmake_target_skip_unavailable' from command line to 'False'
[5.449s] Level 5:colcon.colcon_core.verb:set package 'aruco_srvcli' build argument 'cmake_clean_cache' from command line to 'False'
[5.449s] Level 5:colcon.colcon_core.verb:set package 'aruco_srvcli' build argument 'cmake_clean_first' from command line to 'False'
[5.450s] Level 5:colcon.colcon_core.verb:set package 'aruco_srvcli' build argument 'cmake_force_configure' from command line to 'False'
[5.450s] Level 5:colcon.colcon_core.verb:set package 'aruco_srvcli' build argument 'ament_cmake_args' from command line to 'None'
[5.450s] Level 5:colcon.colcon_core.verb:set package 'aruco_srvcli' build argument 'catkin_cmake_args' from command line to 'None'
[5.450s] Level 5:colcon.colcon_core.verb:set package 'aruco_srvcli' build argument 'catkin_skip_building_tests' from command line to 'False'
[5.450s] DEBUG:colcon.colcon_core.verb:Building package 'aruco_srvcli' with the following arguments: {'ament_cmake_args': None, 'build_base': '/home/advay/mrt/build/aruco_srvcli', 'catkin_cmake_args': None, 'catkin_skip_building_tests': False, 'cmake_args': None, 'cmake_clean_cache': False, 'cmake_clean_first': False, 'cmake_force_configure': False, 'cmake_target': None, 'cmake_target_skip_unavailable': False, 'install_base': '/home/advay/mrt/install/aruco_srvcli', 'merge_install': False, 'path': '/home/advay/mrt/src/aruco_srvcli', 'symlink_install': False, 'test_result_base': None}
[5.508s] INFO:colcon.colcon_core.executor:Executing jobs using 'parallel' executor
[5.568s] DEBUG:colcon.colcon_parallel_executor.executor.parallel:run_until_complete
[5.571s] INFO:colcon.colcon_ros.task.ament_python.build:Building ROS package in '/home/advay/mrt/src/aruco_srvcli' with build type 'ament_python'
[5.572s] Level 1:colcon.colcon_core.shell:create_environment_hook('aruco_srvcli', 'ament_prefix_path')
[5.638s] INFO:colcon.colcon_core.plugin_system:Skipping extension 'colcon_core.shell.bat': Not used on non-Windows systems
[5.638s] INFO:colcon.colcon_core.shell:Creating environment hook '/home/advay/mrt/install/aruco_srvcli/share/aruco_srvcli/hook/ament_prefix_path.ps1'
[5.640s] INFO:colcon.colcon_core.shell:Creating environment descriptor '/home/advay/mrt/install/aruco_srvcli/share/aruco_srvcli/hook/ament_prefix_path.dsv'
[5.641s] INFO:colcon.colcon_core.shell:Creating environment hook '/home/advay/mrt/install/aruco_srvcli/share/aruco_srvcli/hook/ament_prefix_path.sh'
[5.716s] INFO:colcon.colcon_core.shell:Skip shell extension 'powershell' for command environment: Not usable outside of PowerShell
[5.716s] DEBUG:colcon.colcon_core.shell:Skip shell extension 'dsv' for command environment
[7.196s] INFO:colcon.colcon_core.task.python.build:Building Python package in '/home/advay/mrt/src/aruco_srvcli'
[7.270s] INFO:colcon.colcon_core.shell:Skip shell extension 'powershell' for command environment: Not usable outside of PowerShell
[7.270s] DEBUG:colcon.colcon_core.shell:Skip shell extension 'dsv' for command environment
[8.962s] DEBUG:colcon.colcon_core.event_handler.log_command:Invoking command in '/home/advay/mrt/src/aruco_srvcli': PYTHONPATH=/home/advay/mrt/build/aruco_srvcli/prefix_override:/home/advay/mrt/install/aruco_srvcli/lib/python3.10/site-packages:${PYTHONPATH} /usr/bin/python3 setup.py egg_info --egg-base ../../build/aruco_srvcli build --build-base /home/advay/mrt/build/aruco_srvcli/build install --record /home/advay/mrt/build/aruco_srvcli/install.log --single-version-externally-managed
[9.861s] DEBUG:colcon.colcon_core.event_handler.log_command:Invoked command in '/home/advay/mrt/src/aruco_srvcli' returned '0': PYTHONPATH=/home/advay/mrt/build/aruco_srvcli/prefix_override:/home/advay/mrt/install/aruco_srvcli/lib/python3.10/site-packages:${PYTHONPATH} /usr/bin/python3 setup.py egg_info --egg-base ../../build/aruco_srvcli build --build-base /home/advay/mrt/build/aruco_srvcli/build install --record /home/advay/mrt/build/aruco_srvcli/install.log --single-version-externally-managed
[9.919s] Level 1:colcon.colcon_core.environment:checking '/home/advay/mrt/install/aruco_srvcli' for CMake module files
[9.920s] Level 1:colcon.colcon_core.environment:checking '/home/advay/mrt/install/aruco_srvcli' for CMake config files
[9.922s] Level 1:colcon.colcon_core.environment:checking '/home/advay/mrt/install/aruco_srvcli/lib'
[9.922s] Level 1:colcon.colcon_core.environment:checking '/home/advay/mrt/install/aruco_srvcli/bin'
[9.923s] Level 1:colcon.colcon_core.environment:checking '/home/advay/mrt/install/aruco_srvcli/lib/pkgconfig/aruco_srvcli.pc'
[9.923s] Level 1:colcon.colcon_core.environment:checking '/home/advay/mrt/install/aruco_srvcli/lib/python3.10/site-packages'
[9.923s] Level 1:colcon.colcon_core.shell:create_environment_hook('aruco_srvcli', 'pythonpath')
[9.980s] INFO:colcon.colcon_core.shell:Creating environment hook '/home/advay/mrt/install/aruco_srvcli/share/aruco_srvcli/hook/pythonpath.ps1'
[9.981s] INFO:colcon.colcon_core.shell:Creating environment descriptor '/home/advay/mrt/install/aruco_srvcli/share/aruco_srvcli/hook/pythonpath.dsv'
[9.982s] INFO:colcon.colcon_core.shell:Creating environment hook '/home/advay/mrt/install/aruco_srvcli/share/aruco_srvcli/hook/pythonpath.sh'
[9.983s] Level 1:colcon.colcon_core.environment:checking '/home/advay/mrt/install/aruco_srvcli/bin'
[9.983s] Level 1:colcon.colcon_core.environment:create_environment_scripts_only(aruco_srvcli)
[10.029s] INFO:colcon.colcon_core.shell:Creating package script '/home/advay/mrt/install/aruco_srvcli/share/aruco_srvcli/package.ps1'
[10.031s] INFO:colcon.colcon_core.shell:Creating package descriptor '/home/advay/mrt/install/aruco_srvcli/share/aruco_srvcli/package.dsv'
[10.032s] INFO:colcon.colcon_core.shell:Creating package script '/home/advay/mrt/install/aruco_srvcli/share/aruco_srvcli/package.sh'
[10.034s] INFO:colcon.colcon_core.shell:Creating package script '/home/advay/mrt/install/aruco_srvcli/share/aruco_srvcli/package.bash'
[10.036s] INFO:colcon.colcon_core.shell:Creating package script '/home/advay/mrt/install/aruco_srvcli/share/aruco_srvcli/package.zsh'
[10.037s] Level 1:colcon.colcon_core.environment:create_file_with_runtime_dependencies(/home/advay/mrt/install/aruco_srvcli/share/colcon-core/packages/aruco_srvcli)
[10.038s] DEBUG:colcon.colcon_parallel_executor.executor.parallel:closing loop
[10.039s] DEBUG:colcon.colcon_parallel_executor.executor.parallel:loop closed
[10.039s] DEBUG:colcon.colcon_parallel_executor.executor.parallel:run_until_complete finished with '0'
[10.039s] DEBUG:colcon.colcon_core.event_reactor:joining thread
[10.106s] INFO:colcon.colcon_core.plugin_system:Skipping extension 'colcon_notification.desktop_notification.terminal_notifier': Not used on non-Darwin systems
[10.106s] INFO:colcon.colcon_core.plugin_system:Skipping extension 'colcon_notification.desktop_notification.win32': Not used on non-Windows systems
[10.107s] INFO:colcon.colcon_notification.desktop_notification:Sending desktop notification using 'notify2'
[10.137s] DEBUG:colcon.colcon_core.event_reactor:joined thread
[10.221s] INFO:colcon.colcon_core.shell:Creating prefix script '/home/advay/mrt/install/local_setup.ps1'
[10.224s] INFO:colcon.colcon_core.shell:Creating prefix util module '/home/advay/mrt/install/_local_setup_util_ps1.py'
[10.227s] INFO:colcon.colcon_core.shell:Creating prefix chain script '/home/advay/mrt/install/setup.ps1'
[10.284s] INFO:colcon.colcon_core.shell:Creating prefix script '/home/advay/mrt/install/local_setup.sh'
[10.285s] INFO:colcon.colcon_core.shell:Creating prefix util module '/home/advay/mrt/install/_local_setup_util_sh.py'
[10.287s] INFO:colcon.colcon_core.shell:Creating prefix chain script '/home/advay/mrt/install/setup.sh'
[10.345s] INFO:colcon.colcon_core.shell:Creating prefix script '/home/advay/mrt/install/local_setup.bash'
[10.347s] INFO:colcon.colcon_core.shell:Creating prefix chain script '/home/advay/mrt/install/setup.bash'
[10.400s] INFO:colcon.colcon_core.shell:Creating prefix script '/home/advay/mrt/install/local_setup.zsh'
[10.402s] INFO:colcon.colcon_core.shell:Creating prefix chain script '/home/advay/mrt/install/setup.zsh'
