[2.931s] DEBUG:colcon:Command line arguments: ['/usr/bin/colcon', 'build', '--packages-select', 'tutorial_interfaces']
[2.931s] DEBUG:colcon:Parsed command line arguments: Namespace(log_base=None, log_level=None, verb_name='build', build_base='build', install_base='install', merge_install=False, symlink_install=False, test_result_base=None, continue_on_error=False, executor='parallel', parallel_workers=4, event_handlers=None, ignore_user_meta=False, metas=['./colcon.meta'], base_paths=['.'], packages_ignore=None, packages_ignore_regex=None, paths=None, packages_up_to=None, packages_up_to_regex=None, packages_above=None, packages_above_and_dependencies=None, packages_above_depth=None, packages_select_by_dep=None, packages_skip_by_dep=None, packages_skip_up_to=None, packages_select_build_failed=False, packages_skip_build_finished=False, packages_select_test_failures=False, packages_skip_test_passed=False, packages_select=['tutorial_interfaces'], packages_skip=None, packages_select_regex=None, packages_skip_regex=None, packages_start=None, packages_end=None, allow_overriding=[], cmake_args=None, cmake_target=None, cmake_target_skip_unavailable=False, cmake_clean_cache=False, cmake_clean_first=False, cmake_force_configure=False, ament_cmake_args=None, catkin_cmake_args=None, catkin_skip_building_tests=False, verb_parser=<colcon_defaults.argument_parser.defaults.DefaultArgumentsDecorator object at 0x7fc4391970d0>, verb_extension=<colcon_core.verb.build.BuildVerb object at 0x7fc4391974c0>, main=<bound method BuildVerb.main of <colcon_core.verb.build.BuildVerb object at 0x7fc4391974c0>>)
[3.083s] Level 1:colcon.colcon_core.package_discovery:discover_packages(colcon_meta) check parameters
[3.083s] Level 1:colcon.colcon_core.package_discovery:discover_packages(recursive) check parameters
[3.083s] Level 1:colcon.colcon_core.package_discovery:discover_packages(ignore) check parameters
[3.084s] Level 1:colcon.colcon_core.package_discovery:discover_packages(path) check parameters
[3.084s] Level 1:colcon.colcon_core.package_discovery:discover_packages(colcon_meta) discover
[3.084s] Level 1:colcon.colcon_core.package_discovery:discover_packages(recursive) discover
[3.084s] INFO:colcon.colcon_core.package_discovery:Crawling recursively for packages in '/home/advay/mrt'
[3.084s] Level 1:colcon.colcon_core.package_identification:_identify(.) by extensions ['ignore', 'ignore_ament_install']
[3.085s] Level 1:colcon.colcon_core.package_identification:_identify(.) by extension 'ignore'
[3.085s] Level 1:colcon.colcon_core.package_identification:_identify(.) by extension 'ignore_ament_install'
[3.085s] Level 1:colcon.colcon_core.package_identification:_identify(.) by extensions ['colcon_pkg']
[3.085s] Level 1:colcon.colcon_core.package_identification:_identify(.) by extension 'colcon_pkg'
[3.085s] Level 1:colcon.colcon_core.package_identification:_identify(.) by extensions ['colcon_meta']
[3.086s] Level 1:colcon.colcon_core.package_identification:_identify(.) by extension 'colcon_meta'
[3.086s] Level 1:colcon.colcon_core.package_identification:_identify(.) by extensions ['ros']
[3.086s] Level 1:colcon.colcon_core.package_identification:_identify(.) by extension 'ros'
[3.114s] Level 1:colcon.colcon_core.package_identification:_identify(.) by extensions ['cmake', 'python']
[3.114s] Level 1:colcon.colcon_core.package_identification:_identify(.) by extension 'cmake'
[3.115s] Level 1:colcon.colcon_core.package_identification:_identify(.) by extension 'python'
[3.115s] Level 1:colcon.colcon_core.package_identification:_identify(.) by extensions ['python_setup_py']
[3.115s] Level 1:colcon.colcon_core.package_identification:_identify(.) by extension 'python_setup_py'
[3.115s] Level 1:colcon.colcon_core.package_identification:_identify(build) by extensions ['ignore', 'ignore_ament_install']
[3.116s] Level 1:colcon.colcon_core.package_identification:_identify(build) by extension 'ignore'
[3.116s] Level 1:colcon.colcon_core.package_identification:_identify(build) ignored
[3.116s] Level 1:colcon.colcon_core.package_identification:_identify(install) by extensions ['ignore', 'ignore_ament_install']
[3.117s] Level 1:colcon.colcon_core.package_identification:_identify(install) by extension 'ignore'
[3.117s] Level 1:colcon.colcon_core.package_identification:_identify(install) ignored
[3.117s] Level 1:colcon.colcon_core.package_identification:_identify(log) by extensions ['ignore', 'ignore_ament_install']
[3.118s] Level 1:colcon.colcon_core.package_identification:_identify(log) by extension 'ignore'
[3.118s] Level 1:colcon.colcon_core.package_identification:_identify(log) ignored
[3.118s] Level 1:colcon.colcon_core.package_identification:_identify(src) by extensions ['ignore', 'ignore_ament_install']
[3.119s] Level 1:colcon.colcon_core.package_identification:_identify(src) by extension 'ignore'
[3.119s] Level 1:colcon.colcon_core.package_identification:_identify(src) by extension 'ignore_ament_install'
[3.119s] Level 1:colcon.colcon_core.package_identification:_identify(src) by extensions ['colcon_pkg']
[3.119s] Level 1:colcon.colcon_core.package_identification:_identify(src) by extension 'colcon_pkg'
[3.119s] Level 1:colcon.colcon_core.package_identification:_identify(src) by extensions ['colcon_meta']
[3.120s] Level 1:colcon.colcon_core.package_identification:_identify(src) by extension 'colcon_meta'
[3.120s] Level 1:colcon.colcon_core.package_identification:_identify(src) by extensions ['ros']
[3.120s] Level 1:colcon.colcon_core.package_identification:_identify(src) by extension 'ros'
[3.120s] Level 1:colcon.colcon_core.package_identification:_identify(src) by extensions ['cmake', 'python']
[3.120s] Level 1:colcon.colcon_core.package_identification:_identify(src) by extension 'cmake'
[3.120s] Level 1:colcon.colcon_core.package_identification:_identify(src) by extension 'python'
[3.121s] Level 1:colcon.colcon_core.package_identification:_identify(src) by extensions ['python_setup_py']
[3.121s] Level 1:colcon.colcon_core.package_identification:_identify(src) by extension 'python_setup_py'
[3.121s] Level 1:colcon.colcon_core.package_identification:_identify(src/aruco_srvcli) by extensions ['ignore', 'ignore_ament_install']
[3.121s] Level 1:colcon.colcon_core.package_identification:_identify(src/aruco_srvcli) by extension 'ignore'
[3.122s] Level 1:colcon.colcon_core.package_identification:_identify(src/aruco_srvcli) by extension 'ignore_ament_install'
[3.122s] Level 1:colcon.colcon_core.package_identification:_identify(src/aruco_srvcli) by extensions ['colcon_pkg']
[3.122s] Level 1:colcon.colcon_core.package_identification:_identify(src/aruco_srvcli) by extension 'colcon_pkg'
[3.122s] Level 1:colcon.colcon_core.package_identification:_identify(src/aruco_srvcli) by extensions ['colcon_meta']
[3.122s] Level 1:colcon.colcon_core.package_identification:_identify(src/aruco_srvcli) by extension 'colcon_meta'
[3.122s] Level 1:colcon.colcon_core.package_identification:_identify(src/aruco_srvcli) by extensions ['ros']
[3.123s] Level 1:colcon.colcon_core.package_identification:_identify(src/aruco_srvcli) by extension 'ros'
[3.132s] DEBUG:colcon.colcon_core.package_identification:Package 'src/aruco_srvcli' with type 'ros.ament_python' and name 'aruco_srvcli'
[3.132s] Level 1:colcon.colcon_core.package_identification:_identify(src/tutorial_interfaces) by extensions ['ignore', 'ignore_ament_install']
[3.132s] Level 1:colcon.colcon_core.package_identification:_identify(src/tutorial_interfaces) by extension 'ignore'
[3.133s] Level 1:colcon.colcon_core.package_identification:_identify(src/tutorial_interfaces) by extension 'ignore_ament_install'
[3.133s] Level 1:colcon.colcon_core.package_identification:_identify(src/tutorial_interfaces) by extensions ['colcon_pkg']
[3.133s] Level 1:colcon.colcon_core.package_identification:_identify(src/tutorial_interfaces) by extension 'colcon_pkg'
[3.133s] Level 1:colcon.colcon_core.package_identification:_identify(src/tutorial_interfaces) by extensions ['colcon_meta']
[3.133s] Level 1:colcon.colcon_core.package_identification:_identify(src/tutorial_interfaces) by extension 'colcon_meta'
[3.134s] Level 1:colcon.colcon_core.package_identification:_identify(src/tutorial_interfaces) by extensions ['ros']
[3.134s] Level 1:colcon.colcon_core.package_identification:_identify(src/tutorial_interfaces) by extension 'ros'
[3.135s] DEBUG:colcon.colcon_core.package_identification:Package 'src/tutorial_interfaces' with type 'ros.ament_cmake' and name 'tutorial_interfaces'
[3.135s] Level 1:colcon.colcon_core.package_discovery:discover_packages(recursive) using defaults
[3.136s] Level 1:colcon.colcon_core.package_discovery:discover_packages(ignore) discover
[3.136s] Level 1:colcon.colcon_core.package_discovery:discover_packages(ignore) using defaults
[3.136s] Level 1:colcon.colcon_core.package_discovery:discover_packages(path) discover
[3.136s] Level 1:colcon.colcon_core.package_discovery:discover_packages(path) using defaults
[3.359s] INFO:colcon.colcon_core.package_selection:Skipping not selected package 'aruco_srvcli' in 'src/aruco_srvcli'
[3.471s] Level 1:colcon.colcon_core.package_discovery:discover_packages(prefix_path) check parameters
[3.472s] Level 1:colcon.colcon_core.package_discovery:discover_packages(prefix_path) discover
[3.628s] DEBUG:colcon.colcon_installed_package_information.package_discovery:Found 2 installed packages in /home/advay/mrt/install
[3.756s] DEBUG:colcon.colcon_installed_package_information.package_discovery:Found 6 installed packages in /home/advay/erc_ws/install
[3.847s] DEBUG:colcon.colcon_installed_package_information.package_discovery:Found 4 installed packages in /home/advay/erc_ws/src/install
[3.941s] DEBUG:colcon.colcon_installed_package_information.package_discovery:Found 309 installed packages in /opt/ros/humble
[3.950s] Level 1:colcon.colcon_core.package_discovery:discover_packages(prefix_path) using defaults
[4.315s] Level 5:colcon.colcon_core.verb:set package 'tutorial_interfaces' build argument 'cmake_args' from command line to 'None'
[4.316s] Level 5:colcon.colcon_core.verb:set package 'tutorial_interfaces' build argument 'cmake_target' from command line to 'None'
[4.316s] Level 5:colcon.colcon_core.verb:set package 'tutorial_interfaces' build argument 'cmake_target_skip_unavailable' from command line to 'False'
[4.316s] Level 5:colcon.colcon_core.verb:set package 'tutorial_interfaces' build argument 'cmake_clean_cache' from command line to 'False'
[4.316s] Level 5:colcon.colcon_core.verb:set package 'tutorial_interfaces' build argument 'cmake_clean_first' from command line to 'False'
[4.316s] Level 5:colcon.colcon_core.verb:set package 'tutorial_interfaces' build argument 'cmake_force_configure' from command line to 'False'
[4.316s] Level 5:colcon.colcon_core.verb:set package 'tutorial_interfaces' build argument 'ament_cmake_args' from command line to 'None'
[4.316s] Level 5:colcon.colcon_core.verb:set package 'tutorial_interfaces' build argument 'catkin_cmake_args' from command line to 'None'
[4.316s] Level 5:colcon.colcon_core.verb:set package 'tutorial_interfaces' build argument 'catkin_skip_building_tests' from command line to 'False'
[4.316s] DEBUG:colcon.colcon_core.verb:Building package 'tutorial_interfaces' with the following arguments: {'ament_cmake_args': None, 'build_base': '/home/advay/mrt/build/tutorial_interfaces', 'catkin_cmake_args': None, 'catkin_skip_building_tests': False, 'cmake_args': None, 'cmake_clean_cache': False, 'cmake_clean_first': False, 'cmake_force_configure': False, 'cmake_target': None, 'cmake_target_skip_unavailable': False, 'install_base': '/home/advay/mrt/install/tutorial_interfaces', 'merge_install': False, 'path': '/home/advay/mrt/src/tutorial_interfaces', 'symlink_install': False, 'test_result_base': None}
[4.360s] INFO:colcon.colcon_core.executor:Executing jobs using 'parallel' executor
[4.432s] DEBUG:colcon.colcon_parallel_executor.executor.parallel:run_until_complete
[4.432s] INFO:colcon.colcon_ros.task.ament_cmake.build:Building ROS package in '/home/advay/mrt/src/tutorial_interfaces' with build type 'ament_cmake'
[4.432s] INFO:colcon.colcon_cmake.task.cmake.build:Building CMake package in '/home/advay/mrt/src/tutorial_interfaces'
[4.482s] INFO:colcon.colcon_core.plugin_system:Skipping extension 'colcon_core.shell.bat': Not used on non-Windows systems
[4.483s] INFO:colcon.colcon_core.shell:Skip shell extension 'powershell' for command environment: Not usable outside of PowerShell
[4.483s] DEBUG:colcon.colcon_core.shell:Skip shell extension 'dsv' for command environment
[4.714s] DEBUG:colcon.colcon_core.event_handler.log_command:Invoking command in '/home/advay/mrt/build/tutorial_interfaces': CMAKE_PREFIX_PATH=${CMAKE_PREFIX_PATH}:/home/advay/mrt/install/aruco_srvcli:/home/advay/erc_ws/install/week1_tutorials:/home/advay/erc_ws/install/week0_tutorials:/home/advay/erc_ws/install/task_1:/home/advay/erc_ws/install/sherlock:/home/advay/erc_ws/install/mrs_hudson:/home/advay/erc_ws/install/ep3:/home/advay/erc_ws/src/install/week1_tutorials:/home/advay/erc_ws/src/install/week0_tutorials:/home/advay/erc_ws/src/install/task_1:/home/advay/erc_ws/src/install/sherlock:/opt/ros/humble /usr/bin/cmake --build /home/advay/mrt/build/tutorial_interfaces -- -j4 -l4
[34.237s] DEBUG:colcon.colcon_core.event_handler.log_command:Invoked command in '/home/advay/mrt/build/tutorial_interfaces' returned '0': CMAKE_PREFIX_PATH=${CMAKE_PREFIX_PATH}:/home/advay/mrt/install/aruco_srvcli:/home/advay/erc_ws/install/week1_tutorials:/home/advay/erc_ws/install/week0_tutorials:/home/advay/erc_ws/install/task_1:/home/advay/erc_ws/install/sherlock:/home/advay/erc_ws/install/mrs_hudson:/home/advay/erc_ws/install/ep3:/home/advay/erc_ws/src/install/week1_tutorials:/home/advay/erc_ws/src/install/week0_tutorials:/home/advay/erc_ws/src/install/task_1:/home/advay/erc_ws/src/install/sherlock:/opt/ros/humble /usr/bin/cmake --build /home/advay/mrt/build/tutorial_interfaces -- -j4 -l4
[34.628s] DEBUG:colcon.colcon_core.event_handler.log_command:Invoking command in '/home/advay/mrt/build/tutorial_interfaces': CMAKE_PREFIX_PATH=${CMAKE_PREFIX_PATH}:/home/advay/mrt/install/aruco_srvcli:/home/advay/erc_ws/install/week1_tutorials:/home/advay/erc_ws/install/week0_tutorials:/home/advay/erc_ws/install/task_1:/home/advay/erc_ws/install/sherlock:/home/advay/erc_ws/install/mrs_hudson:/home/advay/erc_ws/install/ep3:/home/advay/erc_ws/src/install/week1_tutorials:/home/advay/erc_ws/src/install/week0_tutorials:/home/advay/erc_ws/src/install/task_1:/home/advay/erc_ws/src/install/sherlock:/opt/ros/humble /usr/bin/cmake --install /home/advay/mrt/build/tutorial_interfaces
[34.957s] Level 1:colcon.colcon_core.environment:create_environment_scripts_only(tutorial_interfaces)
[34.959s] DEBUG:colcon.colcon_core.event_handler.log_command:Invoked command in '/home/advay/mrt/build/tutorial_interfaces' returned '0': CMAKE_PREFIX_PATH=${CMAKE_PREFIX_PATH}:/home/advay/mrt/install/aruco_srvcli:/home/advay/erc_ws/install/week1_tutorials:/home/advay/erc_ws/install/week0_tutorials:/home/advay/erc_ws/install/task_1:/home/advay/erc_ws/install/sherlock:/home/advay/erc_ws/install/mrs_hudson:/home/advay/erc_ws/install/ep3:/home/advay/erc_ws/src/install/week1_tutorials:/home/advay/erc_ws/src/install/week0_tutorials:/home/advay/erc_ws/src/install/task_1:/home/advay/erc_ws/src/install/sherlock:/opt/ros/humble /usr/bin/cmake --install /home/advay/mrt/build/tutorial_interfaces
[35.044s] Level 1:colcon.colcon_core.environment:checking '/home/advay/mrt/install/tutorial_interfaces' for CMake module files
[35.048s] Level 1:colcon.colcon_core.environment:checking '/home/advay/mrt/install/tutorial_interfaces' for CMake config files
[35.050s] Level 1:colcon.colcon_core.shell:create_environment_hook('tutorial_interfaces', 'cmake_prefix_path')
[35.154s] INFO:colcon.colcon_core.shell:Creating environment hook '/home/advay/mrt/install/tutorial_interfaces/share/tutorial_interfaces/hook/cmake_prefix_path.ps1'
[35.157s] INFO:colcon.colcon_core.shell:Creating environment descriptor '/home/advay/mrt/install/tutorial_interfaces/share/tutorial_interfaces/hook/cmake_prefix_path.dsv'
[35.158s] INFO:colcon.colcon_core.shell:Creating environment hook '/home/advay/mrt/install/tutorial_interfaces/share/tutorial_interfaces/hook/cmake_prefix_path.sh'
[35.162s] Level 1:colcon.colcon_core.environment:checking '/home/advay/mrt/install/tutorial_interfaces/lib'
[35.162s] Level 1:colcon.colcon_core.shell:create_environment_hook('tutorial_interfaces', 'ld_library_path_lib')
[35.233s] INFO:colcon.colcon_core.shell:Creating environment hook '/home/advay/mrt/install/tutorial_interfaces/share/tutorial_interfaces/hook/ld_library_path_lib.ps1'
[35.235s] INFO:colcon.colcon_core.shell:Creating environment descriptor '/home/advay/mrt/install/tutorial_interfaces/share/tutorial_interfaces/hook/ld_library_path_lib.dsv'
[35.236s] INFO:colcon.colcon_core.shell:Creating environment hook '/home/advay/mrt/install/tutorial_interfaces/share/tutorial_interfaces/hook/ld_library_path_lib.sh'
[35.238s] Level 1:colcon.colcon_core.environment:checking '/home/advay/mrt/install/tutorial_interfaces/bin'
[35.239s] Level 1:colcon.colcon_core.environment:checking '/home/advay/mrt/install/tutorial_interfaces/lib/pkgconfig/tutorial_interfaces.pc'
[35.240s] Level 1:colcon.colcon_core.environment:checking '/home/advay/mrt/install/tutorial_interfaces/lib/python3.10/site-packages'
[35.242s] Level 1:colcon.colcon_core.environment:checking '/home/advay/mrt/install/tutorial_interfaces/bin'
[35.340s] INFO:colcon.colcon_core.shell:Creating package script '/home/advay/mrt/install/tutorial_interfaces/share/tutorial_interfaces/package.ps1'
[35.343s] INFO:colcon.colcon_core.shell:Creating package descriptor '/home/advay/mrt/install/tutorial_interfaces/share/tutorial_interfaces/package.dsv'
[35.346s] INFO:colcon.colcon_core.shell:Creating package script '/home/advay/mrt/install/tutorial_interfaces/share/tutorial_interfaces/package.sh'
[35.349s] INFO:colcon.colcon_core.shell:Creating package script '/home/advay/mrt/install/tutorial_interfaces/share/tutorial_interfaces/package.bash'
[35.352s] INFO:colcon.colcon_core.shell:Creating package script '/home/advay/mrt/install/tutorial_interfaces/share/tutorial_interfaces/package.zsh'
[35.355s] Level 1:colcon.colcon_core.environment:create_file_with_runtime_dependencies(/home/advay/mrt/install/tutorial_interfaces/share/colcon-core/packages/tutorial_interfaces)
[35.790s] Level 1:colcon.colcon_core.environment:create_environment_scripts_only(tutorial_interfaces)
[35.873s] Level 1:colcon.colcon_core.environment:checking '/home/advay/mrt/install/tutorial_interfaces' for CMake module files
[35.875s] Level 1:colcon.colcon_core.environment:checking '/home/advay/mrt/install/tutorial_interfaces' for CMake config files
[35.876s] Level 1:colcon.colcon_core.shell:create_environment_hook('tutorial_interfaces', 'cmake_prefix_path')
[35.959s] INFO:colcon.colcon_core.shell:Creating environment hook '/home/advay/mrt/install/tutorial_interfaces/share/tutorial_interfaces/hook/cmake_prefix_path.ps1'
[35.961s] INFO:colcon.colcon_core.shell:Creating environment descriptor '/home/advay/mrt/install/tutorial_interfaces/share/tutorial_interfaces/hook/cmake_prefix_path.dsv'
[35.962s] INFO:colcon.colcon_core.shell:Creating environment hook '/home/advay/mrt/install/tutorial_interfaces/share/tutorial_interfaces/hook/cmake_prefix_path.sh'
[35.965s] Level 1:colcon.colcon_core.environment:checking '/home/advay/mrt/install/tutorial_interfaces/lib'
[35.965s] Level 1:colcon.colcon_core.shell:create_environment_hook('tutorial_interfaces', 'ld_library_path_lib')
[36.038s] INFO:colcon.colcon_core.shell:Creating environment hook '/home/advay/mrt/install/tutorial_interfaces/share/tutorial_interfaces/hook/ld_library_path_lib.ps1'
[36.040s] INFO:colcon.colcon_core.shell:Creating environment descriptor '/home/advay/mrt/install/tutorial_interfaces/share/tutorial_interfaces/hook/ld_library_path_lib.dsv'
[36.042s] INFO:colcon.colcon_core.shell:Creating environment hook '/home/advay/mrt/install/tutorial_interfaces/share/tutorial_interfaces/hook/ld_library_path_lib.sh'
[36.044s] Level 1:colcon.colcon_core.environment:checking '/home/advay/mrt/install/tutorial_interfaces/bin'
[36.044s] Level 1:colcon.colcon_core.environment:checking '/home/advay/mrt/install/tutorial_interfaces/lib/pkgconfig/tutorial_interfaces.pc'
[36.045s] Level 1:colcon.colcon_core.environment:checking '/home/advay/mrt/install/tutorial_interfaces/lib/python3.10/site-packages'
[36.046s] Level 1:colcon.colcon_core.environment:checking '/home/advay/mrt/install/tutorial_interfaces/bin'
[36.123s] INFO:colcon.colcon_core.shell:Creating package script '/home/advay/mrt/install/tutorial_interfaces/share/tutorial_interfaces/package.ps1'
[36.125s] INFO:colcon.colcon_core.shell:Creating package descriptor '/home/advay/mrt/install/tutorial_interfaces/share/tutorial_interfaces/package.dsv'
[36.127s] INFO:colcon.colcon_core.shell:Creating package script '/home/advay/mrt/install/tutorial_interfaces/share/tutorial_interfaces/package.sh'
[36.129s] INFO:colcon.colcon_core.shell:Creating package script '/home/advay/mrt/install/tutorial_interfaces/share/tutorial_interfaces/package.bash'
[36.130s] INFO:colcon.colcon_core.shell:Creating package script '/home/advay/mrt/install/tutorial_interfaces/share/tutorial_interfaces/package.zsh'
[36.132s] Level 1:colcon.colcon_core.environment:create_file_with_runtime_dependencies(/home/advay/mrt/install/tutorial_interfaces/share/colcon-core/packages/tutorial_interfaces)
[36.134s] DEBUG:colcon.colcon_parallel_executor.executor.parallel:closing loop
[36.136s] DEBUG:colcon.colcon_parallel_executor.executor.parallel:loop closed
[36.136s] DEBUG:colcon.colcon_parallel_executor.executor.parallel:run_until_complete finished with '0'
[36.137s] DEBUG:colcon.colcon_core.event_reactor:joining thread
[36.241s] INFO:colcon.colcon_core.plugin_system:Skipping extension 'colcon_notification.desktop_notification.terminal_notifier': Not used on non-Darwin systems
[36.241s] INFO:colcon.colcon_core.plugin_system:Skipping extension 'colcon_notification.desktop_notification.win32': Not used on non-Windows systems
[36.241s] INFO:colcon.colcon_notification.desktop_notification:Sending desktop notification using 'notify2'
[36.283s] DEBUG:colcon.colcon_core.event_reactor:joined thread
[36.367s] INFO:colcon.colcon_core.shell:Creating prefix script '/home/advay/mrt/install/local_setup.ps1'
[36.370s] INFO:colcon.colcon_core.shell:Creating prefix util module '/home/advay/mrt/install/_local_setup_util_ps1.py'
[36.376s] INFO:colcon.colcon_core.shell:Creating prefix chain script '/home/advay/mrt/install/setup.ps1'
[36.466s] INFO:colcon.colcon_core.shell:Creating prefix script '/home/advay/mrt/install/local_setup.sh'
[36.468s] INFO:colcon.colcon_core.shell:Creating prefix util module '/home/advay/mrt/install/_local_setup_util_sh.py'
[36.470s] INFO:colcon.colcon_core.shell:Creating prefix chain script '/home/advay/mrt/install/setup.sh'
[36.552s] INFO:colcon.colcon_core.shell:Creating prefix script '/home/advay/mrt/install/local_setup.bash'
[36.554s] INFO:colcon.colcon_core.shell:Creating prefix chain script '/home/advay/mrt/install/setup.bash'
[36.626s] INFO:colcon.colcon_core.shell:Creating prefix script '/home/advay/mrt/install/local_setup.zsh'
[36.628s] INFO:colcon.colcon_core.shell:Creating prefix chain script '/home/advay/mrt/install/setup.zsh'
