running egg_info
creating ../../build/aruco_srvcli/aruco_srvcli.egg-info
writing ../../build/aruco_srvcli/aruco_srvcli.egg-info/PKG-INFO
writing dependency_links to ../../build/aruco_srvcli/aruco_srvcli.egg-info/dependency_links.txt
writing entry points to ../../build/aruco_srvcli/aruco_srvcli.egg-info/entry_points.txt
writing requirements to ../../build/aruco_srvcli/aruco_srvcli.egg-info/requires.txt
writing top-level names to ../../build/aruco_srvcli/aruco_srvcli.egg-info/top_level.txt
writing manifest file '../../build/aruco_srvcli/aruco_srvcli.egg-info/SOURCES.txt'
reading manifest file '../../build/aruco_srvcli/aruco_srvcli.egg-info/SOURCES.txt'
writing manifest file '../../build/aruco_srvcli/aruco_srvcli.egg-info/SOURCES.txt'
running build
running build_py
creating /home/advay/mrt/build/aruco_srvcli/build
creating /home/advay/mrt/build/aruco_srvcli/build/lib
creating /home/advay/mrt/build/aruco_srvcli/build/lib/aruco_srvcli
copying aruco_srvcli/aruco_server.py -> /home/advay/mrt/build/aruco_srvcli/build/lib/aruco_srvcli
copying aruco_srvcli/__init__.py -> /home/advay/mrt/build/aruco_srvcli/build/lib/aruco_srvcli
copying aruco_srvcli/aruco_client.py -> /home/advay/mrt/build/aruco_srvcli/build/lib/aruco_srvcli
running install
running install_lib
creating /home/advay/mrt/install/aruco_srvcli/lib/python3.10/site-packages/aruco_srvcli
copying /home/advay/mrt/build/aruco_srvcli/build/lib/aruco_srvcli/aruco_server.py -> /home/advay/mrt/install/aruco_srvcli/lib/python3.10/site-packages/aruco_srvcli
copying /home/advay/mrt/build/aruco_srvcli/build/lib/aruco_srvcli/__init__.py -> /home/advay/mrt/install/aruco_srvcli/lib/python3.10/site-packages/aruco_srvcli
copying /home/advay/mrt/build/aruco_srvcli/build/lib/aruco_srvcli/aruco_client.py -> /home/advay/mrt/install/aruco_srvcli/lib/python3.10/site-packages/aruco_srvcli
byte-compiling /home/advay/mrt/install/aruco_srvcli/lib/python3.10/site-packages/aruco_srvcli/aruco_server.py to aruco_server.cpython-310.pyc
byte-compiling /home/advay/mrt/install/aruco_srvcli/lib/python3.10/site-packages/aruco_srvcli/__init__.py to __init__.cpython-310.pyc
byte-compiling /home/advay/mrt/install/aruco_srvcli/lib/python3.10/site-packages/aruco_srvcli/aruco_client.py to aruco_client.cpython-310.pyc
running install_data
creating /home/advay/mrt/install/aruco_srvcli/share/ament_index
creating /home/advay/mrt/install/aruco_srvcli/share/ament_index/resource_index
creating /home/advay/mrt/install/aruco_srvcli/share/ament_index/resource_index/packages
copying resource/aruco_srvcli -> /home/advay/mrt/install/aruco_srvcli/share/ament_index/resource_index/packages
copying package.xml -> /home/advay/mrt/install/aruco_srvcli/share/aruco_srvcli
running install_egg_info
Copying ../../build/aruco_srvcli/aruco_srvcli.egg-info to /home/advay/mrt/install/aruco_srvcli/lib/python3.10/site-packages/aruco_srvcli-0.0.0-py3.10.egg-info
running install_scripts
writing list of installed files to '/home/advay/mrt/build/aruco_srvcli/install.log'
