[3.005s] Invoking command in '/home/advay/mrt/src/aruco_srvcli': PYTHONPATH=/home/advay/mrt/build/aruco_srvcli/prefix_override:/home/advay/mrt/install/aruco_srvcli/lib/python3.10/site-packages:${PYTHONPATH} /usr/bin/python3 setup.py egg_info --egg-base ../../build/aruco_srvcli build --build-base /home/advay/mrt/build/aruco_srvcli/build install --record /home/advay/mrt/build/aruco_srvcli/install.log --single-version-externally-managed
[4.005s] running egg_info
[4.007s] creating ../../build/aruco_srvcli/aruco_srvcli.egg-info
[4.007s] writing ../../build/aruco_srvcli/aruco_srvcli.egg-info/PKG-INFO
[4.008s] writing dependency_links to ../../build/aruco_srvcli/aruco_srvcli.egg-info/dependency_links.txt
[4.009s] writing entry points to ../../build/aruco_srvcli/aruco_srvcli.egg-info/entry_points.txt
[4.009s] writing requirements to ../../build/aruco_srvcli/aruco_srvcli.egg-info/requires.txt
[4.010s] writing top-level names to ../../build/aruco_srvcli/aruco_srvcli.egg-info/top_level.txt
[4.011s] writing manifest file '../../build/aruco_srvcli/aruco_srvcli.egg-info/SOURCES.txt'
[4.019s] reading manifest file '../../build/aruco_srvcli/aruco_srvcli.egg-info/SOURCES.txt'
[4.023s] writing manifest file '../../build/aruco_srvcli/aruco_srvcli.egg-info/SOURCES.txt'
[4.023s] running build
[4.024s] running build_py
[4.025s] creating /home/advay/mrt/build/aruco_srvcli/build
[4.025s] creating /home/advay/mrt/build/aruco_srvcli/build/lib
[4.025s] creating /home/advay/mrt/build/aruco_srvcli/build/lib/aruco_srvcli
[4.026s] copying aruco_srvcli/aruco_server.py -> /home/advay/mrt/build/aruco_srvcli/build/lib/aruco_srvcli
[4.026s] copying aruco_srvcli/__init__.py -> /home/advay/mrt/build/aruco_srvcli/build/lib/aruco_srvcli
[4.026s] copying aruco_srvcli/aruco_client.py -> /home/advay/mrt/build/aruco_srvcli/build/lib/aruco_srvcli
[4.027s] running install
[4.028s] running install_lib
[4.032s] creating /home/advay/mrt/install/aruco_srvcli/lib/python3.10/site-packages/aruco_srvcli
[4.033s] copying /home/advay/mrt/build/aruco_srvcli/build/lib/aruco_srvcli/aruco_server.py -> /home/advay/mrt/install/aruco_srvcli/lib/python3.10/site-packages/aruco_srvcli
[4.033s] copying /home/advay/mrt/build/aruco_srvcli/build/lib/aruco_srvcli/__init__.py -> /home/advay/mrt/install/aruco_srvcli/lib/python3.10/site-packages/aruco_srvcli
[4.033s] copying /home/advay/mrt/build/aruco_srvcli/build/lib/aruco_srvcli/aruco_client.py -> /home/advay/mrt/install/aruco_srvcli/lib/python3.10/site-packages/aruco_srvcli
[4.036s] byte-compiling /home/advay/mrt/install/aruco_srvcli/lib/python3.10/site-packages/aruco_srvcli/aruco_server.py to aruco_server.cpython-310.pyc
[4.038s] byte-compiling /home/advay/mrt/install/aruco_srvcli/lib/python3.10/site-packages/aruco_srvcli/__init__.py to __init__.cpython-310.pyc
[4.039s] byte-compiling /home/advay/mrt/install/aruco_srvcli/lib/python3.10/site-packages/aruco_srvcli/aruco_client.py to aruco_client.cpython-310.pyc
[4.041s] running install_data
[4.044s] creating /home/advay/mrt/install/aruco_srvcli/share/ament_index
[4.044s] creating /home/advay/mrt/install/aruco_srvcli/share/ament_index/resource_index
[4.045s] creating /home/advay/mrt/install/aruco_srvcli/share/ament_index/resource_index/packages
[4.046s] copying resource/aruco_srvcli -> /home/advay/mrt/install/aruco_srvcli/share/ament_index/resource_index/packages
[4.046s] copying package.xml -> /home/advay/mrt/install/aruco_srvcli/share/aruco_srvcli
[4.047s] running install_egg_info
[4.054s] Copying ../../build/aruco_srvcli/aruco_srvcli.egg-info to /home/advay/mrt/install/aruco_srvcli/lib/python3.10/site-packages/aruco_srvcli-0.0.0-py3.10.egg-info
[4.059s] running install_scripts
[4.133s] writing list of installed files to '/home/advay/mrt/build/aruco_srvcli/install.log'
[4.228s] Invoked command in '/home/advay/mrt/src/aruco_srvcli' returned '0': PYTHONPATH=/home/advay/mrt/build/aruco_srvcli/prefix_override:/home/advay/mrt/install/aruco_srvcli/lib/python3.10/site-packages:${PYTHONPATH} /usr/bin/python3 setup.py egg_info --egg-base ../../build/aruco_srvcli build --build-base /home/advay/mrt/build/aruco_srvcli/build install --record /home/advay/mrt/build/aruco_srvcli/install.log --single-version-externally-managed
