[1.597s] Invoking command in '/home/advay/mrt/build/tutorial_interfaces': CMAKE_PREFIX_PATH=${CMAKE_PREFIX_PATH}:/home/advay/mrt/install/aruco_srvcli:/home/advay/erc_ws/install/week1_tutorials:/home/advay/erc_ws/install/week0_tutorials:/home/advay/erc_ws/install/task_1:/home/advay/erc_ws/install/sherlock:/home/advay/erc_ws/install/mrs_hudson:/home/advay/erc_ws/install/ep3:/home/advay/erc_ws/src/install/week1_tutorials:/home/advay/erc_ws/src/install/week0_tutorials:/home/advay/erc_ws/src/install/task_1:/home/advay/erc_ws/src/install/sherlock:/opt/ros/humble /usr/bin/cmake --build /home/advay/mrt/build/tutorial_interfaces -- -j4 -l4
[1.732s] -- Found ament_cmake: 1.3.6 (/opt/ros/humble/share/ament_cmake/cmake)
[2.389s] -- Found geometry_msgs: 4.2.3 (/opt/ros/humble/share/geometry_msgs/cmake)
[2.556s] -- Found rosidl_generator_c: 3.1.5 (/opt/ros/humble/share/rosidl_generator_c/cmake)
[2.567s] -- Found rosidl_adapter: 3.1.5 (/opt/ros/humble/share/rosidl_adapter/cmake)
[2.594s] -- Found rosidl_generator_cpp: 3.1.5 (/opt/ros/humble/share/rosidl_generator_cpp/cmake)
[2.650s] -- Using all available rosidl_typesupport_c: rosidl_typesupport_fastrtps_c;rosidl_typesupport_introspection_c
[2.722s] -- Using all available rosidl_typesupport_cpp: rosidl_typesupport_fastrtps_cpp;rosidl_typesupport_introspection_cpp
[3.292s] -- Found rosidl_default_generators: 1.2.0 (/opt/ros/humble/share/rosidl_default_generators/cmake)
[3.332s] -- Found sensor_msgs: 4.2.3 (/opt/ros/humble/share/sensor_msgs/cmake)
[5.368s] -- Found ament_cmake_ros: 0.10.0 (/opt/ros/humble/share/ament_cmake_ros/cmake)
[7.592s] -- Using all available rosidl_typesupport_c: rosidl_typesupport_fastrtps_c;rosidl_typesupport_introspection_c
[8.507s] -- Using all available rosidl_typesupport_cpp: rosidl_typesupport_fastrtps_cpp;rosidl_typesupport_introspection_cpp
[8.627s] -- Found python_cmake_module: 0.10.0 (/opt/ros/humble/share/python_cmake_module/cmake)
[8.737s] -- Using PYTHON_EXECUTABLE: /usr/bin/python3
[8.737s] -- Using PYTHON_INCLUDE_DIRS: /usr/include/python3.10
[8.737s] -- Using PYTHON_LIBRARIES: /usr/lib/x86_64-linux-gnu/libpython3.10.so
[9.134s] -- Found ament_lint_auto: 0.12.9 (/opt/ros/humble/share/ament_lint_auto/cmake)
[9.216s] -- Added test 'lint_cmake' to check CMake code style
[9.223s] -- Added test 'xmllint' to check XML markup files
[9.250s] -- Configuring done
[9.505s] -- Generating done
[9.520s] -- Build files have been written to: /home/advay/mrt/build/tutorial_interfaces
[9.704s] [  2%] Built target tutorial_interfaces__cpp
[9.846s] [  2%] Built target ament_cmake_python_copy_tutorial_interfaces
[9.946s] [35m[1mConsolidate compiler generated dependencies of target tutorial_interfaces__rosidl_typesupport_cpp[0m
[10.078s] [  4%] [32mBuilding CXX object CMakeFiles/tutorial_interfaces__rosidl_typesupport_cpp.dir/rosidl_typesupport_cpp/tutorial_interfaces/msg/aruco__type_support.cpp.o[0m
[10.218s] [35m[1mConsolidate compiler generated dependencies of target tutorial_interfaces__rosidl_generator_c[0m
[10.219s] [  6%] [32mBuilding CXX object CMakeFiles/tutorial_interfaces__rosidl_typesupport_cpp.dir/rosidl_typesupport_cpp/tutorial_interfaces/srv/imagesrv__type_support.cpp.o[0m
[10.219s] [35m[1mConsolidate compiler generated dependencies of target tutorial_interfaces__rosidl_typesupport_fastrtps_cpp[0m
[10.390s] [  8%] [32mBuilding C object CMakeFiles/tutorial_interfaces__rosidl_generator_c.dir/rosidl_generator_c/tutorial_interfaces/msg/detail/oned__functions.c.o[0m
[10.420s] [ 10%] [32mBuilding CXX object CMakeFiles/tutorial_interfaces__rosidl_typesupport_fastrtps_cpp.dir/rosidl_typesupport_fastrtps_cpp/tutorial_interfaces/msg/detail/dds_fastrtps/aruco__type_support.cpp.o[0m
[10.963s] [ 12%] [32mBuilding C object CMakeFiles/tutorial_interfaces__rosidl_generator_c.dir/rosidl_generator_c/tutorial_interfaces/msg/detail/aruco__functions.c.o[0m
[11.313s] [ 14%] [32m[1mLinking C shared library libtutorial_interfaces__rosidl_generator_c.so[0m
[11.768s] [ 19%] Built target tutorial_interfaces__rosidl_generator_c
[12.169s] [35m[1mConsolidate compiler generated dependencies of target tutorial_interfaces__rosidl_typesupport_introspection_cpp[0m
[12.311s] [ 21%] [32mBuilding CXX object CMakeFiles/tutorial_interfaces__rosidl_typesupport_introspection_cpp.dir/rosidl_typesupport_introspection_cpp/tutorial_interfaces/msg/detail/aruco__type_support.cpp.o[0m
[12.993s] [ 23%] [32m[1mLinking CXX shared library libtutorial_interfaces__rosidl_typesupport_cpp.so[0m
[13.007s] [ 25%] [32mBuilding CXX object CMakeFiles/tutorial_interfaces__rosidl_typesupport_introspection_cpp.dir/rosidl_typesupport_introspection_cpp/tutorial_interfaces/srv/detail/imagesrv__type_support.cpp.o[0m
[13.472s] [ 29%] Built target tutorial_interfaces__rosidl_typesupport_cpp
[13.896s] [ 31%] [32mBuilding CXX object CMakeFiles/tutorial_interfaces__rosidl_typesupport_fastrtps_cpp.dir/rosidl_typesupport_fastrtps_cpp/tutorial_interfaces/srv/detail/dds_fastrtps/imagesrv__type_support.cpp.o[0m
[16.429s] running egg_info
[16.436s] writing tutorial_interfaces.egg-info/PKG-INFO
[16.436s] writing dependency_links to tutorial_interfaces.egg-info/dependency_links.txt
[16.437s] writing top-level names to tutorial_interfaces.egg-info/top_level.txt
[16.458s] reading manifest file 'tutorial_interfaces.egg-info/SOURCES.txt'
[16.484s] writing manifest file 'tutorial_interfaces.egg-info/SOURCES.txt'
[16.652s] [ 31%] Built target ament_cmake_python_build_tutorial_interfaces_egg
[16.867s] [35m[1mConsolidate compiler generated dependencies of target tutorial_interfaces__rosidl_typesupport_introspection_c[0m
[16.995s] [35m[1mConsolidate compiler generated dependencies of target tutorial_interfaces__rosidl_typesupport_fastrtps_c[0m
[17.017s] [ 34%] [32mBuilding C object CMakeFiles/tutorial_interfaces__rosidl_typesupport_introspection_c.dir/rosidl_typesupport_introspection_c/tutorial_interfaces/msg/detail/oned__type_support.c.o[0m
[17.244s] [ 36%] [32mBuilding CXX object CMakeFiles/tutorial_interfaces__rosidl_typesupport_fastrtps_c.dir/rosidl_typesupport_fastrtps_c/tutorial_interfaces/msg/detail/oned__type_support_c.cpp.o[0m
[17.465s] [ 38%] [32m[1mLinking CXX shared library libtutorial_interfaces__rosidl_typesupport_introspection_cpp.so[0m
[17.770s] [ 40%] [32mBuilding C object CMakeFiles/tutorial_interfaces__rosidl_typesupport_introspection_c.dir/rosidl_typesupport_introspection_c/tutorial_interfaces/msg/detail/aruco__type_support.c.o[0m
[18.301s] [ 42%] [32mBuilding C object CMakeFiles/tutorial_interfaces__rosidl_typesupport_introspection_c.dir/rosidl_typesupport_introspection_c/tutorial_interfaces/srv/detail/imagesrv__type_support.c.o[0m
[18.376s] [ 46%] Built target tutorial_interfaces__rosidl_typesupport_introspection_cpp
[18.430s] [ 48%] [32m[1mLinking CXX shared library libtutorial_interfaces__rosidl_typesupport_fastrtps_cpp.so[0m
[18.747s] [35m[1mConsolidate compiler generated dependencies of target tutorial_interfaces__rosidl_typesupport_c[0m
[18.962s] [ 51%] [32m[1mLinking C shared library libtutorial_interfaces__rosidl_typesupport_introspection_c.so[0m
[19.000s] [ 53%] [32mBuilding CXX object CMakeFiles/tutorial_interfaces__rosidl_typesupport_c.dir/rosidl_typesupport_c/tutorial_interfaces/msg/oned__type_support.cpp.o[0m
[19.350s] [ 57%] Built target tutorial_interfaces__rosidl_typesupport_fastrtps_cpp
[19.408s] [ 59%] [32mBuilding CXX object CMakeFiles/tutorial_interfaces__rosidl_typesupport_c.dir/rosidl_typesupport_c/tutorial_interfaces/msg/aruco__type_support.cpp.o[0m
[19.415s] [ 61%] [32mBuilding CXX object CMakeFiles/tutorial_interfaces__rosidl_typesupport_c.dir/rosidl_typesupport_c/tutorial_interfaces/srv/imagesrv__type_support.cpp.o[0m
[19.466s] [ 63%] Built target tutorial_interfaces__rosidl_typesupport_introspection_c
[19.566s] [ 65%] [32mBuilding CXX object CMakeFiles/tutorial_interfaces__rosidl_typesupport_fastrtps_c.dir/rosidl_typesupport_fastrtps_c/tutorial_interfaces/msg/detail/aruco__type_support_c.cpp.o[0m
[19.812s] [ 68%] [32mBuilding CXX object CMakeFiles/tutorial_interfaces__rosidl_typesupport_fastrtps_c.dir/rosidl_typesupport_fastrtps_c/tutorial_interfaces/srv/detail/imagesrv__type_support_c.cpp.o[0m
[19.859s] [ 70%] [32m[1mLinking CXX shared library libtutorial_interfaces__rosidl_typesupport_c.so[0m
[20.340s] [ 72%] Built target tutorial_interfaces__rosidl_typesupport_c
[21.804s] [ 74%] [32m[1mLinking CXX shared library libtutorial_interfaces__rosidl_typesupport_fastrtps_c.so[0m
[22.193s] [ 76%] Built target tutorial_interfaces__rosidl_typesupport_fastrtps_c
[22.270s] [ 76%] Built target tutorial_interfaces
[22.336s] [ 78%] Built target tutorial_interfaces__py
[22.387s] [35m[1mConsolidate compiler generated dependencies of target tutorial_interfaces__rosidl_generator_py[0m
[22.448s] [ 80%] [32mBuilding C object CMakeFiles/tutorial_interfaces__rosidl_generator_py.dir/rosidl_generator_py/tutorial_interfaces/msg/_aruco_s.c.o[0m
[22.461s] [ 82%] [32mBuilding C object CMakeFiles/tutorial_interfaces__rosidl_generator_py.dir/rosidl_generator_py/tutorial_interfaces/msg/_oned_s.c.o[0m
[23.127s] [ 85%] [32m[1mLinking C shared library rosidl_generator_py/tutorial_interfaces/libtutorial_interfaces__rosidl_generator_py.so[0m
[23.336s] [ 87%] Built target tutorial_interfaces__rosidl_generator_py
[23.392s] [35m[1mConsolidate compiler generated dependencies of target tutorial_interfaces__rosidl_typesupport_introspection_c__pyext[0m
[23.407s] [35m[1mConsolidate compiler generated dependencies of target tutorial_interfaces__rosidl_typesupport_fastrtps_c__pyext[0m
[23.443s] [ 89%] [32mBuilding C object CMakeFiles/tutorial_interfaces__rosidl_typesupport_introspection_c__pyext.dir/rosidl_generator_py/tutorial_interfaces/_tutorial_interfaces_s.ep.rosidl_typesupport_introspection_c.c.o[0m
[23.507s] [ 91%] [32mBuilding C object CMakeFiles/tutorial_interfaces__rosidl_typesupport_fastrtps_c__pyext.dir/rosidl_generator_py/tutorial_interfaces/_tutorial_interfaces_s.ep.rosidl_typesupport_fastrtps_c.c.o[0m
[24.083s] [ 93%] [32m[1mLinking C shared library rosidl_generator_py/tutorial_interfaces/tutorial_interfaces_s__rosidl_typesupport_introspection_c.cpython-310-x86_64-linux-gnu.so[0m
[24.103s] [ 95%] [32m[1mLinking C shared library rosidl_generator_py/tutorial_interfaces/tutorial_interfaces_s__rosidl_typesupport_fastrtps_c.cpython-310-x86_64-linux-gnu.so[0m
[24.307s] [ 95%] Built target tutorial_interfaces__rosidl_typesupport_fastrtps_c__pyext
[24.352s] [ 95%] Built target tutorial_interfaces__rosidl_typesupport_introspection_c__pyext
[24.378s] [35m[1mConsolidate compiler generated dependencies of target tutorial_interfaces__rosidl_typesupport_c__pyext[0m
[24.431s] [ 97%] [32mBuilding C object CMakeFiles/tutorial_interfaces__rosidl_typesupport_c__pyext.dir/rosidl_generator_py/tutorial_interfaces/_tutorial_interfaces_s.ep.rosidl_typesupport_c.c.o[0m
[24.944s] [100%] [32m[1mLinking C shared library rosidl_generator_py/tutorial_interfaces/tutorial_interfaces_s__rosidl_typesupport_c.cpython-310-x86_64-linux-gnu.so[0m
[25.101s] [100%] Built target tutorial_interfaces__rosidl_typesupport_c__pyext
[25.148s] Invoked command in '/home/advay/mrt/build/tutorial_interfaces' returned '0': CMAKE_PREFIX_PATH=${CMAKE_PREFIX_PATH}:/home/advay/mrt/install/aruco_srvcli:/home/advay/erc_ws/install/week1_tutorials:/home/advay/erc_ws/install/week0_tutorials:/home/advay/erc_ws/install/task_1:/home/advay/erc_ws/install/sherlock:/home/advay/erc_ws/install/mrs_hudson:/home/advay/erc_ws/install/ep3:/home/advay/erc_ws/src/install/week1_tutorials:/home/advay/erc_ws/src/install/week0_tutorials:/home/advay/erc_ws/src/install/task_1:/home/advay/erc_ws/src/install/sherlock:/opt/ros/humble /usr/bin/cmake --build /home/advay/mrt/build/tutorial_interfaces -- -j4 -l4
[25.574s] Invoking command in '/home/advay/mrt/build/tutorial_interfaces': CMAKE_PREFIX_PATH=${CMAKE_PREFIX_PATH}:/home/advay/mrt/install/aruco_srvcli:/home/advay/erc_ws/install/week1_tutorials:/home/advay/erc_ws/install/week0_tutorials:/home/advay/erc_ws/install/task_1:/home/advay/erc_ws/install/sherlock:/home/advay/erc_ws/install/mrs_hudson:/home/advay/erc_ws/install/ep3:/home/advay/erc_ws/src/install/week1_tutorials:/home/advay/erc_ws/src/install/week0_tutorials:/home/advay/erc_ws/src/install/task_1:/home/advay/erc_ws/src/install/sherlock:/opt/ros/humble /usr/bin/cmake --install /home/advay/mrt/build/tutorial_interfaces
[25.601s] -- Install configuration: ""
[25.602s] -- Installing: /home/advay/mrt/install/tutorial_interfaces/share/ament_index/resource_index/rosidl_interfaces/tutorial_interfaces
[25.606s] -- Up-to-date: /home/advay/mrt/install/tutorial_interfaces/include/tutorial_interfaces/tutorial_interfaces
[25.606s] -- Up-to-date: /home/advay/mrt/install/tutorial_interfaces/include/tutorial_interfaces/tutorial_interfaces/srv
[25.607s] -- Up-to-date: /home/advay/mrt/install/tutorial_interfaces/include/tutorial_interfaces/tutorial_interfaces/srv/detail
[25.613s] -- Up-to-date: /home/advay/mrt/install/tutorial_interfaces/include/tutorial_interfaces/tutorial_interfaces/srv/detail/image__struct.h
[25.614s] -- Up-to-date: /home/advay/mrt/install/tutorial_interfaces/include/tutorial_interfaces/tutorial_interfaces/srv/detail/imagesrv__functions.h
[25.615s] -- Up-to-date: /home/advay/mrt/install/tutorial_interfaces/include/tutorial_interfaces/tutorial_interfaces/srv/detail/image__functions.c
[25.615s] -- Up-to-date: /home/advay/mrt/install/tutorial_interfaces/include/tutorial_interfaces/tutorial_interfaces/srv/detail/image__functions.h
[25.615s] -- Up-to-date: /home/advay/mrt/install/tutorial_interfaces/include/tutorial_interfaces/tutorial_interfaces/srv/detail/imagesrv__functions.c
[25.616s] -- Up-to-date: /home/advay/mrt/install/tutorial_interfaces/include/tutorial_interfaces/tutorial_interfaces/srv/detail/imagesrv__struct.h
[25.616s] -- Up-to-date: /home/advay/mrt/install/tutorial_interfaces/include/tutorial_interfaces/tutorial_interfaces/srv/detail/imagesrv__type_support.h
[25.616s] -- Up-to-date: /home/advay/mrt/install/tutorial_interfaces/include/tutorial_interfaces/tutorial_interfaces/srv/detail/image__type_support.h
[25.617s] -- Up-to-date: /home/advay/mrt/install/tutorial_interfaces/include/tutorial_interfaces/tutorial_interfaces/srv/image.h
[25.617s] -- Installing: /home/advay/mrt/install/tutorial_interfaces/include/tutorial_interfaces/tutorial_interfaces/srv/imagesrv.h
[25.618s] -- Up-to-date: /home/advay/mrt/install/tutorial_interfaces/include/tutorial_interfaces/tutorial_interfaces/msg
[25.618s] -- Installing: /home/advay/mrt/install/tutorial_interfaces/include/tutorial_interfaces/tutorial_interfaces/msg/aruco.h
[25.618s] -- Up-to-date: /home/advay/mrt/install/tutorial_interfaces/include/tutorial_interfaces/tutorial_interfaces/msg/detail
[25.620s] -- Installing: /home/advay/mrt/install/tutorial_interfaces/include/tutorial_interfaces/tutorial_interfaces/msg/detail/aruco__type_support.h
[25.622s] -- Up-to-date: /home/advay/mrt/install/tutorial_interfaces/include/tutorial_interfaces/tutorial_interfaces/msg/detail/threed__struct.h
[25.622s] -- Installing: /home/advay/mrt/install/tutorial_interfaces/include/tutorial_interfaces/tutorial_interfaces/msg/detail/oned__type_support.h
[25.623s] -- Installing: /home/advay/mrt/install/tutorial_interfaces/include/tutorial_interfaces/tutorial_interfaces/msg/detail/oned__functions.h
[25.623s] -- Installing: /home/advay/mrt/install/tutorial_interfaces/include/tutorial_interfaces/tutorial_interfaces/msg/detail/aruco__functions.h
[25.624s] -- Installing: /home/advay/mrt/install/tutorial_interfaces/include/tutorial_interfaces/tutorial_interfaces/msg/detail/oned__struct.h
[25.624s] -- Up-to-date: /home/advay/mrt/install/tutorial_interfaces/include/tutorial_interfaces/tutorial_interfaces/msg/detail/threed__functions.c
[25.625s] -- Installing: /home/advay/mrt/install/tutorial_interfaces/include/tutorial_interfaces/tutorial_interfaces/msg/detail/aruco__functions.c
[25.625s] -- Up-to-date: /home/advay/mrt/install/tutorial_interfaces/include/tutorial_interfaces/tutorial_interfaces/msg/detail/threed__type_support.h
[25.625s] -- Up-to-date: /home/advay/mrt/install/tutorial_interfaces/include/tutorial_interfaces/tutorial_interfaces/msg/detail/threed__functions.h
[25.625s] -- Installing: /home/advay/mrt/install/tutorial_interfaces/include/tutorial_interfaces/tutorial_interfaces/msg/detail/aruco__struct.h
[25.626s] -- Installing: /home/advay/mrt/install/tutorial_interfaces/include/tutorial_interfaces/tutorial_interfaces/msg/detail/oned__functions.c
[25.626s] -- Up-to-date: /home/advay/mrt/install/tutorial_interfaces/include/tutorial_interfaces/tutorial_interfaces/msg/oned.h
[25.626s] -- Up-to-date: /home/advay/mrt/install/tutorial_interfaces/include/tutorial_interfaces/tutorial_interfaces/msg/rosidl_generator_c__visibility_control.h
[25.627s] -- Up-to-date: /home/advay/mrt/install/tutorial_interfaces/include/tutorial_interfaces/tutorial_interfaces/msg/threed.h
[25.627s] -- Up-to-date: /home/advay/mrt/install/tutorial_interfaces/share/tutorial_interfaces/environment/library_path.sh
[25.627s] -- Installing: /home/advay/mrt/install/tutorial_interfaces/share/tutorial_interfaces/environment/library_path.dsv
[25.628s] -- Installing: /home/advay/mrt/install/tutorial_interfaces/lib/libtutorial_interfaces__rosidl_generator_c.so
[25.628s] -- Set runtime path of "/home/advay/mrt/install/tutorial_interfaces/lib/libtutorial_interfaces__rosidl_generator_c.so" to ""
[25.629s] -- Up-to-date: /home/advay/mrt/install/tutorial_interfaces/include/tutorial_interfaces/tutorial_interfaces
[25.629s] -- Up-to-date: /home/advay/mrt/install/tutorial_interfaces/include/tutorial_interfaces/tutorial_interfaces/srv
[25.630s] -- Up-to-date: /home/advay/mrt/install/tutorial_interfaces/include/tutorial_interfaces/tutorial_interfaces/srv/detail
[25.630s] -- Up-to-date: /home/advay/mrt/install/tutorial_interfaces/include/tutorial_interfaces/tutorial_interfaces/srv/detail/image__rosidl_typesupport_fastrtps_c.h
[25.631s] -- Up-to-date: /home/advay/mrt/install/tutorial_interfaces/include/tutorial_interfaces/tutorial_interfaces/srv/detail/imagesrv__rosidl_typesupport_fastrtps_c.h
[25.631s] -- Up-to-date: /home/advay/mrt/install/tutorial_interfaces/include/tutorial_interfaces/tutorial_interfaces/msg
[25.631s] -- Up-to-date: /home/advay/mrt/install/tutorial_interfaces/include/tutorial_interfaces/tutorial_interfaces/msg/rosidl_typesupport_fastrtps_c__visibility_control.h
[25.632s] -- Up-to-date: /home/advay/mrt/install/tutorial_interfaces/include/tutorial_interfaces/tutorial_interfaces/msg/detail
[25.632s] -- Up-to-date: /home/advay/mrt/install/tutorial_interfaces/include/tutorial_interfaces/tutorial_interfaces/msg/detail/threed__rosidl_typesupport_fastrtps_c.h
[25.632s] -- Up-to-date: /home/advay/mrt/install/tutorial_interfaces/include/tutorial_interfaces/tutorial_interfaces/msg/detail/oned__rosidl_typesupport_fastrtps_c.h
[25.633s] -- Installing: /home/advay/mrt/install/tutorial_interfaces/include/tutorial_interfaces/tutorial_interfaces/msg/detail/aruco__rosidl_typesupport_fastrtps_c.h
[25.633s] -- Installing: /home/advay/mrt/install/tutorial_interfaces/lib/libtutorial_interfaces__rosidl_typesupport_fastrtps_c.so
[25.634s] -- Set runtime path of "/home/advay/mrt/install/tutorial_interfaces/lib/libtutorial_interfaces__rosidl_typesupport_fastrtps_c.so" to ""
[25.634s] -- Up-to-date: /home/advay/mrt/install/tutorial_interfaces/include/tutorial_interfaces/tutorial_interfaces
[25.635s] -- Up-to-date: /home/advay/mrt/install/tutorial_interfaces/include/tutorial_interfaces/tutorial_interfaces/srv
[25.635s] -- Up-to-date: /home/advay/mrt/install/tutorial_interfaces/include/tutorial_interfaces/tutorial_interfaces/srv/image.hpp
[25.635s] -- Up-to-date: /home/advay/mrt/install/tutorial_interfaces/include/tutorial_interfaces/tutorial_interfaces/srv/detail
[25.636s] -- Up-to-date: /home/advay/mrt/install/tutorial_interfaces/include/tutorial_interfaces/tutorial_interfaces/srv/detail/imagesrv__traits.hpp
[25.636s] -- Up-to-date: /home/advay/mrt/install/tutorial_interfaces/include/tutorial_interfaces/tutorial_interfaces/srv/detail/imagesrv__struct.hpp
[25.637s] -- Up-to-date: /home/advay/mrt/install/tutorial_interfaces/include/tutorial_interfaces/tutorial_interfaces/srv/detail/image__traits.hpp
[25.637s] -- Up-to-date: /home/advay/mrt/install/tutorial_interfaces/include/tutorial_interfaces/tutorial_interfaces/srv/detail/image__builder.hpp
[25.638s] -- Up-to-date: /home/advay/mrt/install/tutorial_interfaces/include/tutorial_interfaces/tutorial_interfaces/srv/detail/imagesrv__builder.hpp
[25.638s] -- Up-to-date: /home/advay/mrt/install/tutorial_interfaces/include/tutorial_interfaces/tutorial_interfaces/srv/detail/image__struct.hpp
[25.639s] -- Up-to-date: /home/advay/mrt/install/tutorial_interfaces/include/tutorial_interfaces/tutorial_interfaces/srv/imagesrv.hpp
[25.639s] -- Up-to-date: /home/advay/mrt/install/tutorial_interfaces/include/tutorial_interfaces/tutorial_interfaces/msg
[25.639s] -- Up-to-date: /home/advay/mrt/install/tutorial_interfaces/include/tutorial_interfaces/tutorial_interfaces/msg/detail
[25.640s] -- Up-to-date: /home/advay/mrt/install/tutorial_interfaces/include/tutorial_interfaces/tutorial_interfaces/msg/detail/threed__builder.hpp
[25.640s] -- Up-to-date: /home/advay/mrt/install/tutorial_interfaces/include/tutorial_interfaces/tutorial_interfaces/msg/detail/aruco__builder.hpp
[25.640s] -- Up-to-date: /home/advay/mrt/install/tutorial_interfaces/include/tutorial_interfaces/tutorial_interfaces/msg/detail/aruco__traits.hpp
[25.640s] -- Up-to-date: /home/advay/mrt/install/tutorial_interfaces/include/tutorial_interfaces/tutorial_interfaces/msg/detail/oned__traits.hpp
[25.641s] -- Up-to-date: /home/advay/mrt/install/tutorial_interfaces/include/tutorial_interfaces/tutorial_interfaces/msg/detail/threed__struct.hpp
[25.641s] -- Up-to-date: /home/advay/mrt/install/tutorial_interfaces/include/tutorial_interfaces/tutorial_interfaces/msg/detail/aruco__struct.hpp
[25.641s] -- Up-to-date: /home/advay/mrt/install/tutorial_interfaces/include/tutorial_interfaces/tutorial_interfaces/msg/detail/oned__builder.hpp
[25.642s] -- Up-to-date: /home/advay/mrt/install/tutorial_interfaces/include/tutorial_interfaces/tutorial_interfaces/msg/detail/threed__traits.hpp
[25.642s] -- Up-to-date: /home/advay/mrt/install/tutorial_interfaces/include/tutorial_interfaces/tutorial_interfaces/msg/detail/oned__struct.hpp
[25.642s] -- Up-to-date: /home/advay/mrt/install/tutorial_interfaces/include/tutorial_interfaces/tutorial_interfaces/msg/aruco.hpp
[25.642s] -- Up-to-date: /home/advay/mrt/install/tutorial_interfaces/include/tutorial_interfaces/tutorial_interfaces/msg/threed.hpp
[25.643s] -- Up-to-date: /home/advay/mrt/install/tutorial_interfaces/include/tutorial_interfaces/tutorial_interfaces/msg/oned.hpp
[25.643s] -- Up-to-date: /home/advay/mrt/install/tutorial_interfaces/include/tutorial_interfaces/tutorial_interfaces
[25.643s] -- Up-to-date: /home/advay/mrt/install/tutorial_interfaces/include/tutorial_interfaces/tutorial_interfaces/srv
[25.644s] -- Up-to-date: /home/advay/mrt/install/tutorial_interfaces/include/tutorial_interfaces/tutorial_interfaces/srv/detail
[25.644s] -- Up-to-date: /home/advay/mrt/install/tutorial_interfaces/include/tutorial_interfaces/tutorial_interfaces/srv/detail/dds_fastrtps
[25.644s] -- Up-to-date: /home/advay/mrt/install/tutorial_interfaces/include/tutorial_interfaces/tutorial_interfaces/srv/detail/image__rosidl_typesupport_fastrtps_cpp.hpp
[25.645s] -- Installing: /home/advay/mrt/install/tutorial_interfaces/include/tutorial_interfaces/tutorial_interfaces/srv/detail/imagesrv__rosidl_typesupport_fastrtps_cpp.hpp
[25.645s] -- Up-to-date: /home/advay/mrt/install/tutorial_interfaces/include/tutorial_interfaces/tutorial_interfaces/msg
[25.645s] -- Up-to-date: /home/advay/mrt/install/tutorial_interfaces/include/tutorial_interfaces/tutorial_interfaces/msg/rosidl_typesupport_fastrtps_cpp__visibility_control.h
[25.646s] -- Up-to-date: /home/advay/mrt/install/tutorial_interfaces/include/tutorial_interfaces/tutorial_interfaces/msg/detail
[25.646s] -- Installing: /home/advay/mrt/install/tutorial_interfaces/include/tutorial_interfaces/tutorial_interfaces/msg/detail/aruco__rosidl_typesupport_fastrtps_cpp.hpp
[25.646s] -- Up-to-date: /home/advay/mrt/install/tutorial_interfaces/include/tutorial_interfaces/tutorial_interfaces/msg/detail/oned__rosidl_typesupport_fastrtps_cpp.hpp
[25.647s] -- Up-to-date: /home/advay/mrt/install/tutorial_interfaces/include/tutorial_interfaces/tutorial_interfaces/msg/detail/dds_fastrtps
[25.647s] -- Up-to-date: /home/advay/mrt/install/tutorial_interfaces/include/tutorial_interfaces/tutorial_interfaces/msg/detail/threed__rosidl_typesupport_fastrtps_cpp.hpp
[25.647s] -- Installing: /home/advay/mrt/install/tutorial_interfaces/lib/libtutorial_interfaces__rosidl_typesupport_fastrtps_cpp.so
[25.648s] -- Set runtime path of "/home/advay/mrt/install/tutorial_interfaces/lib/libtutorial_interfaces__rosidl_typesupport_fastrtps_cpp.so" to ""
[25.648s] -- Up-to-date: /home/advay/mrt/install/tutorial_interfaces/include/tutorial_interfaces/tutorial_interfaces
[25.648s] -- Up-to-date: /home/advay/mrt/install/tutorial_interfaces/include/tutorial_interfaces/tutorial_interfaces/srv
[25.649s] -- Up-to-date: /home/advay/mrt/install/tutorial_interfaces/include/tutorial_interfaces/tutorial_interfaces/srv/detail
[25.649s] -- Up-to-date: /home/advay/mrt/install/tutorial_interfaces/include/tutorial_interfaces/tutorial_interfaces/srv/detail/image__type_support.c
[25.649s] -- Up-to-date: /home/advay/mrt/install/tutorial_interfaces/include/tutorial_interfaces/tutorial_interfaces/srv/detail/image__rosidl_typesupport_introspection_c.h
[25.650s] -- Up-to-date: /home/advay/mrt/install/tutorial_interfaces/include/tutorial_interfaces/tutorial_interfaces/srv/detail/imagesrv__rosidl_typesupport_introspection_c.h
[25.650s] -- Installing: /home/advay/mrt/install/tutorial_interfaces/include/tutorial_interfaces/tutorial_interfaces/srv/detail/imagesrv__type_support.c
[25.651s] -- Up-to-date: /home/advay/mrt/install/tutorial_interfaces/include/tutorial_interfaces/tutorial_interfaces/msg
[25.652s] -- Up-to-date: /home/advay/mrt/install/tutorial_interfaces/include/tutorial_interfaces/tutorial_interfaces/msg/detail
[25.652s] -- Up-to-date: /home/advay/mrt/install/tutorial_interfaces/include/tutorial_interfaces/tutorial_interfaces/msg/detail/threed__rosidl_typesupport_introspection_c.h
[25.652s] -- Installing: /home/advay/mrt/install/tutorial_interfaces/include/tutorial_interfaces/tutorial_interfaces/msg/detail/aruco__type_support.c
[25.653s] -- Up-to-date: /home/advay/mrt/install/tutorial_interfaces/include/tutorial_interfaces/tutorial_interfaces/msg/detail/oned__rosidl_typesupport_introspection_c.h
[25.653s] -- Up-to-date: /home/advay/mrt/install/tutorial_interfaces/include/tutorial_interfaces/tutorial_interfaces/msg/detail/oned__type_support.c
[25.653s] -- Installing: /home/advay/mrt/install/tutorial_interfaces/include/tutorial_interfaces/tutorial_interfaces/msg/detail/aruco__rosidl_typesupport_introspection_c.h
[25.654s] -- Up-to-date: /home/advay/mrt/install/tutorial_interfaces/include/tutorial_interfaces/tutorial_interfaces/msg/detail/threed__type_support.c
[25.654s] -- Up-to-date: /home/advay/mrt/install/tutorial_interfaces/include/tutorial_interfaces/tutorial_interfaces/msg/rosidl_typesupport_introspection_c__visibility_control.h
[25.655s] -- Installing: /home/advay/mrt/install/tutorial_interfaces/lib/libtutorial_interfaces__rosidl_typesupport_introspection_c.so
[25.655s] -- Set runtime path of "/home/advay/mrt/install/tutorial_interfaces/lib/libtutorial_interfaces__rosidl_typesupport_introspection_c.so" to ""
[25.655s] -- Installing: /home/advay/mrt/install/tutorial_interfaces/lib/libtutorial_interfaces__rosidl_typesupport_c.so
[25.656s] -- Set runtime path of "/home/advay/mrt/install/tutorial_interfaces/lib/libtutorial_interfaces__rosidl_typesupport_c.so" to ""
[25.656s] -- Up-to-date: /home/advay/mrt/install/tutorial_interfaces/include/tutorial_interfaces/tutorial_interfaces
[25.656s] -- Up-to-date: /home/advay/mrt/install/tutorial_interfaces/include/tutorial_interfaces/tutorial_interfaces/srv
[25.656s] -- Up-to-date: /home/advay/mrt/install/tutorial_interfaces/include/tutorial_interfaces/tutorial_interfaces/srv/detail
[25.657s] -- Up-to-date: /home/advay/mrt/install/tutorial_interfaces/include/tutorial_interfaces/tutorial_interfaces/srv/detail/image__type_support.cpp
[25.657s] -- Up-to-date: /home/advay/mrt/install/tutorial_interfaces/include/tutorial_interfaces/tutorial_interfaces/srv/detail/image__rosidl_typesupport_introspection_cpp.hpp
[25.657s] -- Up-to-date: /home/advay/mrt/install/tutorial_interfaces/include/tutorial_interfaces/tutorial_interfaces/srv/detail/imagesrv__rosidl_typesupport_introspection_cpp.hpp
[25.658s] -- Installing: /home/advay/mrt/install/tutorial_interfaces/include/tutorial_interfaces/tutorial_interfaces/srv/detail/imagesrv__type_support.cpp
[25.658s] -- Up-to-date: /home/advay/mrt/install/tutorial_interfaces/include/tutorial_interfaces/tutorial_interfaces/msg
[25.659s] -- Up-to-date: /home/advay/mrt/install/tutorial_interfaces/include/tutorial_interfaces/tutorial_interfaces/msg/detail
[25.659s] -- Up-to-date: /home/advay/mrt/install/tutorial_interfaces/include/tutorial_interfaces/tutorial_interfaces/msg/detail/oned__type_support.cpp
[25.659s] -- Up-to-date: /home/advay/mrt/install/tutorial_interfaces/include/tutorial_interfaces/tutorial_interfaces/msg/detail/threed__type_support.cpp
[25.660s] -- Up-to-date: /home/advay/mrt/install/tutorial_interfaces/include/tutorial_interfaces/tutorial_interfaces/msg/detail/oned__rosidl_typesupport_introspection_cpp.hpp
[25.660s] -- Up-to-date: /home/advay/mrt/install/tutorial_interfaces/include/tutorial_interfaces/tutorial_interfaces/msg/detail/threed__rosidl_typesupport_introspection_cpp.hpp
[25.660s] -- Installing: /home/advay/mrt/install/tutorial_interfaces/include/tutorial_interfaces/tutorial_interfaces/msg/detail/aruco__type_support.cpp
[25.660s] -- Installing: /home/advay/mrt/install/tutorial_interfaces/include/tutorial_interfaces/tutorial_interfaces/msg/detail/aruco__rosidl_typesupport_introspection_cpp.hpp
[25.661s] -- Installing: /home/advay/mrt/install/tutorial_interfaces/lib/libtutorial_interfaces__rosidl_typesupport_introspection_cpp.so
[25.661s] -- Set runtime path of "/home/advay/mrt/install/tutorial_interfaces/lib/libtutorial_interfaces__rosidl_typesupport_introspection_cpp.so" to ""
[25.662s] -- Installing: /home/advay/mrt/install/tutorial_interfaces/lib/libtutorial_interfaces__rosidl_typesupport_cpp.so
[25.662s] -- Set runtime path of "/home/advay/mrt/install/tutorial_interfaces/lib/libtutorial_interfaces__rosidl_typesupport_cpp.so" to ""
[25.663s] -- Up-to-date: /home/advay/mrt/install/tutorial_interfaces/share/tutorial_interfaces/environment/pythonpath.sh
[25.663s] -- Installing: /home/advay/mrt/install/tutorial_interfaces/share/tutorial_interfaces/environment/pythonpath.dsv
[25.663s] -- Up-to-date: /home/advay/mrt/install/tutorial_interfaces/local/lib/python3.10/dist-packages/tutorial_interfaces-0.0.0-py3.10.egg-info
[25.663s] -- Installing: /home/advay/mrt/install/tutorial_interfaces/local/lib/python3.10/dist-packages/tutorial_interfaces-0.0.0-py3.10.egg-info/PKG-INFO
[25.664s] -- Installing: /home/advay/mrt/install/tutorial_interfaces/local/lib/python3.10/dist-packages/tutorial_interfaces-0.0.0-py3.10.egg-info/top_level.txt
[25.664s] -- Installing: /home/advay/mrt/install/tutorial_interfaces/local/lib/python3.10/dist-packages/tutorial_interfaces-0.0.0-py3.10.egg-info/dependency_links.txt
[25.664s] -- Installing: /home/advay/mrt/install/tutorial_interfaces/local/lib/python3.10/dist-packages/tutorial_interfaces-0.0.0-py3.10.egg-info/SOURCES.txt
[25.664s] -- Up-to-date: /home/advay/mrt/install/tutorial_interfaces/local/lib/python3.10/dist-packages/tutorial_interfaces
[25.665s] -- Up-to-date: /home/advay/mrt/install/tutorial_interfaces/local/lib/python3.10/dist-packages/tutorial_interfaces/_tutorial_interfaces_s.ep.rosidl_typesupport_introspection_c.c
[25.665s] -- Installing: /home/advay/mrt/install/tutorial_interfaces/local/lib/python3.10/dist-packages/tutorial_interfaces/tutorial_interfaces_s__rosidl_typesupport_fastrtps_c.cpython-310-x86_64-linux-gnu.so
[25.668s] -- Up-to-date: /home/advay/mrt/install/tutorial_interfaces/local/lib/python3.10/dist-packages/tutorial_interfaces/srv
[25.668s] -- Up-to-date: /home/advay/mrt/install/tutorial_interfaces/local/lib/python3.10/dist-packages/tutorial_interfaces/srv/_image.py
[25.668s] -- Up-to-date: /home/advay/mrt/install/tutorial_interfaces/local/lib/python3.10/dist-packages/tutorial_interfaces/srv/_image_s.c
[25.669s] -- Up-to-date: /home/advay/mrt/install/tutorial_interfaces/local/lib/python3.10/dist-packages/tutorial_interfaces/srv/__init__.py
[25.669s] -- Up-to-date: /home/advay/mrt/install/tutorial_interfaces/local/lib/python3.10/dist-packages/tutorial_interfaces/srv/_imagesrv_s.c
[25.669s] -- Up-to-date: /home/advay/mrt/install/tutorial_interfaces/local/lib/python3.10/dist-packages/tutorial_interfaces/srv/_imagesrv.py
[25.669s] -- Installing: /home/advay/mrt/install/tutorial_interfaces/local/lib/python3.10/dist-packages/tutorial_interfaces/tutorial_interfaces_s__rosidl_typesupport_introspection_c.cpython-310-x86_64-linux-gnu.so
[25.670s] -- Installing: /home/advay/mrt/install/tutorial_interfaces/local/lib/python3.10/dist-packages/tutorial_interfaces/__init__.py
[25.670s] -- Up-to-date: /home/advay/mrt/install/tutorial_interfaces/local/lib/python3.10/dist-packages/tutorial_interfaces/_tutorial_interfaces_s.ep.rosidl_typesupport_fastrtps_c.c
[25.670s] -- Installing: /home/advay/mrt/install/tutorial_interfaces/local/lib/python3.10/dist-packages/tutorial_interfaces/tutorial_interfaces_s__rosidl_typesupport_c.cpython-310-x86_64-linux-gnu.so
[25.670s] -- Up-to-date: /home/advay/mrt/install/tutorial_interfaces/local/lib/python3.10/dist-packages/tutorial_interfaces/_tutorial_interfaces_s.ep.rosidl_typesupport_c.c
[25.671s] -- Installing: /home/advay/mrt/install/tutorial_interfaces/local/lib/python3.10/dist-packages/tutorial_interfaces/libtutorial_interfaces__rosidl_generator_py.so
[25.671s] -- Up-to-date: /home/advay/mrt/install/tutorial_interfaces/local/lib/python3.10/dist-packages/tutorial_interfaces/msg
[25.671s] -- Up-to-date: /home/advay/mrt/install/tutorial_interfaces/local/lib/python3.10/dist-packages/tutorial_interfaces/msg/_threed.py
[25.672s] -- Up-to-date: /home/advay/mrt/install/tutorial_interfaces/local/lib/python3.10/dist-packages/tutorial_interfaces/msg/_aruco_s.c
[25.672s] -- Up-to-date: /home/advay/mrt/install/tutorial_interfaces/local/lib/python3.10/dist-packages/tutorial_interfaces/msg/_threed_s.c
[25.672s] -- Up-to-date: /home/advay/mrt/install/tutorial_interfaces/local/lib/python3.10/dist-packages/tutorial_interfaces/msg/__init__.py
[25.672s] -- Up-to-date: /home/advay/mrt/install/tutorial_interfaces/local/lib/python3.10/dist-packages/tutorial_interfaces/msg/_oned_s.c
[25.673s] -- Up-to-date: /home/advay/mrt/install/tutorial_interfaces/local/lib/python3.10/dist-packages/tutorial_interfaces/msg/_oned.py
[25.673s] -- Up-to-date: /home/advay/mrt/install/tutorial_interfaces/local/lib/python3.10/dist-packages/tutorial_interfaces/msg/_aruco.py
[25.825s] Listing '/home/advay/mrt/install/tutorial_interfaces/local/lib/python3.10/dist-packages/tutorial_interfaces'...
[25.826s] Compiling '/home/advay/mrt/install/tutorial_interfaces/local/lib/python3.10/dist-packages/tutorial_interfaces/__init__.py'...
[25.826s] Listing '/home/advay/mrt/install/tutorial_interfaces/local/lib/python3.10/dist-packages/tutorial_interfaces/msg'...
[25.826s] Listing '/home/advay/mrt/install/tutorial_interfaces/local/lib/python3.10/dist-packages/tutorial_interfaces/srv'...
[25.841s] -- Installing: /home/advay/mrt/install/tutorial_interfaces/local/lib/python3.10/dist-packages/tutorial_interfaces/tutorial_interfaces_s__rosidl_typesupport_fastrtps_c.cpython-310-x86_64-linux-gnu.so
[25.843s] -- Set runtime path of "/home/advay/mrt/install/tutorial_interfaces/local/lib/python3.10/dist-packages/tutorial_interfaces/tutorial_interfaces_s__rosidl_typesupport_fastrtps_c.cpython-310-x86_64-linux-gnu.so" to ""
[25.844s] -- Installing: /home/advay/mrt/install/tutorial_interfaces/local/lib/python3.10/dist-packages/tutorial_interfaces/tutorial_interfaces_s__rosidl_typesupport_introspection_c.cpython-310-x86_64-linux-gnu.so
[25.845s] -- Set runtime path of "/home/advay/mrt/install/tutorial_interfaces/local/lib/python3.10/dist-packages/tutorial_interfaces/tutorial_interfaces_s__rosidl_typesupport_introspection_c.cpython-310-x86_64-linux-gnu.so" to ""
[25.846s] -- Installing: /home/advay/mrt/install/tutorial_interfaces/local/lib/python3.10/dist-packages/tutorial_interfaces/tutorial_interfaces_s__rosidl_typesupport_c.cpython-310-x86_64-linux-gnu.so
[25.848s] -- Set runtime path of "/home/advay/mrt/install/tutorial_interfaces/local/lib/python3.10/dist-packages/tutorial_interfaces/tutorial_interfaces_s__rosidl_typesupport_c.cpython-310-x86_64-linux-gnu.so" to ""
[25.848s] -- Installing: /home/advay/mrt/install/tutorial_interfaces/lib/libtutorial_interfaces__rosidl_generator_py.so
[25.850s] -- Set runtime path of "/home/advay/mrt/install/tutorial_interfaces/lib/libtutorial_interfaces__rosidl_generator_py.so" to ""
[25.851s] -- Up-to-date: /home/advay/mrt/install/tutorial_interfaces/share/tutorial_interfaces/msg/Oned.idl
[25.852s] -- Up-to-date: /home/advay/mrt/install/tutorial_interfaces/share/tutorial_interfaces/msg/Aruco.idl
[25.853s] -- Up-to-date: /home/advay/mrt/install/tutorial_interfaces/share/tutorial_interfaces/srv/Imagesrv.idl
[25.853s] -- Up-to-date: /home/advay/mrt/install/tutorial_interfaces/share/tutorial_interfaces/msg/Oned.msg
[25.853s] -- Up-to-date: /home/advay/mrt/install/tutorial_interfaces/share/tutorial_interfaces/msg/Aruco.msg
[25.854s] -- Up-to-date: /home/advay/mrt/install/tutorial_interfaces/share/tutorial_interfaces/srv/Imagesrv.srv
[25.854s] -- Up-to-date: /home/advay/mrt/install/tutorial_interfaces/share/tutorial_interfaces/srv/Imagesrv_Request.msg
[25.855s] -- Up-to-date: /home/advay/mrt/install/tutorial_interfaces/share/tutorial_interfaces/srv/Imagesrv_Response.msg
[25.855s] -- Up-to-date: /home/advay/mrt/install/tutorial_interfaces/share/ament_index/resource_index/package_run_dependencies/tutorial_interfaces
[25.855s] -- Up-to-date: /home/advay/mrt/install/tutorial_interfaces/share/ament_index/resource_index/parent_prefix_path/tutorial_interfaces
[25.856s] -- Up-to-date: /home/advay/mrt/install/tutorial_interfaces/share/tutorial_interfaces/environment/ament_prefix_path.sh
[25.856s] -- Installing: /home/advay/mrt/install/tutorial_interfaces/share/tutorial_interfaces/environment/ament_prefix_path.dsv
[25.856s] -- Up-to-date: /home/advay/mrt/install/tutorial_interfaces/share/tutorial_interfaces/environment/path.sh
[25.857s] -- Installing: /home/advay/mrt/install/tutorial_interfaces/share/tutorial_interfaces/environment/path.dsv
[25.857s] -- Up-to-date: /home/advay/mrt/install/tutorial_interfaces/share/tutorial_interfaces/local_setup.bash
[25.858s] -- Up-to-date: /home/advay/mrt/install/tutorial_interfaces/share/tutorial_interfaces/local_setup.sh
[25.858s] -- Up-to-date: /home/advay/mrt/install/tutorial_interfaces/share/tutorial_interfaces/local_setup.zsh
[25.858s] -- Installing: /home/advay/mrt/install/tutorial_interfaces/share/tutorial_interfaces/local_setup.dsv
[25.859s] -- Installing: /home/advay/mrt/install/tutorial_interfaces/share/tutorial_interfaces/package.dsv
[25.859s] -- Up-to-date: /home/advay/mrt/install/tutorial_interfaces/share/ament_index/resource_index/packages/tutorial_interfaces
[25.860s] -- Up-to-date: /home/advay/mrt/install/tutorial_interfaces/share/tutorial_interfaces/cmake/export_tutorial_interfaces__rosidl_generator_cExport.cmake
[25.860s] -- Up-to-date: /home/advay/mrt/install/tutorial_interfaces/share/tutorial_interfaces/cmake/export_tutorial_interfaces__rosidl_generator_cExport-noconfig.cmake
[25.860s] -- Up-to-date: /home/advay/mrt/install/tutorial_interfaces/share/tutorial_interfaces/cmake/export_tutorial_interfaces__rosidl_typesupport_fastrtps_cExport.cmake
[25.861s] -- Up-to-date: /home/advay/mrt/install/tutorial_interfaces/share/tutorial_interfaces/cmake/export_tutorial_interfaces__rosidl_typesupport_fastrtps_cExport-noconfig.cmake
[25.861s] -- Up-to-date: /home/advay/mrt/install/tutorial_interfaces/share/tutorial_interfaces/cmake/export_tutorial_interfaces__rosidl_generator_cppExport.cmake
[25.861s] -- Up-to-date: /home/advay/mrt/install/tutorial_interfaces/share/tutorial_interfaces/cmake/export_tutorial_interfaces__rosidl_typesupport_fastrtps_cppExport.cmake
[25.862s] -- Up-to-date: /home/advay/mrt/install/tutorial_interfaces/share/tutorial_interfaces/cmake/export_tutorial_interfaces__rosidl_typesupport_fastrtps_cppExport-noconfig.cmake
[25.862s] -- Up-to-date: /home/advay/mrt/install/tutorial_interfaces/share/tutorial_interfaces/cmake/tutorial_interfaces__rosidl_typesupport_introspection_cExport.cmake
[25.863s] -- Up-to-date: /home/advay/mrt/install/tutorial_interfaces/share/tutorial_interfaces/cmake/tutorial_interfaces__rosidl_typesupport_introspection_cExport-noconfig.cmake
[25.863s] -- Up-to-date: /home/advay/mrt/install/tutorial_interfaces/share/tutorial_interfaces/cmake/tutorial_interfaces__rosidl_typesupport_cExport.cmake
[25.863s] -- Up-to-date: /home/advay/mrt/install/tutorial_interfaces/share/tutorial_interfaces/cmake/tutorial_interfaces__rosidl_typesupport_cExport-noconfig.cmake
[25.864s] -- Up-to-date: /home/advay/mrt/install/tutorial_interfaces/share/tutorial_interfaces/cmake/tutorial_interfaces__rosidl_typesupport_introspection_cppExport.cmake
[25.864s] -- Up-to-date: /home/advay/mrt/install/tutorial_interfaces/share/tutorial_interfaces/cmake/tutorial_interfaces__rosidl_typesupport_introspection_cppExport-noconfig.cmake
[25.865s] -- Up-to-date: /home/advay/mrt/install/tutorial_interfaces/share/tutorial_interfaces/cmake/tutorial_interfaces__rosidl_typesupport_cppExport.cmake
[25.865s] -- Up-to-date: /home/advay/mrt/install/tutorial_interfaces/share/tutorial_interfaces/cmake/tutorial_interfaces__rosidl_typesupport_cppExport-noconfig.cmake
[25.866s] -- Up-to-date: /home/advay/mrt/install/tutorial_interfaces/share/tutorial_interfaces/cmake/export_tutorial_interfaces__rosidl_generator_pyExport.cmake
[25.866s] -- Up-to-date: /home/advay/mrt/install/tutorial_interfaces/share/tutorial_interfaces/cmake/export_tutorial_interfaces__rosidl_generator_pyExport-noconfig.cmake
[25.866s] -- Installing: /home/advay/mrt/install/tutorial_interfaces/share/tutorial_interfaces/cmake/rosidl_cmake-extras.cmake
[25.867s] -- Up-to-date: /home/advay/mrt/install/tutorial_interfaces/share/tutorial_interfaces/cmake/ament_cmake_export_dependencies-extras.cmake
[25.867s] -- Up-to-date: /home/advay/mrt/install/tutorial_interfaces/share/tutorial_interfaces/cmake/ament_cmake_export_include_directories-extras.cmake
[25.867s] -- Up-to-date: /home/advay/mrt/install/tutorial_interfaces/share/tutorial_interfaces/cmake/ament_cmake_export_libraries-extras.cmake
[25.868s] -- Up-to-date: /home/advay/mrt/install/tutorial_interfaces/share/tutorial_interfaces/cmake/ament_cmake_export_targets-extras.cmake
[25.868s] -- Up-to-date: /home/advay/mrt/install/tutorial_interfaces/share/tutorial_interfaces/cmake/rosidl_cmake_export_typesupport_targets-extras.cmake
[25.868s] -- Up-to-date: /home/advay/mrt/install/tutorial_interfaces/share/tutorial_interfaces/cmake/rosidl_cmake_export_typesupport_libraries-extras.cmake
[25.868s] -- Up-to-date: /home/advay/mrt/install/tutorial_interfaces/share/tutorial_interfaces/cmake/tutorial_interfacesConfig.cmake
[25.869s] -- Up-to-date: /home/advay/mrt/install/tutorial_interfaces/share/tutorial_interfaces/cmake/tutorial_interfacesConfig-version.cmake
[25.869s] -- Up-to-date: /home/advay/mrt/install/tutorial_interfaces/share/tutorial_interfaces/package.xml
[25.874s] Invoked command in '/home/advay/mrt/build/tutorial_interfaces' returned '0': CMAKE_PREFIX_PATH=${CMAKE_PREFIX_PATH}:/home/advay/mrt/install/aruco_srvcli:/home/advay/erc_ws/install/week1_tutorials:/home/advay/erc_ws/install/week0_tutorials:/home/advay/erc_ws/install/task_1:/home/advay/erc_ws/install/sherlock:/home/advay/erc_ws/install/mrs_hudson:/home/advay/erc_ws/install/ep3:/home/advay/erc_ws/src/install/week1_tutorials:/home/advay/erc_ws/src/install/week0_tutorials:/home/advay/erc_ws/src/install/task_1:/home/advay/erc_ws/src/install/sherlock:/opt/ros/humble /usr/bin/cmake --install /home/advay/mrt/build/tutorial_interfaces
