running egg_info
writing ../../build/aruco_srvcli/aruco_srvcli.egg-info/PKG-INFO
writing dependency_links to ../../build/aruco_srvcli/aruco_srvcli.egg-info/dependency_links.txt
writing entry points to ../../build/aruco_srvcli/aruco_srvcli.egg-info/entry_points.txt
writing requirements to ../../build/aruco_srvcli/aruco_srvcli.egg-info/requires.txt
writing top-level names to ../../build/aruco_srvcli/aruco_srvcli.egg-info/top_level.txt
reading manifest file '../../build/aruco_srvcli/aruco_srvcli.egg-info/SOURCES.txt'
writing manifest file '../../build/aruco_srvcli/aruco_srvcli.egg-info/SOURCES.txt'
running build
running build_py
copying aruco_srvcli/aruco_server.py -> /home/advay/mrt/build/aruco_srvcli/build/lib/aruco_srvcli
running install
running install_lib
copying /home/advay/mrt/build/aruco_srvcli/build/lib/aruco_srvcli/aruco_server.py -> /home/advay/mrt/install/aruco_srvcli/lib/python3.10/site-packages/aruco_srvcli
byte-compiling /home/advay/mrt/install/aruco_srvcli/lib/python3.10/site-packages/aruco_srvcli/aruco_server.py to aruco_server.cpython-310.pyc
running install_data
running install_egg_info
removing '/home/advay/mrt/install/aruco_srvcli/lib/python3.10/site-packages/aruco_srvcli-0.0.0-py3.10.egg-info' (and everything under it)
Copying ../../build/aruco_srvcli/aruco_srvcli.egg-info to /home/advay/mrt/install/aruco_srvcli/lib/python3.10/site-packages/aruco_srvcli-0.0.0-py3.10.egg-info
running install_scripts
Installing client script to /home/advay/mrt/install/aruco_srvcli/lib/aruco_srvcli
Installing service script to /home/advay/mrt/install/aruco_srvcli/lib/aruco_srvcli
writing list of installed files to '/home/advay/mrt/build/aruco_srvcli/install.log'
