[0.312s] Invoking command in '/home/advay/mrt/build/tutorial_interfaces': CMAKE_PREFIX_PATH=${CMAKE_PREFIX_PATH}:/home/advay/mrt/install/aruco_srvcli:/home/advay/erc_ws/install/week1_tutorials:/home/advay/erc_ws/install/week0_tutorials:/home/advay/erc_ws/install/task_1:/home/advay/erc_ws/install/sherlock:/home/advay/erc_ws/install/mrs_hudson:/home/advay/erc_ws/install/ep3:/home/advay/erc_ws/src/install/week1_tutorials:/home/advay/erc_ws/src/install/week0_tutorials:/home/advay/erc_ws/src/install/task_1:/home/advay/erc_ws/src/install/sherlock:/opt/ros/humble /usr/bin/cmake --build /home/advay/mrt/build/tutorial_interfaces -- -j4 -l4
[0.369s] -- Found ament_cmake: 1.3.6 (/opt/ros/humble/share/ament_cmake/cmake)
[0.812s] -- Found geometry_msgs: 4.2.3 (/opt/ros/humble/share/geometry_msgs/cmake)
[0.973s] -- Found rosidl_generator_c: 3.1.5 (/opt/ros/humble/share/rosidl_generator_c/cmake)
[0.998s] -- Found rosidl_adapter: 3.1.5 (/opt/ros/humble/share/rosidl_adapter/cmake)
[1.034s] -- Found rosidl_generator_cpp: 3.1.5 (/opt/ros/humble/share/rosidl_generator_cpp/cmake)
[1.088s] -- Using all available rosidl_typesupport_c: rosidl_typesupport_fastrtps_c;rosidl_typesupport_introspection_c
[1.164s] -- Using all available rosidl_typesupport_cpp: rosidl_typesupport_fastrtps_cpp;rosidl_typesupport_introspection_cpp
[1.585s] -- Found rosidl_default_generators: 1.2.0 (/opt/ros/humble/share/rosidl_default_generators/cmake)
[1.618s] [31mCMake Error at /opt/ros/humble/share/rosidl_cmake/cmake/rosidl_generate_interfaces.cmake:93 (message):
[1.618s]   rosidl_generate_interfaces() the passed file 'msg/Num.msg' doesn't exist
[1.618s]   relative to the CMAKE_CURRENT_SOURCE_DIR
[1.618s]   '/home/advay/mrt/src/tutorial_interfaces'
[1.619s] Call Stack (most recent call first):
[1.619s]   CMakeLists.txt:16 (rosidl_generate_interfaces)
[1.619s] 
[1.619s] [0m
[1.619s] -- Configuring incomplete, errors occurred!
[1.620s] See also "/home/advay/mrt/build/tutorial_interfaces/CMakeFiles/CMakeOutput.log".
[1.632s] gmake: *** [Makefile:226: cmake_check_build_system] Error 1
[1.638s] Invoked command in '/home/advay/mrt/build/tutorial_interfaces' returned '2': CMAKE_PREFIX_PATH=${CMAKE_PREFIX_PATH}:/home/advay/mrt/install/aruco_srvcli:/home/advay/erc_ws/install/week1_tutorials:/home/advay/erc_ws/install/week0_tutorials:/home/advay/erc_ws/install/task_1:/home/advay/erc_ws/install/sherlock:/home/advay/erc_ws/install/mrs_hudson:/home/advay/erc_ws/install/ep3:/home/advay/erc_ws/src/install/week1_tutorials:/home/advay/erc_ws/src/install/week0_tutorials:/home/advay/erc_ws/src/install/task_1:/home/advay/erc_ws/src/install/sherlock:/opt/ros/humble /usr/bin/cmake --build /home/advay/mrt/build/tutorial_interfaces -- -j4 -l4
