[2.894s] DEBUG:colcon:Command line arguments: ['/usr/bin/colcon', 'build', '--packages-select', 'aruco_srvcli']
[2.894s] DEBUG:colcon:Parsed command line arguments: Namespace(log_base=None, log_level=None, verb_name='build', build_base='build', install_base='install', merge_install=False, symlink_install=False, test_result_base=None, continue_on_error=False, executor='parallel', parallel_workers=4, event_handlers=None, ignore_user_meta=False, metas=['./colcon.meta'], base_paths=['.'], packages_ignore=None, packages_ignore_regex=None, paths=None, packages_up_to=None, packages_up_to_regex=None, packages_above=None, packages_above_and_dependencies=None, packages_above_depth=None, packages_select_by_dep=None, packages_skip_by_dep=None, packages_skip_up_to=None, packages_select_build_failed=False, packages_skip_build_finished=False, packages_select_test_failures=False, packages_skip_test_passed=False, packages_select=['aruco_srvcli'], packages_skip=None, packages_select_regex=None, packages_skip_regex=None, packages_start=None, packages_end=None, allow_overriding=[], cmake_args=None, cmake_target=None, cmake_target_skip_unavailable=False, cmake_clean_cache=False, cmake_clean_first=False, cmake_force_configure=False, ament_cmake_args=None, catkin_cmake_args=None, catkin_skip_building_tests=False, verb_parser=<colcon_defaults.argument_parser.defaults.DefaultArgumentsDecorator object at 0x7fa352aef280>, verb_extension=<colcon_core.verb.build.BuildVerb object at 0x7fa352aef6d0>, main=<bound method BuildVerb.main of <colcon_core.verb.build.BuildVerb object at 0x7fa352aef6d0>>)
[3.013s] Level 1:colcon.colcon_core.package_discovery:discover_packages(colcon_meta) check parameters
[3.014s] Level 1:colcon.colcon_core.package_discovery:discover_packages(recursive) check parameters
[3.014s] Level 1:colcon.colcon_core.package_discovery:discover_packages(ignore) check parameters
[3.014s] Level 1:colcon.colcon_core.package_discovery:discover_packages(path) check parameters
[3.014s] Level 1:colcon.colcon_core.package_discovery:discover_packages(colcon_meta) discover
[3.014s] Level 1:colcon.colcon_core.package_discovery:discover_packages(recursive) discover
[3.014s] INFO:colcon.colcon_core.package_discovery:Crawling recursively for packages in '/home/advay/mrt'
[3.014s] Level 1:colcon.colcon_core.package_identification:_identify(.) by extensions ['ignore', 'ignore_ament_install']
[3.014s] Level 1:colcon.colcon_core.package_identification:_identify(.) by extension 'ignore'
[3.015s] Level 1:colcon.colcon_core.package_identification:_identify(.) by extension 'ignore_ament_install'
[3.015s] Level 1:colcon.colcon_core.package_identification:_identify(.) by extensions ['colcon_pkg']
[3.015s] Level 1:colcon.colcon_core.package_identification:_identify(.) by extension 'colcon_pkg'
[3.015s] Level 1:colcon.colcon_core.package_identification:_identify(.) by extensions ['colcon_meta']
[3.015s] Level 1:colcon.colcon_core.package_identification:_identify(.) by extension 'colcon_meta'
[3.015s] Level 1:colcon.colcon_core.package_identification:_identify(.) by extensions ['ros']
[3.015s] Level 1:colcon.colcon_core.package_identification:_identify(.) by extension 'ros'
[3.041s] Level 1:colcon.colcon_core.package_identification:_identify(.) by extensions ['cmake', 'python']
[3.041s] Level 1:colcon.colcon_core.package_identification:_identify(.) by extension 'cmake'
[3.041s] Level 1:colcon.colcon_core.package_identification:_identify(.) by extension 'python'
[3.041s] Level 1:colcon.colcon_core.package_identification:_identify(.) by extensions ['python_setup_py']
[3.042s] Level 1:colcon.colcon_core.package_identification:_identify(.) by extension 'python_setup_py'
[3.042s] Level 1:colcon.colcon_core.package_identification:_identify(build) by extensions ['ignore', 'ignore_ament_install']
[3.042s] Level 1:colcon.colcon_core.package_identification:_identify(build) by extension 'ignore'
[3.043s] Level 1:colcon.colcon_core.package_identification:_identify(build) ignored
[3.043s] Level 1:colcon.colcon_core.package_identification:_identify(install) by extensions ['ignore', 'ignore_ament_install']
[3.043s] Level 1:colcon.colcon_core.package_identification:_identify(install) by extension 'ignore'
[3.044s] Level 1:colcon.colcon_core.package_identification:_identify(install) ignored
[3.044s] Level 1:colcon.colcon_core.package_identification:_identify(log) by extensions ['ignore', 'ignore_ament_install']
[3.045s] Level 1:colcon.colcon_core.package_identification:_identify(log) by extension 'ignore'
[3.045s] Level 1:colcon.colcon_core.package_identification:_identify(log) ignored
[3.045s] Level 1:colcon.colcon_core.package_identification:_identify(src) by extensions ['ignore', 'ignore_ament_install']
[3.045s] Level 1:colcon.colcon_core.package_identification:_identify(src) by extension 'ignore'
[3.046s] Level 1:colcon.colcon_core.package_identification:_identify(src) by extension 'ignore_ament_install'
[3.046s] Level 1:colcon.colcon_core.package_identification:_identify(src) by extensions ['colcon_pkg']
[3.046s] Level 1:colcon.colcon_core.package_identification:_identify(src) by extension 'colcon_pkg'
[3.046s] Level 1:colcon.colcon_core.package_identification:_identify(src) by extensions ['colcon_meta']
[3.047s] Level 1:colcon.colcon_core.package_identification:_identify(src) by extension 'colcon_meta'
[3.047s] Level 1:colcon.colcon_core.package_identification:_identify(src) by extensions ['ros']
[3.047s] Level 1:colcon.colcon_core.package_identification:_identify(src) by extension 'ros'
[3.047s] Level 1:colcon.colcon_core.package_identification:_identify(src) by extensions ['cmake', 'python']
[3.047s] Level 1:colcon.colcon_core.package_identification:_identify(src) by extension 'cmake'
[3.048s] Level 1:colcon.colcon_core.package_identification:_identify(src) by extension 'python'
[3.048s] Level 1:colcon.colcon_core.package_identification:_identify(src) by extensions ['python_setup_py']
[3.048s] Level 1:colcon.colcon_core.package_identification:_identify(src) by extension 'python_setup_py'
[3.048s] Level 1:colcon.colcon_core.package_identification:_identify(src/aruco_srvcli) by extensions ['ignore', 'ignore_ament_install']
[3.049s] Level 1:colcon.colcon_core.package_identification:_identify(src/aruco_srvcli) by extension 'ignore'
[3.049s] Level 1:colcon.colcon_core.package_identification:_identify(src/aruco_srvcli) by extension 'ignore_ament_install'
[3.049s] Level 1:colcon.colcon_core.package_identification:_identify(src/aruco_srvcli) by extensions ['colcon_pkg']
[3.049s] Level 1:colcon.colcon_core.package_identification:_identify(src/aruco_srvcli) by extension 'colcon_pkg'
[3.050s] Level 1:colcon.colcon_core.package_identification:_identify(src/aruco_srvcli) by extensions ['colcon_meta']
[3.050s] Level 1:colcon.colcon_core.package_identification:_identify(src/aruco_srvcli) by extension 'colcon_meta'
[3.050s] Level 1:colcon.colcon_core.package_identification:_identify(src/aruco_srvcli) by extensions ['ros']
[3.050s] Level 1:colcon.colcon_core.package_identification:_identify(src/aruco_srvcli) by extension 'ros'
[3.063s] DEBUG:colcon.colcon_core.package_identification:Package 'src/aruco_srvcli' with type 'ros.ament_python' and name 'aruco_srvcli'
[3.064s] Level 1:colcon.colcon_core.package_identification:_identify(src/tutorial_interfaces) by extensions ['ignore', 'ignore_ament_install']
[3.064s] Level 1:colcon.colcon_core.package_identification:_identify(src/tutorial_interfaces) by extension 'ignore'
[3.064s] Level 1:colcon.colcon_core.package_identification:_identify(src/tutorial_interfaces) by extension 'ignore_ament_install'
[3.065s] Level 1:colcon.colcon_core.package_identification:_identify(src/tutorial_interfaces) by extensions ['colcon_pkg']
[3.065s] Level 1:colcon.colcon_core.package_identification:_identify(src/tutorial_interfaces) by extension 'colcon_pkg'
[3.065s] Level 1:colcon.colcon_core.package_identification:_identify(src/tutorial_interfaces) by extensions ['colcon_meta']
[3.065s] Level 1:colcon.colcon_core.package_identification:_identify(src/tutorial_interfaces) by extension 'colcon_meta'
[3.066s] Level 1:colcon.colcon_core.package_identification:_identify(src/tutorial_interfaces) by extensions ['ros']
[3.066s] Level 1:colcon.colcon_core.package_identification:_identify(src/tutorial_interfaces) by extension 'ros'
[3.069s] DEBUG:colcon.colcon_core.package_identification:Package 'src/tutorial_interfaces' with type 'ros.ament_cmake' and name 'tutorial_interfaces'
[3.070s] Level 1:colcon.colcon_core.package_discovery:discover_packages(recursive) using defaults
[3.070s] Level 1:colcon.colcon_core.package_discovery:discover_packages(ignore) discover
[3.070s] Level 1:colcon.colcon_core.package_discovery:discover_packages(ignore) using defaults
[3.070s] Level 1:colcon.colcon_core.package_discovery:discover_packages(path) discover
[3.070s] Level 1:colcon.colcon_core.package_discovery:discover_packages(path) using defaults
[3.321s] INFO:colcon.colcon_core.package_selection:Skipping not selected package 'tutorial_interfaces' in 'src/tutorial_interfaces'
[3.398s] Level 1:colcon.colcon_core.package_discovery:discover_packages(prefix_path) check parameters
[3.398s] Level 1:colcon.colcon_core.package_discovery:discover_packages(prefix_path) discover
[3.481s] DEBUG:colcon.colcon_installed_package_information.package_discovery:Found 2 installed packages in /home/advay/mrt/install
[3.592s] DEBUG:colcon.colcon_installed_package_information.package_discovery:Found 6 installed packages in /home/advay/erc_ws/install
[3.638s] DEBUG:colcon.colcon_installed_package_information.package_discovery:Found 4 installed packages in /home/advay/erc_ws/src/install
[3.683s] DEBUG:colcon.colcon_installed_package_information.package_discovery:Found 309 installed packages in /opt/ros/humble
[3.686s] Level 1:colcon.colcon_core.package_discovery:discover_packages(prefix_path) using defaults
[3.904s] Level 5:colcon.colcon_core.verb:set package 'aruco_srvcli' build argument 'cmake_args' from command line to 'None'
[3.904s] Level 5:colcon.colcon_core.verb:set package 'aruco_srvcli' build argument 'cmake_target' from command line to 'None'
[3.904s] Level 5:colcon.colcon_core.verb:set package 'aruco_srvcli' build argument 'cmake_target_skip_unavailable' from command line to 'False'
[3.904s] Level 5:colcon.colcon_core.verb:set package 'aruco_srvcli' build argument 'cmake_clean_cache' from command line to 'False'
[3.904s] Level 5:colcon.colcon_core.verb:set package 'aruco_srvcli' build argument 'cmake_clean_first' from command line to 'False'
[3.904s] Level 5:colcon.colcon_core.verb:set package 'aruco_srvcli' build argument 'cmake_force_configure' from command line to 'False'
[3.904s] Level 5:colcon.colcon_core.verb:set package 'aruco_srvcli' build argument 'ament_cmake_args' from command line to 'None'
[3.905s] Level 5:colcon.colcon_core.verb:set package 'aruco_srvcli' build argument 'catkin_cmake_args' from command line to 'None'
[3.905s] Level 5:colcon.colcon_core.verb:set package 'aruco_srvcli' build argument 'catkin_skip_building_tests' from command line to 'False'
[3.905s] DEBUG:colcon.colcon_core.verb:Building package 'aruco_srvcli' with the following arguments: {'ament_cmake_args': None, 'build_base': '/home/advay/mrt/build/aruco_srvcli', 'catkin_cmake_args': None, 'catkin_skip_building_tests': False, 'cmake_args': None, 'cmake_clean_cache': False, 'cmake_clean_first': False, 'cmake_force_configure': False, 'cmake_target': None, 'cmake_target_skip_unavailable': False, 'install_base': '/home/advay/mrt/install/aruco_srvcli', 'merge_install': False, 'path': '/home/advay/mrt/src/aruco_srvcli', 'symlink_install': False, 'test_result_base': None}
[3.941s] INFO:colcon.colcon_core.executor:Executing jobs using 'parallel' executor
[3.981s] DEBUG:colcon.colcon_parallel_executor.executor.parallel:run_until_complete
[3.982s] INFO:colcon.colcon_ros.task.ament_python.build:Building ROS package in '/home/advay/mrt/src/aruco_srvcli' with build type 'ament_python'
[3.982s] Level 1:colcon.colcon_core.shell:create_environment_hook('aruco_srvcli', 'ament_prefix_path')
[4.032s] INFO:colcon.colcon_core.plugin_system:Skipping extension 'colcon_core.shell.bat': Not used on non-Windows systems
[4.033s] INFO:colcon.colcon_core.shell:Creating environment hook '/home/advay/mrt/install/aruco_srvcli/share/aruco_srvcli/hook/ament_prefix_path.ps1'
[4.034s] INFO:colcon.colcon_core.shell:Creating environment descriptor '/home/advay/mrt/install/aruco_srvcli/share/aruco_srvcli/hook/ament_prefix_path.dsv'
[4.035s] INFO:colcon.colcon_core.shell:Creating environment hook '/home/advay/mrt/install/aruco_srvcli/share/aruco_srvcli/hook/ament_prefix_path.sh'
[4.076s] INFO:colcon.colcon_core.shell:Skip shell extension 'powershell' for command environment: Not usable outside of PowerShell
[4.076s] DEBUG:colcon.colcon_core.shell:Skip shell extension 'dsv' for command environment
[5.080s] INFO:colcon.colcon_core.task.python.build:Building Python package in '/home/advay/mrt/src/aruco_srvcli'
[5.138s] INFO:colcon.colcon_core.shell:Skip shell extension 'powershell' for command environment: Not usable outside of PowerShell
[5.139s] DEBUG:colcon.colcon_core.shell:Skip shell extension 'dsv' for command environment
[6.656s] DEBUG:colcon.colcon_core.event_handler.log_command:Invoking command in '/home/advay/mrt/src/aruco_srvcli': PYTHONPATH=/home/advay/mrt/build/aruco_srvcli/prefix_override:/home/advay/mrt/install/aruco_srvcli/lib/python3.10/site-packages:${PYTHONPATH} /usr/bin/python3 setup.py egg_info --egg-base ../../build/aruco_srvcli build --build-base /home/advay/mrt/build/aruco_srvcli/build install --record /home/advay/mrt/build/aruco_srvcli/install.log --single-version-externally-managed
[8.162s] DEBUG:colcon.colcon_core.event_handler.log_command:Invoked command in '/home/advay/mrt/src/aruco_srvcli' returned '0': PYTHONPATH=/home/advay/mrt/build/aruco_srvcli/prefix_override:/home/advay/mrt/install/aruco_srvcli/lib/python3.10/site-packages:${PYTHONPATH} /usr/bin/python3 setup.py egg_info --egg-base ../../build/aruco_srvcli build --build-base /home/advay/mrt/build/aruco_srvcli/build install --record /home/advay/mrt/build/aruco_srvcli/install.log --single-version-externally-managed
[8.269s] Level 1:colcon.colcon_core.environment:checking '/home/advay/mrt/install/aruco_srvcli' for CMake module files
[8.271s] Level 1:colcon.colcon_core.environment:checking '/home/advay/mrt/install/aruco_srvcli' for CMake config files
[8.274s] Level 1:colcon.colcon_core.environment:checking '/home/advay/mrt/install/aruco_srvcli/lib'
[8.275s] Level 1:colcon.colcon_core.environment:checking '/home/advay/mrt/install/aruco_srvcli/bin'
[8.275s] Level 1:colcon.colcon_core.environment:checking '/home/advay/mrt/install/aruco_srvcli/lib/pkgconfig/aruco_srvcli.pc'
[8.276s] Level 1:colcon.colcon_core.environment:checking '/home/advay/mrt/install/aruco_srvcli/lib/python3.10/site-packages'
[8.277s] Level 1:colcon.colcon_core.shell:create_environment_hook('aruco_srvcli', 'pythonpath')
[8.386s] INFO:colcon.colcon_core.shell:Creating environment hook '/home/advay/mrt/install/aruco_srvcli/share/aruco_srvcli/hook/pythonpath.ps1'
[8.470s] INFO:colcon.colcon_core.shell:Creating environment descriptor '/home/advay/mrt/install/aruco_srvcli/share/aruco_srvcli/hook/pythonpath.dsv'
[8.471s] INFO:colcon.colcon_core.shell:Creating environment hook '/home/advay/mrt/install/aruco_srvcli/share/aruco_srvcli/hook/pythonpath.sh'
[8.473s] Level 1:colcon.colcon_core.environment:checking '/home/advay/mrt/install/aruco_srvcli/bin'
[8.473s] Level 1:colcon.colcon_core.environment:create_environment_scripts_only(aruco_srvcli)
[8.548s] INFO:colcon.colcon_core.shell:Creating package script '/home/advay/mrt/install/aruco_srvcli/share/aruco_srvcli/package.ps1'
[8.550s] INFO:colcon.colcon_core.shell:Creating package descriptor '/home/advay/mrt/install/aruco_srvcli/share/aruco_srvcli/package.dsv'
[8.552s] INFO:colcon.colcon_core.shell:Creating package script '/home/advay/mrt/install/aruco_srvcli/share/aruco_srvcli/package.sh'
[8.555s] INFO:colcon.colcon_core.shell:Creating package script '/home/advay/mrt/install/aruco_srvcli/share/aruco_srvcli/package.bash'
[8.557s] INFO:colcon.colcon_core.shell:Creating package script '/home/advay/mrt/install/aruco_srvcli/share/aruco_srvcli/package.zsh'
[8.559s] Level 1:colcon.colcon_core.environment:create_file_with_runtime_dependencies(/home/advay/mrt/install/aruco_srvcli/share/colcon-core/packages/aruco_srvcli)
[8.560s] DEBUG:colcon.colcon_parallel_executor.executor.parallel:closing loop
[8.561s] DEBUG:colcon.colcon_parallel_executor.executor.parallel:loop closed
[8.562s] DEBUG:colcon.colcon_parallel_executor.executor.parallel:run_until_complete finished with '0'
[8.562s] DEBUG:colcon.colcon_core.event_reactor:joining thread
[8.658s] INFO:colcon.colcon_core.plugin_system:Skipping extension 'colcon_notification.desktop_notification.terminal_notifier': Not used on non-Darwin systems
[8.658s] INFO:colcon.colcon_core.plugin_system:Skipping extension 'colcon_notification.desktop_notification.win32': Not used on non-Windows systems
[8.658s] INFO:colcon.colcon_notification.desktop_notification:Sending desktop notification using 'notify2'
[8.697s] DEBUG:colcon.colcon_core.event_reactor:joined thread
[8.779s] INFO:colcon.colcon_core.shell:Creating prefix script '/home/advay/mrt/install/local_setup.ps1'
[8.783s] INFO:colcon.colcon_core.shell:Creating prefix util module '/home/advay/mrt/install/_local_setup_util_ps1.py'
[8.788s] INFO:colcon.colcon_core.shell:Creating prefix chain script '/home/advay/mrt/install/setup.ps1'
[8.876s] INFO:colcon.colcon_core.shell:Creating prefix script '/home/advay/mrt/install/local_setup.sh'
[8.878s] INFO:colcon.colcon_core.shell:Creating prefix util module '/home/advay/mrt/install/_local_setup_util_sh.py'
[8.880s] INFO:colcon.colcon_core.shell:Creating prefix chain script '/home/advay/mrt/install/setup.sh'
[8.960s] INFO:colcon.colcon_core.shell:Creating prefix script '/home/advay/mrt/install/local_setup.bash'
[8.961s] INFO:colcon.colcon_core.shell:Creating prefix chain script '/home/advay/mrt/install/setup.bash'
[9.051s] INFO:colcon.colcon_core.shell:Creating prefix script '/home/advay/mrt/install/local_setup.zsh'
[9.053s] INFO:colcon.colcon_core.shell:Creating prefix chain script '/home/advay/mrt/install/setup.zsh'
