[0.319s] Invoking command in '/home/advay/mrt/build/tutorial_interfaces': CMAKE_PREFIX_PATH=${CMAKE_PREFIX_PATH}:/home/advay/mrt/install/aruco_srvcli:/home/advay/erc_ws/install/week1_tutorials:/home/advay/erc_ws/install/week0_tutorials:/home/advay/erc_ws/install/task_1:/home/advay/erc_ws/install/sherlock:/home/advay/erc_ws/install/mrs_hudson:/home/advay/erc_ws/install/ep3:/home/advay/erc_ws/src/install/week1_tutorials:/home/advay/erc_ws/src/install/week0_tutorials:/home/advay/erc_ws/src/install/task_1:/home/advay/erc_ws/src/install/sherlock:/opt/ros/humble /usr/bin/cmake --build /home/advay/mrt/build/tutorial_interfaces -- -j4 -l4
[0.390s] -- Found ament_cmake: 1.3.6 (/opt/ros/humble/share/ament_cmake/cmake)
[0.835s] -- Found geometry_msgs: 4.2.3 (/opt/ros/humble/share/geometry_msgs/cmake)
[0.909s] -- Found rosidl_generator_c: 3.1.5 (/opt/ros/humble/share/rosidl_generator_c/cmake)
[0.917s] -- Found rosidl_adapter: 3.1.5 (/opt/ros/humble/share/rosidl_adapter/cmake)
[0.934s] -- Found rosidl_generator_cpp: 3.1.5 (/opt/ros/humble/share/rosidl_generator_cpp/cmake)
[0.968s] -- Using all available rosidl_typesupport_c: rosidl_typesupport_fastrtps_c;rosidl_typesupport_introspection_c
[1.020s] -- Using all available rosidl_typesupport_cpp: rosidl_typesupport_fastrtps_cpp;rosidl_typesupport_introspection_cpp
[1.387s] -- Found rosidl_default_generators: 1.2.0 (/opt/ros/humble/share/rosidl_default_generators/cmake)
[1.410s] -- Found sensor_msgs: 4.2.3 (/opt/ros/humble/share/sensor_msgs/cmake)
[2.801s] -- Found ament_cmake_ros: 0.10.0 (/opt/ros/humble/share/ament_cmake_ros/cmake)
[4.664s] -- Using all available rosidl_typesupport_c: rosidl_typesupport_fastrtps_c;rosidl_typesupport_introspection_c
[5.429s] -- Using all available rosidl_typesupport_cpp: rosidl_typesupport_fastrtps_cpp;rosidl_typesupport_introspection_cpp
[5.532s] -- Found python_cmake_module: 0.10.0 (/opt/ros/humble/share/python_cmake_module/cmake)
[5.634s] -- Using PYTHON_EXECUTABLE: /usr/bin/python3
[5.634s] -- Using PYTHON_INCLUDE_DIRS: /usr/include/python3.10
[5.634s] -- Using PYTHON_LIBRARIES: /usr/lib/x86_64-linux-gnu/libpython3.10.so
[5.866s] -- Found ament_lint_auto: 0.12.9 (/opt/ros/humble/share/ament_lint_auto/cmake)
[5.902s] -- Added test 'lint_cmake' to check CMake code style
[5.907s] -- Added test 'xmllint' to check XML markup files
[5.913s] -- Configuring done
[6.079s] -- Generating done
[6.098s] -- Build files have been written to: /home/advay/mrt/build/tutorial_interfaces
[6.197s] [35m[1mConsolidate compiler generated dependencies of target tutorial_interfaces__rosidl_generator_c[0m
[6.257s] [  1%] [32mBuilding C object CMakeFiles/tutorial_interfaces__rosidl_generator_c.dir/rosidl_generator_c/tutorial_interfaces/msg/detail/threed__functions.c.o[0m
[6.270s] [  3%] [32mBuilding C object CMakeFiles/tutorial_interfaces__rosidl_generator_c.dir/rosidl_generator_c/tutorial_interfaces/msg/detail/oned__functions.c.o[0m
[6.280s] [  5%] Built target tutorial_interfaces__cpp
[6.317s] [  5%] Built target ament_cmake_python_copy_tutorial_interfaces
[6.332s] [  7%] [32mBuilding C object CMakeFiles/tutorial_interfaces__rosidl_generator_c.dir/rosidl_generator_c/tutorial_interfaces/msg/detail/aruco__functions.c.o[0m
[6.428s] [35m[1mConsolidate compiler generated dependencies of target tutorial_interfaces__rosidl_typesupport_cpp[0m
[6.516s] [  9%] [32mBuilding CXX object CMakeFiles/tutorial_interfaces__rosidl_typesupport_cpp.dir/rosidl_typesupport_cpp/tutorial_interfaces/msg/threed__type_support.cpp.o[0m
[6.669s] [ 10%] [32mBuilding C object CMakeFiles/tutorial_interfaces__rosidl_generator_c.dir/rosidl_generator_c/tutorial_interfaces/srv/detail/image__functions.c.o[0m
[6.723s] [35m[1mConsolidate compiler generated dependencies of target tutorial_interfaces__rosidl_typesupport_fastrtps_cpp[0m
[6.737s] [35m[1mConsolidate compiler generated dependencies of target tutorial_interfaces__rosidl_typesupport_introspection_cpp[0m
[6.821s] [ 12%] [32mBuilding CXX object CMakeFiles/tutorial_interfaces__rosidl_typesupport_fastrtps_cpp.dir/rosidl_typesupport_fastrtps_cpp/tutorial_interfaces/msg/detail/dds_fastrtps/threed__type_support.cpp.o[0m
[6.869s] [ 14%] [32mBuilding CXX object CMakeFiles/tutorial_interfaces__rosidl_typesupport_introspection_cpp.dir/rosidl_typesupport_introspection_cpp/tutorial_interfaces/msg/detail/threed__type_support.cpp.o[0m
[7.103s] [ 16%] [32m[1mLinking C shared library libtutorial_interfaces__rosidl_generator_c.so[0m
[7.500s] [ 18%] Built target tutorial_interfaces__rosidl_generator_c
[8.440s] [ 20%] [32mBuilding CXX object CMakeFiles/tutorial_interfaces__rosidl_typesupport_cpp.dir/rosidl_typesupport_cpp/tutorial_interfaces/msg/oned__type_support.cpp.o[0m
[9.785s] [ 21%] [32mBuilding CXX object CMakeFiles/tutorial_interfaces__rosidl_typesupport_introspection_cpp.dir/rosidl_typesupport_introspection_cpp/tutorial_interfaces/msg/detail/oned__type_support.cpp.o[0m
[9.986s] running egg_info
[9.994s] writing tutorial_interfaces.egg-info/PKG-INFO
[9.998s] writing dependency_links to tutorial_interfaces.egg-info/dependency_links.txt
[10.003s] writing top-level names to tutorial_interfaces.egg-info/top_level.txt
[10.029s] reading manifest file 'tutorial_interfaces.egg-info/SOURCES.txt'
[10.037s] writing manifest file 'tutorial_interfaces.egg-info/SOURCES.txt'
[10.174s] [ 23%] [32mBuilding CXX object CMakeFiles/tutorial_interfaces__rosidl_typesupport_fastrtps_cpp.dir/rosidl_typesupport_fastrtps_cpp/tutorial_interfaces/msg/detail/dds_fastrtps/oned__type_support.cpp.o[0m
[10.185s] [ 23%] Built target ament_cmake_python_build_tutorial_interfaces_egg
[10.196s] [ 25%] [32mBuilding CXX object CMakeFiles/tutorial_interfaces__rosidl_typesupport_cpp.dir/rosidl_typesupport_cpp/tutorial_interfaces/msg/aruco__type_support.cpp.o[0m
[10.261s] [ 27%] [34m[1mGenerating C type support for eProsima Fast-RTPS[0m
[12.040s] [ 29%] [32mBuilding CXX object CMakeFiles/tutorial_interfaces__rosidl_typesupport_cpp.dir/rosidl_typesupport_cpp/tutorial_interfaces/srv/image__type_support.cpp.o[0m
[12.525s] [ 30%] [32mBuilding CXX object CMakeFiles/tutorial_interfaces__rosidl_typesupport_introspection_cpp.dir/rosidl_typesupport_introspection_cpp/tutorial_interfaces/msg/detail/aruco__type_support.cpp.o[0m
[13.108s] [ 32%] [32mBuilding CXX object CMakeFiles/tutorial_interfaces__rosidl_typesupport_fastrtps_cpp.dir/rosidl_typesupport_fastrtps_cpp/tutorial_interfaces/msg/detail/dds_fastrtps/aruco__type_support.cpp.o[0m
[13.440s] [35m[1mConsolidate compiler generated dependencies of target tutorial_interfaces__rosidl_typesupport_fastrtps_c[0m
[13.524s] [ 34%] [32mBuilding CXX object CMakeFiles/tutorial_interfaces__rosidl_typesupport_fastrtps_c.dir/rosidl_typesupport_fastrtps_c/tutorial_interfaces/msg/detail/threed__type_support_c.cpp.o[0m
[14.035s] [ 36%] [32m[1mLinking CXX shared library libtutorial_interfaces__rosidl_typesupport_cpp.so[0m
[14.448s] [ 38%] Built target tutorial_interfaces__rosidl_typesupport_cpp
[14.497s] [ 40%] [32mBuilding CXX object CMakeFiles/tutorial_interfaces__rosidl_typesupport_fastrtps_cpp.dir/rosidl_typesupport_fastrtps_cpp/tutorial_interfaces/srv/detail/dds_fastrtps/image__type_support.cpp.o[0m
[15.290s] [ 41%] [32mBuilding CXX object CMakeFiles/tutorial_interfaces__rosidl_typesupport_introspection_cpp.dir/rosidl_typesupport_introspection_cpp/tutorial_interfaces/srv/detail/image__type_support.cpp.o[0m
[15.722s] [ 43%] [34m[1mGenerating C introspection for ROS interfaces[0m
[15.887s] [ 45%] [32mBuilding CXX object CMakeFiles/tutorial_interfaces__rosidl_typesupport_fastrtps_c.dir/rosidl_typesupport_fastrtps_c/tutorial_interfaces/msg/detail/oned__type_support_c.cpp.o[0m
[18.069s] [ 47%] [32m[1mLinking CXX shared library libtutorial_interfaces__rosidl_typesupport_fastrtps_cpp.so[0m
[18.529s] [ 49%] [32mBuilding CXX object CMakeFiles/tutorial_interfaces__rosidl_typesupport_fastrtps_c.dir/rosidl_typesupport_fastrtps_c/tutorial_interfaces/msg/detail/aruco__type_support_c.cpp.o[0m
[18.600s] [ 50%] Built target tutorial_interfaces__rosidl_typesupport_fastrtps_cpp
[18.664s] [ 52%] [34m[1mGenerating C type support dispatch for ROS interfaces[0m
[18.771s] [ 54%] [32m[1mLinking CXX shared library libtutorial_interfaces__rosidl_typesupport_introspection_cpp.so[0m
[18.813s] [35m[1mConsolidate compiler generated dependencies of target tutorial_interfaces__rosidl_typesupport_introspection_c[0m
[18.902s] [ 56%] [32mBuilding C object CMakeFiles/tutorial_interfaces__rosidl_typesupport_introspection_c.dir/rosidl_typesupport_introspection_c/tutorial_interfaces/msg/detail/threed__type_support.c.o[0m
[19.133s] [ 58%] [32mBuilding C object CMakeFiles/tutorial_interfaces__rosidl_typesupport_introspection_c.dir/rosidl_typesupport_introspection_c/tutorial_interfaces/msg/detail/oned__type_support.c.o[0m
[19.383s] [ 60%] [32mBuilding C object CMakeFiles/tutorial_interfaces__rosidl_typesupport_introspection_c.dir/rosidl_typesupport_introspection_c/tutorial_interfaces/msg/detail/aruco__type_support.c.o[0m
[19.390s] [ 61%] Built target tutorial_interfaces__rosidl_typesupport_introspection_cpp
[19.443s] [ 63%] [32mBuilding C object CMakeFiles/tutorial_interfaces__rosidl_typesupport_introspection_c.dir/rosidl_typesupport_introspection_c/tutorial_interfaces/srv/detail/image__type_support.c.o[0m
[19.642s] [ 65%] [32mBuilding CXX object CMakeFiles/tutorial_interfaces__rosidl_typesupport_fastrtps_c.dir/rosidl_typesupport_fastrtps_c/tutorial_interfaces/srv/detail/image__type_support_c.cpp.o[0m
[19.728s] [ 67%] [32m[1mLinking C shared library libtutorial_interfaces__rosidl_typesupport_introspection_c.so[0m
[19.990s] [ 67%] Built target tutorial_interfaces__rosidl_typesupport_introspection_c
[20.652s] [35m[1mConsolidate compiler generated dependencies of target tutorial_interfaces__rosidl_typesupport_c[0m
[20.716s] [ 69%] [32mBuilding CXX object CMakeFiles/tutorial_interfaces__rosidl_typesupport_c.dir/rosidl_typesupport_c/tutorial_interfaces/msg/oned__type_support.cpp.o[0m
[20.731s] [ 70%] [32mBuilding CXX object CMakeFiles/tutorial_interfaces__rosidl_typesupport_c.dir/rosidl_typesupport_c/tutorial_interfaces/msg/threed__type_support.cpp.o[0m
[20.885s] [ 72%] [32mBuilding CXX object CMakeFiles/tutorial_interfaces__rosidl_typesupport_c.dir/rosidl_typesupport_c/tutorial_interfaces/msg/aruco__type_support.cpp.o[0m
[20.930s] [ 74%] [32mBuilding CXX object CMakeFiles/tutorial_interfaces__rosidl_typesupport_c.dir/rosidl_typesupport_c/tutorial_interfaces/srv/image__type_support.cpp.o[0m
[21.102s] [ 76%] [32m[1mLinking CXX shared library libtutorial_interfaces__rosidl_typesupport_c.so[0m
[21.308s] [ 76%] Built target tutorial_interfaces__rosidl_typesupport_c
[21.619s] [ 78%] [32m[1mLinking CXX shared library libtutorial_interfaces__rosidl_typesupport_fastrtps_c.so[0m
[21.967s] [ 78%] Built target tutorial_interfaces__rosidl_typesupport_fastrtps_c
[22.041s] [ 78%] Built target tutorial_interfaces
[22.118s] [ 80%] [34m[1mGenerating Python code for ROS interfaces[0m
[24.493s] [ 80%] Built target tutorial_interfaces__py
[24.534s] [35m[1mConsolidate compiler generated dependencies of target tutorial_interfaces__rosidl_generator_py[0m
[24.614s] [ 81%] [32mBuilding C object CMakeFiles/tutorial_interfaces__rosidl_generator_py.dir/rosidl_generator_py/tutorial_interfaces/msg/_oned_s.c.o[0m
[24.615s] [ 83%] [32mBuilding C object CMakeFiles/tutorial_interfaces__rosidl_generator_py.dir/rosidl_generator_py/tutorial_interfaces/msg/_threed_s.c.o[0m
[24.616s] [ 87%] [32mBuilding C object CMakeFiles/tutorial_interfaces__rosidl_generator_py.dir/rosidl_generator_py/tutorial_interfaces/msg/_aruco_s.c.o[0m
[24.617s] [ 87%] [32mBuilding C object CMakeFiles/tutorial_interfaces__rosidl_generator_py.dir/rosidl_generator_py/tutorial_interfaces/srv/_image_s.c.o[0m
[25.408s] [ 89%] [32m[1mLinking C shared library rosidl_generator_py/tutorial_interfaces/libtutorial_interfaces__rosidl_generator_py.so[0m
[25.600s] [ 89%] Built target tutorial_interfaces__rosidl_generator_py
[25.646s] [35m[1mConsolidate compiler generated dependencies of target tutorial_interfaces__rosidl_typesupport_c__pyext[0m
[25.662s] [35m[1mConsolidate compiler generated dependencies of target tutorial_interfaces__rosidl_typesupport_fastrtps_c__pyext[0m
[25.663s] [35m[1mConsolidate compiler generated dependencies of target tutorial_interfaces__rosidl_typesupport_introspection_c__pyext[0m
[25.730s] [ 90%] [32mBuilding C object CMakeFiles/tutorial_interfaces__rosidl_typesupport_introspection_c__pyext.dir/rosidl_generator_py/tutorial_interfaces/_tutorial_interfaces_s.ep.rosidl_typesupport_introspection_c.c.o[0m
[25.736s] [ 94%] [32mBuilding C object CMakeFiles/tutorial_interfaces__rosidl_typesupport_fastrtps_c__pyext.dir/rosidl_generator_py/tutorial_interfaces/_tutorial_interfaces_s.ep.rosidl_typesupport_fastrtps_c.c.o[0m
[25.737s] [ 94%] [32mBuilding C object CMakeFiles/tutorial_interfaces__rosidl_typesupport_c__pyext.dir/rosidl_generator_py/tutorial_interfaces/_tutorial_interfaces_s.ep.rosidl_typesupport_c.c.o[0m
[26.479s] [ 96%] [32m[1mLinking C shared library rosidl_generator_py/tutorial_interfaces/tutorial_interfaces_s__rosidl_typesupport_introspection_c.cpython-310-x86_64-linux-gnu.so[0m
[26.482s] [ 98%] [32m[1mLinking C shared library rosidl_generator_py/tutorial_interfaces/tutorial_interfaces_s__rosidl_typesupport_fastrtps_c.cpython-310-x86_64-linux-gnu.so[0m
[26.634s] [100%] [32m[1mLinking C shared library rosidl_generator_py/tutorial_interfaces/tutorial_interfaces_s__rosidl_typesupport_c.cpython-310-x86_64-linux-gnu.so[0m
[26.707s] [100%] Built target tutorial_interfaces__rosidl_typesupport_introspection_c__pyext
[26.731s] [100%] Built target tutorial_interfaces__rosidl_typesupport_fastrtps_c__pyext
[26.861s] [100%] Built target tutorial_interfaces__rosidl_typesupport_c__pyext
[26.907s] Invoked command in '/home/advay/mrt/build/tutorial_interfaces' returned '0': CMAKE_PREFIX_PATH=${CMAKE_PREFIX_PATH}:/home/advay/mrt/install/aruco_srvcli:/home/advay/erc_ws/install/week1_tutorials:/home/advay/erc_ws/install/week0_tutorials:/home/advay/erc_ws/install/task_1:/home/advay/erc_ws/install/sherlock:/home/advay/erc_ws/install/mrs_hudson:/home/advay/erc_ws/install/ep3:/home/advay/erc_ws/src/install/week1_tutorials:/home/advay/erc_ws/src/install/week0_tutorials:/home/advay/erc_ws/src/install/task_1:/home/advay/erc_ws/src/install/sherlock:/opt/ros/humble /usr/bin/cmake --build /home/advay/mrt/build/tutorial_interfaces -- -j4 -l4
[27.367s] Invoking command in '/home/advay/mrt/build/tutorial_interfaces': CMAKE_PREFIX_PATH=${CMAKE_PREFIX_PATH}:/home/advay/mrt/install/aruco_srvcli:/home/advay/erc_ws/install/week1_tutorials:/home/advay/erc_ws/install/week0_tutorials:/home/advay/erc_ws/install/task_1:/home/advay/erc_ws/install/sherlock:/home/advay/erc_ws/install/mrs_hudson:/home/advay/erc_ws/install/ep3:/home/advay/erc_ws/src/install/week1_tutorials:/home/advay/erc_ws/src/install/week0_tutorials:/home/advay/erc_ws/src/install/task_1:/home/advay/erc_ws/src/install/sherlock:/opt/ros/humble /usr/bin/cmake --install /home/advay/mrt/build/tutorial_interfaces
[27.398s] -- Install configuration: ""
[27.398s] -- Installing: /home/advay/mrt/install/tutorial_interfaces/share/ament_index/resource_index/rosidl_interfaces/tutorial_interfaces
[27.399s] -- Up-to-date: /home/advay/mrt/install/tutorial_interfaces/include/tutorial_interfaces/tutorial_interfaces
[27.400s] -- Up-to-date: /home/advay/mrt/install/tutorial_interfaces/include/tutorial_interfaces/tutorial_interfaces/srv
[27.400s] -- Up-to-date: /home/advay/mrt/install/tutorial_interfaces/include/tutorial_interfaces/tutorial_interfaces/srv/detail
[27.400s] -- Installing: /home/advay/mrt/install/tutorial_interfaces/include/tutorial_interfaces/tutorial_interfaces/srv/detail/image__struct.h
[27.401s] -- Installing: /home/advay/mrt/install/tutorial_interfaces/include/tutorial_interfaces/tutorial_interfaces/srv/detail/image__functions.c
[27.401s] -- Installing: /home/advay/mrt/install/tutorial_interfaces/include/tutorial_interfaces/tutorial_interfaces/srv/detail/image__functions.h
[27.402s] -- Installing: /home/advay/mrt/install/tutorial_interfaces/include/tutorial_interfaces/tutorial_interfaces/srv/detail/image__type_support.h
[27.402s] -- Installing: /home/advay/mrt/install/tutorial_interfaces/include/tutorial_interfaces/tutorial_interfaces/srv/image.h
[27.403s] -- Up-to-date: /home/advay/mrt/install/tutorial_interfaces/include/tutorial_interfaces/tutorial_interfaces/msg
[27.404s] -- Installing: /home/advay/mrt/install/tutorial_interfaces/include/tutorial_interfaces/tutorial_interfaces/msg/aruco.h
[27.404s] -- Up-to-date: /home/advay/mrt/install/tutorial_interfaces/include/tutorial_interfaces/tutorial_interfaces/msg/detail
[27.404s] -- Installing: /home/advay/mrt/install/tutorial_interfaces/include/tutorial_interfaces/tutorial_interfaces/msg/detail/aruco__type_support.h
[27.405s] -- Installing: /home/advay/mrt/install/tutorial_interfaces/include/tutorial_interfaces/tutorial_interfaces/msg/detail/threed__struct.h
[27.405s] -- Installing: /home/advay/mrt/install/tutorial_interfaces/include/tutorial_interfaces/tutorial_interfaces/msg/detail/oned__type_support.h
[27.406s] -- Installing: /home/advay/mrt/install/tutorial_interfaces/include/tutorial_interfaces/tutorial_interfaces/msg/detail/oned__functions.h
[27.406s] -- Installing: /home/advay/mrt/install/tutorial_interfaces/include/tutorial_interfaces/tutorial_interfaces/msg/detail/aruco__functions.h
[27.407s] -- Installing: /home/advay/mrt/install/tutorial_interfaces/include/tutorial_interfaces/tutorial_interfaces/msg/detail/oned__struct.h
[27.408s] -- Installing: /home/advay/mrt/install/tutorial_interfaces/include/tutorial_interfaces/tutorial_interfaces/msg/detail/threed__functions.c
[27.408s] -- Installing: /home/advay/mrt/install/tutorial_interfaces/include/tutorial_interfaces/tutorial_interfaces/msg/detail/aruco__functions.c
[27.409s] -- Installing: /home/advay/mrt/install/tutorial_interfaces/include/tutorial_interfaces/tutorial_interfaces/msg/detail/threed__type_support.h
[27.410s] -- Installing: /home/advay/mrt/install/tutorial_interfaces/include/tutorial_interfaces/tutorial_interfaces/msg/detail/threed__functions.h
[27.410s] -- Installing: /home/advay/mrt/install/tutorial_interfaces/include/tutorial_interfaces/tutorial_interfaces/msg/detail/aruco__struct.h
[27.411s] -- Installing: /home/advay/mrt/install/tutorial_interfaces/include/tutorial_interfaces/tutorial_interfaces/msg/detail/oned__functions.c
[27.412s] -- Installing: /home/advay/mrt/install/tutorial_interfaces/include/tutorial_interfaces/tutorial_interfaces/msg/oned.h
[27.413s] -- Up-to-date: /home/advay/mrt/install/tutorial_interfaces/include/tutorial_interfaces/tutorial_interfaces/msg/rosidl_generator_c__visibility_control.h
[27.413s] -- Installing: /home/advay/mrt/install/tutorial_interfaces/include/tutorial_interfaces/tutorial_interfaces/msg/threed.h
[27.414s] -- Up-to-date: /home/advay/mrt/install/tutorial_interfaces/share/tutorial_interfaces/environment/library_path.sh
[27.415s] -- Installing: /home/advay/mrt/install/tutorial_interfaces/share/tutorial_interfaces/environment/library_path.dsv
[27.416s] -- Installing: /home/advay/mrt/install/tutorial_interfaces/lib/libtutorial_interfaces__rosidl_generator_c.so
[27.419s] -- Set runtime path of "/home/advay/mrt/install/tutorial_interfaces/lib/libtutorial_interfaces__rosidl_generator_c.so" to ""
[27.419s] -- Up-to-date: /home/advay/mrt/install/tutorial_interfaces/include/tutorial_interfaces/tutorial_interfaces
[27.420s] -- Up-to-date: /home/advay/mrt/install/tutorial_interfaces/include/tutorial_interfaces/tutorial_interfaces/srv
[27.421s] -- Up-to-date: /home/advay/mrt/install/tutorial_interfaces/include/tutorial_interfaces/tutorial_interfaces/srv/detail
[27.422s] -- Installing: /home/advay/mrt/install/tutorial_interfaces/include/tutorial_interfaces/tutorial_interfaces/srv/detail/image__rosidl_typesupport_fastrtps_c.h
[27.422s] -- Up-to-date: /home/advay/mrt/install/tutorial_interfaces/include/tutorial_interfaces/tutorial_interfaces/msg
[27.422s] -- Up-to-date: /home/advay/mrt/install/tutorial_interfaces/include/tutorial_interfaces/tutorial_interfaces/msg/rosidl_typesupport_fastrtps_c__visibility_control.h
[27.423s] -- Up-to-date: /home/advay/mrt/install/tutorial_interfaces/include/tutorial_interfaces/tutorial_interfaces/msg/detail
[27.423s] -- Installing: /home/advay/mrt/install/tutorial_interfaces/include/tutorial_interfaces/tutorial_interfaces/msg/detail/threed__rosidl_typesupport_fastrtps_c.h
[27.424s] -- Installing: /home/advay/mrt/install/tutorial_interfaces/include/tutorial_interfaces/tutorial_interfaces/msg/detail/oned__rosidl_typesupport_fastrtps_c.h
[27.424s] -- Installing: /home/advay/mrt/install/tutorial_interfaces/include/tutorial_interfaces/tutorial_interfaces/msg/detail/aruco__rosidl_typesupport_fastrtps_c.h
[27.424s] -- Installing: /home/advay/mrt/install/tutorial_interfaces/lib/libtutorial_interfaces__rosidl_typesupport_fastrtps_c.so
[27.426s] -- Set runtime path of "/home/advay/mrt/install/tutorial_interfaces/lib/libtutorial_interfaces__rosidl_typesupport_fastrtps_c.so" to ""
[27.426s] -- Up-to-date: /home/advay/mrt/install/tutorial_interfaces/include/tutorial_interfaces/tutorial_interfaces
[27.427s] -- Up-to-date: /home/advay/mrt/install/tutorial_interfaces/include/tutorial_interfaces/tutorial_interfaces/srv
[27.427s] -- Installing: /home/advay/mrt/install/tutorial_interfaces/include/tutorial_interfaces/tutorial_interfaces/srv/image.hpp
[27.428s] -- Up-to-date: /home/advay/mrt/install/tutorial_interfaces/include/tutorial_interfaces/tutorial_interfaces/srv/detail
[27.428s] -- Installing: /home/advay/mrt/install/tutorial_interfaces/include/tutorial_interfaces/tutorial_interfaces/srv/detail/image__traits.hpp
[27.428s] -- Installing: /home/advay/mrt/install/tutorial_interfaces/include/tutorial_interfaces/tutorial_interfaces/srv/detail/image__builder.hpp
[27.429s] -- Installing: /home/advay/mrt/install/tutorial_interfaces/include/tutorial_interfaces/tutorial_interfaces/srv/detail/image__struct.hpp
[27.429s] -- Up-to-date: /home/advay/mrt/install/tutorial_interfaces/include/tutorial_interfaces/tutorial_interfaces/msg
[27.430s] -- Up-to-date: /home/advay/mrt/install/tutorial_interfaces/include/tutorial_interfaces/tutorial_interfaces/msg/detail
[27.430s] -- Installing: /home/advay/mrt/install/tutorial_interfaces/include/tutorial_interfaces/tutorial_interfaces/msg/detail/threed__builder.hpp
[27.430s] -- Installing: /home/advay/mrt/install/tutorial_interfaces/include/tutorial_interfaces/tutorial_interfaces/msg/detail/aruco__builder.hpp
[27.431s] -- Installing: /home/advay/mrt/install/tutorial_interfaces/include/tutorial_interfaces/tutorial_interfaces/msg/detail/aruco__traits.hpp
[27.431s] -- Installing: /home/advay/mrt/install/tutorial_interfaces/include/tutorial_interfaces/tutorial_interfaces/msg/detail/oned__traits.hpp
[27.432s] -- Installing: /home/advay/mrt/install/tutorial_interfaces/include/tutorial_interfaces/tutorial_interfaces/msg/detail/threed__struct.hpp
[27.432s] -- Installing: /home/advay/mrt/install/tutorial_interfaces/include/tutorial_interfaces/tutorial_interfaces/msg/detail/aruco__struct.hpp
[27.433s] -- Installing: /home/advay/mrt/install/tutorial_interfaces/include/tutorial_interfaces/tutorial_interfaces/msg/detail/oned__builder.hpp
[27.434s] -- Installing: /home/advay/mrt/install/tutorial_interfaces/include/tutorial_interfaces/tutorial_interfaces/msg/detail/threed__traits.hpp
[27.434s] -- Installing: /home/advay/mrt/install/tutorial_interfaces/include/tutorial_interfaces/tutorial_interfaces/msg/detail/oned__struct.hpp
[27.435s] -- Installing: /home/advay/mrt/install/tutorial_interfaces/include/tutorial_interfaces/tutorial_interfaces/msg/aruco.hpp
[27.436s] -- Installing: /home/advay/mrt/install/tutorial_interfaces/include/tutorial_interfaces/tutorial_interfaces/msg/threed.hpp
[27.437s] -- Installing: /home/advay/mrt/install/tutorial_interfaces/include/tutorial_interfaces/tutorial_interfaces/msg/oned.hpp
[27.437s] -- Up-to-date: /home/advay/mrt/install/tutorial_interfaces/include/tutorial_interfaces/tutorial_interfaces
[27.438s] -- Up-to-date: /home/advay/mrt/install/tutorial_interfaces/include/tutorial_interfaces/tutorial_interfaces/srv
[27.439s] -- Up-to-date: /home/advay/mrt/install/tutorial_interfaces/include/tutorial_interfaces/tutorial_interfaces/srv/detail
[27.439s] -- Up-to-date: /home/advay/mrt/install/tutorial_interfaces/include/tutorial_interfaces/tutorial_interfaces/srv/detail/dds_fastrtps
[27.440s] -- Installing: /home/advay/mrt/install/tutorial_interfaces/include/tutorial_interfaces/tutorial_interfaces/srv/detail/image__rosidl_typesupport_fastrtps_cpp.hpp
[27.440s] -- Up-to-date: /home/advay/mrt/install/tutorial_interfaces/include/tutorial_interfaces/tutorial_interfaces/msg
[27.441s] -- Up-to-date: /home/advay/mrt/install/tutorial_interfaces/include/tutorial_interfaces/tutorial_interfaces/msg/rosidl_typesupport_fastrtps_cpp__visibility_control.h
[27.441s] -- Up-to-date: /home/advay/mrt/install/tutorial_interfaces/include/tutorial_interfaces/tutorial_interfaces/msg/detail
[27.441s] -- Installing: /home/advay/mrt/install/tutorial_interfaces/include/tutorial_interfaces/tutorial_interfaces/msg/detail/aruco__rosidl_typesupport_fastrtps_cpp.hpp
[27.442s] -- Installing: /home/advay/mrt/install/tutorial_interfaces/include/tutorial_interfaces/tutorial_interfaces/msg/detail/oned__rosidl_typesupport_fastrtps_cpp.hpp
[27.442s] -- Up-to-date: /home/advay/mrt/install/tutorial_interfaces/include/tutorial_interfaces/tutorial_interfaces/msg/detail/dds_fastrtps
[27.442s] -- Installing: /home/advay/mrt/install/tutorial_interfaces/include/tutorial_interfaces/tutorial_interfaces/msg/detail/threed__rosidl_typesupport_fastrtps_cpp.hpp
[27.443s] -- Installing: /home/advay/mrt/install/tutorial_interfaces/lib/libtutorial_interfaces__rosidl_typesupport_fastrtps_cpp.so
[27.445s] -- Set runtime path of "/home/advay/mrt/install/tutorial_interfaces/lib/libtutorial_interfaces__rosidl_typesupport_fastrtps_cpp.so" to ""
[27.445s] -- Up-to-date: /home/advay/mrt/install/tutorial_interfaces/include/tutorial_interfaces/tutorial_interfaces
[27.446s] -- Up-to-date: /home/advay/mrt/install/tutorial_interfaces/include/tutorial_interfaces/tutorial_interfaces/srv
[27.446s] -- Up-to-date: /home/advay/mrt/install/tutorial_interfaces/include/tutorial_interfaces/tutorial_interfaces/srv/detail
[27.447s] -- Installing: /home/advay/mrt/install/tutorial_interfaces/include/tutorial_interfaces/tutorial_interfaces/srv/detail/image__type_support.c
[27.447s] -- Installing: /home/advay/mrt/install/tutorial_interfaces/include/tutorial_interfaces/tutorial_interfaces/srv/detail/image__rosidl_typesupport_introspection_c.h
[27.448s] -- Up-to-date: /home/advay/mrt/install/tutorial_interfaces/include/tutorial_interfaces/tutorial_interfaces/msg
[27.448s] -- Up-to-date: /home/advay/mrt/install/tutorial_interfaces/include/tutorial_interfaces/tutorial_interfaces/msg/detail
[27.449s] -- Installing: /home/advay/mrt/install/tutorial_interfaces/include/tutorial_interfaces/tutorial_interfaces/msg/detail/threed__rosidl_typesupport_introspection_c.h
[27.449s] -- Installing: /home/advay/mrt/install/tutorial_interfaces/include/tutorial_interfaces/tutorial_interfaces/msg/detail/aruco__type_support.c
[27.449s] -- Installing: /home/advay/mrt/install/tutorial_interfaces/include/tutorial_interfaces/tutorial_interfaces/msg/detail/oned__rosidl_typesupport_introspection_c.h
[27.450s] -- Installing: /home/advay/mrt/install/tutorial_interfaces/include/tutorial_interfaces/tutorial_interfaces/msg/detail/oned__type_support.c
[27.450s] -- Installing: /home/advay/mrt/install/tutorial_interfaces/include/tutorial_interfaces/tutorial_interfaces/msg/detail/aruco__rosidl_typesupport_introspection_c.h
[27.450s] -- Installing: /home/advay/mrt/install/tutorial_interfaces/include/tutorial_interfaces/tutorial_interfaces/msg/detail/threed__type_support.c
[27.451s] -- Up-to-date: /home/advay/mrt/install/tutorial_interfaces/include/tutorial_interfaces/tutorial_interfaces/msg/rosidl_typesupport_introspection_c__visibility_control.h
[27.452s] -- Installing: /home/advay/mrt/install/tutorial_interfaces/lib/libtutorial_interfaces__rosidl_typesupport_introspection_c.so
[27.455s] -- Set runtime path of "/home/advay/mrt/install/tutorial_interfaces/lib/libtutorial_interfaces__rosidl_typesupport_introspection_c.so" to ""
[27.456s] -- Installing: /home/advay/mrt/install/tutorial_interfaces/lib/libtutorial_interfaces__rosidl_typesupport_c.so
[27.458s] -- Set runtime path of "/home/advay/mrt/install/tutorial_interfaces/lib/libtutorial_interfaces__rosidl_typesupport_c.so" to ""
[27.458s] -- Up-to-date: /home/advay/mrt/install/tutorial_interfaces/include/tutorial_interfaces/tutorial_interfaces
[27.459s] -- Up-to-date: /home/advay/mrt/install/tutorial_interfaces/include/tutorial_interfaces/tutorial_interfaces/srv
[27.459s] -- Up-to-date: /home/advay/mrt/install/tutorial_interfaces/include/tutorial_interfaces/tutorial_interfaces/srv/detail
[27.460s] -- Installing: /home/advay/mrt/install/tutorial_interfaces/include/tutorial_interfaces/tutorial_interfaces/srv/detail/image__type_support.cpp
[27.460s] -- Installing: /home/advay/mrt/install/tutorial_interfaces/include/tutorial_interfaces/tutorial_interfaces/srv/detail/image__rosidl_typesupport_introspection_cpp.hpp
[27.461s] -- Up-to-date: /home/advay/mrt/install/tutorial_interfaces/include/tutorial_interfaces/tutorial_interfaces/msg
[27.461s] -- Up-to-date: /home/advay/mrt/install/tutorial_interfaces/include/tutorial_interfaces/tutorial_interfaces/msg/detail
[27.462s] -- Installing: /home/advay/mrt/install/tutorial_interfaces/include/tutorial_interfaces/tutorial_interfaces/msg/detail/oned__type_support.cpp
[27.462s] -- Installing: /home/advay/mrt/install/tutorial_interfaces/include/tutorial_interfaces/tutorial_interfaces/msg/detail/threed__type_support.cpp
[27.463s] -- Installing: /home/advay/mrt/install/tutorial_interfaces/include/tutorial_interfaces/tutorial_interfaces/msg/detail/oned__rosidl_typesupport_introspection_cpp.hpp
[27.463s] -- Installing: /home/advay/mrt/install/tutorial_interfaces/include/tutorial_interfaces/tutorial_interfaces/msg/detail/threed__rosidl_typesupport_introspection_cpp.hpp
[27.464s] -- Installing: /home/advay/mrt/install/tutorial_interfaces/include/tutorial_interfaces/tutorial_interfaces/msg/detail/aruco__type_support.cpp
[27.464s] -- Installing: /home/advay/mrt/install/tutorial_interfaces/include/tutorial_interfaces/tutorial_interfaces/msg/detail/aruco__rosidl_typesupport_introspection_cpp.hpp
[27.465s] -- Installing: /home/advay/mrt/install/tutorial_interfaces/lib/libtutorial_interfaces__rosidl_typesupport_introspection_cpp.so
[27.468s] -- Set runtime path of "/home/advay/mrt/install/tutorial_interfaces/lib/libtutorial_interfaces__rosidl_typesupport_introspection_cpp.so" to ""
[27.469s] -- Installing: /home/advay/mrt/install/tutorial_interfaces/lib/libtutorial_interfaces__rosidl_typesupport_cpp.so
[27.471s] -- Set runtime path of "/home/advay/mrt/install/tutorial_interfaces/lib/libtutorial_interfaces__rosidl_typesupport_cpp.so" to ""
[27.472s] -- Up-to-date: /home/advay/mrt/install/tutorial_interfaces/share/tutorial_interfaces/environment/pythonpath.sh
[27.473s] -- Installing: /home/advay/mrt/install/tutorial_interfaces/share/tutorial_interfaces/environment/pythonpath.dsv
[27.474s] -- Up-to-date: /home/advay/mrt/install/tutorial_interfaces/local/lib/python3.10/dist-packages/tutorial_interfaces-0.0.0-py3.10.egg-info
[27.475s] -- Installing: /home/advay/mrt/install/tutorial_interfaces/local/lib/python3.10/dist-packages/tutorial_interfaces-0.0.0-py3.10.egg-info/PKG-INFO
[27.475s] -- Installing: /home/advay/mrt/install/tutorial_interfaces/local/lib/python3.10/dist-packages/tutorial_interfaces-0.0.0-py3.10.egg-info/top_level.txt
[27.476s] -- Installing: /home/advay/mrt/install/tutorial_interfaces/local/lib/python3.10/dist-packages/tutorial_interfaces-0.0.0-py3.10.egg-info/dependency_links.txt
[27.477s] -- Installing: /home/advay/mrt/install/tutorial_interfaces/local/lib/python3.10/dist-packages/tutorial_interfaces-0.0.0-py3.10.egg-info/SOURCES.txt
[27.478s] -- Up-to-date: /home/advay/mrt/install/tutorial_interfaces/local/lib/python3.10/dist-packages/tutorial_interfaces
[27.479s] -- Installing: /home/advay/mrt/install/tutorial_interfaces/local/lib/python3.10/dist-packages/tutorial_interfaces/_tutorial_interfaces_s.ep.rosidl_typesupport_introspection_c.c
[27.480s] -- Installing: /home/advay/mrt/install/tutorial_interfaces/local/lib/python3.10/dist-packages/tutorial_interfaces/tutorial_interfaces_s__rosidl_typesupport_fastrtps_c.cpython-310-x86_64-linux-gnu.so
[27.480s] -- Up-to-date: /home/advay/mrt/install/tutorial_interfaces/local/lib/python3.10/dist-packages/tutorial_interfaces/srv
[27.481s] -- Installing: /home/advay/mrt/install/tutorial_interfaces/local/lib/python3.10/dist-packages/tutorial_interfaces/srv/_image.py
[27.481s] -- Installing: /home/advay/mrt/install/tutorial_interfaces/local/lib/python3.10/dist-packages/tutorial_interfaces/srv/_image_s.c
[27.482s] -- Installing: /home/advay/mrt/install/tutorial_interfaces/local/lib/python3.10/dist-packages/tutorial_interfaces/srv/__init__.py
[27.482s] -- Installing: /home/advay/mrt/install/tutorial_interfaces/local/lib/python3.10/dist-packages/tutorial_interfaces/tutorial_interfaces_s__rosidl_typesupport_introspection_c.cpython-310-x86_64-linux-gnu.so
[27.483s] -- Installing: /home/advay/mrt/install/tutorial_interfaces/local/lib/python3.10/dist-packages/tutorial_interfaces/__init__.py
[27.483s] -- Installing: /home/advay/mrt/install/tutorial_interfaces/local/lib/python3.10/dist-packages/tutorial_interfaces/_tutorial_interfaces_s.ep.rosidl_typesupport_fastrtps_c.c
[27.483s] -- Installing: /home/advay/mrt/install/tutorial_interfaces/local/lib/python3.10/dist-packages/tutorial_interfaces/tutorial_interfaces_s__rosidl_typesupport_c.cpython-310-x86_64-linux-gnu.so
[27.484s] -- Installing: /home/advay/mrt/install/tutorial_interfaces/local/lib/python3.10/dist-packages/tutorial_interfaces/_tutorial_interfaces_s.ep.rosidl_typesupport_c.c
[27.484s] -- Installing: /home/advay/mrt/install/tutorial_interfaces/local/lib/python3.10/dist-packages/tutorial_interfaces/libtutorial_interfaces__rosidl_generator_py.so
[27.485s] -- Up-to-date: /home/advay/mrt/install/tutorial_interfaces/local/lib/python3.10/dist-packages/tutorial_interfaces/msg
[27.485s] -- Installing: /home/advay/mrt/install/tutorial_interfaces/local/lib/python3.10/dist-packages/tutorial_interfaces/msg/_threed.py
[27.486s] -- Installing: /home/advay/mrt/install/tutorial_interfaces/local/lib/python3.10/dist-packages/tutorial_interfaces/msg/_aruco_s.c
[27.486s] -- Installing: /home/advay/mrt/install/tutorial_interfaces/local/lib/python3.10/dist-packages/tutorial_interfaces/msg/_threed_s.c
[27.487s] -- Installing: /home/advay/mrt/install/tutorial_interfaces/local/lib/python3.10/dist-packages/tutorial_interfaces/msg/__init__.py
[27.487s] -- Installing: /home/advay/mrt/install/tutorial_interfaces/local/lib/python3.10/dist-packages/tutorial_interfaces/msg/_oned_s.c
[27.488s] -- Installing: /home/advay/mrt/install/tutorial_interfaces/local/lib/python3.10/dist-packages/tutorial_interfaces/msg/_oned.py
[27.489s] -- Installing: /home/advay/mrt/install/tutorial_interfaces/local/lib/python3.10/dist-packages/tutorial_interfaces/msg/_aruco.py
[27.655s] Listing '/home/advay/mrt/install/tutorial_interfaces/local/lib/python3.10/dist-packages/tutorial_interfaces'...
[27.655s] Compiling '/home/advay/mrt/install/tutorial_interfaces/local/lib/python3.10/dist-packages/tutorial_interfaces/__init__.py'...
[27.656s] Listing '/home/advay/mrt/install/tutorial_interfaces/local/lib/python3.10/dist-packages/tutorial_interfaces/msg'...
[27.656s] Compiling '/home/advay/mrt/install/tutorial_interfaces/local/lib/python3.10/dist-packages/tutorial_interfaces/msg/__init__.py'...
[27.656s] Compiling '/home/advay/mrt/install/tutorial_interfaces/local/lib/python3.10/dist-packages/tutorial_interfaces/msg/_aruco.py'...
[27.657s] Compiling '/home/advay/mrt/install/tutorial_interfaces/local/lib/python3.10/dist-packages/tutorial_interfaces/msg/_oned.py'...
[27.657s] Compiling '/home/advay/mrt/install/tutorial_interfaces/local/lib/python3.10/dist-packages/tutorial_interfaces/msg/_threed.py'...
[27.658s] Listing '/home/advay/mrt/install/tutorial_interfaces/local/lib/python3.10/dist-packages/tutorial_interfaces/srv'...
[27.658s] Compiling '/home/advay/mrt/install/tutorial_interfaces/local/lib/python3.10/dist-packages/tutorial_interfaces/srv/__init__.py'...
[27.659s] Compiling '/home/advay/mrt/install/tutorial_interfaces/local/lib/python3.10/dist-packages/tutorial_interfaces/srv/_image.py'...
[27.673s] -- Installing: /home/advay/mrt/install/tutorial_interfaces/local/lib/python3.10/dist-packages/tutorial_interfaces/tutorial_interfaces_s__rosidl_typesupport_fastrtps_c.cpython-310-x86_64-linux-gnu.so
[27.677s] -- Set runtime path of "/home/advay/mrt/install/tutorial_interfaces/local/lib/python3.10/dist-packages/tutorial_interfaces/tutorial_interfaces_s__rosidl_typesupport_fastrtps_c.cpython-310-x86_64-linux-gnu.so" to ""
[27.677s] -- Installing: /home/advay/mrt/install/tutorial_interfaces/local/lib/python3.10/dist-packages/tutorial_interfaces/tutorial_interfaces_s__rosidl_typesupport_introspection_c.cpython-310-x86_64-linux-gnu.so
[27.679s] -- Set runtime path of "/home/advay/mrt/install/tutorial_interfaces/local/lib/python3.10/dist-packages/tutorial_interfaces/tutorial_interfaces_s__rosidl_typesupport_introspection_c.cpython-310-x86_64-linux-gnu.so" to ""
[27.680s] -- Installing: /home/advay/mrt/install/tutorial_interfaces/local/lib/python3.10/dist-packages/tutorial_interfaces/tutorial_interfaces_s__rosidl_typesupport_c.cpython-310-x86_64-linux-gnu.so
[27.682s] -- Set runtime path of "/home/advay/mrt/install/tutorial_interfaces/local/lib/python3.10/dist-packages/tutorial_interfaces/tutorial_interfaces_s__rosidl_typesupport_c.cpython-310-x86_64-linux-gnu.so" to ""
[27.685s] -- Installing: /home/advay/mrt/install/tutorial_interfaces/lib/libtutorial_interfaces__rosidl_generator_py.so
[27.686s] -- Set runtime path of "/home/advay/mrt/install/tutorial_interfaces/lib/libtutorial_interfaces__rosidl_generator_py.so" to ""
[27.687s] -- Installing: /home/advay/mrt/install/tutorial_interfaces/share/tutorial_interfaces/msg/Threed.idl
[27.688s] -- Installing: /home/advay/mrt/install/tutorial_interfaces/share/tutorial_interfaces/msg/Oned.idl
[27.689s] -- Installing: /home/advay/mrt/install/tutorial_interfaces/share/tutorial_interfaces/msg/Aruco.idl
[27.690s] -- Installing: /home/advay/mrt/install/tutorial_interfaces/share/tutorial_interfaces/srv/Image.idl
[27.690s] -- Installing: /home/advay/mrt/install/tutorial_interfaces/share/tutorial_interfaces/msg/Threed.msg
[27.691s] -- Installing: /home/advay/mrt/install/tutorial_interfaces/share/tutorial_interfaces/msg/Oned.msg
[27.693s] -- Installing: /home/advay/mrt/install/tutorial_interfaces/share/tutorial_interfaces/msg/Aruco.msg
[27.694s] -- Installing: /home/advay/mrt/install/tutorial_interfaces/share/tutorial_interfaces/srv/Image.srv
[27.694s] -- Installing: /home/advay/mrt/install/tutorial_interfaces/share/tutorial_interfaces/srv/Image_Request.msg
[27.695s] -- Installing: /home/advay/mrt/install/tutorial_interfaces/share/tutorial_interfaces/srv/Image_Response.msg
[27.696s] -- Installing: /home/advay/mrt/install/tutorial_interfaces/share/ament_index/resource_index/package_run_dependencies/tutorial_interfaces
[27.697s] -- Up-to-date: /home/advay/mrt/install/tutorial_interfaces/share/ament_index/resource_index/parent_prefix_path/tutorial_interfaces
[27.697s] -- Up-to-date: /home/advay/mrt/install/tutorial_interfaces/share/tutorial_interfaces/environment/ament_prefix_path.sh
[27.698s] -- Installing: /home/advay/mrt/install/tutorial_interfaces/share/tutorial_interfaces/environment/ament_prefix_path.dsv
[27.699s] -- Up-to-date: /home/advay/mrt/install/tutorial_interfaces/share/tutorial_interfaces/environment/path.sh
[27.699s] -- Installing: /home/advay/mrt/install/tutorial_interfaces/share/tutorial_interfaces/environment/path.dsv
[27.700s] -- Up-to-date: /home/advay/mrt/install/tutorial_interfaces/share/tutorial_interfaces/local_setup.bash
[27.701s] -- Up-to-date: /home/advay/mrt/install/tutorial_interfaces/share/tutorial_interfaces/local_setup.sh
[27.702s] -- Up-to-date: /home/advay/mrt/install/tutorial_interfaces/share/tutorial_interfaces/local_setup.zsh
[27.702s] -- Installing: /home/advay/mrt/install/tutorial_interfaces/share/tutorial_interfaces/local_setup.dsv
[27.703s] -- Installing: /home/advay/mrt/install/tutorial_interfaces/share/tutorial_interfaces/package.dsv
[27.704s] -- Up-to-date: /home/advay/mrt/install/tutorial_interfaces/share/ament_index/resource_index/packages/tutorial_interfaces
[27.704s] -- Old export file "/home/advay/mrt/install/tutorial_interfaces/share/tutorial_interfaces/cmake/export_tutorial_interfaces__rosidl_generator_cExport.cmake" will be replaced.  Removing files [/home/advay/mrt/install/tutorial_interfaces/share/tutorial_interfaces/cmake/export_tutorial_interfaces__rosidl_generator_cExport-noconfig.cmake].
[27.705s] -- Installing: /home/advay/mrt/install/tutorial_interfaces/share/tutorial_interfaces/cmake/export_tutorial_interfaces__rosidl_generator_cExport.cmake
[27.706s] -- Installing: /home/advay/mrt/install/tutorial_interfaces/share/tutorial_interfaces/cmake/export_tutorial_interfaces__rosidl_generator_cExport-noconfig.cmake
[27.706s] -- Old export file "/home/advay/mrt/install/tutorial_interfaces/share/tutorial_interfaces/cmake/export_tutorial_interfaces__rosidl_typesupport_fastrtps_cExport.cmake" will be replaced.  Removing files [/home/advay/mrt/install/tutorial_interfaces/share/tutorial_interfaces/cmake/export_tutorial_interfaces__rosidl_typesupport_fastrtps_cExport-noconfig.cmake].
[27.707s] -- Installing: /home/advay/mrt/install/tutorial_interfaces/share/tutorial_interfaces/cmake/export_tutorial_interfaces__rosidl_typesupport_fastrtps_cExport.cmake
[27.709s] -- Installing: /home/advay/mrt/install/tutorial_interfaces/share/tutorial_interfaces/cmake/export_tutorial_interfaces__rosidl_typesupport_fastrtps_cExport-noconfig.cmake
[27.709s] -- Installing: /home/advay/mrt/install/tutorial_interfaces/share/tutorial_interfaces/cmake/export_tutorial_interfaces__rosidl_generator_cppExport.cmake
[27.710s] -- Old export file "/home/advay/mrt/install/tutorial_interfaces/share/tutorial_interfaces/cmake/export_tutorial_interfaces__rosidl_typesupport_fastrtps_cppExport.cmake" will be replaced.  Removing files [/home/advay/mrt/install/tutorial_interfaces/share/tutorial_interfaces/cmake/export_tutorial_interfaces__rosidl_typesupport_fastrtps_cppExport-noconfig.cmake].
[27.711s] -- Installing: /home/advay/mrt/install/tutorial_interfaces/share/tutorial_interfaces/cmake/export_tutorial_interfaces__rosidl_typesupport_fastrtps_cppExport.cmake
[27.712s] -- Installing: /home/advay/mrt/install/tutorial_interfaces/share/tutorial_interfaces/cmake/export_tutorial_interfaces__rosidl_typesupport_fastrtps_cppExport-noconfig.cmake
[27.713s] -- Old export file "/home/advay/mrt/install/tutorial_interfaces/share/tutorial_interfaces/cmake/tutorial_interfaces__rosidl_typesupport_introspection_cExport.cmake" will be replaced.  Removing files [/home/advay/mrt/install/tutorial_interfaces/share/tutorial_interfaces/cmake/tutorial_interfaces__rosidl_typesupport_introspection_cExport-noconfig.cmake].
[27.714s] -- Installing: /home/advay/mrt/install/tutorial_interfaces/share/tutorial_interfaces/cmake/tutorial_interfaces__rosidl_typesupport_introspection_cExport.cmake
[27.714s] -- Installing: /home/advay/mrt/install/tutorial_interfaces/share/tutorial_interfaces/cmake/tutorial_interfaces__rosidl_typesupport_introspection_cExport-noconfig.cmake
[27.715s] -- Old export file "/home/advay/mrt/install/tutorial_interfaces/share/tutorial_interfaces/cmake/tutorial_interfaces__rosidl_typesupport_cExport.cmake" will be replaced.  Removing files [/home/advay/mrt/install/tutorial_interfaces/share/tutorial_interfaces/cmake/tutorial_interfaces__rosidl_typesupport_cExport-noconfig.cmake].
[27.716s] -- Installing: /home/advay/mrt/install/tutorial_interfaces/share/tutorial_interfaces/cmake/tutorial_interfaces__rosidl_typesupport_cExport.cmake
[27.717s] -- Installing: /home/advay/mrt/install/tutorial_interfaces/share/tutorial_interfaces/cmake/tutorial_interfaces__rosidl_typesupport_cExport-noconfig.cmake
[27.718s] -- Old export file "/home/advay/mrt/install/tutorial_interfaces/share/tutorial_interfaces/cmake/tutorial_interfaces__rosidl_typesupport_introspection_cppExport.cmake" will be replaced.  Removing files [/home/advay/mrt/install/tutorial_interfaces/share/tutorial_interfaces/cmake/tutorial_interfaces__rosidl_typesupport_introspection_cppExport-noconfig.cmake].
[27.718s] -- Installing: /home/advay/mrt/install/tutorial_interfaces/share/tutorial_interfaces/cmake/tutorial_interfaces__rosidl_typesupport_introspection_cppExport.cmake
[27.719s] -- Installing: /home/advay/mrt/install/tutorial_interfaces/share/tutorial_interfaces/cmake/tutorial_interfaces__rosidl_typesupport_introspection_cppExport-noconfig.cmake
[27.720s] -- Old export file "/home/advay/mrt/install/tutorial_interfaces/share/tutorial_interfaces/cmake/tutorial_interfaces__rosidl_typesupport_cppExport.cmake" will be replaced.  Removing files [/home/advay/mrt/install/tutorial_interfaces/share/tutorial_interfaces/cmake/tutorial_interfaces__rosidl_typesupport_cppExport-noconfig.cmake].
[27.721s] -- Installing: /home/advay/mrt/install/tutorial_interfaces/share/tutorial_interfaces/cmake/tutorial_interfaces__rosidl_typesupport_cppExport.cmake
[27.721s] -- Installing: /home/advay/mrt/install/tutorial_interfaces/share/tutorial_interfaces/cmake/tutorial_interfaces__rosidl_typesupport_cppExport-noconfig.cmake
[27.722s] -- Old export file "/home/advay/mrt/install/tutorial_interfaces/share/tutorial_interfaces/cmake/export_tutorial_interfaces__rosidl_generator_pyExport.cmake" will be replaced.  Removing files [/home/advay/mrt/install/tutorial_interfaces/share/tutorial_interfaces/cmake/export_tutorial_interfaces__rosidl_generator_pyExport-noconfig.cmake].
[27.723s] -- Installing: /home/advay/mrt/install/tutorial_interfaces/share/tutorial_interfaces/cmake/export_tutorial_interfaces__rosidl_generator_pyExport.cmake
[27.723s] -- Installing: /home/advay/mrt/install/tutorial_interfaces/share/tutorial_interfaces/cmake/export_tutorial_interfaces__rosidl_generator_pyExport-noconfig.cmake
[27.724s] -- Installing: /home/advay/mrt/install/tutorial_interfaces/share/tutorial_interfaces/cmake/rosidl_cmake-extras.cmake
[27.725s] -- Installing: /home/advay/mrt/install/tutorial_interfaces/share/tutorial_interfaces/cmake/ament_cmake_export_dependencies-extras.cmake
[27.726s] -- Up-to-date: /home/advay/mrt/install/tutorial_interfaces/share/tutorial_interfaces/cmake/ament_cmake_export_include_directories-extras.cmake
[27.727s] -- Up-to-date: /home/advay/mrt/install/tutorial_interfaces/share/tutorial_interfaces/cmake/ament_cmake_export_libraries-extras.cmake
[27.727s] -- Up-to-date: /home/advay/mrt/install/tutorial_interfaces/share/tutorial_interfaces/cmake/ament_cmake_export_targets-extras.cmake
[27.728s] -- Up-to-date: /home/advay/mrt/install/tutorial_interfaces/share/tutorial_interfaces/cmake/rosidl_cmake_export_typesupport_targets-extras.cmake
[27.728s] -- Up-to-date: /home/advay/mrt/install/tutorial_interfaces/share/tutorial_interfaces/cmake/rosidl_cmake_export_typesupport_libraries-extras.cmake
[27.729s] -- Up-to-date: /home/advay/mrt/install/tutorial_interfaces/share/tutorial_interfaces/cmake/tutorial_interfacesConfig.cmake
[27.729s] -- Up-to-date: /home/advay/mrt/install/tutorial_interfaces/share/tutorial_interfaces/cmake/tutorial_interfacesConfig-version.cmake
[27.730s] -- Installing: /home/advay/mrt/install/tutorial_interfaces/share/tutorial_interfaces/package.xml
[27.736s] Invoked command in '/home/advay/mrt/build/tutorial_interfaces' returned '0': CMAKE_PREFIX_PATH=${CMAKE_PREFIX_PATH}:/home/advay/mrt/install/aruco_srvcli:/home/advay/erc_ws/install/week1_tutorials:/home/advay/erc_ws/install/week0_tutorials:/home/advay/erc_ws/install/task_1:/home/advay/erc_ws/install/sherlock:/home/advay/erc_ws/install/mrs_hudson:/home/advay/erc_ws/install/ep3:/home/advay/erc_ws/src/install/week1_tutorials:/home/advay/erc_ws/src/install/week0_tutorials:/home/advay/erc_ws/src/install/task_1:/home/advay/erc_ws/src/install/sherlock:/opt/ros/humble /usr/bin/cmake --install /home/advay/mrt/build/tutorial_interfaces
