[2.769s] DEBUG:colcon:Command line arguments: ['/usr/bin/colcon', 'build', '--packages-select', 'tutorial_interfaces']
[2.769s] DEBUG:colcon:Parsed command line arguments: Namespace(log_base=None, log_level=None, verb_name='build', build_base='build', install_base='install', merge_install=False, symlink_install=False, test_result_base=None, continue_on_error=False, executor='parallel', parallel_workers=4, event_handlers=None, ignore_user_meta=False, metas=['./colcon.meta'], base_paths=['.'], packages_ignore=None, packages_ignore_regex=None, paths=None, packages_up_to=None, packages_up_to_regex=None, packages_above=None, packages_above_and_dependencies=None, packages_above_depth=None, packages_select_by_dep=None, packages_skip_by_dep=None, packages_skip_up_to=None, packages_select_build_failed=False, packages_skip_build_finished=False, packages_select_test_failures=False, packages_skip_test_passed=False, packages_select=['tutorial_interfaces'], packages_skip=None, packages_select_regex=None, packages_skip_regex=None, packages_start=None, packages_end=None, allow_overriding=[], cmake_args=None, cmake_target=None, cmake_target_skip_unavailable=False, cmake_clean_cache=False, cmake_clean_first=False, cmake_force_configure=False, ament_cmake_args=None, catkin_cmake_args=None, catkin_skip_building_tests=False, verb_parser=<colcon_defaults.argument_parser.defaults.DefaultArgumentsDecorator object at 0x7f2cb129b340>, verb_extension=<colcon_core.verb.build.BuildVerb object at 0x7f2cb129b790>, main=<bound method BuildVerb.main of <colcon_core.verb.build.BuildVerb object at 0x7f2cb129b790>>)
[2.890s] Level 1:colcon.colcon_core.package_discovery:discover_packages(colcon_meta) check parameters
[2.890s] Level 1:colcon.colcon_core.package_discovery:discover_packages(recursive) check parameters
[2.890s] Level 1:colcon.colcon_core.package_discovery:discover_packages(ignore) check parameters
[2.890s] Level 1:colcon.colcon_core.package_discovery:discover_packages(path) check parameters
[2.890s] Level 1:colcon.colcon_core.package_discovery:discover_packages(colcon_meta) discover
[2.891s] Level 1:colcon.colcon_core.package_discovery:discover_packages(recursive) discover
[2.891s] INFO:colcon.colcon_core.package_discovery:Crawling recursively for packages in '/home/advay/mrt'
[2.891s] Level 1:colcon.colcon_core.package_identification:_identify(.) by extensions ['ignore', 'ignore_ament_install']
[2.891s] Level 1:colcon.colcon_core.package_identification:_identify(.) by extension 'ignore'
[2.891s] Level 1:colcon.colcon_core.package_identification:_identify(.) by extension 'ignore_ament_install'
[2.891s] Level 1:colcon.colcon_core.package_identification:_identify(.) by extensions ['colcon_pkg']
[2.892s] Level 1:colcon.colcon_core.package_identification:_identify(.) by extension 'colcon_pkg'
[2.892s] Level 1:colcon.colcon_core.package_identification:_identify(.) by extensions ['colcon_meta']
[2.892s] Level 1:colcon.colcon_core.package_identification:_identify(.) by extension 'colcon_meta'
[2.892s] Level 1:colcon.colcon_core.package_identification:_identify(.) by extensions ['ros']
[2.892s] Level 1:colcon.colcon_core.package_identification:_identify(.) by extension 'ros'
[2.916s] Level 1:colcon.colcon_core.package_identification:_identify(.) by extensions ['cmake', 'python']
[2.916s] Level 1:colcon.colcon_core.package_identification:_identify(.) by extension 'cmake'
[2.916s] Level 1:colcon.colcon_core.package_identification:_identify(.) by extension 'python'
[2.916s] Level 1:colcon.colcon_core.package_identification:_identify(.) by extensions ['python_setup_py']
[2.916s] Level 1:colcon.colcon_core.package_identification:_identify(.) by extension 'python_setup_py'
[2.917s] Level 1:colcon.colcon_core.package_identification:_identify(build) by extensions ['ignore', 'ignore_ament_install']
[2.917s] Level 1:colcon.colcon_core.package_identification:_identify(build) by extension 'ignore'
[2.917s] Level 1:colcon.colcon_core.package_identification:_identify(build) ignored
[2.917s] Level 1:colcon.colcon_core.package_identification:_identify(install) by extensions ['ignore', 'ignore_ament_install']
[2.918s] Level 1:colcon.colcon_core.package_identification:_identify(install) by extension 'ignore'
[2.918s] Level 1:colcon.colcon_core.package_identification:_identify(install) ignored
[2.918s] Level 1:colcon.colcon_core.package_identification:_identify(log) by extensions ['ignore', 'ignore_ament_install']
[2.918s] Level 1:colcon.colcon_core.package_identification:_identify(log) by extension 'ignore'
[2.918s] Level 1:colcon.colcon_core.package_identification:_identify(log) ignored
[2.918s] Level 1:colcon.colcon_core.package_identification:_identify(src) by extensions ['ignore', 'ignore_ament_install']
[2.919s] Level 1:colcon.colcon_core.package_identification:_identify(src) by extension 'ignore'
[2.919s] Level 1:colcon.colcon_core.package_identification:_identify(src) by extension 'ignore_ament_install'
[2.919s] Level 1:colcon.colcon_core.package_identification:_identify(src) by extensions ['colcon_pkg']
[2.919s] Level 1:colcon.colcon_core.package_identification:_identify(src) by extension 'colcon_pkg'
[2.919s] Level 1:colcon.colcon_core.package_identification:_identify(src) by extensions ['colcon_meta']
[2.919s] Level 1:colcon.colcon_core.package_identification:_identify(src) by extension 'colcon_meta'
[2.919s] Level 1:colcon.colcon_core.package_identification:_identify(src) by extensions ['ros']
[2.919s] Level 1:colcon.colcon_core.package_identification:_identify(src) by extension 'ros'
[2.920s] Level 1:colcon.colcon_core.package_identification:_identify(src) by extensions ['cmake', 'python']
[2.920s] Level 1:colcon.colcon_core.package_identification:_identify(src) by extension 'cmake'
[2.920s] Level 1:colcon.colcon_core.package_identification:_identify(src) by extension 'python'
[2.920s] Level 1:colcon.colcon_core.package_identification:_identify(src) by extensions ['python_setup_py']
[2.920s] Level 1:colcon.colcon_core.package_identification:_identify(src) by extension 'python_setup_py'
[2.920s] Level 1:colcon.colcon_core.package_identification:_identify(src/aruco_srvcli) by extensions ['ignore', 'ignore_ament_install']
[2.920s] Level 1:colcon.colcon_core.package_identification:_identify(src/aruco_srvcli) by extension 'ignore'
[2.920s] Level 1:colcon.colcon_core.package_identification:_identify(src/aruco_srvcli) by extension 'ignore_ament_install'
[2.921s] Level 1:colcon.colcon_core.package_identification:_identify(src/aruco_srvcli) by extensions ['colcon_pkg']
[2.921s] Level 1:colcon.colcon_core.package_identification:_identify(src/aruco_srvcli) by extension 'colcon_pkg'
[2.921s] Level 1:colcon.colcon_core.package_identification:_identify(src/aruco_srvcli) by extensions ['colcon_meta']
[2.921s] Level 1:colcon.colcon_core.package_identification:_identify(src/aruco_srvcli) by extension 'colcon_meta'
[2.921s] Level 1:colcon.colcon_core.package_identification:_identify(src/aruco_srvcli) by extensions ['ros']
[2.921s] Level 1:colcon.colcon_core.package_identification:_identify(src/aruco_srvcli) by extension 'ros'
[2.923s] DEBUG:colcon.colcon_core.package_identification:Failed to parse potential ROS package manifest in'src/aruco_srvcli': Error(s) in package 'src/aruco_srvcli/package.xml':
The manifest contains invalid XML:
mismatched tag: line 25, column 2
[2.924s] Level 1:colcon.colcon_core.package_identification:_identify(src/aruco_srvcli) by extensions ['cmake', 'python']
[2.924s] Level 1:colcon.colcon_core.package_identification:_identify(src/aruco_srvcli) by extension 'cmake'
[2.924s] Level 1:colcon.colcon_core.package_identification:_identify(src/aruco_srvcli) by extension 'python'
[2.924s] DEBUG:colcon.colcon_core.package_identification:Python package in 'src/aruco_srvcli' passes arguments to the setup() function which requires a different identification extension than 'python'
[2.924s] Level 1:colcon.colcon_core.package_identification:_identify(src/aruco_srvcli) by extensions ['python_setup_py']
[2.924s] Level 1:colcon.colcon_core.package_identification:_identify(src/aruco_srvcli) by extension 'python_setup_py'
[3.688s] DEBUG:colcon.colcon_core.package_identification:Package 'src/aruco_srvcli' with type 'python' and name 'aruco_srvcli'
[3.689s] Level 1:colcon.colcon_core.package_identification:_identify(src/tutorial_interfaces) by extensions ['ignore', 'ignore_ament_install']
[3.689s] Level 1:colcon.colcon_core.package_identification:_identify(src/tutorial_interfaces) by extension 'ignore'
[3.689s] Level 1:colcon.colcon_core.package_identification:_identify(src/tutorial_interfaces) by extension 'ignore_ament_install'
[3.689s] Level 1:colcon.colcon_core.package_identification:_identify(src/tutorial_interfaces) by extensions ['colcon_pkg']
[3.690s] Level 1:colcon.colcon_core.package_identification:_identify(src/tutorial_interfaces) by extension 'colcon_pkg'
[3.690s] Level 1:colcon.colcon_core.package_identification:_identify(src/tutorial_interfaces) by extensions ['colcon_meta']
[3.690s] Level 1:colcon.colcon_core.package_identification:_identify(src/tutorial_interfaces) by extension 'colcon_meta'
[3.690s] Level 1:colcon.colcon_core.package_identification:_identify(src/tutorial_interfaces) by extensions ['ros']
[3.690s] Level 1:colcon.colcon_core.package_identification:_identify(src/tutorial_interfaces) by extension 'ros'
[3.695s] DEBUG:colcon.colcon_core.package_identification:Package 'src/tutorial_interfaces' with type 'ros.ament_cmake' and name 'tutorial_interfaces'
[3.695s] Level 1:colcon.colcon_core.package_discovery:discover_packages(recursive) using defaults
[3.696s] Level 1:colcon.colcon_core.package_discovery:discover_packages(ignore) discover
[3.696s] Level 1:colcon.colcon_core.package_discovery:discover_packages(ignore) using defaults
[3.696s] Level 1:colcon.colcon_core.package_discovery:discover_packages(path) discover
[3.696s] Level 1:colcon.colcon_core.package_discovery:discover_packages(path) using defaults
[3.869s] INFO:colcon.colcon_core.package_selection:Skipping not selected package 'aruco_srvcli' in 'src/aruco_srvcli'
[3.950s] Level 1:colcon.colcon_core.package_discovery:discover_packages(prefix_path) check parameters
[3.950s] Level 1:colcon.colcon_core.package_discovery:discover_packages(prefix_path) discover
[4.044s] DEBUG:colcon.colcon_installed_package_information.package_discovery:Found 2 installed packages in /home/advay/mrt/install
[4.116s] DEBUG:colcon.colcon_installed_package_information.package_discovery:Found 6 installed packages in /home/advay/erc_ws/install
[4.162s] DEBUG:colcon.colcon_installed_package_information.package_discovery:Found 4 installed packages in /home/advay/erc_ws/src/install
[4.209s] DEBUG:colcon.colcon_installed_package_information.package_discovery:Found 309 installed packages in /opt/ros/humble
[4.215s] Level 1:colcon.colcon_core.package_discovery:discover_packages(prefix_path) using defaults
[4.456s] Level 5:colcon.colcon_core.verb:set package 'tutorial_interfaces' build argument 'cmake_args' from command line to 'None'
[4.456s] Level 5:colcon.colcon_core.verb:set package 'tutorial_interfaces' build argument 'cmake_target' from command line to 'None'
[4.456s] Level 5:colcon.colcon_core.verb:set package 'tutorial_interfaces' build argument 'cmake_target_skip_unavailable' from command line to 'False'
[4.456s] Level 5:colcon.colcon_core.verb:set package 'tutorial_interfaces' build argument 'cmake_clean_cache' from command line to 'False'
[4.456s] Level 5:colcon.colcon_core.verb:set package 'tutorial_interfaces' build argument 'cmake_clean_first' from command line to 'False'
[4.456s] Level 5:colcon.colcon_core.verb:set package 'tutorial_interfaces' build argument 'cmake_force_configure' from command line to 'False'
[4.456s] Level 5:colcon.colcon_core.verb:set package 'tutorial_interfaces' build argument 'ament_cmake_args' from command line to 'None'
[4.456s] Level 5:colcon.colcon_core.verb:set package 'tutorial_interfaces' build argument 'catkin_cmake_args' from command line to 'None'
[4.456s] Level 5:colcon.colcon_core.verb:set package 'tutorial_interfaces' build argument 'catkin_skip_building_tests' from command line to 'False'
[4.456s] DEBUG:colcon.colcon_core.verb:Building package 'tutorial_interfaces' with the following arguments: {'ament_cmake_args': None, 'build_base': '/home/advay/mrt/build/tutorial_interfaces', 'catkin_cmake_args': None, 'catkin_skip_building_tests': False, 'cmake_args': None, 'cmake_clean_cache': False, 'cmake_clean_first': False, 'cmake_force_configure': False, 'cmake_target': None, 'cmake_target_skip_unavailable': False, 'install_base': '/home/advay/mrt/install/tutorial_interfaces', 'merge_install': False, 'path': '/home/advay/mrt/src/tutorial_interfaces', 'symlink_install': False, 'test_result_base': None}
[4.496s] INFO:colcon.colcon_core.executor:Executing jobs using 'parallel' executor
[4.541s] DEBUG:colcon.colcon_parallel_executor.executor.parallel:run_until_complete
[4.541s] INFO:colcon.colcon_ros.task.ament_cmake.build:Building ROS package in '/home/advay/mrt/src/tutorial_interfaces' with build type 'ament_cmake'
[4.541s] INFO:colcon.colcon_cmake.task.cmake.build:Building CMake package in '/home/advay/mrt/src/tutorial_interfaces'
[4.594s] INFO:colcon.colcon_core.plugin_system:Skipping extension 'colcon_core.shell.bat': Not used on non-Windows systems
[4.595s] INFO:colcon.colcon_core.shell:Skip shell extension 'powershell' for command environment: Not usable outside of PowerShell
[4.595s] DEBUG:colcon.colcon_core.shell:Skip shell extension 'dsv' for command environment
[4.843s] DEBUG:colcon.colcon_core.event_handler.log_command:Invoking command in '/home/advay/mrt/build/tutorial_interfaces': CMAKE_PREFIX_PATH=${CMAKE_PREFIX_PATH}:/home/advay/mrt/install/aruco_srvcli:/home/advay/erc_ws/install/week1_tutorials:/home/advay/erc_ws/install/week0_tutorials:/home/advay/erc_ws/install/task_1:/home/advay/erc_ws/install/sherlock:/home/advay/erc_ws/install/mrs_hudson:/home/advay/erc_ws/install/ep3:/home/advay/erc_ws/src/install/week1_tutorials:/home/advay/erc_ws/src/install/week0_tutorials:/home/advay/erc_ws/src/install/task_1:/home/advay/erc_ws/src/install/sherlock:/opt/ros/humble /usr/bin/cmake --build /home/advay/mrt/build/tutorial_interfaces -- -j4 -l4
[22.422s] DEBUG:colcon.colcon_core.event_handler.log_command:Invoked command in '/home/advay/mrt/build/tutorial_interfaces' returned '2': CMAKE_PREFIX_PATH=${CMAKE_PREFIX_PATH}:/home/advay/mrt/install/aruco_srvcli:/home/advay/erc_ws/install/week1_tutorials:/home/advay/erc_ws/install/week0_tutorials:/home/advay/erc_ws/install/task_1:/home/advay/erc_ws/install/sherlock:/home/advay/erc_ws/install/mrs_hudson:/home/advay/erc_ws/install/ep3:/home/advay/erc_ws/src/install/week1_tutorials:/home/advay/erc_ws/src/install/week0_tutorials:/home/advay/erc_ws/src/install/task_1:/home/advay/erc_ws/src/install/sherlock:/opt/ros/humble /usr/bin/cmake --build /home/advay/mrt/build/tutorial_interfaces -- -j4 -l4
[22.964s] Level 1:colcon.colcon_core.environment:create_environment_scripts_only(tutorial_interfaces)
[23.053s] Level 1:colcon.colcon_core.environment:checking '/home/advay/mrt/install/tutorial_interfaces' for CMake module files
[23.055s] Level 1:colcon.colcon_core.environment:checking '/home/advay/mrt/install/tutorial_interfaces' for CMake config files
[23.056s] Level 1:colcon.colcon_core.shell:create_environment_hook('tutorial_interfaces', 'cmake_prefix_path')
[23.170s] INFO:colcon.colcon_core.shell:Creating environment hook '/home/advay/mrt/install/tutorial_interfaces/share/tutorial_interfaces/hook/cmake_prefix_path.ps1'
[23.173s] INFO:colcon.colcon_core.shell:Creating environment descriptor '/home/advay/mrt/install/tutorial_interfaces/share/tutorial_interfaces/hook/cmake_prefix_path.dsv'
[23.176s] INFO:colcon.colcon_core.shell:Creating environment hook '/home/advay/mrt/install/tutorial_interfaces/share/tutorial_interfaces/hook/cmake_prefix_path.sh'
[23.181s] Level 1:colcon.colcon_core.environment:checking '/home/advay/mrt/install/tutorial_interfaces/lib'
[23.182s] Level 1:colcon.colcon_core.shell:create_environment_hook('tutorial_interfaces', 'ld_library_path_lib')
[23.310s] INFO:colcon.colcon_core.shell:Creating environment hook '/home/advay/mrt/install/tutorial_interfaces/share/tutorial_interfaces/hook/ld_library_path_lib.ps1'
[23.312s] INFO:colcon.colcon_core.shell:Creating environment descriptor '/home/advay/mrt/install/tutorial_interfaces/share/tutorial_interfaces/hook/ld_library_path_lib.dsv'
[23.314s] INFO:colcon.colcon_core.shell:Creating environment hook '/home/advay/mrt/install/tutorial_interfaces/share/tutorial_interfaces/hook/ld_library_path_lib.sh'
[23.316s] Level 1:colcon.colcon_core.environment:checking '/home/advay/mrt/install/tutorial_interfaces/bin'
[23.316s] Level 1:colcon.colcon_core.environment:checking '/home/advay/mrt/install/tutorial_interfaces/lib/pkgconfig/tutorial_interfaces.pc'
[23.318s] Level 1:colcon.colcon_core.environment:checking '/home/advay/mrt/install/tutorial_interfaces/lib/python3.10/site-packages'
[23.319s] Level 1:colcon.colcon_core.environment:checking '/home/advay/mrt/install/tutorial_interfaces/bin'
[23.456s] INFO:colcon.colcon_core.shell:Creating package script '/home/advay/mrt/install/tutorial_interfaces/share/tutorial_interfaces/package.ps1'
[23.462s] INFO:colcon.colcon_core.shell:Creating package descriptor '/home/advay/mrt/install/tutorial_interfaces/share/tutorial_interfaces/package.dsv'
[23.465s] INFO:colcon.colcon_core.shell:Creating package script '/home/advay/mrt/install/tutorial_interfaces/share/tutorial_interfaces/package.sh'
[23.470s] INFO:colcon.colcon_core.shell:Creating package script '/home/advay/mrt/install/tutorial_interfaces/share/tutorial_interfaces/package.bash'
[23.475s] INFO:colcon.colcon_core.shell:Creating package script '/home/advay/mrt/install/tutorial_interfaces/share/tutorial_interfaces/package.zsh'
[23.480s] Level 1:colcon.colcon_core.environment:create_file_with_runtime_dependencies(/home/advay/mrt/install/tutorial_interfaces/share/colcon-core/packages/tutorial_interfaces)
[23.491s] DEBUG:colcon.colcon_parallel_executor.executor.parallel:closing loop
[23.492s] DEBUG:colcon.colcon_parallel_executor.executor.parallel:loop closed
[23.493s] DEBUG:colcon.colcon_parallel_executor.executor.parallel:run_until_complete finished with '2'
[23.493s] DEBUG:colcon.colcon_core.event_reactor:joining thread
[23.600s] INFO:colcon.colcon_core.plugin_system:Skipping extension 'colcon_notification.desktop_notification.terminal_notifier': Not used on non-Darwin systems
[23.600s] INFO:colcon.colcon_core.plugin_system:Skipping extension 'colcon_notification.desktop_notification.win32': Not used on non-Windows systems
[23.600s] INFO:colcon.colcon_notification.desktop_notification:Sending desktop notification using 'notify2'
[23.645s] DEBUG:colcon.colcon_core.event_reactor:joined thread
[23.733s] INFO:colcon.colcon_core.shell:Creating prefix script '/home/advay/mrt/install/local_setup.ps1'
[23.737s] INFO:colcon.colcon_core.shell:Creating prefix util module '/home/advay/mrt/install/_local_setup_util_ps1.py'
[23.744s] INFO:colcon.colcon_core.shell:Creating prefix chain script '/home/advay/mrt/install/setup.ps1'
[23.837s] INFO:colcon.colcon_core.shell:Creating prefix script '/home/advay/mrt/install/local_setup.sh'
[23.839s] INFO:colcon.colcon_core.shell:Creating prefix util module '/home/advay/mrt/install/_local_setup_util_sh.py'
[23.842s] INFO:colcon.colcon_core.shell:Creating prefix chain script '/home/advay/mrt/install/setup.sh'
[23.925s] INFO:colcon.colcon_core.shell:Creating prefix script '/home/advay/mrt/install/local_setup.bash'
[23.927s] INFO:colcon.colcon_core.shell:Creating prefix chain script '/home/advay/mrt/install/setup.bash'
[24.005s] INFO:colcon.colcon_core.shell:Creating prefix script '/home/advay/mrt/install/local_setup.zsh'
[24.007s] INFO:colcon.colcon_core.shell:Creating prefix chain script '/home/advay/mrt/install/setup.zsh'
