[2.955s] DEBUG:colcon:Command line arguments: ['/usr/bin/colcon', 'build', '--packages-select', 'tutorial_interfaces']
[2.955s] DEBUG:colcon:Parsed command line arguments: Namespace(log_base=None, log_level=None, verb_name='build', build_base='build', install_base='install', merge_install=False, symlink_install=False, test_result_base=None, continue_on_error=False, executor='parallel', parallel_workers=4, event_handlers=None, ignore_user_meta=False, metas=['./colcon.meta'], base_paths=['.'], packages_ignore=None, packages_ignore_regex=None, paths=None, packages_up_to=None, packages_up_to_regex=None, packages_above=None, packages_above_and_dependencies=None, packages_above_depth=None, packages_select_by_dep=None, packages_skip_by_dep=None, packages_skip_up_to=None, packages_select_build_failed=False, packages_skip_build_finished=False, packages_select_test_failures=False, packages_skip_test_passed=False, packages_select=['tutorial_interfaces'], packages_skip=None, packages_select_regex=None, packages_skip_regex=None, packages_start=None, packages_end=None, allow_overriding=[], cmake_args=None, cmake_target=None, cmake_target_skip_unavailable=False, cmake_clean_cache=False, cmake_clean_first=False, cmake_force_configure=False, ament_cmake_args=None, catkin_cmake_args=None, catkin_skip_building_tests=False, verb_parser=<colcon_defaults.argument_parser.defaults.DefaultArgumentsDecorator object at 0x7f91314df160>, verb_extension=<colcon_core.verb.build.BuildVerb object at 0x7f91314df550>, main=<bound method BuildVerb.main of <colcon_core.verb.build.BuildVerb object at 0x7f91314df550>>)
[3.068s] Level 1:colcon.colcon_core.package_discovery:discover_packages(colcon_meta) check parameters
[3.068s] Level 1:colcon.colcon_core.package_discovery:discover_packages(recursive) check parameters
[3.068s] Level 1:colcon.colcon_core.package_discovery:discover_packages(ignore) check parameters
[3.068s] Level 1:colcon.colcon_core.package_discovery:discover_packages(path) check parameters
[3.068s] Level 1:colcon.colcon_core.package_discovery:discover_packages(colcon_meta) discover
[3.068s] Level 1:colcon.colcon_core.package_discovery:discover_packages(recursive) discover
[3.068s] INFO:colcon.colcon_core.package_discovery:Crawling recursively for packages in '/home/advay/mrt'
[3.068s] Level 1:colcon.colcon_core.package_identification:_identify(.) by extensions ['ignore', 'ignore_ament_install']
[3.069s] Level 1:colcon.colcon_core.package_identification:_identify(.) by extension 'ignore'
[3.069s] Level 1:colcon.colcon_core.package_identification:_identify(.) by extension 'ignore_ament_install'
[3.069s] Level 1:colcon.colcon_core.package_identification:_identify(.) by extensions ['colcon_pkg']
[3.069s] Level 1:colcon.colcon_core.package_identification:_identify(.) by extension 'colcon_pkg'
[3.069s] Level 1:colcon.colcon_core.package_identification:_identify(.) by extensions ['colcon_meta']
[3.069s] Level 1:colcon.colcon_core.package_identification:_identify(.) by extension 'colcon_meta'
[3.069s] Level 1:colcon.colcon_core.package_identification:_identify(.) by extensions ['ros']
[3.069s] Level 1:colcon.colcon_core.package_identification:_identify(.) by extension 'ros'
[3.094s] Level 1:colcon.colcon_core.package_identification:_identify(.) by extensions ['cmake', 'python']
[3.094s] Level 1:colcon.colcon_core.package_identification:_identify(.) by extension 'cmake'
[3.094s] Level 1:colcon.colcon_core.package_identification:_identify(.) by extension 'python'
[3.094s] Level 1:colcon.colcon_core.package_identification:_identify(.) by extensions ['python_setup_py']
[3.094s] Level 1:colcon.colcon_core.package_identification:_identify(.) by extension 'python_setup_py'
[3.095s] Level 1:colcon.colcon_core.package_identification:_identify(build) by extensions ['ignore', 'ignore_ament_install']
[3.095s] Level 1:colcon.colcon_core.package_identification:_identify(build) by extension 'ignore'
[3.095s] Level 1:colcon.colcon_core.package_identification:_identify(build) ignored
[3.095s] Level 1:colcon.colcon_core.package_identification:_identify(install) by extensions ['ignore', 'ignore_ament_install']
[3.095s] Level 1:colcon.colcon_core.package_identification:_identify(install) by extension 'ignore'
[3.096s] Level 1:colcon.colcon_core.package_identification:_identify(install) ignored
[3.096s] Level 1:colcon.colcon_core.package_identification:_identify(log) by extensions ['ignore', 'ignore_ament_install']
[3.096s] Level 1:colcon.colcon_core.package_identification:_identify(log) by extension 'ignore'
[3.096s] Level 1:colcon.colcon_core.package_identification:_identify(log) ignored
[3.096s] Level 1:colcon.colcon_core.package_identification:_identify(src) by extensions ['ignore', 'ignore_ament_install']
[3.096s] Level 1:colcon.colcon_core.package_identification:_identify(src) by extension 'ignore'
[3.097s] Level 1:colcon.colcon_core.package_identification:_identify(src) by extension 'ignore_ament_install'
[3.097s] Level 1:colcon.colcon_core.package_identification:_identify(src) by extensions ['colcon_pkg']
[3.097s] Level 1:colcon.colcon_core.package_identification:_identify(src) by extension 'colcon_pkg'
[3.097s] Level 1:colcon.colcon_core.package_identification:_identify(src) by extensions ['colcon_meta']
[3.097s] Level 1:colcon.colcon_core.package_identification:_identify(src) by extension 'colcon_meta'
[3.097s] Level 1:colcon.colcon_core.package_identification:_identify(src) by extensions ['ros']
[3.097s] Level 1:colcon.colcon_core.package_identification:_identify(src) by extension 'ros'
[3.097s] Level 1:colcon.colcon_core.package_identification:_identify(src) by extensions ['cmake', 'python']
[3.097s] Level 1:colcon.colcon_core.package_identification:_identify(src) by extension 'cmake'
[3.097s] Level 1:colcon.colcon_core.package_identification:_identify(src) by extension 'python'
[3.098s] Level 1:colcon.colcon_core.package_identification:_identify(src) by extensions ['python_setup_py']
[3.098s] Level 1:colcon.colcon_core.package_identification:_identify(src) by extension 'python_setup_py'
[3.098s] Level 1:colcon.colcon_core.package_identification:_identify(src/aruco_srvcli) by extensions ['ignore', 'ignore_ament_install']
[3.098s] Level 1:colcon.colcon_core.package_identification:_identify(src/aruco_srvcli) by extension 'ignore'
[3.098s] Level 1:colcon.colcon_core.package_identification:_identify(src/aruco_srvcli) by extension 'ignore_ament_install'
[3.098s] Level 1:colcon.colcon_core.package_identification:_identify(src/aruco_srvcli) by extensions ['colcon_pkg']
[3.098s] Level 1:colcon.colcon_core.package_identification:_identify(src/aruco_srvcli) by extension 'colcon_pkg'
[3.098s] Level 1:colcon.colcon_core.package_identification:_identify(src/aruco_srvcli) by extensions ['colcon_meta']
[3.098s] Level 1:colcon.colcon_core.package_identification:_identify(src/aruco_srvcli) by extension 'colcon_meta'
[3.099s] Level 1:colcon.colcon_core.package_identification:_identify(src/aruco_srvcli) by extensions ['ros']
[3.099s] Level 1:colcon.colcon_core.package_identification:_identify(src/aruco_srvcli) by extension 'ros'
[3.104s] DEBUG:colcon.colcon_core.package_identification:Package 'src/aruco_srvcli' with type 'ros.ament_python' and name 'aruco_srvcli'
[3.104s] Level 1:colcon.colcon_core.package_identification:_identify(src/tutorial_interfaces) by extensions ['ignore', 'ignore_ament_install']
[3.105s] Level 1:colcon.colcon_core.package_identification:_identify(src/tutorial_interfaces) by extension 'ignore'
[3.105s] Level 1:colcon.colcon_core.package_identification:_identify(src/tutorial_interfaces) by extension 'ignore_ament_install'
[3.105s] Level 1:colcon.colcon_core.package_identification:_identify(src/tutorial_interfaces) by extensions ['colcon_pkg']
[3.105s] Level 1:colcon.colcon_core.package_identification:_identify(src/tutorial_interfaces) by extension 'colcon_pkg'
[3.105s] Level 1:colcon.colcon_core.package_identification:_identify(src/tutorial_interfaces) by extensions ['colcon_meta']
[3.105s] Level 1:colcon.colcon_core.package_identification:_identify(src/tutorial_interfaces) by extension 'colcon_meta'
[3.105s] Level 1:colcon.colcon_core.package_identification:_identify(src/tutorial_interfaces) by extensions ['ros']
[3.105s] Level 1:colcon.colcon_core.package_identification:_identify(src/tutorial_interfaces) by extension 'ros'
[3.106s] DEBUG:colcon.colcon_core.package_identification:Package 'src/tutorial_interfaces' with type 'ros.ament_cmake' and name 'tutorial_interfaces'
[3.107s] Level 1:colcon.colcon_core.package_discovery:discover_packages(recursive) using defaults
[3.107s] Level 1:colcon.colcon_core.package_discovery:discover_packages(ignore) discover
[3.107s] Level 1:colcon.colcon_core.package_discovery:discover_packages(ignore) using defaults
[3.107s] Level 1:colcon.colcon_core.package_discovery:discover_packages(path) discover
[3.107s] Level 1:colcon.colcon_core.package_discovery:discover_packages(path) using defaults
[3.267s] INFO:colcon.colcon_core.package_selection:Skipping not selected package 'aruco_srvcli' in 'src/aruco_srvcli'
[3.343s] Level 1:colcon.colcon_core.package_discovery:discover_packages(prefix_path) check parameters
[3.343s] Level 1:colcon.colcon_core.package_discovery:discover_packages(prefix_path) discover
[3.422s] DEBUG:colcon.colcon_installed_package_information.package_discovery:Found 1 installed packages in /home/advay/mrt/install
[3.482s] DEBUG:colcon.colcon_installed_package_information.package_discovery:Found 6 installed packages in /home/advay/erc_ws/install
[3.571s] DEBUG:colcon.colcon_installed_package_information.package_discovery:Found 4 installed packages in /home/advay/erc_ws/src/install
[3.681s] DEBUG:colcon.colcon_installed_package_information.package_discovery:Found 309 installed packages in /opt/ros/humble
[3.691s] Level 1:colcon.colcon_core.package_discovery:discover_packages(prefix_path) using defaults
[3.945s] Level 5:colcon.colcon_core.verb:set package 'tutorial_interfaces' build argument 'cmake_args' from command line to 'None'
[3.945s] Level 5:colcon.colcon_core.verb:set package 'tutorial_interfaces' build argument 'cmake_target' from command line to 'None'
[3.945s] Level 5:colcon.colcon_core.verb:set package 'tutorial_interfaces' build argument 'cmake_target_skip_unavailable' from command line to 'False'
[3.945s] Level 5:colcon.colcon_core.verb:set package 'tutorial_interfaces' build argument 'cmake_clean_cache' from command line to 'False'
[3.945s] Level 5:colcon.colcon_core.verb:set package 'tutorial_interfaces' build argument 'cmake_clean_first' from command line to 'False'
[3.946s] Level 5:colcon.colcon_core.verb:set package 'tutorial_interfaces' build argument 'cmake_force_configure' from command line to 'False'
[3.946s] Level 5:colcon.colcon_core.verb:set package 'tutorial_interfaces' build argument 'ament_cmake_args' from command line to 'None'
[3.946s] Level 5:colcon.colcon_core.verb:set package 'tutorial_interfaces' build argument 'catkin_cmake_args' from command line to 'None'
[3.946s] Level 5:colcon.colcon_core.verb:set package 'tutorial_interfaces' build argument 'catkin_skip_building_tests' from command line to 'False'
[3.946s] DEBUG:colcon.colcon_core.verb:Building package 'tutorial_interfaces' with the following arguments: {'ament_cmake_args': None, 'build_base': '/home/advay/mrt/build/tutorial_interfaces', 'catkin_cmake_args': None, 'catkin_skip_building_tests': False, 'cmake_args': None, 'cmake_clean_cache': False, 'cmake_clean_first': False, 'cmake_force_configure': False, 'cmake_target': None, 'cmake_target_skip_unavailable': False, 'install_base': '/home/advay/mrt/install/tutorial_interfaces', 'merge_install': False, 'path': '/home/advay/mrt/src/tutorial_interfaces', 'symlink_install': False, 'test_result_base': None}
[3.983s] INFO:colcon.colcon_core.executor:Executing jobs using 'parallel' executor
[4.023s] DEBUG:colcon.colcon_parallel_executor.executor.parallel:run_until_complete
[4.023s] INFO:colcon.colcon_ros.task.ament_cmake.build:Building ROS package in '/home/advay/mrt/src/tutorial_interfaces' with build type 'ament_cmake'
[4.023s] INFO:colcon.colcon_cmake.task.cmake.build:Building CMake package in '/home/advay/mrt/src/tutorial_interfaces'
[4.066s] INFO:colcon.colcon_core.plugin_system:Skipping extension 'colcon_core.shell.bat': Not used on non-Windows systems
[4.067s] INFO:colcon.colcon_core.shell:Skip shell extension 'powershell' for command environment: Not usable outside of PowerShell
[4.067s] DEBUG:colcon.colcon_core.shell:Skip shell extension 'dsv' for command environment
[4.309s] DEBUG:colcon.colcon_core.event_handler.log_command:Invoking command in '/home/advay/mrt/build/tutorial_interfaces': CMAKE_PREFIX_PATH=/home/advay/mrt/install/aruco_srvcli:/home/advay/erc_ws/install/week1_tutorials:/home/advay/erc_ws/install/week0_tutorials:/home/advay/erc_ws/install/task_1:/home/advay/erc_ws/install/sherlock:/home/advay/erc_ws/install/mrs_hudson:/home/advay/erc_ws/install/ep3:/home/advay/erc_ws/src/install/week1_tutorials:/home/advay/erc_ws/src/install/week0_tutorials:/home/advay/erc_ws/src/install/task_1:/home/advay/erc_ws/src/install/sherlock:/opt/ros/humble /usr/bin/cmake /home/advay/mrt/src/tutorial_interfaces -DCMAKE_INSTALL_PREFIX=/home/advay/mrt/install/tutorial_interfaces
[6.951s] DEBUG:colcon.colcon_core.event_handler.log_command:Invoked command in '/home/advay/mrt/build/tutorial_interfaces' returned '0': CMAKE_PREFIX_PATH=/home/advay/mrt/install/aruco_srvcli:/home/advay/erc_ws/install/week1_tutorials:/home/advay/erc_ws/install/week0_tutorials:/home/advay/erc_ws/install/task_1:/home/advay/erc_ws/install/sherlock:/home/advay/erc_ws/install/mrs_hudson:/home/advay/erc_ws/install/ep3:/home/advay/erc_ws/src/install/week1_tutorials:/home/advay/erc_ws/src/install/week0_tutorials:/home/advay/erc_ws/src/install/task_1:/home/advay/erc_ws/src/install/sherlock:/opt/ros/humble /usr/bin/cmake /home/advay/mrt/src/tutorial_interfaces -DCMAKE_INSTALL_PREFIX=/home/advay/mrt/install/tutorial_interfaces
[6.960s] DEBUG:colcon.colcon_core.event_handler.log_command:Invoking command in '/home/advay/mrt/build/tutorial_interfaces': CMAKE_PREFIX_PATH=/home/advay/mrt/install/aruco_srvcli:/home/advay/erc_ws/install/week1_tutorials:/home/advay/erc_ws/install/week0_tutorials:/home/advay/erc_ws/install/task_1:/home/advay/erc_ws/install/sherlock:/home/advay/erc_ws/install/mrs_hudson:/home/advay/erc_ws/install/ep3:/home/advay/erc_ws/src/install/week1_tutorials:/home/advay/erc_ws/src/install/week0_tutorials:/home/advay/erc_ws/src/install/task_1:/home/advay/erc_ws/src/install/sherlock:/opt/ros/humble /usr/bin/cmake --build /home/advay/mrt/build/tutorial_interfaces -- -j4 -l4
[7.090s] DEBUG:colcon.colcon_core.event_handler.log_command:Invoked command in '/home/advay/mrt/build/tutorial_interfaces' returned '0': CMAKE_PREFIX_PATH=/home/advay/mrt/install/aruco_srvcli:/home/advay/erc_ws/install/week1_tutorials:/home/advay/erc_ws/install/week0_tutorials:/home/advay/erc_ws/install/task_1:/home/advay/erc_ws/install/sherlock:/home/advay/erc_ws/install/mrs_hudson:/home/advay/erc_ws/install/ep3:/home/advay/erc_ws/src/install/week1_tutorials:/home/advay/erc_ws/src/install/week0_tutorials:/home/advay/erc_ws/src/install/task_1:/home/advay/erc_ws/src/install/sherlock:/opt/ros/humble /usr/bin/cmake --build /home/advay/mrt/build/tutorial_interfaces -- -j4 -l4
[7.209s] DEBUG:colcon.colcon_core.event_handler.log_command:Invoking command in '/home/advay/mrt/build/tutorial_interfaces': CMAKE_PREFIX_PATH=/home/advay/mrt/install/aruco_srvcli:/home/advay/erc_ws/install/week1_tutorials:/home/advay/erc_ws/install/week0_tutorials:/home/advay/erc_ws/install/task_1:/home/advay/erc_ws/install/sherlock:/home/advay/erc_ws/install/mrs_hudson:/home/advay/erc_ws/install/ep3:/home/advay/erc_ws/src/install/week1_tutorials:/home/advay/erc_ws/src/install/week0_tutorials:/home/advay/erc_ws/src/install/task_1:/home/advay/erc_ws/src/install/sherlock:/opt/ros/humble /usr/bin/cmake --install /home/advay/mrt/build/tutorial_interfaces
[7.251s] Level 1:colcon.colcon_core.environment:create_environment_scripts_only(tutorial_interfaces)
[7.254s] DEBUG:colcon.colcon_core.event_handler.log_command:Invoked command in '/home/advay/mrt/build/tutorial_interfaces' returned '0': CMAKE_PREFIX_PATH=/home/advay/mrt/install/aruco_srvcli:/home/advay/erc_ws/install/week1_tutorials:/home/advay/erc_ws/install/week0_tutorials:/home/advay/erc_ws/install/task_1:/home/advay/erc_ws/install/sherlock:/home/advay/erc_ws/install/mrs_hudson:/home/advay/erc_ws/install/ep3:/home/advay/erc_ws/src/install/week1_tutorials:/home/advay/erc_ws/src/install/week0_tutorials:/home/advay/erc_ws/src/install/task_1:/home/advay/erc_ws/src/install/sherlock:/opt/ros/humble /usr/bin/cmake --install /home/advay/mrt/build/tutorial_interfaces
[7.330s] Level 1:colcon.colcon_core.environment:checking '/home/advay/mrt/install/tutorial_interfaces' for CMake module files
[7.331s] Level 1:colcon.colcon_core.environment:checking '/home/advay/mrt/install/tutorial_interfaces' for CMake config files
[7.332s] Level 1:colcon.colcon_core.shell:create_environment_hook('tutorial_interfaces', 'cmake_prefix_path')
[7.402s] INFO:colcon.colcon_core.shell:Creating environment hook '/home/advay/mrt/install/tutorial_interfaces/share/tutorial_interfaces/hook/cmake_prefix_path.ps1'
[7.404s] INFO:colcon.colcon_core.shell:Creating environment descriptor '/home/advay/mrt/install/tutorial_interfaces/share/tutorial_interfaces/hook/cmake_prefix_path.dsv'
[7.405s] INFO:colcon.colcon_core.shell:Creating environment hook '/home/advay/mrt/install/tutorial_interfaces/share/tutorial_interfaces/hook/cmake_prefix_path.sh'
[7.408s] Level 1:colcon.colcon_core.environment:checking '/home/advay/mrt/install/tutorial_interfaces/bin'
[7.408s] Level 1:colcon.colcon_core.environment:checking '/home/advay/mrt/install/tutorial_interfaces/lib/pkgconfig/tutorial_interfaces.pc'
[7.409s] Level 1:colcon.colcon_core.environment:checking '/home/advay/mrt/install/tutorial_interfaces/lib/python3.10/site-packages'
[7.409s] Level 1:colcon.colcon_core.environment:checking '/home/advay/mrt/install/tutorial_interfaces/bin'
[7.474s] INFO:colcon.colcon_core.shell:Creating package script '/home/advay/mrt/install/tutorial_interfaces/share/tutorial_interfaces/package.ps1'
[7.477s] INFO:colcon.colcon_core.shell:Creating package descriptor '/home/advay/mrt/install/tutorial_interfaces/share/tutorial_interfaces/package.dsv'
[7.479s] INFO:colcon.colcon_core.shell:Creating package script '/home/advay/mrt/install/tutorial_interfaces/share/tutorial_interfaces/package.sh'
[7.481s] INFO:colcon.colcon_core.shell:Creating package script '/home/advay/mrt/install/tutorial_interfaces/share/tutorial_interfaces/package.bash'
[7.483s] INFO:colcon.colcon_core.shell:Creating package script '/home/advay/mrt/install/tutorial_interfaces/share/tutorial_interfaces/package.zsh'
[7.485s] Level 1:colcon.colcon_core.environment:create_file_with_runtime_dependencies(/home/advay/mrt/install/tutorial_interfaces/share/colcon-core/packages/tutorial_interfaces)
[7.649s] Level 1:colcon.colcon_core.environment:create_environment_scripts_only(tutorial_interfaces)
[7.719s] Level 1:colcon.colcon_core.environment:checking '/home/advay/mrt/install/tutorial_interfaces' for CMake module files
[7.720s] Level 1:colcon.colcon_core.environment:checking '/home/advay/mrt/install/tutorial_interfaces' for CMake config files
[7.721s] Level 1:colcon.colcon_core.shell:create_environment_hook('tutorial_interfaces', 'cmake_prefix_path')
[7.803s] INFO:colcon.colcon_core.shell:Creating environment hook '/home/advay/mrt/install/tutorial_interfaces/share/tutorial_interfaces/hook/cmake_prefix_path.ps1'
[7.804s] INFO:colcon.colcon_core.shell:Creating environment descriptor '/home/advay/mrt/install/tutorial_interfaces/share/tutorial_interfaces/hook/cmake_prefix_path.dsv'
[7.806s] INFO:colcon.colcon_core.shell:Creating environment hook '/home/advay/mrt/install/tutorial_interfaces/share/tutorial_interfaces/hook/cmake_prefix_path.sh'
[7.807s] Level 1:colcon.colcon_core.environment:checking '/home/advay/mrt/install/tutorial_interfaces/bin'
[7.807s] Level 1:colcon.colcon_core.environment:checking '/home/advay/mrt/install/tutorial_interfaces/lib/pkgconfig/tutorial_interfaces.pc'
[7.808s] Level 1:colcon.colcon_core.environment:checking '/home/advay/mrt/install/tutorial_interfaces/lib/python3.10/site-packages'
[7.809s] Level 1:colcon.colcon_core.environment:checking '/home/advay/mrt/install/tutorial_interfaces/bin'
[7.881s] INFO:colcon.colcon_core.shell:Creating package script '/home/advay/mrt/install/tutorial_interfaces/share/tutorial_interfaces/package.ps1'
[7.882s] INFO:colcon.colcon_core.shell:Creating package descriptor '/home/advay/mrt/install/tutorial_interfaces/share/tutorial_interfaces/package.dsv'
[7.884s] INFO:colcon.colcon_core.shell:Creating package script '/home/advay/mrt/install/tutorial_interfaces/share/tutorial_interfaces/package.sh'
[7.886s] INFO:colcon.colcon_core.shell:Creating package script '/home/advay/mrt/install/tutorial_interfaces/share/tutorial_interfaces/package.bash'
[7.888s] INFO:colcon.colcon_core.shell:Creating package script '/home/advay/mrt/install/tutorial_interfaces/share/tutorial_interfaces/package.zsh'
[7.890s] Level 1:colcon.colcon_core.environment:create_file_with_runtime_dependencies(/home/advay/mrt/install/tutorial_interfaces/share/colcon-core/packages/tutorial_interfaces)
[7.891s] DEBUG:colcon.colcon_parallel_executor.executor.parallel:closing loop
[7.893s] DEBUG:colcon.colcon_parallel_executor.executor.parallel:loop closed
[7.893s] DEBUG:colcon.colcon_parallel_executor.executor.parallel:run_until_complete finished with '0'
[7.894s] DEBUG:colcon.colcon_core.event_reactor:joining thread
[7.979s] INFO:colcon.colcon_core.plugin_system:Skipping extension 'colcon_notification.desktop_notification.terminal_notifier': Not used on non-Darwin systems
[7.979s] INFO:colcon.colcon_core.plugin_system:Skipping extension 'colcon_notification.desktop_notification.win32': Not used on non-Windows systems
[7.980s] INFO:colcon.colcon_notification.desktop_notification:Sending desktop notification using 'notify2'
[8.018s] DEBUG:colcon.colcon_core.event_reactor:joined thread
[8.125s] INFO:colcon.colcon_core.shell:Creating prefix script '/home/advay/mrt/install/local_setup.ps1'
[8.128s] INFO:colcon.colcon_core.shell:Creating prefix util module '/home/advay/mrt/install/_local_setup_util_ps1.py'
[8.135s] INFO:colcon.colcon_core.shell:Creating prefix chain script '/home/advay/mrt/install/setup.ps1'
[8.222s] INFO:colcon.colcon_core.shell:Creating prefix script '/home/advay/mrt/install/local_setup.sh'
[8.224s] INFO:colcon.colcon_core.shell:Creating prefix util module '/home/advay/mrt/install/_local_setup_util_sh.py'
[8.226s] INFO:colcon.colcon_core.shell:Creating prefix chain script '/home/advay/mrt/install/setup.sh'
[8.345s] INFO:colcon.colcon_core.shell:Creating prefix script '/home/advay/mrt/install/local_setup.bash'
[8.347s] INFO:colcon.colcon_core.shell:Creating prefix chain script '/home/advay/mrt/install/setup.bash'
[8.429s] INFO:colcon.colcon_core.shell:Creating prefix script '/home/advay/mrt/install/local_setup.zsh'
[8.431s] INFO:colcon.colcon_core.shell:Creating prefix chain script '/home/advay/mrt/install/setup.zsh'
