[0.298s] Invoking command in '/home/advay/mrt/build/tutorial_interfaces': CMAKE_PREFIX_PATH=${CMAKE_PREFIX_PATH}:/home/advay/mrt/install/aruco_srvcli:/home/advay/erc_ws/install/week1_tutorials:/home/advay/erc_ws/install/week0_tutorials:/home/advay/erc_ws/install/task_1:/home/advay/erc_ws/install/sherlock:/home/advay/erc_ws/install/mrs_hudson:/home/advay/erc_ws/install/ep3:/home/advay/erc_ws/src/install/week1_tutorials:/home/advay/erc_ws/src/install/week0_tutorials:/home/advay/erc_ws/src/install/task_1:/home/advay/erc_ws/src/install/sherlock:/opt/ros/humble /usr/bin/cmake --build /home/advay/mrt/build/tutorial_interfaces -- -j4 -l4
[0.364s] -- Found ament_cmake: 1.3.6 (/opt/ros/humble/share/ament_cmake/cmake)
[0.784s] -- Found geometry_msgs: 4.2.3 (/opt/ros/humble/share/geometry_msgs/cmake)
[0.856s] -- Found rosidl_generator_c: 3.1.5 (/opt/ros/humble/share/rosidl_generator_c/cmake)
[0.863s] -- Found rosidl_adapter: 3.1.5 (/opt/ros/humble/share/rosidl_adapter/cmake)
[0.880s] -- Found rosidl_generator_cpp: 3.1.5 (/opt/ros/humble/share/rosidl_generator_cpp/cmake)
[0.909s] -- Using all available rosidl_typesupport_c: rosidl_typesupport_fastrtps_c;rosidl_typesupport_introspection_c
[0.956s] -- Using all available rosidl_typesupport_cpp: rosidl_typesupport_fastrtps_cpp;rosidl_typesupport_introspection_cpp
[1.298s] -- Found rosidl_default_generators: 1.2.0 (/opt/ros/humble/share/rosidl_default_generators/cmake)
[1.319s] -- Found sensor_msgs: 4.2.3 (/opt/ros/humble/share/sensor_msgs/cmake)
[2.672s] -- Found ament_cmake_ros: 0.10.0 (/opt/ros/humble/share/ament_cmake_ros/cmake)
[4.495s] -- Using all available rosidl_typesupport_c: rosidl_typesupport_fastrtps_c;rosidl_typesupport_introspection_c
[5.253s] -- Using all available rosidl_typesupport_cpp: rosidl_typesupport_fastrtps_cpp;rosidl_typesupport_introspection_cpp
[5.352s] -- Found python_cmake_module: 0.10.0 (/opt/ros/humble/share/python_cmake_module/cmake)
[5.452s] -- Using PYTHON_EXECUTABLE: /usr/bin/python3
[5.452s] -- Using PYTHON_INCLUDE_DIRS: /usr/include/python3.10
[5.453s] -- Using PYTHON_LIBRARIES: /usr/lib/x86_64-linux-gnu/libpython3.10.so
[5.678s] -- Found ament_lint_auto: 0.12.9 (/opt/ros/humble/share/ament_lint_auto/cmake)
[5.712s] -- Added test 'lint_cmake' to check CMake code style
[5.717s] -- Added test 'xmllint' to check XML markup files
[5.724s] -- Configuring done
[5.910s] -- Generating done
[5.924s] -- Build files have been written to: /home/advay/mrt/build/tutorial_interfaces
[6.030s] [  1%] [34m[1mGenerating C code for ROS interfaces[0m
[6.110s] [  3%] [34m[1mGenerating C++ code for ROS interfaces[0m
[6.138s] [  3%] Built target ament_cmake_python_copy_tutorial_interfaces
[8.319s] running egg_info
[8.329s] writing tutorial_interfaces.egg-info/PKG-INFO
[8.331s] writing dependency_links to tutorial_interfaces.egg-info/dependency_links.txt
[8.332s] writing top-level names to tutorial_interfaces.egg-info/top_level.txt
[8.349s] reading manifest file 'tutorial_interfaces.egg-info/SOURCES.txt'
[8.350s] writing manifest file 'tutorial_interfaces.egg-info/SOURCES.txt'
[8.470s] [  3%] Built target ament_cmake_python_build_tutorial_interfaces_egg
[9.646s] [  3%] Built target tutorial_interfaces__cpp
[9.709s] [  5%] [34m[1mGenerating C++ type support dispatch for ROS interfaces[0m
[9.924s] [  7%] [34m[1mGenerating C++ type support for eProsima Fast-RTPS[0m
[10.164s] [35m[1mConsolidate compiler generated dependencies of target tutorial_interfaces__rosidl_generator_c[0m
[10.249s] [  9%] [34m[1mGenerating C++ introspection for ROS interfaces[0m
[10.264s] [ 10%] [32mBuilding C object CMakeFiles/tutorial_interfaces__rosidl_generator_c.dir/rosidl_generator_c/tutorial_interfaces/msg/detail/oned__functions.c.o[0m
[10.632s] [ 12%] [32mBuilding C object CMakeFiles/tutorial_interfaces__rosidl_generator_c.dir/rosidl_generator_c/tutorial_interfaces/msg/detail/threed__functions.c.o[0m
[11.219s] [ 14%] [32mBuilding C object CMakeFiles/tutorial_interfaces__rosidl_generator_c.dir/rosidl_generator_c/tutorial_interfaces/msg/detail/aruco__functions.c.o[0m
[11.755s] [ 16%] [32mBuilding C object CMakeFiles/tutorial_interfaces__rosidl_generator_c.dir/rosidl_generator_c/tutorial_interfaces/srv/detail/imagesrv__functions.c.o[0m
[12.536s] [ 18%] [32m[1mLinking C shared library libtutorial_interfaces__rosidl_generator_c.so[0m
[12.673s] [35m[1mConsolidate compiler generated dependencies of target tutorial_interfaces__rosidl_typesupport_cpp[0m
[12.855s] [ 18%] Built target tutorial_interfaces__rosidl_generator_c
[12.859s] [ 20%] [32mBuilding CXX object CMakeFiles/tutorial_interfaces__rosidl_typesupport_cpp.dir/rosidl_typesupport_cpp/tutorial_interfaces/msg/oned__type_support.cpp.o[0m
[12.920s] [ 21%] [32mBuilding CXX object CMakeFiles/tutorial_interfaces__rosidl_typesupport_cpp.dir/rosidl_typesupport_cpp/tutorial_interfaces/msg/threed__type_support.cpp.o[0m
[14.379s] [35m[1mConsolidate compiler generated dependencies of target tutorial_interfaces__rosidl_typesupport_introspection_cpp[0m
[14.558s] [ 23%] [32mBuilding CXX object CMakeFiles/tutorial_interfaces__rosidl_typesupport_introspection_cpp.dir/rosidl_typesupport_introspection_cpp/tutorial_interfaces/msg/detail/oned__type_support.cpp.o[0m
[14.733s] [35m[1mConsolidate compiler generated dependencies of target tutorial_interfaces__rosidl_typesupport_fastrtps_cpp[0m
[14.995s] [ 25%] [32mBuilding CXX object CMakeFiles/tutorial_interfaces__rosidl_typesupport_fastrtps_cpp.dir/rosidl_typesupport_fastrtps_cpp/tutorial_interfaces/msg/detail/dds_fastrtps/oned__type_support.cpp.o[0m
[15.088s] [ 27%] [32mBuilding CXX object CMakeFiles/tutorial_interfaces__rosidl_typesupport_cpp.dir/rosidl_typesupport_cpp/tutorial_interfaces/msg/aruco__type_support.cpp.o[0m
[15.260s] [ 29%] [32mBuilding CXX object CMakeFiles/tutorial_interfaces__rosidl_typesupport_cpp.dir/rosidl_typesupport_cpp/tutorial_interfaces/srv/imagesrv__type_support.cpp.o[0m
[17.839s] [ 30%] [34m[1mGenerating C type support for eProsima Fast-RTPS[0m
[18.058s] [ 32%] [32m[1mLinking CXX shared library libtutorial_interfaces__rosidl_typesupport_cpp.so[0m
[18.259s] [ 34%] [32mBuilding CXX object CMakeFiles/tutorial_interfaces__rosidl_typesupport_fastrtps_cpp.dir/rosidl_typesupport_fastrtps_cpp/tutorial_interfaces/msg/detail/dds_fastrtps/threed__type_support.cpp.o[0m
[18.366s] [ 34%] Built target tutorial_interfaces__rosidl_typesupport_cpp
[18.466s] [ 36%] [34m[1mGenerating C introspection for ROS interfaces[0m
[18.540s] [ 38%] [32mBuilding CXX object CMakeFiles/tutorial_interfaces__rosidl_typesupport_introspection_cpp.dir/rosidl_typesupport_introspection_cpp/tutorial_interfaces/msg/detail/threed__type_support.cpp.o[0m
[21.276s] [ 40%] [32mBuilding CXX object CMakeFiles/tutorial_interfaces__rosidl_typesupport_introspection_cpp.dir/rosidl_typesupport_introspection_cpp/tutorial_interfaces/msg/detail/aruco__type_support.cpp.o[0m
[22.381s] [ 41%] [32mBuilding CXX object CMakeFiles/tutorial_interfaces__rosidl_typesupport_fastrtps_cpp.dir/rosidl_typesupport_fastrtps_cpp/tutorial_interfaces/msg/detail/dds_fastrtps/aruco__type_support.cpp.o[0m
[22.883s] [35m[1mConsolidate compiler generated dependencies of target tutorial_interfaces__rosidl_typesupport_fastrtps_c[0m
[22.942s] [35m[1mConsolidate compiler generated dependencies of target tutorial_interfaces__rosidl_typesupport_introspection_c[0m
[23.063s] [ 43%] [32mBuilding CXX object CMakeFiles/tutorial_interfaces__rosidl_typesupport_fastrtps_c.dir/rosidl_typesupport_fastrtps_c/tutorial_interfaces/msg/detail/oned__type_support_c.cpp.o[0m
[23.137s] [ 45%] [32mBuilding C object CMakeFiles/tutorial_interfaces__rosidl_typesupport_introspection_c.dir/rosidl_typesupport_introspection_c/tutorial_interfaces/msg/detail/oned__type_support.c.o[0m
[23.523s] [ 47%] [32mBuilding C object CMakeFiles/tutorial_interfaces__rosidl_typesupport_introspection_c.dir/rosidl_typesupport_introspection_c/tutorial_interfaces/msg/detail/threed__type_support.c.o[0m
[23.953s] [ 49%] [32mBuilding C object CMakeFiles/tutorial_interfaces__rosidl_typesupport_introspection_c.dir/rosidl_typesupport_introspection_c/tutorial_interfaces/msg/detail/aruco__type_support.c.o[0m
[24.100s] [ 50%] [32mBuilding CXX object CMakeFiles/tutorial_interfaces__rosidl_typesupport_introspection_cpp.dir/rosidl_typesupport_introspection_cpp/tutorial_interfaces/srv/detail/imagesrv__type_support.cpp.o[0m
[24.460s] [ 52%] [32mBuilding C object CMakeFiles/tutorial_interfaces__rosidl_typesupport_introspection_c.dir/rosidl_typesupport_introspection_c/tutorial_interfaces/srv/detail/imagesrv__type_support.c.o[0m
[24.939s] [ 54%] [32m[1mLinking C shared library libtutorial_interfaces__rosidl_typesupport_introspection_c.so[0m
[25.409s] [ 54%] Built target tutorial_interfaces__rosidl_typesupport_introspection_c
[25.519s] [ 56%] [32mBuilding CXX object CMakeFiles/tutorial_interfaces__rosidl_typesupport_fastrtps_c.dir/rosidl_typesupport_fastrtps_c/tutorial_interfaces/msg/detail/threed__type_support_c.cpp.o[0m
[26.286s] [ 58%] [32mBuilding CXX object CMakeFiles/tutorial_interfaces__rosidl_typesupport_fastrtps_cpp.dir/rosidl_typesupport_fastrtps_cpp/tutorial_interfaces/srv/detail/dds_fastrtps/imagesrv__type_support.cpp.o[0m
[26.557s] [ 60%] [32mBuilding CXX object CMakeFiles/tutorial_interfaces__rosidl_typesupport_fastrtps_c.dir/rosidl_typesupport_fastrtps_c/tutorial_interfaces/msg/detail/aruco__type_support_c.cpp.o[0m
[28.164s] [ 61%] [32mBuilding CXX object CMakeFiles/tutorial_interfaces__rosidl_typesupport_fastrtps_c.dir/rosidl_typesupport_fastrtps_c/tutorial_interfaces/srv/detail/imagesrv__type_support_c.cpp.o[0m
[28.320s] [ 63%] [32m[1mLinking CXX shared library libtutorial_interfaces__rosidl_typesupport_introspection_cpp.so[0m
[28.869s] [ 63%] Built target tutorial_interfaces__rosidl_typesupport_introspection_cpp
[28.926s] [ 65%] [34m[1mGenerating C type support dispatch for ROS interfaces[0m
[30.661s] [ 67%] [32m[1mLinking CXX shared library libtutorial_interfaces__rosidl_typesupport_fastrtps_cpp.so[0m
[31.200s] [ 67%] Built target tutorial_interfaces__rosidl_typesupport_fastrtps_cpp
[31.237s] [ 69%] [32m[1mLinking CXX shared library libtutorial_interfaces__rosidl_typesupport_fastrtps_c.so[0m
[31.628s] [ 69%] Built target tutorial_interfaces__rosidl_typesupport_fastrtps_c
[31.662s] [35m[1mConsolidate compiler generated dependencies of target tutorial_interfaces__rosidl_typesupport_c[0m
[31.729s] [ 70%] [32mBuilding CXX object CMakeFiles/tutorial_interfaces__rosidl_typesupport_c.dir/rosidl_typesupport_c/tutorial_interfaces/msg/threed__type_support.cpp.o[0m
[31.738s] [ 72%] [32mBuilding CXX object CMakeFiles/tutorial_interfaces__rosidl_typesupport_c.dir/rosidl_typesupport_c/tutorial_interfaces/srv/imagesrv__type_support.cpp.o[0m
[31.757s] [ 74%] [32mBuilding CXX object CMakeFiles/tutorial_interfaces__rosidl_typesupport_c.dir/rosidl_typesupport_c/tutorial_interfaces/msg/oned__type_support.cpp.o[0m
[31.781s] [ 76%] [32mBuilding CXX object CMakeFiles/tutorial_interfaces__rosidl_typesupport_c.dir/rosidl_typesupport_c/tutorial_interfaces/msg/aruco__type_support.cpp.o[0m
[32.024s] [ 78%] [32m[1mLinking CXX shared library libtutorial_interfaces__rosidl_typesupport_c.so[0m
[32.185s] [ 78%] Built target tutorial_interfaces__rosidl_typesupport_c
[32.264s] [ 78%] Built target tutorial_interfaces
[32.344s] [ 80%] [34m[1mGenerating Python code for ROS interfaces[0m
[35.091s] [ 80%] Built target tutorial_interfaces__py
[35.144s] [35m[1mConsolidate compiler generated dependencies of target tutorial_interfaces__rosidl_generator_py[0m
[35.233s] [ 81%] [32mBuilding C object CMakeFiles/tutorial_interfaces__rosidl_generator_py.dir/rosidl_generator_py/tutorial_interfaces/msg/_threed_s.c.o[0m
[35.250s] [ 83%] [32mBuilding C object CMakeFiles/tutorial_interfaces__rosidl_generator_py.dir/rosidl_generator_py/tutorial_interfaces/msg/_aruco_s.c.o[0m
[35.268s] [ 85%] [32mBuilding C object CMakeFiles/tutorial_interfaces__rosidl_generator_py.dir/rosidl_generator_py/tutorial_interfaces/msg/_oned_s.c.o[0m
[35.294s] [ 87%] [32mBuilding C object CMakeFiles/tutorial_interfaces__rosidl_generator_py.dir/rosidl_generator_py/tutorial_interfaces/srv/_imagesrv_s.c.o[0m
[36.451s] [ 89%] [32m[1mLinking C shared library rosidl_generator_py/tutorial_interfaces/libtutorial_interfaces__rosidl_generator_py.so[0m
[36.619s] [ 89%] Built target tutorial_interfaces__rosidl_generator_py
[36.682s] [35m[1mConsolidate compiler generated dependencies of target tutorial_interfaces__rosidl_typesupport_introspection_c__pyext[0m
[36.683s] [35m[1mConsolidate compiler generated dependencies of target tutorial_interfaces__rosidl_typesupport_fastrtps_c__pyext[0m
[36.694s] [35m[1mConsolidate compiler generated dependencies of target tutorial_interfaces__rosidl_typesupport_c__pyext[0m
[36.773s] [ 90%] [32mBuilding C object CMakeFiles/tutorial_interfaces__rosidl_typesupport_fastrtps_c__pyext.dir/rosidl_generator_py/tutorial_interfaces/_tutorial_interfaces_s.ep.rosidl_typesupport_fastrtps_c.c.o[0m
[36.793s] [ 92%] [32mBuilding C object CMakeFiles/tutorial_interfaces__rosidl_typesupport_introspection_c__pyext.dir/rosidl_generator_py/tutorial_interfaces/_tutorial_interfaces_s.ep.rosidl_typesupport_introspection_c.c.o[0m
[36.824s] [ 94%] [32mBuilding C object CMakeFiles/tutorial_interfaces__rosidl_typesupport_c__pyext.dir/rosidl_generator_py/tutorial_interfaces/_tutorial_interfaces_s.ep.rosidl_typesupport_c.c.o[0m
[37.759s] [ 96%] [32m[1mLinking C shared library rosidl_generator_py/tutorial_interfaces/tutorial_interfaces_s__rosidl_typesupport_fastrtps_c.cpython-310-x86_64-linux-gnu.so[0m
[37.873s] [ 98%] [32m[1mLinking C shared library rosidl_generator_py/tutorial_interfaces/tutorial_interfaces_s__rosidl_typesupport_c.cpython-310-x86_64-linux-gnu.so[0m
[38.068s] [ 98%] Built target tutorial_interfaces__rosidl_typesupport_fastrtps_c__pyext
[38.194s] [ 98%] Built target tutorial_interfaces__rosidl_typesupport_c__pyext
[38.265s] [100%] [32m[1mLinking C shared library rosidl_generator_py/tutorial_interfaces/tutorial_interfaces_s__rosidl_typesupport_introspection_c.cpython-310-x86_64-linux-gnu.so[0m
[38.455s] [100%] Built target tutorial_interfaces__rosidl_typesupport_introspection_c__pyext
[38.503s] Invoked command in '/home/advay/mrt/build/tutorial_interfaces' returned '0': CMAKE_PREFIX_PATH=${CMAKE_PREFIX_PATH}:/home/advay/mrt/install/aruco_srvcli:/home/advay/erc_ws/install/week1_tutorials:/home/advay/erc_ws/install/week0_tutorials:/home/advay/erc_ws/install/task_1:/home/advay/erc_ws/install/sherlock:/home/advay/erc_ws/install/mrs_hudson:/home/advay/erc_ws/install/ep3:/home/advay/erc_ws/src/install/week1_tutorials:/home/advay/erc_ws/src/install/week0_tutorials:/home/advay/erc_ws/src/install/task_1:/home/advay/erc_ws/src/install/sherlock:/opt/ros/humble /usr/bin/cmake --build /home/advay/mrt/build/tutorial_interfaces -- -j4 -l4
[38.992s] Invoking command in '/home/advay/mrt/build/tutorial_interfaces': CMAKE_PREFIX_PATH=${CMAKE_PREFIX_PATH}:/home/advay/mrt/install/aruco_srvcli:/home/advay/erc_ws/install/week1_tutorials:/home/advay/erc_ws/install/week0_tutorials:/home/advay/erc_ws/install/task_1:/home/advay/erc_ws/install/sherlock:/home/advay/erc_ws/install/mrs_hudson:/home/advay/erc_ws/install/ep3:/home/advay/erc_ws/src/install/week1_tutorials:/home/advay/erc_ws/src/install/week0_tutorials:/home/advay/erc_ws/src/install/task_1:/home/advay/erc_ws/src/install/sherlock:/opt/ros/humble /usr/bin/cmake --install /home/advay/mrt/build/tutorial_interfaces
[39.019s] -- Install configuration: ""
[39.021s] -- Installing: /home/advay/mrt/install/tutorial_interfaces/share/ament_index/resource_index/rosidl_interfaces/tutorial_interfaces
[39.030s] -- Up-to-date: /home/advay/mrt/install/tutorial_interfaces/include/tutorial_interfaces/tutorial_interfaces
[39.031s] -- Up-to-date: /home/advay/mrt/install/tutorial_interfaces/include/tutorial_interfaces/tutorial_interfaces/srv
[39.032s] -- Up-to-date: /home/advay/mrt/install/tutorial_interfaces/include/tutorial_interfaces/tutorial_interfaces/srv/detail
[39.032s] -- Up-to-date: /home/advay/mrt/install/tutorial_interfaces/include/tutorial_interfaces/tutorial_interfaces/srv/detail/image__struct.h
[39.033s] -- Installing: /home/advay/mrt/install/tutorial_interfaces/include/tutorial_interfaces/tutorial_interfaces/srv/detail/imagesrv__functions.h
[39.033s] -- Up-to-date: /home/advay/mrt/install/tutorial_interfaces/include/tutorial_interfaces/tutorial_interfaces/srv/detail/image__functions.c
[39.034s] -- Up-to-date: /home/advay/mrt/install/tutorial_interfaces/include/tutorial_interfaces/tutorial_interfaces/srv/detail/image__functions.h
[39.036s] -- Installing: /home/advay/mrt/install/tutorial_interfaces/include/tutorial_interfaces/tutorial_interfaces/srv/detail/imagesrv__functions.c
[39.036s] -- Installing: /home/advay/mrt/install/tutorial_interfaces/include/tutorial_interfaces/tutorial_interfaces/srv/detail/imagesrv__struct.h
[39.037s] -- Installing: /home/advay/mrt/install/tutorial_interfaces/include/tutorial_interfaces/tutorial_interfaces/srv/detail/imagesrv__type_support.h
[39.038s] -- Up-to-date: /home/advay/mrt/install/tutorial_interfaces/include/tutorial_interfaces/tutorial_interfaces/srv/detail/image__type_support.h
[39.038s] -- Up-to-date: /home/advay/mrt/install/tutorial_interfaces/include/tutorial_interfaces/tutorial_interfaces/srv/image.h
[39.039s] -- Installing: /home/advay/mrt/install/tutorial_interfaces/include/tutorial_interfaces/tutorial_interfaces/srv/imagesrv.h
[39.040s] -- Up-to-date: /home/advay/mrt/install/tutorial_interfaces/include/tutorial_interfaces/tutorial_interfaces/msg
[39.040s] -- Installing: /home/advay/mrt/install/tutorial_interfaces/include/tutorial_interfaces/tutorial_interfaces/msg/aruco.h
[39.040s] -- Up-to-date: /home/advay/mrt/install/tutorial_interfaces/include/tutorial_interfaces/tutorial_interfaces/msg/detail
[39.041s] -- Installing: /home/advay/mrt/install/tutorial_interfaces/include/tutorial_interfaces/tutorial_interfaces/msg/detail/aruco__type_support.h
[39.042s] -- Installing: /home/advay/mrt/install/tutorial_interfaces/include/tutorial_interfaces/tutorial_interfaces/msg/detail/threed__struct.h
[39.043s] -- Installing: /home/advay/mrt/install/tutorial_interfaces/include/tutorial_interfaces/tutorial_interfaces/msg/detail/oned__type_support.h
[39.045s] -- Installing: /home/advay/mrt/install/tutorial_interfaces/include/tutorial_interfaces/tutorial_interfaces/msg/detail/oned__functions.h
[39.045s] -- Installing: /home/advay/mrt/install/tutorial_interfaces/include/tutorial_interfaces/tutorial_interfaces/msg/detail/aruco__functions.h
[39.046s] -- Installing: /home/advay/mrt/install/tutorial_interfaces/include/tutorial_interfaces/tutorial_interfaces/msg/detail/oned__struct.h
[39.047s] -- Installing: /home/advay/mrt/install/tutorial_interfaces/include/tutorial_interfaces/tutorial_interfaces/msg/detail/threed__functions.c
[39.048s] -- Installing: /home/advay/mrt/install/tutorial_interfaces/include/tutorial_interfaces/tutorial_interfaces/msg/detail/aruco__functions.c
[39.048s] -- Installing: /home/advay/mrt/install/tutorial_interfaces/include/tutorial_interfaces/tutorial_interfaces/msg/detail/threed__type_support.h
[39.048s] -- Installing: /home/advay/mrt/install/tutorial_interfaces/include/tutorial_interfaces/tutorial_interfaces/msg/detail/threed__functions.h
[39.049s] -- Installing: /home/advay/mrt/install/tutorial_interfaces/include/tutorial_interfaces/tutorial_interfaces/msg/detail/aruco__struct.h
[39.050s] -- Installing: /home/advay/mrt/install/tutorial_interfaces/include/tutorial_interfaces/tutorial_interfaces/msg/detail/oned__functions.c
[39.051s] -- Installing: /home/advay/mrt/install/tutorial_interfaces/include/tutorial_interfaces/tutorial_interfaces/msg/oned.h
[39.052s] -- Up-to-date: /home/advay/mrt/install/tutorial_interfaces/include/tutorial_interfaces/tutorial_interfaces/msg/rosidl_generator_c__visibility_control.h
[39.053s] -- Installing: /home/advay/mrt/install/tutorial_interfaces/include/tutorial_interfaces/tutorial_interfaces/msg/threed.h
[39.053s] -- Up-to-date: /home/advay/mrt/install/tutorial_interfaces/share/tutorial_interfaces/environment/library_path.sh
[39.054s] -- Installing: /home/advay/mrt/install/tutorial_interfaces/share/tutorial_interfaces/environment/library_path.dsv
[39.055s] -- Installing: /home/advay/mrt/install/tutorial_interfaces/lib/libtutorial_interfaces__rosidl_generator_c.so
[39.056s] -- Set runtime path of "/home/advay/mrt/install/tutorial_interfaces/lib/libtutorial_interfaces__rosidl_generator_c.so" to ""
[39.056s] -- Up-to-date: /home/advay/mrt/install/tutorial_interfaces/include/tutorial_interfaces/tutorial_interfaces
[39.057s] -- Up-to-date: /home/advay/mrt/install/tutorial_interfaces/include/tutorial_interfaces/tutorial_interfaces/srv
[39.058s] -- Up-to-date: /home/advay/mrt/install/tutorial_interfaces/include/tutorial_interfaces/tutorial_interfaces/srv/detail
[39.058s] -- Up-to-date: /home/advay/mrt/install/tutorial_interfaces/include/tutorial_interfaces/tutorial_interfaces/srv/detail/image__rosidl_typesupport_fastrtps_c.h
[39.059s] -- Installing: /home/advay/mrt/install/tutorial_interfaces/include/tutorial_interfaces/tutorial_interfaces/srv/detail/imagesrv__rosidl_typesupport_fastrtps_c.h
[39.060s] -- Up-to-date: /home/advay/mrt/install/tutorial_interfaces/include/tutorial_interfaces/tutorial_interfaces/msg
[39.060s] -- Up-to-date: /home/advay/mrt/install/tutorial_interfaces/include/tutorial_interfaces/tutorial_interfaces/msg/rosidl_typesupport_fastrtps_c__visibility_control.h
[39.061s] -- Up-to-date: /home/advay/mrt/install/tutorial_interfaces/include/tutorial_interfaces/tutorial_interfaces/msg/detail
[39.062s] -- Installing: /home/advay/mrt/install/tutorial_interfaces/include/tutorial_interfaces/tutorial_interfaces/msg/detail/threed__rosidl_typesupport_fastrtps_c.h
[39.062s] -- Installing: /home/advay/mrt/install/tutorial_interfaces/include/tutorial_interfaces/tutorial_interfaces/msg/detail/oned__rosidl_typesupport_fastrtps_c.h
[39.063s] -- Installing: /home/advay/mrt/install/tutorial_interfaces/include/tutorial_interfaces/tutorial_interfaces/msg/detail/aruco__rosidl_typesupport_fastrtps_c.h
[39.064s] -- Installing: /home/advay/mrt/install/tutorial_interfaces/lib/libtutorial_interfaces__rosidl_typesupport_fastrtps_c.so
[39.065s] -- Set runtime path of "/home/advay/mrt/install/tutorial_interfaces/lib/libtutorial_interfaces__rosidl_typesupport_fastrtps_c.so" to ""
[39.066s] -- Up-to-date: /home/advay/mrt/install/tutorial_interfaces/include/tutorial_interfaces/tutorial_interfaces
[39.067s] -- Up-to-date: /home/advay/mrt/install/tutorial_interfaces/include/tutorial_interfaces/tutorial_interfaces/srv
[39.067s] -- Up-to-date: /home/advay/mrt/install/tutorial_interfaces/include/tutorial_interfaces/tutorial_interfaces/srv/image.hpp
[39.068s] -- Up-to-date: /home/advay/mrt/install/tutorial_interfaces/include/tutorial_interfaces/tutorial_interfaces/srv/detail
[39.068s] -- Installing: /home/advay/mrt/install/tutorial_interfaces/include/tutorial_interfaces/tutorial_interfaces/srv/detail/imagesrv__traits.hpp
[39.069s] -- Installing: /home/advay/mrt/install/tutorial_interfaces/include/tutorial_interfaces/tutorial_interfaces/srv/detail/imagesrv__struct.hpp
[39.069s] -- Up-to-date: /home/advay/mrt/install/tutorial_interfaces/include/tutorial_interfaces/tutorial_interfaces/srv/detail/image__traits.hpp
[39.070s] -- Up-to-date: /home/advay/mrt/install/tutorial_interfaces/include/tutorial_interfaces/tutorial_interfaces/srv/detail/image__builder.hpp
[39.070s] -- Installing: /home/advay/mrt/install/tutorial_interfaces/include/tutorial_interfaces/tutorial_interfaces/srv/detail/imagesrv__builder.hpp
[39.071s] -- Up-to-date: /home/advay/mrt/install/tutorial_interfaces/include/tutorial_interfaces/tutorial_interfaces/srv/detail/image__struct.hpp
[39.072s] -- Installing: /home/advay/mrt/install/tutorial_interfaces/include/tutorial_interfaces/tutorial_interfaces/srv/imagesrv.hpp
[39.073s] -- Up-to-date: /home/advay/mrt/install/tutorial_interfaces/include/tutorial_interfaces/tutorial_interfaces/msg
[39.073s] -- Up-to-date: /home/advay/mrt/install/tutorial_interfaces/include/tutorial_interfaces/tutorial_interfaces/msg/detail
[39.074s] -- Installing: /home/advay/mrt/install/tutorial_interfaces/include/tutorial_interfaces/tutorial_interfaces/msg/detail/threed__builder.hpp
[39.075s] -- Installing: /home/advay/mrt/install/tutorial_interfaces/include/tutorial_interfaces/tutorial_interfaces/msg/detail/aruco__builder.hpp
[39.076s] -- Installing: /home/advay/mrt/install/tutorial_interfaces/include/tutorial_interfaces/tutorial_interfaces/msg/detail/aruco__traits.hpp
[39.076s] -- Installing: /home/advay/mrt/install/tutorial_interfaces/include/tutorial_interfaces/tutorial_interfaces/msg/detail/oned__traits.hpp
[39.077s] -- Installing: /home/advay/mrt/install/tutorial_interfaces/include/tutorial_interfaces/tutorial_interfaces/msg/detail/threed__struct.hpp
[39.078s] -- Installing: /home/advay/mrt/install/tutorial_interfaces/include/tutorial_interfaces/tutorial_interfaces/msg/detail/aruco__struct.hpp
[39.078s] -- Installing: /home/advay/mrt/install/tutorial_interfaces/include/tutorial_interfaces/tutorial_interfaces/msg/detail/oned__builder.hpp
[39.079s] -- Installing: /home/advay/mrt/install/tutorial_interfaces/include/tutorial_interfaces/tutorial_interfaces/msg/detail/threed__traits.hpp
[39.080s] -- Installing: /home/advay/mrt/install/tutorial_interfaces/include/tutorial_interfaces/tutorial_interfaces/msg/detail/oned__struct.hpp
[39.080s] -- Installing: /home/advay/mrt/install/tutorial_interfaces/include/tutorial_interfaces/tutorial_interfaces/msg/aruco.hpp
[39.081s] -- Installing: /home/advay/mrt/install/tutorial_interfaces/include/tutorial_interfaces/tutorial_interfaces/msg/threed.hpp
[39.081s] -- Installing: /home/advay/mrt/install/tutorial_interfaces/include/tutorial_interfaces/tutorial_interfaces/msg/oned.hpp
[39.082s] -- Up-to-date: /home/advay/mrt/install/tutorial_interfaces/include/tutorial_interfaces/tutorial_interfaces
[39.082s] -- Up-to-date: /home/advay/mrt/install/tutorial_interfaces/include/tutorial_interfaces/tutorial_interfaces/srv
[39.083s] -- Up-to-date: /home/advay/mrt/install/tutorial_interfaces/include/tutorial_interfaces/tutorial_interfaces/srv/detail
[39.084s] -- Up-to-date: /home/advay/mrt/install/tutorial_interfaces/include/tutorial_interfaces/tutorial_interfaces/srv/detail/dds_fastrtps
[39.084s] -- Up-to-date: /home/advay/mrt/install/tutorial_interfaces/include/tutorial_interfaces/tutorial_interfaces/srv/detail/image__rosidl_typesupport_fastrtps_cpp.hpp
[39.085s] -- Installing: /home/advay/mrt/install/tutorial_interfaces/include/tutorial_interfaces/tutorial_interfaces/srv/detail/imagesrv__rosidl_typesupport_fastrtps_cpp.hpp
[39.086s] -- Up-to-date: /home/advay/mrt/install/tutorial_interfaces/include/tutorial_interfaces/tutorial_interfaces/msg
[39.087s] -- Up-to-date: /home/advay/mrt/install/tutorial_interfaces/include/tutorial_interfaces/tutorial_interfaces/msg/rosidl_typesupport_fastrtps_cpp__visibility_control.h
[39.088s] -- Up-to-date: /home/advay/mrt/install/tutorial_interfaces/include/tutorial_interfaces/tutorial_interfaces/msg/detail
[39.088s] -- Installing: /home/advay/mrt/install/tutorial_interfaces/include/tutorial_interfaces/tutorial_interfaces/msg/detail/aruco__rosidl_typesupport_fastrtps_cpp.hpp
[39.089s] -- Installing: /home/advay/mrt/install/tutorial_interfaces/include/tutorial_interfaces/tutorial_interfaces/msg/detail/oned__rosidl_typesupport_fastrtps_cpp.hpp
[39.090s] -- Up-to-date: /home/advay/mrt/install/tutorial_interfaces/include/tutorial_interfaces/tutorial_interfaces/msg/detail/dds_fastrtps
[39.090s] -- Installing: /home/advay/mrt/install/tutorial_interfaces/include/tutorial_interfaces/tutorial_interfaces/msg/detail/threed__rosidl_typesupport_fastrtps_cpp.hpp
[39.091s] -- Installing: /home/advay/mrt/install/tutorial_interfaces/lib/libtutorial_interfaces__rosidl_typesupport_fastrtps_cpp.so
[39.092s] -- Set runtime path of "/home/advay/mrt/install/tutorial_interfaces/lib/libtutorial_interfaces__rosidl_typesupport_fastrtps_cpp.so" to ""
[39.092s] -- Up-to-date: /home/advay/mrt/install/tutorial_interfaces/include/tutorial_interfaces/tutorial_interfaces
[39.093s] -- Up-to-date: /home/advay/mrt/install/tutorial_interfaces/include/tutorial_interfaces/tutorial_interfaces/srv
[39.093s] -- Up-to-date: /home/advay/mrt/install/tutorial_interfaces/include/tutorial_interfaces/tutorial_interfaces/srv/detail
[39.094s] -- Up-to-date: /home/advay/mrt/install/tutorial_interfaces/include/tutorial_interfaces/tutorial_interfaces/srv/detail/image__type_support.c
[39.094s] -- Up-to-date: /home/advay/mrt/install/tutorial_interfaces/include/tutorial_interfaces/tutorial_interfaces/srv/detail/image__rosidl_typesupport_introspection_c.h
[39.095s] -- Installing: /home/advay/mrt/install/tutorial_interfaces/include/tutorial_interfaces/tutorial_interfaces/srv/detail/imagesrv__rosidl_typesupport_introspection_c.h
[39.096s] -- Installing: /home/advay/mrt/install/tutorial_interfaces/include/tutorial_interfaces/tutorial_interfaces/srv/detail/imagesrv__type_support.c
[39.097s] -- Up-to-date: /home/advay/mrt/install/tutorial_interfaces/include/tutorial_interfaces/tutorial_interfaces/msg
[39.097s] -- Up-to-date: /home/advay/mrt/install/tutorial_interfaces/include/tutorial_interfaces/tutorial_interfaces/msg/detail
[39.098s] -- Installing: /home/advay/mrt/install/tutorial_interfaces/include/tutorial_interfaces/tutorial_interfaces/msg/detail/threed__rosidl_typesupport_introspection_c.h
[39.098s] -- Installing: /home/advay/mrt/install/tutorial_interfaces/include/tutorial_interfaces/tutorial_interfaces/msg/detail/aruco__type_support.c
[39.099s] -- Installing: /home/advay/mrt/install/tutorial_interfaces/include/tutorial_interfaces/tutorial_interfaces/msg/detail/oned__rosidl_typesupport_introspection_c.h
[39.100s] -- Installing: /home/advay/mrt/install/tutorial_interfaces/include/tutorial_interfaces/tutorial_interfaces/msg/detail/oned__type_support.c
[39.101s] -- Installing: /home/advay/mrt/install/tutorial_interfaces/include/tutorial_interfaces/tutorial_interfaces/msg/detail/aruco__rosidl_typesupport_introspection_c.h
[39.101s] -- Installing: /home/advay/mrt/install/tutorial_interfaces/include/tutorial_interfaces/tutorial_interfaces/msg/detail/threed__type_support.c
[39.102s] -- Up-to-date: /home/advay/mrt/install/tutorial_interfaces/include/tutorial_interfaces/tutorial_interfaces/msg/rosidl_typesupport_introspection_c__visibility_control.h
[39.103s] -- Installing: /home/advay/mrt/install/tutorial_interfaces/lib/libtutorial_interfaces__rosidl_typesupport_introspection_c.so
[39.104s] -- Set runtime path of "/home/advay/mrt/install/tutorial_interfaces/lib/libtutorial_interfaces__rosidl_typesupport_introspection_c.so" to ""
[39.105s] -- Installing: /home/advay/mrt/install/tutorial_interfaces/lib/libtutorial_interfaces__rosidl_typesupport_c.so
[39.105s] -- Set runtime path of "/home/advay/mrt/install/tutorial_interfaces/lib/libtutorial_interfaces__rosidl_typesupport_c.so" to ""
[39.106s] -- Up-to-date: /home/advay/mrt/install/tutorial_interfaces/include/tutorial_interfaces/tutorial_interfaces
[39.107s] -- Up-to-date: /home/advay/mrt/install/tutorial_interfaces/include/tutorial_interfaces/tutorial_interfaces/srv
[39.107s] -- Up-to-date: /home/advay/mrt/install/tutorial_interfaces/include/tutorial_interfaces/tutorial_interfaces/srv/detail
[39.108s] -- Up-to-date: /home/advay/mrt/install/tutorial_interfaces/include/tutorial_interfaces/tutorial_interfaces/srv/detail/image__type_support.cpp
[39.109s] -- Up-to-date: /home/advay/mrt/install/tutorial_interfaces/include/tutorial_interfaces/tutorial_interfaces/srv/detail/image__rosidl_typesupport_introspection_cpp.hpp
[39.110s] -- Installing: /home/advay/mrt/install/tutorial_interfaces/include/tutorial_interfaces/tutorial_interfaces/srv/detail/imagesrv__rosidl_typesupport_introspection_cpp.hpp
[39.110s] -- Installing: /home/advay/mrt/install/tutorial_interfaces/include/tutorial_interfaces/tutorial_interfaces/srv/detail/imagesrv__type_support.cpp
[39.111s] -- Up-to-date: /home/advay/mrt/install/tutorial_interfaces/include/tutorial_interfaces/tutorial_interfaces/msg
[39.111s] -- Up-to-date: /home/advay/mrt/install/tutorial_interfaces/include/tutorial_interfaces/tutorial_interfaces/msg/detail
[39.112s] -- Installing: /home/advay/mrt/install/tutorial_interfaces/include/tutorial_interfaces/tutorial_interfaces/msg/detail/oned__type_support.cpp
[39.113s] -- Installing: /home/advay/mrt/install/tutorial_interfaces/include/tutorial_interfaces/tutorial_interfaces/msg/detail/threed__type_support.cpp
[39.114s] -- Installing: /home/advay/mrt/install/tutorial_interfaces/include/tutorial_interfaces/tutorial_interfaces/msg/detail/oned__rosidl_typesupport_introspection_cpp.hpp
[39.114s] -- Installing: /home/advay/mrt/install/tutorial_interfaces/include/tutorial_interfaces/tutorial_interfaces/msg/detail/threed__rosidl_typesupport_introspection_cpp.hpp
[39.115s] -- Installing: /home/advay/mrt/install/tutorial_interfaces/include/tutorial_interfaces/tutorial_interfaces/msg/detail/aruco__type_support.cpp
[39.116s] -- Installing: /home/advay/mrt/install/tutorial_interfaces/include/tutorial_interfaces/tutorial_interfaces/msg/detail/aruco__rosidl_typesupport_introspection_cpp.hpp
[39.116s] -- Installing: /home/advay/mrt/install/tutorial_interfaces/lib/libtutorial_interfaces__rosidl_typesupport_introspection_cpp.so
[39.117s] -- Set runtime path of "/home/advay/mrt/install/tutorial_interfaces/lib/libtutorial_interfaces__rosidl_typesupport_introspection_cpp.so" to ""
[39.118s] -- Installing: /home/advay/mrt/install/tutorial_interfaces/lib/libtutorial_interfaces__rosidl_typesupport_cpp.so
[39.118s] -- Set runtime path of "/home/advay/mrt/install/tutorial_interfaces/lib/libtutorial_interfaces__rosidl_typesupport_cpp.so" to ""
[39.119s] -- Up-to-date: /home/advay/mrt/install/tutorial_interfaces/share/tutorial_interfaces/environment/pythonpath.sh
[39.119s] -- Installing: /home/advay/mrt/install/tutorial_interfaces/share/tutorial_interfaces/environment/pythonpath.dsv
[39.120s] -- Up-to-date: /home/advay/mrt/install/tutorial_interfaces/local/lib/python3.10/dist-packages/tutorial_interfaces-0.0.0-py3.10.egg-info
[39.120s] -- Installing: /home/advay/mrt/install/tutorial_interfaces/local/lib/python3.10/dist-packages/tutorial_interfaces-0.0.0-py3.10.egg-info/PKG-INFO
[39.120s] -- Installing: /home/advay/mrt/install/tutorial_interfaces/local/lib/python3.10/dist-packages/tutorial_interfaces-0.0.0-py3.10.egg-info/top_level.txt
[39.121s] -- Installing: /home/advay/mrt/install/tutorial_interfaces/local/lib/python3.10/dist-packages/tutorial_interfaces-0.0.0-py3.10.egg-info/dependency_links.txt
[39.121s] -- Installing: /home/advay/mrt/install/tutorial_interfaces/local/lib/python3.10/dist-packages/tutorial_interfaces-0.0.0-py3.10.egg-info/SOURCES.txt
[39.122s] -- Up-to-date: /home/advay/mrt/install/tutorial_interfaces/local/lib/python3.10/dist-packages/tutorial_interfaces
[39.122s] -- Installing: /home/advay/mrt/install/tutorial_interfaces/local/lib/python3.10/dist-packages/tutorial_interfaces/_tutorial_interfaces_s.ep.rosidl_typesupport_introspection_c.c
[39.123s] -- Installing: /home/advay/mrt/install/tutorial_interfaces/local/lib/python3.10/dist-packages/tutorial_interfaces/tutorial_interfaces_s__rosidl_typesupport_fastrtps_c.cpython-310-x86_64-linux-gnu.so
[39.123s] -- Up-to-date: /home/advay/mrt/install/tutorial_interfaces/local/lib/python3.10/dist-packages/tutorial_interfaces/srv
[39.124s] -- Up-to-date: /home/advay/mrt/install/tutorial_interfaces/local/lib/python3.10/dist-packages/tutorial_interfaces/srv/_image.py
[39.125s] -- Up-to-date: /home/advay/mrt/install/tutorial_interfaces/local/lib/python3.10/dist-packages/tutorial_interfaces/srv/_image_s.c
[39.125s] -- Installing: /home/advay/mrt/install/tutorial_interfaces/local/lib/python3.10/dist-packages/tutorial_interfaces/srv/__init__.py
[39.126s] -- Installing: /home/advay/mrt/install/tutorial_interfaces/local/lib/python3.10/dist-packages/tutorial_interfaces/srv/_imagesrv_s.c
[39.126s] -- Installing: /home/advay/mrt/install/tutorial_interfaces/local/lib/python3.10/dist-packages/tutorial_interfaces/srv/_imagesrv.py
[39.127s] -- Installing: /home/advay/mrt/install/tutorial_interfaces/local/lib/python3.10/dist-packages/tutorial_interfaces/tutorial_interfaces_s__rosidl_typesupport_introspection_c.cpython-310-x86_64-linux-gnu.so
[39.134s] -- Installing: /home/advay/mrt/install/tutorial_interfaces/local/lib/python3.10/dist-packages/tutorial_interfaces/__init__.py
[39.135s] -- Installing: /home/advay/mrt/install/tutorial_interfaces/local/lib/python3.10/dist-packages/tutorial_interfaces/_tutorial_interfaces_s.ep.rosidl_typesupport_fastrtps_c.c
[39.135s] -- Installing: /home/advay/mrt/install/tutorial_interfaces/local/lib/python3.10/dist-packages/tutorial_interfaces/tutorial_interfaces_s__rosidl_typesupport_c.cpython-310-x86_64-linux-gnu.so
[39.136s] -- Installing: /home/advay/mrt/install/tutorial_interfaces/local/lib/python3.10/dist-packages/tutorial_interfaces/_tutorial_interfaces_s.ep.rosidl_typesupport_c.c
[39.136s] -- Installing: /home/advay/mrt/install/tutorial_interfaces/local/lib/python3.10/dist-packages/tutorial_interfaces/libtutorial_interfaces__rosidl_generator_py.so
[39.137s] -- Up-to-date: /home/advay/mrt/install/tutorial_interfaces/local/lib/python3.10/dist-packages/tutorial_interfaces/msg
[39.137s] -- Installing: /home/advay/mrt/install/tutorial_interfaces/local/lib/python3.10/dist-packages/tutorial_interfaces/msg/_threed.py
[39.138s] -- Installing: /home/advay/mrt/install/tutorial_interfaces/local/lib/python3.10/dist-packages/tutorial_interfaces/msg/_aruco_s.c
[39.138s] -- Installing: /home/advay/mrt/install/tutorial_interfaces/local/lib/python3.10/dist-packages/tutorial_interfaces/msg/_threed_s.c
[39.148s] -- Installing: /home/advay/mrt/install/tutorial_interfaces/local/lib/python3.10/dist-packages/tutorial_interfaces/msg/__init__.py
[39.148s] -- Installing: /home/advay/mrt/install/tutorial_interfaces/local/lib/python3.10/dist-packages/tutorial_interfaces/msg/_oned_s.c
[39.149s] -- Installing: /home/advay/mrt/install/tutorial_interfaces/local/lib/python3.10/dist-packages/tutorial_interfaces/msg/_oned.py
[39.149s] -- Installing: /home/advay/mrt/install/tutorial_interfaces/local/lib/python3.10/dist-packages/tutorial_interfaces/msg/_aruco.py
[39.371s] Listing '/home/advay/mrt/install/tutorial_interfaces/local/lib/python3.10/dist-packages/tutorial_interfaces'...
[39.372s] Compiling '/home/advay/mrt/install/tutorial_interfaces/local/lib/python3.10/dist-packages/tutorial_interfaces/__init__.py'...
[39.373s] Listing '/home/advay/mrt/install/tutorial_interfaces/local/lib/python3.10/dist-packages/tutorial_interfaces/msg'...
[39.373s] Compiling '/home/advay/mrt/install/tutorial_interfaces/local/lib/python3.10/dist-packages/tutorial_interfaces/msg/__init__.py'...
[39.374s] Compiling '/home/advay/mrt/install/tutorial_interfaces/local/lib/python3.10/dist-packages/tutorial_interfaces/msg/_aruco.py'...
[39.374s] Compiling '/home/advay/mrt/install/tutorial_interfaces/local/lib/python3.10/dist-packages/tutorial_interfaces/msg/_oned.py'...
[39.375s] Compiling '/home/advay/mrt/install/tutorial_interfaces/local/lib/python3.10/dist-packages/tutorial_interfaces/msg/_threed.py'...
[39.375s] Listing '/home/advay/mrt/install/tutorial_interfaces/local/lib/python3.10/dist-packages/tutorial_interfaces/srv'...
[39.375s] Compiling '/home/advay/mrt/install/tutorial_interfaces/local/lib/python3.10/dist-packages/tutorial_interfaces/srv/__init__.py'...
[39.376s] Compiling '/home/advay/mrt/install/tutorial_interfaces/local/lib/python3.10/dist-packages/tutorial_interfaces/srv/_imagesrv.py'...
[39.395s] -- Installing: /home/advay/mrt/install/tutorial_interfaces/local/lib/python3.10/dist-packages/tutorial_interfaces/tutorial_interfaces_s__rosidl_typesupport_fastrtps_c.cpython-310-x86_64-linux-gnu.so
[39.398s] -- Set runtime path of "/home/advay/mrt/install/tutorial_interfaces/local/lib/python3.10/dist-packages/tutorial_interfaces/tutorial_interfaces_s__rosidl_typesupport_fastrtps_c.cpython-310-x86_64-linux-gnu.so" to ""
[39.399s] -- Installing: /home/advay/mrt/install/tutorial_interfaces/local/lib/python3.10/dist-packages/tutorial_interfaces/tutorial_interfaces_s__rosidl_typesupport_introspection_c.cpython-310-x86_64-linux-gnu.so
[39.401s] -- Set runtime path of "/home/advay/mrt/install/tutorial_interfaces/local/lib/python3.10/dist-packages/tutorial_interfaces/tutorial_interfaces_s__rosidl_typesupport_introspection_c.cpython-310-x86_64-linux-gnu.so" to ""
[39.402s] -- Installing: /home/advay/mrt/install/tutorial_interfaces/local/lib/python3.10/dist-packages/tutorial_interfaces/tutorial_interfaces_s__rosidl_typesupport_c.cpython-310-x86_64-linux-gnu.so
[39.404s] -- Set runtime path of "/home/advay/mrt/install/tutorial_interfaces/local/lib/python3.10/dist-packages/tutorial_interfaces/tutorial_interfaces_s__rosidl_typesupport_c.cpython-310-x86_64-linux-gnu.so" to ""
[39.405s] -- Installing: /home/advay/mrt/install/tutorial_interfaces/lib/libtutorial_interfaces__rosidl_generator_py.so
[39.407s] -- Set runtime path of "/home/advay/mrt/install/tutorial_interfaces/lib/libtutorial_interfaces__rosidl_generator_py.so" to ""
[39.408s] -- Up-to-date: /home/advay/mrt/install/tutorial_interfaces/share/tutorial_interfaces/msg/Oned.idl
[39.409s] -- Installing: /home/advay/mrt/install/tutorial_interfaces/share/tutorial_interfaces/msg/Threed.idl
[39.411s] -- Up-to-date: /home/advay/mrt/install/tutorial_interfaces/share/tutorial_interfaces/msg/Aruco.idl
[39.412s] -- Up-to-date: /home/advay/mrt/install/tutorial_interfaces/share/tutorial_interfaces/srv/Imagesrv.idl
[39.413s] -- Up-to-date: /home/advay/mrt/install/tutorial_interfaces/share/tutorial_interfaces/msg/Oned.msg
[39.413s] -- Installing: /home/advay/mrt/install/tutorial_interfaces/share/tutorial_interfaces/msg/Threed.msg
[39.414s] -- Up-to-date: /home/advay/mrt/install/tutorial_interfaces/share/tutorial_interfaces/msg/Aruco.msg
[39.415s] -- Up-to-date: /home/advay/mrt/install/tutorial_interfaces/share/tutorial_interfaces/srv/Imagesrv.srv
[39.415s] -- Up-to-date: /home/advay/mrt/install/tutorial_interfaces/share/tutorial_interfaces/srv/Imagesrv_Request.msg
[39.416s] -- Up-to-date: /home/advay/mrt/install/tutorial_interfaces/share/tutorial_interfaces/srv/Imagesrv_Response.msg
[39.417s] -- Up-to-date: /home/advay/mrt/install/tutorial_interfaces/share/ament_index/resource_index/package_run_dependencies/tutorial_interfaces
[39.418s] -- Up-to-date: /home/advay/mrt/install/tutorial_interfaces/share/ament_index/resource_index/parent_prefix_path/tutorial_interfaces
[39.423s] -- Up-to-date: /home/advay/mrt/install/tutorial_interfaces/share/tutorial_interfaces/environment/ament_prefix_path.sh
[39.424s] -- Installing: /home/advay/mrt/install/tutorial_interfaces/share/tutorial_interfaces/environment/ament_prefix_path.dsv
[39.432s] -- Up-to-date: /home/advay/mrt/install/tutorial_interfaces/share/tutorial_interfaces/environment/path.sh
[39.432s] -- Installing: /home/advay/mrt/install/tutorial_interfaces/share/tutorial_interfaces/environment/path.dsv
[39.433s] -- Up-to-date: /home/advay/mrt/install/tutorial_interfaces/share/tutorial_interfaces/local_setup.bash
[39.433s] -- Up-to-date: /home/advay/mrt/install/tutorial_interfaces/share/tutorial_interfaces/local_setup.sh
[39.434s] -- Up-to-date: /home/advay/mrt/install/tutorial_interfaces/share/tutorial_interfaces/local_setup.zsh
[39.436s] -- Installing: /home/advay/mrt/install/tutorial_interfaces/share/tutorial_interfaces/local_setup.dsv
[39.437s] -- Installing: /home/advay/mrt/install/tutorial_interfaces/share/tutorial_interfaces/package.dsv
[39.437s] -- Up-to-date: /home/advay/mrt/install/tutorial_interfaces/share/ament_index/resource_index/packages/tutorial_interfaces
[39.438s] -- Up-to-date: /home/advay/mrt/install/tutorial_interfaces/share/tutorial_interfaces/cmake/export_tutorial_interfaces__rosidl_generator_cExport.cmake
[39.438s] -- Up-to-date: /home/advay/mrt/install/tutorial_interfaces/share/tutorial_interfaces/cmake/export_tutorial_interfaces__rosidl_generator_cExport-noconfig.cmake
[39.439s] -- Up-to-date: /home/advay/mrt/install/tutorial_interfaces/share/tutorial_interfaces/cmake/export_tutorial_interfaces__rosidl_typesupport_fastrtps_cExport.cmake
[39.439s] -- Up-to-date: /home/advay/mrt/install/tutorial_interfaces/share/tutorial_interfaces/cmake/export_tutorial_interfaces__rosidl_typesupport_fastrtps_cExport-noconfig.cmake
[39.439s] -- Up-to-date: /home/advay/mrt/install/tutorial_interfaces/share/tutorial_interfaces/cmake/export_tutorial_interfaces__rosidl_generator_cppExport.cmake
[39.440s] -- Up-to-date: /home/advay/mrt/install/tutorial_interfaces/share/tutorial_interfaces/cmake/export_tutorial_interfaces__rosidl_typesupport_fastrtps_cppExport.cmake
[39.440s] -- Up-to-date: /home/advay/mrt/install/tutorial_interfaces/share/tutorial_interfaces/cmake/export_tutorial_interfaces__rosidl_typesupport_fastrtps_cppExport-noconfig.cmake
[39.441s] -- Up-to-date: /home/advay/mrt/install/tutorial_interfaces/share/tutorial_interfaces/cmake/tutorial_interfaces__rosidl_typesupport_introspection_cExport.cmake
[39.441s] -- Up-to-date: /home/advay/mrt/install/tutorial_interfaces/share/tutorial_interfaces/cmake/tutorial_interfaces__rosidl_typesupport_introspection_cExport-noconfig.cmake
[39.442s] -- Up-to-date: /home/advay/mrt/install/tutorial_interfaces/share/tutorial_interfaces/cmake/tutorial_interfaces__rosidl_typesupport_cExport.cmake
[39.442s] -- Up-to-date: /home/advay/mrt/install/tutorial_interfaces/share/tutorial_interfaces/cmake/tutorial_interfaces__rosidl_typesupport_cExport-noconfig.cmake
[39.443s] -- Up-to-date: /home/advay/mrt/install/tutorial_interfaces/share/tutorial_interfaces/cmake/tutorial_interfaces__rosidl_typesupport_introspection_cppExport.cmake
[39.443s] -- Up-to-date: /home/advay/mrt/install/tutorial_interfaces/share/tutorial_interfaces/cmake/tutorial_interfaces__rosidl_typesupport_introspection_cppExport-noconfig.cmake
[39.444s] -- Up-to-date: /home/advay/mrt/install/tutorial_interfaces/share/tutorial_interfaces/cmake/tutorial_interfaces__rosidl_typesupport_cppExport.cmake
[39.444s] -- Up-to-date: /home/advay/mrt/install/tutorial_interfaces/share/tutorial_interfaces/cmake/tutorial_interfaces__rosidl_typesupport_cppExport-noconfig.cmake
[39.444s] -- Up-to-date: /home/advay/mrt/install/tutorial_interfaces/share/tutorial_interfaces/cmake/export_tutorial_interfaces__rosidl_generator_pyExport.cmake
[39.445s] -- Up-to-date: /home/advay/mrt/install/tutorial_interfaces/share/tutorial_interfaces/cmake/export_tutorial_interfaces__rosidl_generator_pyExport-noconfig.cmake
[39.445s] -- Installing: /home/advay/mrt/install/tutorial_interfaces/share/tutorial_interfaces/cmake/rosidl_cmake-extras.cmake
[39.446s] -- Installing: /home/advay/mrt/install/tutorial_interfaces/share/tutorial_interfaces/cmake/ament_cmake_export_dependencies-extras.cmake
[39.446s] -- Up-to-date: /home/advay/mrt/install/tutorial_interfaces/share/tutorial_interfaces/cmake/ament_cmake_export_include_directories-extras.cmake
[39.459s] -- Up-to-date: /home/advay/mrt/install/tutorial_interfaces/share/tutorial_interfaces/cmake/ament_cmake_export_libraries-extras.cmake
[39.459s] -- Up-to-date: /home/advay/mrt/install/tutorial_interfaces/share/tutorial_interfaces/cmake/ament_cmake_export_targets-extras.cmake
[39.460s] -- Up-to-date: /home/advay/mrt/install/tutorial_interfaces/share/tutorial_interfaces/cmake/rosidl_cmake_export_typesupport_targets-extras.cmake
[39.460s] -- Up-to-date: /home/advay/mrt/install/tutorial_interfaces/share/tutorial_interfaces/cmake/rosidl_cmake_export_typesupport_libraries-extras.cmake
[39.460s] -- Up-to-date: /home/advay/mrt/install/tutorial_interfaces/share/tutorial_interfaces/cmake/tutorial_interfacesConfig.cmake
[39.462s] -- Up-to-date: /home/advay/mrt/install/tutorial_interfaces/share/tutorial_interfaces/cmake/tutorial_interfacesConfig-version.cmake
[39.462s] -- Up-to-date: /home/advay/mrt/install/tutorial_interfaces/share/tutorial_interfaces/package.xml
[39.463s] Invoked command in '/home/advay/mrt/build/tutorial_interfaces' returned '0': CMAKE_PREFIX_PATH=${CMAKE_PREFIX_PATH}:/home/advay/mrt/install/aruco_srvcli:/home/advay/erc_ws/install/week1_tutorials:/home/advay/erc_ws/install/week0_tutorials:/home/advay/erc_ws/install/task_1:/home/advay/erc_ws/install/sherlock:/home/advay/erc_ws/install/mrs_hudson:/home/advay/erc_ws/install/ep3:/home/advay/erc_ws/src/install/week1_tutorials:/home/advay/erc_ws/src/install/week0_tutorials:/home/advay/erc_ws/src/install/task_1:/home/advay/erc_ws/src/install/sherlock:/opt/ros/humble /usr/bin/cmake --install /home/advay/mrt/build/tutorial_interfaces
