[2.550s] Invoking command in '/home/advay/mrt/src/aruco_srvcli': PYTHONPATH=/home/advay/mrt/build/aruco_srvcli/prefix_override:/home/advay/mrt/install/aruco_srvcli/lib/python3.10/site-packages:${PYTHONPATH} /usr/bin/python3 setup.py egg_info --egg-base ../../build/aruco_srvcli build --build-base /home/advay/mrt/build/aruco_srvcli/build install --record /home/advay/mrt/build/aruco_srvcli/install.log --single-version-externally-managed
[3.456s] running egg_info
[3.459s] writing ../../build/aruco_srvcli/aruco_srvcli.egg-info/PKG-INFO
[3.459s] writing dependency_links to ../../build/aruco_srvcli/aruco_srvcli.egg-info/dependency_links.txt
[3.460s] writing entry points to ../../build/aruco_srvcli/aruco_srvcli.egg-info/entry_points.txt
[3.460s] writing requirements to ../../build/aruco_srvcli/aruco_srvcli.egg-info/requires.txt
[3.461s] writing top-level names to ../../build/aruco_srvcli/aruco_srvcli.egg-info/top_level.txt
[3.467s] reading manifest file '../../build/aruco_srvcli/aruco_srvcli.egg-info/SOURCES.txt'
[3.470s] writing manifest file '../../build/aruco_srvcli/aruco_srvcli.egg-info/SOURCES.txt'
[3.471s] running build
[3.472s] running build_py
[3.472s] copying aruco_srvcli/aruco_server.py -> /home/advay/mrt/build/aruco_srvcli/build/lib/aruco_srvcli
[3.473s] running install
[3.475s] running install_lib
[3.477s] copying /home/advay/mrt/build/aruco_srvcli/build/lib/aruco_srvcli/aruco_server.py -> /home/advay/mrt/install/aruco_srvcli/lib/python3.10/site-packages/aruco_srvcli
[3.480s] byte-compiling /home/advay/mrt/install/aruco_srvcli/lib/python3.10/site-packages/aruco_srvcli/aruco_server.py to aruco_server.cpython-310.pyc
[3.481s] running install_data
[3.483s] running install_egg_info
[3.489s] removing '/home/advay/mrt/install/aruco_srvcli/lib/python3.10/site-packages/aruco_srvcli-0.0.0-py3.10.egg-info' (and everything under it)
[3.490s] Copying ../../build/aruco_srvcli/aruco_srvcli.egg-info to /home/advay/mrt/install/aruco_srvcli/lib/python3.10/site-packages/aruco_srvcli-0.0.0-py3.10.egg-info
[3.493s] running install_scripts
[3.562s] Installing client script to /home/advay/mrt/install/aruco_srvcli/lib/aruco_srvcli
[3.563s] Installing service script to /home/advay/mrt/install/aruco_srvcli/lib/aruco_srvcli
[3.564s] writing list of installed files to '/home/advay/mrt/build/aruco_srvcli/install.log'
[3.648s] Invoked command in '/home/advay/mrt/src/aruco_srvcli' returned '0': PYTHONPATH=/home/advay/mrt/build/aruco_srvcli/prefix_override:/home/advay/mrt/install/aruco_srvcli/lib/python3.10/site-packages:${PYTHONPATH} /usr/bin/python3 setup.py egg_info --egg-base ../../build/aruco_srvcli build --build-base /home/advay/mrt/build/aruco_srvcli/build install --record /home/advay/mrt/build/aruco_srvcli/install.log --single-version-externally-managed
