[9.652s] DEBUG:colcon:Command line arguments: ['/usr/bin/colcon', 'list', '-p', '--base-paths', '/home/advay/mrt']
[9.653s] DEBUG:colcon:Parsed command line arguments: Namespace(log_base=None, log_level=None, verb_name='list', build_base='build', ignore_user_meta=False, metas=['./colcon.meta'], base_paths=['/home/advay/mrt'], packages_ignore=None, packages_ignore_regex=None, paths=None, packages_up_to=None, packages_up_to_regex=None, packages_above=None, packages_above_and_dependencies=None, packages_above_depth=None, packages_select_by_dep=None, packages_skip_by_dep=None, packages_skip_up_to=None, packages_select_build_failed=False, packages_skip_build_finished=False, packages_select_test_failures=False, packages_skip_test_passed=False, packages_select=None, packages_skip=None, packages_select_regex=None, packages_skip_regex=None, packages_start=None, packages_end=None, allow_overriding=[], topological_order=False, names_only=False, paths_only=True, topological_graph=False, topological_graph_dot=False, topological_graph_density=False, topological_graph_legend=False, topological_graph_dot_cluster=False, topological_graph_dot_include_skipped=False, verb_parser=<colcon_defaults.argument_parser.defaults.DefaultArgumentsDecorator object at 0x7f50b19cffd0>, verb_extension=<colcon_package_information.verb.list.ListVerb object at 0x7f50b19cc6a0>, main=<bound method ListVerb.main of <colcon_package_information.verb.list.ListVerb object at 0x7f50b19cc6a0>>)
[9.917s] Level 1:colcon.colcon_core.package_discovery:discover_packages(colcon_meta) check parameters
[9.918s] Level 1:colcon.colcon_core.package_discovery:discover_packages(recursive) check parameters
[9.918s] Level 1:colcon.colcon_core.package_discovery:discover_packages(ignore) check parameters
[9.918s] Level 1:colcon.colcon_core.package_discovery:discover_packages(path) check parameters
[9.918s] Level 1:colcon.colcon_core.package_discovery:discover_packages(recursive) discover
[9.918s] INFO:colcon.colcon_core.package_discovery:Crawling recursively for packages in '/home/advay/mrt'
[9.919s] Level 1:colcon.colcon_core.package_identification:_identify(/home/advay/mrt) by extensions ['ignore', 'ignore_ament_install']
[9.919s] Level 1:colcon.colcon_core.package_identification:_identify(/home/advay/mrt) by extension 'ignore'
[9.920s] Level 1:colcon.colcon_core.package_identification:_identify(/home/advay/mrt) by extension 'ignore_ament_install'
[9.920s] Level 1:colcon.colcon_core.package_identification:_identify(/home/advay/mrt) by extensions ['colcon_pkg']
[9.920s] Level 1:colcon.colcon_core.package_identification:_identify(/home/advay/mrt) by extension 'colcon_pkg'
[9.920s] Level 1:colcon.colcon_core.package_identification:_identify(/home/advay/mrt) by extensions ['colcon_meta']
[9.920s] Level 1:colcon.colcon_core.package_identification:_identify(/home/advay/mrt) by extension 'colcon_meta'
[9.921s] Level 1:colcon.colcon_core.package_identification:_identify(/home/advay/mrt) by extensions ['ros']
[9.921s] Level 1:colcon.colcon_core.package_identification:_identify(/home/advay/mrt) by extension 'ros'
[9.975s] Level 1:colcon.colcon_core.package_identification:_identify(/home/advay/mrt) by extensions ['cmake', 'python']
[9.975s] Level 1:colcon.colcon_core.package_identification:_identify(/home/advay/mrt) by extension 'cmake'
[9.975s] Level 1:colcon.colcon_core.package_identification:_identify(/home/advay/mrt) by extension 'python'
[9.976s] Level 1:colcon.colcon_core.package_identification:_identify(/home/advay/mrt) by extensions ['python_setup_py']
[9.976s] Level 1:colcon.colcon_core.package_identification:_identify(/home/advay/mrt) by extension 'python_setup_py'
[9.976s] Level 1:colcon.colcon_core.package_identification:_identify(/home/advay/mrt/build) by extensions ['ignore', 'ignore_ament_install']
[9.976s] Level 1:colcon.colcon_core.package_identification:_identify(/home/advay/mrt/build) by extension 'ignore'
[9.977s] Level 1:colcon.colcon_core.package_identification:_identify(/home/advay/mrt/build) ignored
[9.977s] Level 1:colcon.colcon_core.package_identification:_identify(/home/advay/mrt/install) by extensions ['ignore', 'ignore_ament_install']
[9.978s] Level 1:colcon.colcon_core.package_identification:_identify(/home/advay/mrt/install) by extension 'ignore'
[9.978s] Level 1:colcon.colcon_core.package_identification:_identify(/home/advay/mrt/install) ignored
[9.978s] Level 1:colcon.colcon_core.package_identification:_identify(/home/advay/mrt/log) by extensions ['ignore', 'ignore_ament_install']
[9.978s] Level 1:colcon.colcon_core.package_identification:_identify(/home/advay/mrt/log) by extension 'ignore'
[9.979s] Level 1:colcon.colcon_core.package_identification:_identify(/home/advay/mrt/log) ignored
[9.979s] Level 1:colcon.colcon_core.package_identification:_identify(/home/advay/mrt/src) by extensions ['ignore', 'ignore_ament_install']
[9.979s] Level 1:colcon.colcon_core.package_identification:_identify(/home/advay/mrt/src) by extension 'ignore'
[9.980s] Level 1:colcon.colcon_core.package_identification:_identify(/home/advay/mrt/src) by extension 'ignore_ament_install'
[9.980s] Level 1:colcon.colcon_core.package_identification:_identify(/home/advay/mrt/src) by extensions ['colcon_pkg']
[9.980s] Level 1:colcon.colcon_core.package_identification:_identify(/home/advay/mrt/src) by extension 'colcon_pkg'
[9.980s] Level 1:colcon.colcon_core.package_identification:_identify(/home/advay/mrt/src) by extensions ['colcon_meta']
[9.980s] Level 1:colcon.colcon_core.package_identification:_identify(/home/advay/mrt/src) by extension 'colcon_meta'
[9.980s] Level 1:colcon.colcon_core.package_identification:_identify(/home/advay/mrt/src) by extensions ['ros']
[9.981s] Level 1:colcon.colcon_core.package_identification:_identify(/home/advay/mrt/src) by extension 'ros'
[9.981s] Level 1:colcon.colcon_core.package_identification:_identify(/home/advay/mrt/src) by extensions ['cmake', 'python']
[9.981s] Level 1:colcon.colcon_core.package_identification:_identify(/home/advay/mrt/src) by extension 'cmake'
[9.981s] Level 1:colcon.colcon_core.package_identification:_identify(/home/advay/mrt/src) by extension 'python'
[9.981s] Level 1:colcon.colcon_core.package_identification:_identify(/home/advay/mrt/src) by extensions ['python_setup_py']
[9.981s] Level 1:colcon.colcon_core.package_identification:_identify(/home/advay/mrt/src) by extension 'python_setup_py'
[9.982s] Level 1:colcon.colcon_core.package_identification:_identify(/home/advay/mrt/src/aruco_srvcli) by extensions ['ignore', 'ignore_ament_install']
[9.982s] Level 1:colcon.colcon_core.package_identification:_identify(/home/advay/mrt/src/aruco_srvcli) by extension 'ignore'
[9.982s] Level 1:colcon.colcon_core.package_identification:_identify(/home/advay/mrt/src/aruco_srvcli) by extension 'ignore_ament_install'
[9.983s] Level 1:colcon.colcon_core.package_identification:_identify(/home/advay/mrt/src/aruco_srvcli) by extensions ['colcon_pkg']
[9.983s] Level 1:colcon.colcon_core.package_identification:_identify(/home/advay/mrt/src/aruco_srvcli) by extension 'colcon_pkg'
[9.983s] Level 1:colcon.colcon_core.package_identification:_identify(/home/advay/mrt/src/aruco_srvcli) by extensions ['colcon_meta']
[9.983s] Level 1:colcon.colcon_core.package_identification:_identify(/home/advay/mrt/src/aruco_srvcli) by extension 'colcon_meta'
[9.983s] Level 1:colcon.colcon_core.package_identification:_identify(/home/advay/mrt/src/aruco_srvcli) by extensions ['ros']
[9.983s] Level 1:colcon.colcon_core.package_identification:_identify(/home/advay/mrt/src/aruco_srvcli) by extension 'ros'
[9.993s] DEBUG:colcon.colcon_core.package_identification:Package '/home/advay/mrt/src/aruco_srvcli' with type 'ros.ament_python' and name 'aruco_srvcli'
[9.993s] Level 1:colcon.colcon_core.package_discovery:discover_packages(recursive) using defaults
