[1.489s] Invoking command in '/home/advay/mrt/build/tutorial_interfaces': CMAKE_PREFIX_PATH=${CMAKE_PREFIX_PATH}:/home/advay/mrt/install/aruco_srvcli:/home/advay/erc_ws/install/week1_tutorials:/home/advay/erc_ws/install/week0_tutorials:/home/advay/erc_ws/install/task_1:/home/advay/erc_ws/install/sherlock:/home/advay/erc_ws/install/mrs_hudson:/home/advay/erc_ws/install/ep3:/home/advay/erc_ws/src/install/week1_tutorials:/home/advay/erc_ws/src/install/week0_tutorials:/home/advay/erc_ws/src/install/task_1:/home/advay/erc_ws/src/install/sherlock:/opt/ros/humble /usr/bin/cmake --build /home/advay/mrt/build/tutorial_interfaces -- -j4 -l4
[1.565s] -- Found ament_cmake: 1.3.6 (/opt/ros/humble/share/ament_cmake/cmake)
[2.120s] -- Found geometry_msgs: 4.2.3 (/opt/ros/humble/share/geometry_msgs/cmake)
[2.255s] -- Found rosidl_generator_c: 3.1.5 (/opt/ros/humble/share/rosidl_generator_c/cmake)
[2.269s] -- Found rosidl_adapter: 3.1.5 (/opt/ros/humble/share/rosidl_adapter/cmake)
[2.301s] -- Found rosidl_generator_cpp: 3.1.5 (/opt/ros/humble/share/rosidl_generator_cpp/cmake)
[2.367s] -- Using all available rosidl_typesupport_c: rosidl_typesupport_fastrtps_c;rosidl_typesupport_introspection_c
[2.480s] -- Using all available rosidl_typesupport_cpp: rosidl_typesupport_fastrtps_cpp;rosidl_typesupport_introspection_cpp
[2.925s] -- Found rosidl_default_generators: 1.2.0 (/opt/ros/humble/share/rosidl_default_generators/cmake)
[2.953s] -- Found sensor_msgs: 4.2.3 (/opt/ros/humble/share/sensor_msgs/cmake)
[4.720s] -- Found ament_cmake_ros: 0.10.0 (/opt/ros/humble/share/ament_cmake_ros/cmake)
[6.721s] -- Using all available rosidl_typesupport_c: rosidl_typesupport_fastrtps_c;rosidl_typesupport_introspection_c
[7.532s] -- Using all available rosidl_typesupport_cpp: rosidl_typesupport_fastrtps_cpp;rosidl_typesupport_introspection_cpp
[7.631s] -- Found python_cmake_module: 0.10.0 (/opt/ros/humble/share/python_cmake_module/cmake)
[7.731s] -- Using PYTHON_EXECUTABLE: /usr/bin/python3
[7.732s] -- Using PYTHON_INCLUDE_DIRS: /usr/include/python3.10
[7.732s] -- Using PYTHON_LIBRARIES: /usr/lib/x86_64-linux-gnu/libpython3.10.so
[7.968s] -- Found ament_lint_auto: 0.12.9 (/opt/ros/humble/share/ament_lint_auto/cmake)
[8.011s] -- Added test 'lint_cmake' to check CMake code style
[8.017s] -- Added test 'xmllint' to check XML markup files
[8.026s] -- Configuring done
[8.239s] -- Generating done
[8.255s] -- Build files have been written to: /home/advay/mrt/build/tutorial_interfaces
[8.356s] [  1%] [34m[1mGenerating C code for ROS interfaces[0m
[8.437s] [  3%] [34m[1mGenerating C++ code for ROS interfaces[0m
[8.461s] [  3%] Built target ament_cmake_python_copy_tutorial_interfaces
[9.834s] running egg_info
[9.837s] writing tutorial_interfaces.egg-info/PKG-INFO
[9.838s] writing dependency_links to tutorial_interfaces.egg-info/dependency_links.txt
[9.839s] writing top-level names to tutorial_interfaces.egg-info/top_level.txt
[9.851s] reading manifest file 'tutorial_interfaces.egg-info/SOURCES.txt'
[9.854s] writing manifest file 'tutorial_interfaces.egg-info/SOURCES.txt'
[9.954s] [  3%] Built target ament_cmake_python_build_tutorial_interfaces_egg
[11.329s] [  3%] Built target tutorial_interfaces__cpp
[11.409s] [  5%] [34m[1mGenerating C++ type support dispatch for ROS interfaces[0m
[11.409s] [  7%] [34m[1mGenerating C++ type support for eProsima Fast-RTPS[0m
[11.632s] [  9%] [34m[1mGenerating C++ introspection for ROS interfaces[0m
[11.633s] [35m[1mConsolidate compiler generated dependencies of target tutorial_interfaces__rosidl_generator_c[0m
[11.693s] [ 10%] [32mBuilding C object CMakeFiles/tutorial_interfaces__rosidl_generator_c.dir/rosidl_generator_c/tutorial_interfaces/msg/detail/threed__functions.c.o[0m
[12.008s] [ 12%] [32mBuilding C object CMakeFiles/tutorial_interfaces__rosidl_generator_c.dir/rosidl_generator_c/tutorial_interfaces/msg/detail/oned__functions.c.o[0m
[12.296s] [ 14%] [32mBuilding C object CMakeFiles/tutorial_interfaces__rosidl_generator_c.dir/rosidl_generator_c/tutorial_interfaces/msg/detail/aruco__functions.c.o[0m
[12.582s] [ 16%] [32mBuilding C object CMakeFiles/tutorial_interfaces__rosidl_generator_c.dir/rosidl_generator_c/tutorial_interfaces/srv/detail/imagesrv__functions.c.o[0m
[12.929s] [ 18%] [32m[1mLinking C shared library libtutorial_interfaces__rosidl_generator_c.so[0m
[13.140s] [ 18%] Built target tutorial_interfaces__rosidl_generator_c
[13.197s] [ 20%] [34m[1mGenerating C type support for eProsima Fast-RTPS[0m
[13.864s] [35m[1mConsolidate compiler generated dependencies of target tutorial_interfaces__rosidl_typesupport_cpp[0m
[14.012s] [ 21%] [32mBuilding CXX object CMakeFiles/tutorial_interfaces__rosidl_typesupport_cpp.dir/rosidl_typesupport_cpp/tutorial_interfaces/msg/threed__type_support.cpp.o[0m
[14.532s] [35m[1mConsolidate compiler generated dependencies of target tutorial_interfaces__rosidl_typesupport_fastrtps_cpp[0m
[14.616s] [ 23%] [32mBuilding CXX object CMakeFiles/tutorial_interfaces__rosidl_typesupport_fastrtps_cpp.dir/rosidl_typesupport_fastrtps_cpp/tutorial_interfaces/msg/detail/dds_fastrtps/threed__type_support.cpp.o[0m
[15.223s] [35m[1mConsolidate compiler generated dependencies of target tutorial_interfaces__rosidl_typesupport_introspection_cpp[0m
[15.450s] [ 25%] [32mBuilding CXX object CMakeFiles/tutorial_interfaces__rosidl_typesupport_introspection_cpp.dir/rosidl_typesupport_introspection_cpp/tutorial_interfaces/msg/detail/threed__type_support.cpp.o[0m
[16.457s] [ 27%] [32mBuilding CXX object CMakeFiles/tutorial_interfaces__rosidl_typesupport_cpp.dir/rosidl_typesupport_cpp/tutorial_interfaces/msg/oned__type_support.cpp.o[0m
[17.408s] [35m[1mConsolidate compiler generated dependencies of target tutorial_interfaces__rosidl_typesupport_fastrtps_c[0m
[17.555s] [ 29%] [32mBuilding CXX object CMakeFiles/tutorial_interfaces__rosidl_typesupport_fastrtps_c.dir/rosidl_typesupport_fastrtps_c/tutorial_interfaces/msg/detail/threed__type_support_c.cpp.o[0m
[18.157s] [ 30%] [32mBuilding CXX object CMakeFiles/tutorial_interfaces__rosidl_typesupport_fastrtps_cpp.dir/rosidl_typesupport_fastrtps_cpp/tutorial_interfaces/msg/detail/dds_fastrtps/oned__type_support.cpp.o[0m
[18.828s] [ 32%] [32mBuilding CXX object CMakeFiles/tutorial_interfaces__rosidl_typesupport_introspection_cpp.dir/rosidl_typesupport_introspection_cpp/tutorial_interfaces/msg/detail/oned__type_support.cpp.o[0m
[19.026s] [ 34%] [32mBuilding CXX object CMakeFiles/tutorial_interfaces__rosidl_typesupport_cpp.dir/rosidl_typesupport_cpp/tutorial_interfaces/msg/aruco__type_support.cpp.o[0m
[20.935s] [ 36%] [32mBuilding CXX object CMakeFiles/tutorial_interfaces__rosidl_typesupport_fastrtps_c.dir/rosidl_typesupport_fastrtps_c/tutorial_interfaces/msg/detail/oned__type_support_c.cpp.o[0m
[21.101s] [ 38%] [32mBuilding CXX object CMakeFiles/tutorial_interfaces__rosidl_typesupport_fastrtps_cpp.dir/rosidl_typesupport_fastrtps_cpp/tutorial_interfaces/msg/detail/dds_fastrtps/aruco__type_support.cpp.o[0m
[21.759s] [ 40%] [32mBuilding CXX object CMakeFiles/tutorial_interfaces__rosidl_typesupport_cpp.dir/rosidl_typesupport_cpp/tutorial_interfaces/srv/imagesrv__type_support.cpp.o[0m
[23.179s] [ 41%] [32mBuilding CXX object CMakeFiles/tutorial_interfaces__rosidl_typesupport_introspection_cpp.dir/rosidl_typesupport_introspection_cpp/tutorial_interfaces/msg/detail/aruco__type_support.cpp.o[0m
[24.081s] [ 43%] [32mBuilding CXX object CMakeFiles/tutorial_interfaces__rosidl_typesupport_fastrtps_cpp.dir/rosidl_typesupport_fastrtps_cpp/tutorial_interfaces/srv/detail/dds_fastrtps/imagesrv__type_support.cpp.o[0m
[24.182s] [ 45%] [32mBuilding CXX object CMakeFiles/tutorial_interfaces__rosidl_typesupport_fastrtps_c.dir/rosidl_typesupport_fastrtps_c/tutorial_interfaces/msg/detail/aruco__type_support_c.cpp.o[0m
[24.368s] [ 47%] [32m[1mLinking CXX shared library libtutorial_interfaces__rosidl_typesupport_cpp.so[0m
[24.879s] [ 47%] Built target tutorial_interfaces__rosidl_typesupport_cpp
[24.957s] [ 49%] [34m[1mGenerating C introspection for ROS interfaces[0m
[26.277s] [ 50%] [32mBuilding CXX object CMakeFiles/tutorial_interfaces__rosidl_typesupport_introspection_cpp.dir/rosidl_typesupport_introspection_cpp/tutorial_interfaces/srv/detail/imagesrv__type_support.cpp.o[0m
[27.175s] [ 52%] [32mBuilding CXX object CMakeFiles/tutorial_interfaces__rosidl_typesupport_fastrtps_c.dir/rosidl_typesupport_fastrtps_c/tutorial_interfaces/srv/detail/imagesrv__type_support_c.cpp.o[0m
[28.371s] [ 54%] [32m[1mLinking CXX shared library libtutorial_interfaces__rosidl_typesupport_fastrtps_cpp.so[0m
[29.091s] [ 54%] Built target tutorial_interfaces__rosidl_typesupport_fastrtps_cpp
[29.238s] [ 56%] [34m[1mGenerating C type support dispatch for ROS interfaces[0m
[29.656s] [35m[1mConsolidate compiler generated dependencies of target tutorial_interfaces__rosidl_typesupport_introspection_c[0m
[29.733s] [ 58%] [32mBuilding C object CMakeFiles/tutorial_interfaces__rosidl_typesupport_introspection_c.dir/rosidl_typesupport_introspection_c/tutorial_interfaces/msg/detail/threed__type_support.c.o[0m
[30.056s] [ 60%] [32mBuilding C object CMakeFiles/tutorial_interfaces__rosidl_typesupport_introspection_c.dir/rosidl_typesupport_introspection_c/tutorial_interfaces/msg/detail/oned__type_support.c.o[0m
[30.185s] [ 61%] [32m[1mLinking CXX shared library libtutorial_interfaces__rosidl_typesupport_introspection_cpp.so[0m
[30.456s] [ 63%] [32mBuilding C object CMakeFiles/tutorial_interfaces__rosidl_typesupport_introspection_c.dir/rosidl_typesupport_introspection_c/tutorial_interfaces/msg/detail/aruco__type_support.c.o[0m
[30.768s] [ 65%] [32m[1mLinking CXX shared library libtutorial_interfaces__rosidl_typesupport_fastrtps_c.so[0m
[30.817s] [ 67%] [32mBuilding C object CMakeFiles/tutorial_interfaces__rosidl_typesupport_introspection_c.dir/rosidl_typesupport_introspection_c/tutorial_interfaces/srv/detail/imagesrv__type_support.c.o[0m
[30.832s] [ 67%] Built target tutorial_interfaces__rosidl_typesupport_introspection_cpp
[31.130s] [ 69%] [32m[1mLinking C shared library libtutorial_interfaces__rosidl_typesupport_introspection_c.so[0m
[31.268s] [ 69%] Built target tutorial_interfaces__rosidl_typesupport_fastrtps_c
[31.342s] [ 69%] Built target tutorial_interfaces__rosidl_typesupport_introspection_c
[31.628s] [35m[1mConsolidate compiler generated dependencies of target tutorial_interfaces__rosidl_typesupport_c[0m
[31.686s] [ 70%] [32mBuilding CXX object CMakeFiles/tutorial_interfaces__rosidl_typesupport_c.dir/rosidl_typesupport_c/tutorial_interfaces/msg/oned__type_support.cpp.o[0m
[31.691s] [ 72%] [32mBuilding CXX object CMakeFiles/tutorial_interfaces__rosidl_typesupport_c.dir/rosidl_typesupport_c/tutorial_interfaces/msg/aruco__type_support.cpp.o[0m
[31.704s] [ 74%] [32mBuilding CXX object CMakeFiles/tutorial_interfaces__rosidl_typesupport_c.dir/rosidl_typesupport_c/tutorial_interfaces/msg/threed__type_support.cpp.o[0m
[31.726s] [ 76%] [32mBuilding CXX object CMakeFiles/tutorial_interfaces__rosidl_typesupport_c.dir/rosidl_typesupport_c/tutorial_interfaces/srv/imagesrv__type_support.cpp.o[0m
[31.944s] [ 78%] [32m[1mLinking CXX shared library libtutorial_interfaces__rosidl_typesupport_c.so[0m
[32.094s] [ 78%] Built target tutorial_interfaces__rosidl_typesupport_c
[32.184s] [ 78%] Built target tutorial_interfaces
[32.261s] [ 80%] [34m[1mGenerating Python code for ROS interfaces[0m
[34.511s] [ 80%] Built target tutorial_interfaces__py
[34.557s] [35m[1mConsolidate compiler generated dependencies of target tutorial_interfaces__rosidl_generator_py[0m
[34.633s] [ 83%] [32mBuilding C object CMakeFiles/tutorial_interfaces__rosidl_generator_py.dir/rosidl_generator_py/tutorial_interfaces/msg/_aruco_s.c.o[0m
[34.635s] [ 87%] [32mBuilding C object CMakeFiles/tutorial_interfaces__rosidl_generator_py.dir/rosidl_generator_py/tutorial_interfaces/msg/_oned_s.c.o[0m
[34.636s] [ 87%] [32mBuilding C object CMakeFiles/tutorial_interfaces__rosidl_generator_py.dir/rosidl_generator_py/tutorial_interfaces/srv/_imagesrv_s.c.o[0m
[34.637s] [ 87%] [32mBuilding C object CMakeFiles/tutorial_interfaces__rosidl_generator_py.dir/rosidl_generator_py/tutorial_interfaces/msg/_threed_s.c.o[0m
[35.358s] [ 89%] [32m[1mLinking C shared library rosidl_generator_py/tutorial_interfaces/libtutorial_interfaces__rosidl_generator_py.so[0m
[35.520s] [ 89%] Built target tutorial_interfaces__rosidl_generator_py
[35.578s] [35m[1mConsolidate compiler generated dependencies of target tutorial_interfaces__rosidl_typesupport_introspection_c__pyext[0m
[35.579s] [35m[1mConsolidate compiler generated dependencies of target tutorial_interfaces__rosidl_typesupport_fastrtps_c__pyext[0m
[35.583s] [35m[1mConsolidate compiler generated dependencies of target tutorial_interfaces__rosidl_typesupport_c__pyext[0m
[35.649s] [ 90%] [32mBuilding C object CMakeFiles/tutorial_interfaces__rosidl_typesupport_introspection_c__pyext.dir/rosidl_generator_py/tutorial_interfaces/_tutorial_interfaces_s.ep.rosidl_typesupport_introspection_c.c.o[0m
[35.655s] [ 92%] [32mBuilding C object CMakeFiles/tutorial_interfaces__rosidl_typesupport_fastrtps_c__pyext.dir/rosidl_generator_py/tutorial_interfaces/_tutorial_interfaces_s.ep.rosidl_typesupport_fastrtps_c.c.o[0m
[35.660s] [ 94%] [32mBuilding C object CMakeFiles/tutorial_interfaces__rosidl_typesupport_c__pyext.dir/rosidl_generator_py/tutorial_interfaces/_tutorial_interfaces_s.ep.rosidl_typesupport_c.c.o[0m
[36.371s] [ 96%] [32m[1mLinking C shared library rosidl_generator_py/tutorial_interfaces/tutorial_interfaces_s__rosidl_typesupport_c.cpython-310-x86_64-linux-gnu.so[0m
[36.393s] [ 98%] [32m[1mLinking C shared library rosidl_generator_py/tutorial_interfaces/tutorial_interfaces_s__rosidl_typesupport_fastrtps_c.cpython-310-x86_64-linux-gnu.so[0m
[36.508s] [100%] [32m[1mLinking C shared library rosidl_generator_py/tutorial_interfaces/tutorial_interfaces_s__rosidl_typesupport_introspection_c.cpython-310-x86_64-linux-gnu.so[0m
[36.607s] [100%] Built target tutorial_interfaces__rosidl_typesupport_c__pyext
[36.647s] [100%] Built target tutorial_interfaces__rosidl_typesupport_fastrtps_c__pyext
[36.744s] [100%] Built target tutorial_interfaces__rosidl_typesupport_introspection_c__pyext
[36.785s] Invoked command in '/home/advay/mrt/build/tutorial_interfaces' returned '0': CMAKE_PREFIX_PATH=${CMAKE_PREFIX_PATH}:/home/advay/mrt/install/aruco_srvcli:/home/advay/erc_ws/install/week1_tutorials:/home/advay/erc_ws/install/week0_tutorials:/home/advay/erc_ws/install/task_1:/home/advay/erc_ws/install/sherlock:/home/advay/erc_ws/install/mrs_hudson:/home/advay/erc_ws/install/ep3:/home/advay/erc_ws/src/install/week1_tutorials:/home/advay/erc_ws/src/install/week0_tutorials:/home/advay/erc_ws/src/install/task_1:/home/advay/erc_ws/src/install/sherlock:/opt/ros/humble /usr/bin/cmake --build /home/advay/mrt/build/tutorial_interfaces -- -j4 -l4
[37.221s] Invoking command in '/home/advay/mrt/build/tutorial_interfaces': CMAKE_PREFIX_PATH=${CMAKE_PREFIX_PATH}:/home/advay/mrt/install/aruco_srvcli:/home/advay/erc_ws/install/week1_tutorials:/home/advay/erc_ws/install/week0_tutorials:/home/advay/erc_ws/install/task_1:/home/advay/erc_ws/install/sherlock:/home/advay/erc_ws/install/mrs_hudson:/home/advay/erc_ws/install/ep3:/home/advay/erc_ws/src/install/week1_tutorials:/home/advay/erc_ws/src/install/week0_tutorials:/home/advay/erc_ws/src/install/task_1:/home/advay/erc_ws/src/install/sherlock:/opt/ros/humble /usr/bin/cmake --install /home/advay/mrt/build/tutorial_interfaces
[37.250s] -- Install configuration: ""
[37.251s] -- Installing: /home/advay/mrt/install/tutorial_interfaces/share/ament_index/resource_index/rosidl_interfaces/tutorial_interfaces
[37.252s] -- Up-to-date: /home/advay/mrt/install/tutorial_interfaces/include/tutorial_interfaces/tutorial_interfaces
[37.253s] -- Up-to-date: /home/advay/mrt/install/tutorial_interfaces/include/tutorial_interfaces/tutorial_interfaces/srv
[37.253s] -- Up-to-date: /home/advay/mrt/install/tutorial_interfaces/include/tutorial_interfaces/tutorial_interfaces/srv/detail
[37.254s] -- Up-to-date: /home/advay/mrt/install/tutorial_interfaces/include/tutorial_interfaces/tutorial_interfaces/srv/detail/image__struct.h
[37.254s] -- Installing: /home/advay/mrt/install/tutorial_interfaces/include/tutorial_interfaces/tutorial_interfaces/srv/detail/imagesrv__functions.h
[37.255s] -- Up-to-date: /home/advay/mrt/install/tutorial_interfaces/include/tutorial_interfaces/tutorial_interfaces/srv/detail/image__functions.c
[37.255s] -- Up-to-date: /home/advay/mrt/install/tutorial_interfaces/include/tutorial_interfaces/tutorial_interfaces/srv/detail/image__functions.h
[37.256s] -- Installing: /home/advay/mrt/install/tutorial_interfaces/include/tutorial_interfaces/tutorial_interfaces/srv/detail/imagesrv__functions.c
[37.256s] -- Installing: /home/advay/mrt/install/tutorial_interfaces/include/tutorial_interfaces/tutorial_interfaces/srv/detail/imagesrv__struct.h
[37.257s] -- Installing: /home/advay/mrt/install/tutorial_interfaces/include/tutorial_interfaces/tutorial_interfaces/srv/detail/imagesrv__type_support.h
[37.257s] -- Up-to-date: /home/advay/mrt/install/tutorial_interfaces/include/tutorial_interfaces/tutorial_interfaces/srv/detail/image__type_support.h
[37.258s] -- Up-to-date: /home/advay/mrt/install/tutorial_interfaces/include/tutorial_interfaces/tutorial_interfaces/srv/image.h
[37.258s] -- Installing: /home/advay/mrt/install/tutorial_interfaces/include/tutorial_interfaces/tutorial_interfaces/srv/imagesrv.h
[37.259s] -- Up-to-date: /home/advay/mrt/install/tutorial_interfaces/include/tutorial_interfaces/tutorial_interfaces/msg
[37.259s] -- Installing: /home/advay/mrt/install/tutorial_interfaces/include/tutorial_interfaces/tutorial_interfaces/msg/aruco.h
[37.260s] -- Up-to-date: /home/advay/mrt/install/tutorial_interfaces/include/tutorial_interfaces/tutorial_interfaces/msg/detail
[37.260s] -- Installing: /home/advay/mrt/install/tutorial_interfaces/include/tutorial_interfaces/tutorial_interfaces/msg/detail/aruco__type_support.h
[37.261s] -- Installing: /home/advay/mrt/install/tutorial_interfaces/include/tutorial_interfaces/tutorial_interfaces/msg/detail/threed__struct.h
[37.261s] -- Installing: /home/advay/mrt/install/tutorial_interfaces/include/tutorial_interfaces/tutorial_interfaces/msg/detail/oned__type_support.h
[37.262s] -- Installing: /home/advay/mrt/install/tutorial_interfaces/include/tutorial_interfaces/tutorial_interfaces/msg/detail/oned__functions.h
[37.262s] -- Installing: /home/advay/mrt/install/tutorial_interfaces/include/tutorial_interfaces/tutorial_interfaces/msg/detail/aruco__functions.h
[37.263s] -- Installing: /home/advay/mrt/install/tutorial_interfaces/include/tutorial_interfaces/tutorial_interfaces/msg/detail/oned__struct.h
[37.263s] -- Installing: /home/advay/mrt/install/tutorial_interfaces/include/tutorial_interfaces/tutorial_interfaces/msg/detail/threed__functions.c
[37.264s] -- Installing: /home/advay/mrt/install/tutorial_interfaces/include/tutorial_interfaces/tutorial_interfaces/msg/detail/aruco__functions.c
[37.264s] -- Installing: /home/advay/mrt/install/tutorial_interfaces/include/tutorial_interfaces/tutorial_interfaces/msg/detail/threed__type_support.h
[37.265s] -- Installing: /home/advay/mrt/install/tutorial_interfaces/include/tutorial_interfaces/tutorial_interfaces/msg/detail/threed__functions.h
[37.265s] -- Installing: /home/advay/mrt/install/tutorial_interfaces/include/tutorial_interfaces/tutorial_interfaces/msg/detail/aruco__struct.h
[37.266s] -- Installing: /home/advay/mrt/install/tutorial_interfaces/include/tutorial_interfaces/tutorial_interfaces/msg/detail/oned__functions.c
[37.266s] -- Installing: /home/advay/mrt/install/tutorial_interfaces/include/tutorial_interfaces/tutorial_interfaces/msg/oned.h
[37.266s] -- Up-to-date: /home/advay/mrt/install/tutorial_interfaces/include/tutorial_interfaces/tutorial_interfaces/msg/rosidl_generator_c__visibility_control.h
[37.267s] -- Installing: /home/advay/mrt/install/tutorial_interfaces/include/tutorial_interfaces/tutorial_interfaces/msg/threed.h
[37.268s] -- Up-to-date: /home/advay/mrt/install/tutorial_interfaces/share/tutorial_interfaces/environment/library_path.sh
[37.269s] -- Installing: /home/advay/mrt/install/tutorial_interfaces/share/tutorial_interfaces/environment/library_path.dsv
[37.269s] -- Installing: /home/advay/mrt/install/tutorial_interfaces/lib/libtutorial_interfaces__rosidl_generator_c.so
[37.270s] -- Set runtime path of "/home/advay/mrt/install/tutorial_interfaces/lib/libtutorial_interfaces__rosidl_generator_c.so" to ""
[37.270s] -- Up-to-date: /home/advay/mrt/install/tutorial_interfaces/include/tutorial_interfaces/tutorial_interfaces
[37.270s] -- Up-to-date: /home/advay/mrt/install/tutorial_interfaces/include/tutorial_interfaces/tutorial_interfaces/srv
[37.271s] -- Up-to-date: /home/advay/mrt/install/tutorial_interfaces/include/tutorial_interfaces/tutorial_interfaces/srv/detail
[37.271s] -- Up-to-date: /home/advay/mrt/install/tutorial_interfaces/include/tutorial_interfaces/tutorial_interfaces/srv/detail/image__rosidl_typesupport_fastrtps_c.h
[37.272s] -- Installing: /home/advay/mrt/install/tutorial_interfaces/include/tutorial_interfaces/tutorial_interfaces/srv/detail/imagesrv__rosidl_typesupport_fastrtps_c.h
[37.272s] -- Up-to-date: /home/advay/mrt/install/tutorial_interfaces/include/tutorial_interfaces/tutorial_interfaces/msg
[37.273s] -- Up-to-date: /home/advay/mrt/install/tutorial_interfaces/include/tutorial_interfaces/tutorial_interfaces/msg/rosidl_typesupport_fastrtps_c__visibility_control.h
[37.274s] -- Up-to-date: /home/advay/mrt/install/tutorial_interfaces/include/tutorial_interfaces/tutorial_interfaces/msg/detail
[37.274s] -- Installing: /home/advay/mrt/install/tutorial_interfaces/include/tutorial_interfaces/tutorial_interfaces/msg/detail/threed__rosidl_typesupport_fastrtps_c.h
[37.275s] -- Installing: /home/advay/mrt/install/tutorial_interfaces/include/tutorial_interfaces/tutorial_interfaces/msg/detail/oned__rosidl_typesupport_fastrtps_c.h
[37.276s] -- Installing: /home/advay/mrt/install/tutorial_interfaces/include/tutorial_interfaces/tutorial_interfaces/msg/detail/aruco__rosidl_typesupport_fastrtps_c.h
[37.276s] -- Installing: /home/advay/mrt/install/tutorial_interfaces/lib/libtutorial_interfaces__rosidl_typesupport_fastrtps_c.so
[37.277s] -- Set runtime path of "/home/advay/mrt/install/tutorial_interfaces/lib/libtutorial_interfaces__rosidl_typesupport_fastrtps_c.so" to ""
[37.278s] -- Up-to-date: /home/advay/mrt/install/tutorial_interfaces/include/tutorial_interfaces/tutorial_interfaces
[37.278s] -- Up-to-date: /home/advay/mrt/install/tutorial_interfaces/include/tutorial_interfaces/tutorial_interfaces/srv
[37.279s] -- Up-to-date: /home/advay/mrt/install/tutorial_interfaces/include/tutorial_interfaces/tutorial_interfaces/srv/image.hpp
[37.279s] -- Up-to-date: /home/advay/mrt/install/tutorial_interfaces/include/tutorial_interfaces/tutorial_interfaces/srv/detail
[37.280s] -- Installing: /home/advay/mrt/install/tutorial_interfaces/include/tutorial_interfaces/tutorial_interfaces/srv/detail/imagesrv__traits.hpp
[37.280s] -- Installing: /home/advay/mrt/install/tutorial_interfaces/include/tutorial_interfaces/tutorial_interfaces/srv/detail/imagesrv__struct.hpp
[37.281s] -- Up-to-date: /home/advay/mrt/install/tutorial_interfaces/include/tutorial_interfaces/tutorial_interfaces/srv/detail/image__traits.hpp
[37.281s] -- Up-to-date: /home/advay/mrt/install/tutorial_interfaces/include/tutorial_interfaces/tutorial_interfaces/srv/detail/image__builder.hpp
[37.282s] -- Installing: /home/advay/mrt/install/tutorial_interfaces/include/tutorial_interfaces/tutorial_interfaces/srv/detail/imagesrv__builder.hpp
[37.282s] -- Up-to-date: /home/advay/mrt/install/tutorial_interfaces/include/tutorial_interfaces/tutorial_interfaces/srv/detail/image__struct.hpp
[37.283s] -- Installing: /home/advay/mrt/install/tutorial_interfaces/include/tutorial_interfaces/tutorial_interfaces/srv/imagesrv.hpp
[37.284s] -- Up-to-date: /home/advay/mrt/install/tutorial_interfaces/include/tutorial_interfaces/tutorial_interfaces/msg
[37.284s] -- Up-to-date: /home/advay/mrt/install/tutorial_interfaces/include/tutorial_interfaces/tutorial_interfaces/msg/detail
[37.284s] -- Installing: /home/advay/mrt/install/tutorial_interfaces/include/tutorial_interfaces/tutorial_interfaces/msg/detail/threed__builder.hpp
[37.285s] -- Installing: /home/advay/mrt/install/tutorial_interfaces/include/tutorial_interfaces/tutorial_interfaces/msg/detail/aruco__builder.hpp
[37.285s] -- Installing: /home/advay/mrt/install/tutorial_interfaces/include/tutorial_interfaces/tutorial_interfaces/msg/detail/aruco__traits.hpp
[37.286s] -- Installing: /home/advay/mrt/install/tutorial_interfaces/include/tutorial_interfaces/tutorial_interfaces/msg/detail/oned__traits.hpp
[37.286s] -- Installing: /home/advay/mrt/install/tutorial_interfaces/include/tutorial_interfaces/tutorial_interfaces/msg/detail/threed__struct.hpp
[37.287s] -- Installing: /home/advay/mrt/install/tutorial_interfaces/include/tutorial_interfaces/tutorial_interfaces/msg/detail/aruco__struct.hpp
[37.287s] -- Installing: /home/advay/mrt/install/tutorial_interfaces/include/tutorial_interfaces/tutorial_interfaces/msg/detail/oned__builder.hpp
[37.287s] -- Installing: /home/advay/mrt/install/tutorial_interfaces/include/tutorial_interfaces/tutorial_interfaces/msg/detail/threed__traits.hpp
[37.288s] -- Installing: /home/advay/mrt/install/tutorial_interfaces/include/tutorial_interfaces/tutorial_interfaces/msg/detail/oned__struct.hpp
[37.288s] -- Installing: /home/advay/mrt/install/tutorial_interfaces/include/tutorial_interfaces/tutorial_interfaces/msg/aruco.hpp
[37.288s] -- Installing: /home/advay/mrt/install/tutorial_interfaces/include/tutorial_interfaces/tutorial_interfaces/msg/threed.hpp
[37.289s] -- Installing: /home/advay/mrt/install/tutorial_interfaces/include/tutorial_interfaces/tutorial_interfaces/msg/oned.hpp
[37.289s] -- Up-to-date: /home/advay/mrt/install/tutorial_interfaces/include/tutorial_interfaces/tutorial_interfaces
[37.290s] -- Up-to-date: /home/advay/mrt/install/tutorial_interfaces/include/tutorial_interfaces/tutorial_interfaces/srv
[37.292s] -- Up-to-date: /home/advay/mrt/install/tutorial_interfaces/include/tutorial_interfaces/tutorial_interfaces/srv/detail
[37.292s] -- Up-to-date: /home/advay/mrt/install/tutorial_interfaces/include/tutorial_interfaces/tutorial_interfaces/srv/detail/dds_fastrtps
[37.293s] -- Up-to-date: /home/advay/mrt/install/tutorial_interfaces/include/tutorial_interfaces/tutorial_interfaces/srv/detail/image__rosidl_typesupport_fastrtps_cpp.hpp
[37.293s] -- Installing: /home/advay/mrt/install/tutorial_interfaces/include/tutorial_interfaces/tutorial_interfaces/srv/detail/imagesrv__rosidl_typesupport_fastrtps_cpp.hpp
[37.294s] -- Up-to-date: /home/advay/mrt/install/tutorial_interfaces/include/tutorial_interfaces/tutorial_interfaces/msg
[37.294s] -- Up-to-date: /home/advay/mrt/install/tutorial_interfaces/include/tutorial_interfaces/tutorial_interfaces/msg/rosidl_typesupport_fastrtps_cpp__visibility_control.h
[37.295s] -- Up-to-date: /home/advay/mrt/install/tutorial_interfaces/include/tutorial_interfaces/tutorial_interfaces/msg/detail
[37.295s] -- Installing: /home/advay/mrt/install/tutorial_interfaces/include/tutorial_interfaces/tutorial_interfaces/msg/detail/aruco__rosidl_typesupport_fastrtps_cpp.hpp
[37.295s] -- Installing: /home/advay/mrt/install/tutorial_interfaces/include/tutorial_interfaces/tutorial_interfaces/msg/detail/oned__rosidl_typesupport_fastrtps_cpp.hpp
[37.296s] -- Up-to-date: /home/advay/mrt/install/tutorial_interfaces/include/tutorial_interfaces/tutorial_interfaces/msg/detail/dds_fastrtps
[37.296s] -- Installing: /home/advay/mrt/install/tutorial_interfaces/include/tutorial_interfaces/tutorial_interfaces/msg/detail/threed__rosidl_typesupport_fastrtps_cpp.hpp
[37.297s] -- Installing: /home/advay/mrt/install/tutorial_interfaces/lib/libtutorial_interfaces__rosidl_typesupport_fastrtps_cpp.so
[37.297s] -- Set runtime path of "/home/advay/mrt/install/tutorial_interfaces/lib/libtutorial_interfaces__rosidl_typesupport_fastrtps_cpp.so" to ""
[37.298s] -- Up-to-date: /home/advay/mrt/install/tutorial_interfaces/include/tutorial_interfaces/tutorial_interfaces
[37.299s] -- Up-to-date: /home/advay/mrt/install/tutorial_interfaces/include/tutorial_interfaces/tutorial_interfaces/srv
[37.299s] -- Up-to-date: /home/advay/mrt/install/tutorial_interfaces/include/tutorial_interfaces/tutorial_interfaces/srv/detail
[37.300s] -- Up-to-date: /home/advay/mrt/install/tutorial_interfaces/include/tutorial_interfaces/tutorial_interfaces/srv/detail/image__type_support.c
[37.301s] -- Up-to-date: /home/advay/mrt/install/tutorial_interfaces/include/tutorial_interfaces/tutorial_interfaces/srv/detail/image__rosidl_typesupport_introspection_c.h
[37.301s] -- Installing: /home/advay/mrt/install/tutorial_interfaces/include/tutorial_interfaces/tutorial_interfaces/srv/detail/imagesrv__rosidl_typesupport_introspection_c.h
[37.302s] -- Installing: /home/advay/mrt/install/tutorial_interfaces/include/tutorial_interfaces/tutorial_interfaces/srv/detail/imagesrv__type_support.c
[37.302s] -- Up-to-date: /home/advay/mrt/install/tutorial_interfaces/include/tutorial_interfaces/tutorial_interfaces/msg
[37.303s] -- Up-to-date: /home/advay/mrt/install/tutorial_interfaces/include/tutorial_interfaces/tutorial_interfaces/msg/detail
[37.303s] -- Installing: /home/advay/mrt/install/tutorial_interfaces/include/tutorial_interfaces/tutorial_interfaces/msg/detail/threed__rosidl_typesupport_introspection_c.h
[37.304s] -- Installing: /home/advay/mrt/install/tutorial_interfaces/include/tutorial_interfaces/tutorial_interfaces/msg/detail/aruco__type_support.c
[37.304s] -- Installing: /home/advay/mrt/install/tutorial_interfaces/include/tutorial_interfaces/tutorial_interfaces/msg/detail/oned__rosidl_typesupport_introspection_c.h
[37.304s] -- Installing: /home/advay/mrt/install/tutorial_interfaces/include/tutorial_interfaces/tutorial_interfaces/msg/detail/oned__type_support.c
[37.305s] -- Installing: /home/advay/mrt/install/tutorial_interfaces/include/tutorial_interfaces/tutorial_interfaces/msg/detail/aruco__rosidl_typesupport_introspection_c.h
[37.305s] -- Installing: /home/advay/mrt/install/tutorial_interfaces/include/tutorial_interfaces/tutorial_interfaces/msg/detail/threed__type_support.c
[37.306s] -- Up-to-date: /home/advay/mrt/install/tutorial_interfaces/include/tutorial_interfaces/tutorial_interfaces/msg/rosidl_typesupport_introspection_c__visibility_control.h
[37.306s] -- Installing: /home/advay/mrt/install/tutorial_interfaces/lib/libtutorial_interfaces__rosidl_typesupport_introspection_c.so
[37.307s] -- Set runtime path of "/home/advay/mrt/install/tutorial_interfaces/lib/libtutorial_interfaces__rosidl_typesupport_introspection_c.so" to ""
[37.307s] -- Installing: /home/advay/mrt/install/tutorial_interfaces/lib/libtutorial_interfaces__rosidl_typesupport_c.so
[37.308s] -- Set runtime path of "/home/advay/mrt/install/tutorial_interfaces/lib/libtutorial_interfaces__rosidl_typesupport_c.so" to ""
[37.308s] -- Up-to-date: /home/advay/mrt/install/tutorial_interfaces/include/tutorial_interfaces/tutorial_interfaces
[37.309s] -- Up-to-date: /home/advay/mrt/install/tutorial_interfaces/include/tutorial_interfaces/tutorial_interfaces/srv
[37.309s] -- Up-to-date: /home/advay/mrt/install/tutorial_interfaces/include/tutorial_interfaces/tutorial_interfaces/srv/detail
[37.310s] -- Up-to-date: /home/advay/mrt/install/tutorial_interfaces/include/tutorial_interfaces/tutorial_interfaces/srv/detail/image__type_support.cpp
[37.310s] -- Up-to-date: /home/advay/mrt/install/tutorial_interfaces/include/tutorial_interfaces/tutorial_interfaces/srv/detail/image__rosidl_typesupport_introspection_cpp.hpp
[37.311s] -- Installing: /home/advay/mrt/install/tutorial_interfaces/include/tutorial_interfaces/tutorial_interfaces/srv/detail/imagesrv__rosidl_typesupport_introspection_cpp.hpp
[37.311s] -- Installing: /home/advay/mrt/install/tutorial_interfaces/include/tutorial_interfaces/tutorial_interfaces/srv/detail/imagesrv__type_support.cpp
[37.312s] -- Up-to-date: /home/advay/mrt/install/tutorial_interfaces/include/tutorial_interfaces/tutorial_interfaces/msg
[37.312s] -- Up-to-date: /home/advay/mrt/install/tutorial_interfaces/include/tutorial_interfaces/tutorial_interfaces/msg/detail
[37.313s] -- Installing: /home/advay/mrt/install/tutorial_interfaces/include/tutorial_interfaces/tutorial_interfaces/msg/detail/oned__type_support.cpp
[37.313s] -- Installing: /home/advay/mrt/install/tutorial_interfaces/include/tutorial_interfaces/tutorial_interfaces/msg/detail/threed__type_support.cpp
[37.314s] -- Installing: /home/advay/mrt/install/tutorial_interfaces/include/tutorial_interfaces/tutorial_interfaces/msg/detail/oned__rosidl_typesupport_introspection_cpp.hpp
[37.314s] -- Installing: /home/advay/mrt/install/tutorial_interfaces/include/tutorial_interfaces/tutorial_interfaces/msg/detail/threed__rosidl_typesupport_introspection_cpp.hpp
[37.315s] -- Installing: /home/advay/mrt/install/tutorial_interfaces/include/tutorial_interfaces/tutorial_interfaces/msg/detail/aruco__type_support.cpp
[37.315s] -- Installing: /home/advay/mrt/install/tutorial_interfaces/include/tutorial_interfaces/tutorial_interfaces/msg/detail/aruco__rosidl_typesupport_introspection_cpp.hpp
[37.316s] -- Installing: /home/advay/mrt/install/tutorial_interfaces/lib/libtutorial_interfaces__rosidl_typesupport_introspection_cpp.so
[37.327s] -- Set runtime path of "/home/advay/mrt/install/tutorial_interfaces/lib/libtutorial_interfaces__rosidl_typesupport_introspection_cpp.so" to ""
[37.328s] -- Installing: /home/advay/mrt/install/tutorial_interfaces/lib/libtutorial_interfaces__rosidl_typesupport_cpp.so
[37.329s] -- Set runtime path of "/home/advay/mrt/install/tutorial_interfaces/lib/libtutorial_interfaces__rosidl_typesupport_cpp.so" to ""
[37.329s] -- Up-to-date: /home/advay/mrt/install/tutorial_interfaces/share/tutorial_interfaces/environment/pythonpath.sh
[37.330s] -- Installing: /home/advay/mrt/install/tutorial_interfaces/share/tutorial_interfaces/environment/pythonpath.dsv
[37.330s] -- Up-to-date: /home/advay/mrt/install/tutorial_interfaces/local/lib/python3.10/dist-packages/tutorial_interfaces-0.0.0-py3.10.egg-info
[37.331s] -- Installing: /home/advay/mrt/install/tutorial_interfaces/local/lib/python3.10/dist-packages/tutorial_interfaces-0.0.0-py3.10.egg-info/PKG-INFO
[37.331s] -- Installing: /home/advay/mrt/install/tutorial_interfaces/local/lib/python3.10/dist-packages/tutorial_interfaces-0.0.0-py3.10.egg-info/top_level.txt
[37.332s] -- Installing: /home/advay/mrt/install/tutorial_interfaces/local/lib/python3.10/dist-packages/tutorial_interfaces-0.0.0-py3.10.egg-info/dependency_links.txt
[37.332s] -- Installing: /home/advay/mrt/install/tutorial_interfaces/local/lib/python3.10/dist-packages/tutorial_interfaces-0.0.0-py3.10.egg-info/SOURCES.txt
[37.333s] -- Up-to-date: /home/advay/mrt/install/tutorial_interfaces/local/lib/python3.10/dist-packages/tutorial_interfaces
[37.333s] -- Installing: /home/advay/mrt/install/tutorial_interfaces/local/lib/python3.10/dist-packages/tutorial_interfaces/_tutorial_interfaces_s.ep.rosidl_typesupport_introspection_c.c
[37.334s] -- Installing: /home/advay/mrt/install/tutorial_interfaces/local/lib/python3.10/dist-packages/tutorial_interfaces/tutorial_interfaces_s__rosidl_typesupport_fastrtps_c.cpython-310-x86_64-linux-gnu.so
[37.335s] -- Up-to-date: /home/advay/mrt/install/tutorial_interfaces/local/lib/python3.10/dist-packages/tutorial_interfaces/srv
[37.335s] -- Up-to-date: /home/advay/mrt/install/tutorial_interfaces/local/lib/python3.10/dist-packages/tutorial_interfaces/srv/_image.py
[37.336s] -- Up-to-date: /home/advay/mrt/install/tutorial_interfaces/local/lib/python3.10/dist-packages/tutorial_interfaces/srv/_image_s.c
[37.336s] -- Installing: /home/advay/mrt/install/tutorial_interfaces/local/lib/python3.10/dist-packages/tutorial_interfaces/srv/__init__.py
[37.337s] -- Installing: /home/advay/mrt/install/tutorial_interfaces/local/lib/python3.10/dist-packages/tutorial_interfaces/srv/_imagesrv_s.c
[37.337s] -- Installing: /home/advay/mrt/install/tutorial_interfaces/local/lib/python3.10/dist-packages/tutorial_interfaces/srv/_imagesrv.py
[37.338s] -- Installing: /home/advay/mrt/install/tutorial_interfaces/local/lib/python3.10/dist-packages/tutorial_interfaces/tutorial_interfaces_s__rosidl_typesupport_introspection_c.cpython-310-x86_64-linux-gnu.so
[37.338s] -- Installing: /home/advay/mrt/install/tutorial_interfaces/local/lib/python3.10/dist-packages/tutorial_interfaces/__init__.py
[37.338s] -- Installing: /home/advay/mrt/install/tutorial_interfaces/local/lib/python3.10/dist-packages/tutorial_interfaces/_tutorial_interfaces_s.ep.rosidl_typesupport_fastrtps_c.c
[37.339s] -- Installing: /home/advay/mrt/install/tutorial_interfaces/local/lib/python3.10/dist-packages/tutorial_interfaces/tutorial_interfaces_s__rosidl_typesupport_c.cpython-310-x86_64-linux-gnu.so
[37.339s] -- Installing: /home/advay/mrt/install/tutorial_interfaces/local/lib/python3.10/dist-packages/tutorial_interfaces/_tutorial_interfaces_s.ep.rosidl_typesupport_c.c
[37.340s] -- Installing: /home/advay/mrt/install/tutorial_interfaces/local/lib/python3.10/dist-packages/tutorial_interfaces/libtutorial_interfaces__rosidl_generator_py.so
[37.340s] -- Up-to-date: /home/advay/mrt/install/tutorial_interfaces/local/lib/python3.10/dist-packages/tutorial_interfaces/msg
[37.341s] -- Installing: /home/advay/mrt/install/tutorial_interfaces/local/lib/python3.10/dist-packages/tutorial_interfaces/msg/_threed.py
[37.341s] -- Installing: /home/advay/mrt/install/tutorial_interfaces/local/lib/python3.10/dist-packages/tutorial_interfaces/msg/_aruco_s.c
[37.342s] -- Installing: /home/advay/mrt/install/tutorial_interfaces/local/lib/python3.10/dist-packages/tutorial_interfaces/msg/_threed_s.c
[37.342s] -- Installing: /home/advay/mrt/install/tutorial_interfaces/local/lib/python3.10/dist-packages/tutorial_interfaces/msg/__init__.py
[37.343s] -- Installing: /home/advay/mrt/install/tutorial_interfaces/local/lib/python3.10/dist-packages/tutorial_interfaces/msg/_oned_s.c
[37.343s] -- Installing: /home/advay/mrt/install/tutorial_interfaces/local/lib/python3.10/dist-packages/tutorial_interfaces/msg/_oned.py
[37.344s] -- Installing: /home/advay/mrt/install/tutorial_interfaces/local/lib/python3.10/dist-packages/tutorial_interfaces/msg/_aruco.py
[37.487s] Listing '/home/advay/mrt/install/tutorial_interfaces/local/lib/python3.10/dist-packages/tutorial_interfaces'...
[37.487s] Compiling '/home/advay/mrt/install/tutorial_interfaces/local/lib/python3.10/dist-packages/tutorial_interfaces/__init__.py'...
[37.488s] Listing '/home/advay/mrt/install/tutorial_interfaces/local/lib/python3.10/dist-packages/tutorial_interfaces/msg'...
[37.488s] Compiling '/home/advay/mrt/install/tutorial_interfaces/local/lib/python3.10/dist-packages/tutorial_interfaces/msg/__init__.py'...
[37.489s] Compiling '/home/advay/mrt/install/tutorial_interfaces/local/lib/python3.10/dist-packages/tutorial_interfaces/msg/_aruco.py'...
[37.490s] Compiling '/home/advay/mrt/install/tutorial_interfaces/local/lib/python3.10/dist-packages/tutorial_interfaces/msg/_oned.py'...
[37.490s] Compiling '/home/advay/mrt/install/tutorial_interfaces/local/lib/python3.10/dist-packages/tutorial_interfaces/msg/_threed.py'...
[37.490s] Listing '/home/advay/mrt/install/tutorial_interfaces/local/lib/python3.10/dist-packages/tutorial_interfaces/srv'...
[37.491s] Compiling '/home/advay/mrt/install/tutorial_interfaces/local/lib/python3.10/dist-packages/tutorial_interfaces/srv/__init__.py'...
[37.491s] Compiling '/home/advay/mrt/install/tutorial_interfaces/local/lib/python3.10/dist-packages/tutorial_interfaces/srv/_imagesrv.py'...
[37.504s] -- Installing: /home/advay/mrt/install/tutorial_interfaces/local/lib/python3.10/dist-packages/tutorial_interfaces/tutorial_interfaces_s__rosidl_typesupport_fastrtps_c.cpython-310-x86_64-linux-gnu.so
[37.506s] -- Set runtime path of "/home/advay/mrt/install/tutorial_interfaces/local/lib/python3.10/dist-packages/tutorial_interfaces/tutorial_interfaces_s__rosidl_typesupport_fastrtps_c.cpython-310-x86_64-linux-gnu.so" to ""
[37.507s] -- Installing: /home/advay/mrt/install/tutorial_interfaces/local/lib/python3.10/dist-packages/tutorial_interfaces/tutorial_interfaces_s__rosidl_typesupport_introspection_c.cpython-310-x86_64-linux-gnu.so
[37.508s] -- Set runtime path of "/home/advay/mrt/install/tutorial_interfaces/local/lib/python3.10/dist-packages/tutorial_interfaces/tutorial_interfaces_s__rosidl_typesupport_introspection_c.cpython-310-x86_64-linux-gnu.so" to ""
[37.509s] -- Installing: /home/advay/mrt/install/tutorial_interfaces/local/lib/python3.10/dist-packages/tutorial_interfaces/tutorial_interfaces_s__rosidl_typesupport_c.cpython-310-x86_64-linux-gnu.so
[37.511s] -- Set runtime path of "/home/advay/mrt/install/tutorial_interfaces/local/lib/python3.10/dist-packages/tutorial_interfaces/tutorial_interfaces_s__rosidl_typesupport_c.cpython-310-x86_64-linux-gnu.so" to ""
[37.512s] -- Installing: /home/advay/mrt/install/tutorial_interfaces/lib/libtutorial_interfaces__rosidl_generator_py.so
[37.514s] -- Set runtime path of "/home/advay/mrt/install/tutorial_interfaces/lib/libtutorial_interfaces__rosidl_generator_py.so" to ""
[37.515s] -- Up-to-date: /home/advay/mrt/install/tutorial_interfaces/share/tutorial_interfaces/msg/Threed.idl
[37.516s] -- Up-to-date: /home/advay/mrt/install/tutorial_interfaces/share/tutorial_interfaces/msg/Oned.idl
[37.516s] -- Up-to-date: /home/advay/mrt/install/tutorial_interfaces/share/tutorial_interfaces/msg/Aruco.idl
[37.516s] -- Installing: /home/advay/mrt/install/tutorial_interfaces/share/tutorial_interfaces/srv/Imagesrv.idl
[37.517s] -- Up-to-date: /home/advay/mrt/install/tutorial_interfaces/share/tutorial_interfaces/msg/Threed.msg
[37.517s] -- Up-to-date: /home/advay/mrt/install/tutorial_interfaces/share/tutorial_interfaces/msg/Oned.msg
[37.517s] -- Up-to-date: /home/advay/mrt/install/tutorial_interfaces/share/tutorial_interfaces/msg/Aruco.msg
[37.518s] -- Installing: /home/advay/mrt/install/tutorial_interfaces/share/tutorial_interfaces/srv/Imagesrv.srv
[37.518s] -- Installing: /home/advay/mrt/install/tutorial_interfaces/share/tutorial_interfaces/srv/Imagesrv_Request.msg
[37.519s] -- Installing: /home/advay/mrt/install/tutorial_interfaces/share/tutorial_interfaces/srv/Imagesrv_Response.msg
[37.519s] -- Up-to-date: /home/advay/mrt/install/tutorial_interfaces/share/ament_index/resource_index/package_run_dependencies/tutorial_interfaces
[37.519s] -- Up-to-date: /home/advay/mrt/install/tutorial_interfaces/share/ament_index/resource_index/parent_prefix_path/tutorial_interfaces
[37.520s] -- Up-to-date: /home/advay/mrt/install/tutorial_interfaces/share/tutorial_interfaces/environment/ament_prefix_path.sh
[37.520s] -- Installing: /home/advay/mrt/install/tutorial_interfaces/share/tutorial_interfaces/environment/ament_prefix_path.dsv
[37.520s] -- Up-to-date: /home/advay/mrt/install/tutorial_interfaces/share/tutorial_interfaces/environment/path.sh
[37.521s] -- Installing: /home/advay/mrt/install/tutorial_interfaces/share/tutorial_interfaces/environment/path.dsv
[37.522s] -- Up-to-date: /home/advay/mrt/install/tutorial_interfaces/share/tutorial_interfaces/local_setup.bash
[37.522s] -- Up-to-date: /home/advay/mrt/install/tutorial_interfaces/share/tutorial_interfaces/local_setup.sh
[37.522s] -- Up-to-date: /home/advay/mrt/install/tutorial_interfaces/share/tutorial_interfaces/local_setup.zsh
[37.523s] -- Installing: /home/advay/mrt/install/tutorial_interfaces/share/tutorial_interfaces/local_setup.dsv
[37.523s] -- Installing: /home/advay/mrt/install/tutorial_interfaces/share/tutorial_interfaces/package.dsv
[37.524s] -- Up-to-date: /home/advay/mrt/install/tutorial_interfaces/share/ament_index/resource_index/packages/tutorial_interfaces
[37.525s] -- Up-to-date: /home/advay/mrt/install/tutorial_interfaces/share/tutorial_interfaces/cmake/export_tutorial_interfaces__rosidl_generator_cExport.cmake
[37.525s] -- Up-to-date: /home/advay/mrt/install/tutorial_interfaces/share/tutorial_interfaces/cmake/export_tutorial_interfaces__rosidl_generator_cExport-noconfig.cmake
[37.526s] -- Up-to-date: /home/advay/mrt/install/tutorial_interfaces/share/tutorial_interfaces/cmake/export_tutorial_interfaces__rosidl_typesupport_fastrtps_cExport.cmake
[37.526s] -- Up-to-date: /home/advay/mrt/install/tutorial_interfaces/share/tutorial_interfaces/cmake/export_tutorial_interfaces__rosidl_typesupport_fastrtps_cExport-noconfig.cmake
[37.527s] -- Up-to-date: /home/advay/mrt/install/tutorial_interfaces/share/tutorial_interfaces/cmake/export_tutorial_interfaces__rosidl_generator_cppExport.cmake
[37.528s] -- Up-to-date: /home/advay/mrt/install/tutorial_interfaces/share/tutorial_interfaces/cmake/export_tutorial_interfaces__rosidl_typesupport_fastrtps_cppExport.cmake
[37.528s] -- Up-to-date: /home/advay/mrt/install/tutorial_interfaces/share/tutorial_interfaces/cmake/export_tutorial_interfaces__rosidl_typesupport_fastrtps_cppExport-noconfig.cmake
[37.529s] -- Up-to-date: /home/advay/mrt/install/tutorial_interfaces/share/tutorial_interfaces/cmake/tutorial_interfaces__rosidl_typesupport_introspection_cExport.cmake
[37.529s] -- Up-to-date: /home/advay/mrt/install/tutorial_interfaces/share/tutorial_interfaces/cmake/tutorial_interfaces__rosidl_typesupport_introspection_cExport-noconfig.cmake
[37.530s] -- Up-to-date: /home/advay/mrt/install/tutorial_interfaces/share/tutorial_interfaces/cmake/tutorial_interfaces__rosidl_typesupport_cExport.cmake
[37.530s] -- Up-to-date: /home/advay/mrt/install/tutorial_interfaces/share/tutorial_interfaces/cmake/tutorial_interfaces__rosidl_typesupport_cExport-noconfig.cmake
[37.531s] -- Up-to-date: /home/advay/mrt/install/tutorial_interfaces/share/tutorial_interfaces/cmake/tutorial_interfaces__rosidl_typesupport_introspection_cppExport.cmake
[37.532s] -- Up-to-date: /home/advay/mrt/install/tutorial_interfaces/share/tutorial_interfaces/cmake/tutorial_interfaces__rosidl_typesupport_introspection_cppExport-noconfig.cmake
[37.532s] -- Up-to-date: /home/advay/mrt/install/tutorial_interfaces/share/tutorial_interfaces/cmake/tutorial_interfaces__rosidl_typesupport_cppExport.cmake
[37.533s] -- Up-to-date: /home/advay/mrt/install/tutorial_interfaces/share/tutorial_interfaces/cmake/tutorial_interfaces__rosidl_typesupport_cppExport-noconfig.cmake
[37.533s] -- Up-to-date: /home/advay/mrt/install/tutorial_interfaces/share/tutorial_interfaces/cmake/export_tutorial_interfaces__rosidl_generator_pyExport.cmake
[37.533s] -- Up-to-date: /home/advay/mrt/install/tutorial_interfaces/share/tutorial_interfaces/cmake/export_tutorial_interfaces__rosidl_generator_pyExport-noconfig.cmake
[37.534s] -- Installing: /home/advay/mrt/install/tutorial_interfaces/share/tutorial_interfaces/cmake/rosidl_cmake-extras.cmake
[37.534s] -- Up-to-date: /home/advay/mrt/install/tutorial_interfaces/share/tutorial_interfaces/cmake/ament_cmake_export_dependencies-extras.cmake
[37.534s] -- Up-to-date: /home/advay/mrt/install/tutorial_interfaces/share/tutorial_interfaces/cmake/ament_cmake_export_include_directories-extras.cmake
[37.535s] -- Up-to-date: /home/advay/mrt/install/tutorial_interfaces/share/tutorial_interfaces/cmake/ament_cmake_export_libraries-extras.cmake
[37.535s] -- Up-to-date: /home/advay/mrt/install/tutorial_interfaces/share/tutorial_interfaces/cmake/ament_cmake_export_targets-extras.cmake
[37.536s] -- Up-to-date: /home/advay/mrt/install/tutorial_interfaces/share/tutorial_interfaces/cmake/rosidl_cmake_export_typesupport_targets-extras.cmake
[37.536s] -- Up-to-date: /home/advay/mrt/install/tutorial_interfaces/share/tutorial_interfaces/cmake/rosidl_cmake_export_typesupport_libraries-extras.cmake
[37.536s] -- Up-to-date: /home/advay/mrt/install/tutorial_interfaces/share/tutorial_interfaces/cmake/tutorial_interfacesConfig.cmake
[37.536s] -- Up-to-date: /home/advay/mrt/install/tutorial_interfaces/share/tutorial_interfaces/cmake/tutorial_interfacesConfig-version.cmake
[37.537s] -- Up-to-date: /home/advay/mrt/install/tutorial_interfaces/share/tutorial_interfaces/package.xml
[37.542s] Invoked command in '/home/advay/mrt/build/tutorial_interfaces' returned '0': CMAKE_PREFIX_PATH=${CMAKE_PREFIX_PATH}:/home/advay/mrt/install/aruco_srvcli:/home/advay/erc_ws/install/week1_tutorials:/home/advay/erc_ws/install/week0_tutorials:/home/advay/erc_ws/install/task_1:/home/advay/erc_ws/install/sherlock:/home/advay/erc_ws/install/mrs_hudson:/home/advay/erc_ws/install/ep3:/home/advay/erc_ws/src/install/week1_tutorials:/home/advay/erc_ws/src/install/week0_tutorials:/home/advay/erc_ws/src/install/task_1:/home/advay/erc_ws/src/install/sherlock:/opt/ros/humble /usr/bin/cmake --install /home/advay/mrt/build/tutorial_interfaces
