[2.596s] Invoking command in '/home/advay/mrt/src/aruco_srvcli': PYTHONPATH=/home/advay/mrt/build/aruco_srvcli/prefix_override:/home/advay/mrt/install/aruco_srvcli/lib/python3.10/site-packages:${PYTHONPATH} /usr/bin/python3 setup.py egg_info --egg-base ../../build/aruco_srvcli build --build-base /home/advay/mrt/build/aruco_srvcli/build install --record /home/advay/mrt/build/aruco_srvcli/install.log --single-version-externally-managed
[3.305s] running egg_info
[3.307s] writing ../../build/aruco_srvcli/aruco_srvcli.egg-info/PKG-INFO
[3.308s] writing dependency_links to ../../build/aruco_srvcli/aruco_srvcli.egg-info/dependency_links.txt
[3.308s] writing entry points to ../../build/aruco_srvcli/aruco_srvcli.egg-info/entry_points.txt
[3.309s] writing requirements to ../../build/aruco_srvcli/aruco_srvcli.egg-info/requires.txt
[3.309s] writing top-level names to ../../build/aruco_srvcli/aruco_srvcli.egg-info/top_level.txt
[3.317s] reading manifest file '../../build/aruco_srvcli/aruco_srvcli.egg-info/SOURCES.txt'
[3.321s] writing manifest file '../../build/aruco_srvcli/aruco_srvcli.egg-info/SOURCES.txt'
[3.321s] running build
[3.322s] running build_py
[3.322s] copying aruco_srvcli/aruco_server.py -> /home/advay/mrt/build/aruco_srvcli/build/lib/aruco_srvcli
[3.323s] copying aruco_srvcli/test2.py -> /home/advay/mrt/build/aruco_srvcli/build/lib/aruco_srvcli
[3.324s] copying aruco_srvcli/test.py -> /home/advay/mrt/build/aruco_srvcli/build/lib/aruco_srvcli
[3.324s] copying aruco_srvcli/aruco_client.py -> /home/advay/mrt/build/aruco_srvcli/build/lib/aruco_srvcli
[3.325s] running install
[3.326s] running install_lib
[3.330s] copying /home/advay/mrt/build/aruco_srvcli/build/lib/aruco_srvcli/aruco_server.py -> /home/advay/mrt/install/aruco_srvcli/lib/python3.10/site-packages/aruco_srvcli
[3.330s] copying /home/advay/mrt/build/aruco_srvcli/build/lib/aruco_srvcli/test2.py -> /home/advay/mrt/install/aruco_srvcli/lib/python3.10/site-packages/aruco_srvcli
[3.330s] copying /home/advay/mrt/build/aruco_srvcli/build/lib/aruco_srvcli/test.py -> /home/advay/mrt/install/aruco_srvcli/lib/python3.10/site-packages/aruco_srvcli
[3.331s] copying /home/advay/mrt/build/aruco_srvcli/build/lib/aruco_srvcli/aruco_client.py -> /home/advay/mrt/install/aruco_srvcli/lib/python3.10/site-packages/aruco_srvcli
[3.332s] byte-compiling /home/advay/mrt/install/aruco_srvcli/lib/python3.10/site-packages/aruco_srvcli/aruco_server.py to aruco_server.cpython-310.pyc
[3.335s] byte-compiling /home/advay/mrt/install/aruco_srvcli/lib/python3.10/site-packages/aruco_srvcli/test2.py to test2.cpython-310.pyc
[3.336s] byte-compiling /home/advay/mrt/install/aruco_srvcli/lib/python3.10/site-packages/aruco_srvcli/test.py to test.cpython-310.pyc
[3.337s] byte-compiling /home/advay/mrt/install/aruco_srvcli/lib/python3.10/site-packages/aruco_srvcli/aruco_client.py to aruco_client.cpython-310.pyc
[3.340s] running install_data
[3.343s] running install_egg_info
[3.349s] removing '/home/advay/mrt/install/aruco_srvcli/lib/python3.10/site-packages/aruco_srvcli-0.0.0-py3.10.egg-info' (and everything under it)
[3.350s] Copying ../../build/aruco_srvcli/aruco_srvcli.egg-info to /home/advay/mrt/install/aruco_srvcli/lib/python3.10/site-packages/aruco_srvcli-0.0.0-py3.10.egg-info
[3.352s] running install_scripts
[3.409s] Installing client script to /home/advay/mrt/install/aruco_srvcli/lib/aruco_srvcli
[3.409s] Installing service script to /home/advay/mrt/install/aruco_srvcli/lib/aruco_srvcli
[3.410s] writing list of installed files to '/home/advay/mrt/build/aruco_srvcli/install.log'
[3.478s] Invoked command in '/home/advay/mrt/src/aruco_srvcli' returned '0': PYTHONPATH=/home/advay/mrt/build/aruco_srvcli/prefix_override:/home/advay/mrt/install/aruco_srvcli/lib/python3.10/site-packages:${PYTHONPATH} /usr/bin/python3 setup.py egg_info --egg-base ../../build/aruco_srvcli build --build-base /home/advay/mrt/build/aruco_srvcli/build install --record /home/advay/mrt/build/aruco_srvcli/install.log --single-version-externally-managed
