[3.070s] Invoking command in '/home/advay/mrt/src/aruco_srvcli': PYTHONPATH=/home/advay/mrt/build/aruco_srvcli/prefix_override:/home/advay/mrt/install/aruco_srvcli/lib/python3.10/site-packages:${PYTHONPATH} /usr/bin/python3 setup.py egg_info --egg-base ../../build/aruco_srvcli build --build-base /home/advay/mrt/build/aruco_srvcli/build install --record /home/advay/mrt/build/aruco_srvcli/install.log --single-version-externally-managed
[4.102s] running egg_info
[4.106s] writing ../../build/aruco_srvcli/aruco_srvcli.egg-info/PKG-INFO
[4.106s] writing dependency_links to ../../build/aruco_srvcli/aruco_srvcli.egg-info/dependency_links.txt
[4.107s] writing entry points to ../../build/aruco_srvcli/aruco_srvcli.egg-info/entry_points.txt
[4.108s] writing requirements to ../../build/aruco_srvcli/aruco_srvcli.egg-info/requires.txt
[4.109s] writing top-level names to ../../build/aruco_srvcli/aruco_srvcli.egg-info/top_level.txt
[4.115s] reading manifest file '../../build/aruco_srvcli/aruco_srvcli.egg-info/SOURCES.txt'
[4.119s] writing manifest file '../../build/aruco_srvcli/aruco_srvcli.egg-info/SOURCES.txt'
[4.119s] running build
[4.120s] running build_py
[4.121s] copying aruco_srvcli/aruco_client.py -> /home/advay/mrt/build/aruco_srvcli/build/lib/aruco_srvcli
[4.122s] running install
[4.124s] running install_lib
[4.127s] copying /home/advay/mrt/build/aruco_srvcli/build/lib/aruco_srvcli/aruco_client.py -> /home/advay/mrt/install/aruco_srvcli/lib/python3.10/site-packages/aruco_srvcli
[4.130s] byte-compiling /home/advay/mrt/install/aruco_srvcli/lib/python3.10/site-packages/aruco_srvcli/aruco_client.py to aruco_client.cpython-310.pyc
[4.141s] running install_data
[4.141s] running install_egg_info
[4.145s] removing '/home/advay/mrt/install/aruco_srvcli/lib/python3.10/site-packages/aruco_srvcli-0.0.0-py3.10.egg-info' (and everything under it)
[4.146s] Copying ../../build/aruco_srvcli/aruco_srvcli.egg-info to /home/advay/mrt/install/aruco_srvcli/lib/python3.10/site-packages/aruco_srvcli-0.0.0-py3.10.egg-info
[4.150s] running install_scripts
[4.232s] Installing client script to /home/advay/mrt/install/aruco_srvcli/lib/aruco_srvcli
[4.233s] Installing service script to /home/advay/mrt/install/aruco_srvcli/lib/aruco_srvcli
[4.237s] writing list of installed files to '/home/advay/mrt/build/aruco_srvcli/install.log'
[4.345s] Invoked command in '/home/advay/mrt/src/aruco_srvcli' returned '0': PYTHONPATH=/home/advay/mrt/build/aruco_srvcli/prefix_override:/home/advay/mrt/install/aruco_srvcli/lib/python3.10/site-packages:${PYTHONPATH} /usr/bin/python3 setup.py egg_info --egg-base ../../build/aruco_srvcli build --build-base /home/advay/mrt/build/aruco_srvcli/build install --record /home/advay/mrt/build/aruco_srvcli/install.log --single-version-externally-managed
